Using hyper-parameters:
name                      - zinc_prop   
MAX_LEN                   - 89          
data_file                 - ZINC_Michael_fragments.csv.gz
char_file                 - zinc.json   
encoder_weights_file      - zinc_encoder.h5
decoder_weights_file      - zinc_decoder.h5
prop_pred_weights_file    - zinc_prop_pred.h5
data_normalization_out    - zinc_michael_norm_data.csv
reg_prop_tasks            - ['mulliken_O4', 'pbv_C1', 'lumo']
test_idx_file             - test_idx.npy
history_file              - history.csv 
do_prop_pred              - True        
TRAIN_MODEL               - True        
ENC_DEC_TEST              - False       
PADDING                   - right       
RAND_SEED                 - 42          
epochs                    - 70          
vae_annealer_start        - 29          
dropout_rate_mid          - 0.08283292970479479
anneal_sigmod_slope       - 0.5106654305791392
recurrent_dim             - 488         
hidden_dim                - 196         
tgru_dropout              - 0.19617749608323892
hg_growth_factor          - 1.2281884874932403
middle_layer              - 1           
prop_hidden_dim           - 67          
batch_size                - 182         
prop_pred_depth           - 3           
lr                        - 0.00045619868229310396
prop_pred_dropout         - 0.0         
prop_pred_loss_weight     - 0.1         
prop_growth_factor        - 0.9902834073131418
momentum                  - 0.9902764103622574
verbose_print             - 2           
rest of parameters are set as default
All params: {'reload_model': False, 'prev_epochs': 0, 'batch_size': 182, 'epochs': 70, 'val_split': 0.1, 'loss': 'categorical_crossentropy', 'batchnorm_conv': True, 'conv_activation': 'tanh', 'conv_depth': 4, 'conv_dim_depth': 8, 'conv_dim_width': 8, 'conv_d_growth_factor': 1.15875438383, 'conv_w_growth_factor': 1.1758149644, 'gru_depth': 4, 'rnn_activation': 'tanh', 'recurrent_dim': 488, 'do_tgru': True, 'terminal_GRU_implementation': 0, 'tgru_dropout': 0.19617749608323892, 'temperature': 1.0, 'hg_growth_factor': 1.2281884874932403, 'hidden_dim': 196, 'middle_layer': 1, 'dropout_rate_mid': 0.08283292970479479, 'batchnorm_mid': True, 'activation': 'tanh', 'lr': 0.00045619868229310396, 'momentum': 0.9902764103622574, 'optim': 'adam', 'vae_annealer_start': 29, 'batchnorm_vae': False, 'vae_activation': 'tanh', 'xent_loss_weight': 1.0, 'kl_loss_weight': 1.0, 'anneal_sigmod_slope': 0.5106654305791392, 'freeze_logvar_layer': False, 'freeze_offset': 1, 'do_prop_pred': True, 'prop_pred_depth': 3, 'prop_hidden_dim': 67, 'prop_growth_factor': 0.9902834073131418, 'prop_pred_activation': 'tanh', 'reg_prop_pred_loss': 'mse', 'logit_prop_pred_loss': 'binary_crossentropy', 'prop_pred_loss_weight': 0.1, 'prop_pred_dropout': 0.0, 'prop_batchnorm': True, 'verbose_print': 2, 'name': 'zinc_prop', 'MAX_LEN': 89, 'data_file': 'ZINC_Michael_fragments.csv.gz', 'char_file': 'zinc.json', 'encoder_weights_file': 'zinc_encoder.h5', 'decoder_weights_file': 'zinc_decoder.h5', 'prop_pred_weights_file': 'zinc_prop_pred.h5', 'data_normalization_out': 'zinc_michael_norm_data.csv', 'reg_prop_tasks': ['mulliken_O4', 'pbv_C1', 'lumo'], 'test_idx_file': 'test_idx.npy', 'history_file': 'history.csv', 'TRAIN_MODEL': True, 'ENC_DEC_TEST': False, 'PADDING': 'right', 'RAND_SEED': 42}
Training set size is 242455
first smiles: " [2*]c1ccco1.[4*]N1CC2CC2(CO)C1 "
total chars: 33
Vectorization...
Total Data size 242455
shape of input vector : {} (218036, 89, 33)
Training set size is (218036, 89, 33), after filtering to max length of 89
Train on 218036 samples, validate on 24388 samples
Current vae annealer weight is 3.701720805095644e-07
Epoch 1/70
/home/jp2658/.conda/envs/chemvae_tf2/lib/python3.10/site-packages/keras/src/engine/training_v1.py:2335: UserWarning: `Model.state_updates` will be removed in a future version. This property should not be used in TensorFlow 2.0, as `updates` are applied automatically.
  updates = self.state_updates
218036/218036 - 352s - loss: 1.0770 - x_pred_loss: 1.1163 - z_mean_log_var_loss: 1.3164 - reg_prop_pred_loss: 0.7233 - x_pred_categorical_accuracy: 0.6740 - x_pred_vae_anneal_metric: 3.7017e-07 - val_loss: 5.5912 - val_x_pred_loss: 6.1618 - val_z_mean_log_var_loss: 1.1911 - val_reg_prop_pred_loss: 0.4557 - val_x_pred_categorical_accuracy: 0.6177 - val_x_pred_vae_anneal_metric: 3.7017e-07 - 352s/epoch - 2ms/sample
Current vae annealer weight is 6.168544915222557e-07
Epoch 2/70
218036/218036 - 351s - loss: 0.6483 - x_pred_loss: 0.6770 - z_mean_log_var_loss: 1.1887 - reg_prop_pred_loss: 0.3892 - x_pred_categorical_accuracy: 0.7980 - x_pred_vae_anneal_metric: 6.1685e-07 - val_loss: 5.0864 - val_x_pred_loss: 5.6168 - val_z_mean_log_var_loss: 1.0298 - val_reg_prop_pred_loss: 0.3127 - val_x_pred_categorical_accuracy: 0.6515 - val_x_pred_vae_anneal_metric: 6.1686e-07 - 351s/epoch - 2ms/sample
Current vae annealer weight is 1.0279257166985964e-06
Epoch 3/70
218036/218036 - 351s - loss: 0.5036 - x_pred_loss: 0.5254 - z_mean_log_var_loss: 1.0369 - reg_prop_pred_loss: 0.3069 - x_pred_categorical_accuracy: 0.8318 - x_pred_vae_anneal_metric: 1.0279e-06 - val_loss: 4.5916 - val_x_pred_loss: 5.0713 - val_z_mean_log_var_loss: 0.9044 - val_reg_prop_pred_loss: 0.2744 - val_x_pred_categorical_accuracy: 0.6854 - val_x_pred_vae_anneal_metric: 1.0279e-06 - 351s/epoch - 2ms/sample
Current vae annealer weight is 1.7129339319420572e-06
Epoch 4/70
218036/218036 - 352s - loss: 0.4279 - x_pred_loss: 0.4446 - z_mean_log_var_loss: 0.9000 - reg_prop_pred_loss: 0.2778 - x_pred_categorical_accuracy: 0.8521 - x_pred_vae_anneal_metric: 1.7129e-06 - val_loss: 4.2797 - val_x_pred_loss: 4.7265 - val_z_mean_log_var_loss: 0.7739 - val_reg_prop_pred_loss: 0.2584 - val_x_pred_categorical_accuracy: 0.7068 - val_x_pred_vae_anneal_metric: 1.7129e-06 - 352s/epoch - 2ms/sample
Current vae annealer weight is 2.854429330962736e-06
Epoch 5/70
218036/218036 - 420s - loss: 0.3693 - x_pred_loss: 0.3812 - z_mean_log_var_loss: 0.7781 - reg_prop_pred_loss: 0.2625 - x_pred_categorical_accuracy: 0.8713 - x_pred_vae_anneal_metric: 2.8545e-06 - val_loss: 4.0508 - val_x_pred_loss: 4.4738 - val_z_mean_log_var_loss: 0.6789 - val_reg_prop_pred_loss: 0.2434 - val_x_pred_categorical_accuracy: 0.7224 - val_x_pred_vae_anneal_metric: 2.8544e-06 - 420s/epoch - 2ms/sample
Current vae annealer weight is 4.756611131108824e-06
Epoch 6/70
218036/218036 - 362s - loss: 0.3271 - x_pred_loss: 0.3356 - z_mean_log_var_loss: 0.6713 - reg_prop_pred_loss: 0.2505 - x_pred_categorical_accuracy: 0.8859 - x_pred_vae_anneal_metric: 4.7566e-06 - val_loss: 3.7738 - val_x_pred_loss: 4.1670 - val_z_mean_log_var_loss: 0.5791 - val_reg_prop_pred_loss: 0.2347 - val_x_pred_categorical_accuracy: 0.7415 - val_x_pred_vae_anneal_metric: 4.7566e-06 - 362s/epoch - 2ms/sample
Current vae annealer weight is 7.926390233964058e-06
Epoch 7/70
218036/218036 - 350s - loss: 0.2962 - x_pred_loss: 0.3021 - z_mean_log_var_loss: 0.5763 - reg_prop_pred_loss: 0.2423 - x_pred_categorical_accuracy: 0.8971 - x_pred_vae_anneal_metric: 7.9265e-06 - val_loss: 3.5697 - val_x_pred_loss: 3.9413 - val_z_mean_log_var_loss: 0.5017 - val_reg_prop_pred_loss: 0.2256 - val_x_pred_categorical_accuracy: 0.7555 - val_x_pred_vae_anneal_metric: 7.9264e-06 - 350s/epoch - 2ms/sample
Current vae annealer weight is 1.3208464534236994e-05
Epoch 8/70
218036/218036 - 352s - loss: 0.2682 - x_pred_loss: 0.2720 - z_mean_log_var_loss: 0.5018 - reg_prop_pred_loss: 0.2344 - x_pred_categorical_accuracy: 0.9074 - x_pred_vae_anneal_metric: 1.3208e-05 - val_loss: 3.3430 - val_x_pred_loss: 3.6899 - val_z_mean_log_var_loss: 0.4381 - val_reg_prop_pred_loss: 0.2210 - val_x_pred_categorical_accuracy: 0.7711 - val_x_pred_vae_anneal_metric: 1.3208e-05 - 352s/epoch - 2ms/sample
Current vae annealer weight is 2.201038759146048e-05
Epoch 9/70
218036/218036 - 375s - loss: 0.2500 - x_pred_loss: 0.2522 - z_mean_log_var_loss: 0.4434 - reg_prop_pred_loss: 0.2302 - x_pred_categorical_accuracy: 0.9141 - x_pred_vae_anneal_metric: 2.2010e-05 - val_loss: 3.1214 - val_x_pred_loss: 3.4443 - val_z_mean_log_var_loss: 0.3916 - val_reg_prop_pred_loss: 0.2156 - val_x_pred_categorical_accuracy: 0.7863 - val_x_pred_vae_anneal_metric: 2.2010e-05 - 375s/epoch - 2ms/sample
Current vae annealer weight is 3.6677565290112376e-05
Epoch 10/70
218036/218036 - 512s - loss: 0.2283 - x_pred_loss: 0.2288 - z_mean_log_var_loss: 0.3980 - reg_prop_pred_loss: 0.2239 - x_pred_categorical_accuracy: 0.9220 - x_pred_vae_anneal_metric: 3.6678e-05 - val_loss: 3.0427 - val_x_pred_loss: 3.3568 - val_z_mean_log_var_loss: 0.3543 - val_reg_prop_pred_loss: 0.2155 - val_x_pred_categorical_accuracy: 0.7917 - val_x_pred_vae_anneal_metric: 3.6678e-05 - 512s/epoch - 2ms/sample
Current vae annealer weight is 6.111798993344653e-05
Epoch 11/70
218036/218036 - 435s - loss: 0.2130 - x_pred_loss: 0.2122 - z_mean_log_var_loss: 0.3585 - reg_prop_pred_loss: 0.2200 - x_pred_categorical_accuracy: 0.9275 - x_pred_vae_anneal_metric: 6.1117e-05 - val_loss: 2.8318 - val_x_pred_loss: 3.1236 - val_z_mean_log_var_loss: 0.3197 - val_reg_prop_pred_loss: 0.2058 - val_x_pred_categorical_accuracy: 0.8062 - val_x_pred_vae_anneal_metric: 6.1118e-05 - 435s/epoch - 2ms/sample
Current vae annealer weight is 0.0001018428520948195
Epoch 12/70
218036/218036 - 310s - loss: 0.2011 - x_pred_loss: 0.1994 - z_mean_log_var_loss: 0.3246 - reg_prop_pred_loss: 0.2164 - x_pred_categorical_accuracy: 0.9317 - x_pred_vae_anneal_metric: 1.0184e-04 - val_loss: 2.6997 - val_x_pred_loss: 2.9764 - val_z_mean_log_var_loss: 0.2926 - val_reg_prop_pred_loss: 0.2089 - val_x_pred_categorical_accuracy: 0.8153 - val_x_pred_vae_anneal_metric: 1.0184e-04 - 310s/epoch - 1ms/sample
Current vae annealer weight is 0.00016969938095202496
Epoch 13/70
218036/218036 - 291s - loss: 0.1937 - x_pred_loss: 0.1913 - z_mean_log_var_loss: 0.3027 - reg_prop_pred_loss: 0.2148 - x_pred_categorical_accuracy: 0.9342 - x_pred_vae_anneal_metric: 1.6970e-04 - val_loss: 2.5472 - val_x_pred_loss: 2.8077 - val_z_mean_log_var_loss: 0.2784 - val_reg_prop_pred_loss: 0.2024 - val_x_pred_categorical_accuracy: 0.8258 - val_x_pred_vae_anneal_metric: 1.6970e-04 - 291s/epoch - 1ms/sample
Current vae annealer weight is 0.00028275502131637844
Epoch 14/70
218036/218036 - 291s - loss: 0.1819 - x_pred_loss: 0.1785 - z_mean_log_var_loss: 0.2824 - reg_prop_pred_loss: 0.2114 - x_pred_categorical_accuracy: 0.9384 - x_pred_vae_anneal_metric: 2.8276e-04 - val_loss: 2.5861 - val_x_pred_loss: 2.8511 - val_z_mean_log_var_loss: 0.2615 - val_reg_prop_pred_loss: 0.2009 - val_x_pred_categorical_accuracy: 0.8231 - val_x_pred_vae_anneal_metric: 2.8275e-04 - 291s/epoch - 1ms/sample
Current vae annealer weight is 0.0004710941152704827
Epoch 15/70
218036/218036 - 291s - loss: 0.1757 - x_pred_loss: 0.1718 - z_mean_log_var_loss: 0.2652 - reg_prop_pred_loss: 0.2094 - x_pred_categorical_accuracy: 0.9405 - x_pred_vae_anneal_metric: 4.7109e-04 - val_loss: 2.4963 - val_x_pred_loss: 2.7506 - val_z_mean_log_var_loss: 0.2455 - val_reg_prop_pred_loss: 0.2064 - val_x_pred_categorical_accuracy: 0.8293 - val_x_pred_vae_anneal_metric: 4.7109e-04 - 291s/epoch - 1ms/sample
Current vae annealer weight is 0.0007847847191363334
Epoch 16/70
218036/218036 - 291s - loss: 0.1655 - x_pred_loss: 0.1607 - z_mean_log_var_loss: 0.2486 - reg_prop_pred_loss: 0.2062 - x_pred_categorical_accuracy: 0.9443 - x_pred_vae_anneal_metric: 7.8480e-04 - val_loss: 2.2888 - val_x_pred_loss: 2.5209 - val_z_mean_log_var_loss: 0.2257 - val_reg_prop_pred_loss: 0.1989 - val_x_pred_categorical_accuracy: 0.8436 - val_x_pred_vae_anneal_metric: 7.8478e-04 - 291s/epoch - 1ms/sample
Current vae annealer weight is 0.0013070814422209435
Epoch 17/70
218036/218036 - 292s - loss: 0.1584 - x_pred_loss: 0.1529 - z_mean_log_var_loss: 0.2277 - reg_prop_pred_loss: 0.2051 - x_pred_categorical_accuracy: 0.9468 - x_pred_vae_anneal_metric: 0.0013 - val_loss: 2.1899 - val_x_pred_loss: 2.4115 - val_z_mean_log_var_loss: 0.2069 - val_reg_prop_pred_loss: 0.1930 - val_x_pred_categorical_accuracy: 0.8504 - val_x_pred_vae_anneal_metric: 0.0013 - 292s/epoch - 1ms/sample
Current vae annealer weight is 0.0021762245466587582
Epoch 18/70
218036/218036 - 291s - loss: 0.1665 - x_pred_loss: 0.1605 - z_mean_log_var_loss: 0.2191 - reg_prop_pred_loss: 0.2164 - x_pred_categorical_accuracy: 0.9442 - x_pred_vae_anneal_metric: 0.0022 - val_loss: 2.1029 - val_x_pred_loss: 2.3146 - val_z_mean_log_var_loss: 0.2031 - val_reg_prop_pred_loss: 0.1942 - val_x_pred_categorical_accuracy: 0.8564 - val_x_pred_vae_anneal_metric: 0.0022 - 291s/epoch - 1ms/sample
Current vae annealer weight is 0.0036212083259452047
Epoch 19/70
218036/218036 - 291s - loss: 0.1483 - x_pred_loss: 0.1416 - z_mean_log_var_loss: 0.2061 - reg_prop_pred_loss: 0.2024 - x_pred_categorical_accuracy: 0.9506 - x_pred_vae_anneal_metric: 0.0036 - val_loss: 2.3628 - val_x_pred_loss: 2.6035 - val_z_mean_log_var_loss: 0.1917 - val_reg_prop_pred_loss: 0.1902 - val_x_pred_categorical_accuracy: 0.8385 - val_x_pred_vae_anneal_metric: 0.0036 - 291s/epoch - 1ms/sample
Current vae annealer weight is 0.0060198535230323105
Epoch 20/70
218036/218036 - 290s - loss: 0.1453 - x_pred_loss: 0.1380 - z_mean_log_var_loss: 0.1906 - reg_prop_pred_loss: 0.2015 - x_pred_categorical_accuracy: 0.9518 - x_pred_vae_anneal_metric: 0.0060 - val_loss: 2.0511 - val_x_pred_loss: 2.2569 - val_z_mean_log_var_loss: 0.1701 - val_reg_prop_pred_loss: 0.1894 - val_x_pred_categorical_accuracy: 0.8600 - val_x_pred_vae_anneal_metric: 0.0060 - 290s/epoch - 1ms/sample
Current vae annealer weight is 0.009991400314210233
Epoch 21/70
218036/218036 - 291s - loss: 0.1418 - x_pred_loss: 0.1336 - z_mean_log_var_loss: 0.1678 - reg_prop_pred_loss: 0.2006 - x_pred_categorical_accuracy: 0.9534 - x_pred_vae_anneal_metric: 0.0100 - val_loss: 2.0508 - val_x_pred_loss: 2.2559 - val_z_mean_log_var_loss: 0.1499 - val_reg_prop_pred_loss: 0.1923 - val_x_pred_categorical_accuracy: 0.8600 - val_x_pred_vae_anneal_metric: 0.0100 - 291s/epoch - 1ms/sample
Current vae annealer weight is 0.016539541808615513
Epoch 22/70
218036/218036 - 291s - loss: 0.1372 - x_pred_loss: 0.1279 - z_mean_log_var_loss: 0.1450 - reg_prop_pred_loss: 0.1993 - x_pred_categorical_accuracy: 0.9552 - x_pred_vae_anneal_metric: 0.0165 - val_loss: 1.9917 - val_x_pred_loss: 2.1901 - val_z_mean_log_var_loss: 0.1245 - val_reg_prop_pred_loss: 0.1877 - val_x_pred_categorical_accuracy: 0.8641 - val_x_pred_vae_anneal_metric: 0.0165 - 291s/epoch - 1ms/sample
Current vae annealer weight is 0.02726101803792773
Epoch 23/70
218036/218036 - 291s - loss: 0.1346 - x_pred_loss: 0.1242 - z_mean_log_var_loss: 0.1189 - reg_prop_pred_loss: 0.1985 - x_pred_categorical_accuracy: 0.9564 - x_pred_vae_anneal_metric: 0.0273 - val_loss: 1.9098 - val_x_pred_loss: 2.0983 - val_z_mean_log_var_loss: 0.1001 - val_reg_prop_pred_loss: 0.1892 - val_x_pred_categorical_accuracy: 0.8698 - val_x_pred_vae_anneal_metric: 0.0273 - 291s/epoch - 1ms/sample
Current vae annealer weight is 0.04461720338803846
Epoch 24/70
218036/218036 - 291s - loss: 0.1312 - x_pred_loss: 0.1198 - z_mean_log_var_loss: 0.0943 - reg_prop_pred_loss: 0.1966 - x_pred_categorical_accuracy: 0.9579 - x_pred_vae_anneal_metric: 0.0446 - val_loss: 2.0306 - val_x_pred_loss: 2.2321 - val_z_mean_log_var_loss: 0.0791 - val_reg_prop_pred_loss: 0.1854 - val_x_pred_categorical_accuracy: 0.8615 - val_x_pred_vae_anneal_metric: 0.0446 - 291s/epoch - 1ms/sample
Current vae annealer weight is 0.07220328200576367
Epoch 25/70
218036/218036 - 291s - loss: 0.1363 - x_pred_loss: 0.1235 - z_mean_log_var_loss: 0.0827 - reg_prop_pred_loss: 0.1985 - x_pred_categorical_accuracy: 0.9567 - x_pred_vae_anneal_metric: 0.0722 - val_loss: 1.8036 - val_x_pred_loss: 1.9776 - val_z_mean_log_var_loss: 0.0733 - val_reg_prop_pred_loss: 0.1898 - val_x_pred_categorical_accuracy: 0.8773 - val_x_pred_vae_anneal_metric: 0.0722 - 291s/epoch - 1ms/sample
Current vae annealer weight is 0.11479597607205051
Epoch 26/70
218036/218036 - 291s - loss: 0.1354 - x_pred_loss: 0.1200 - z_mean_log_var_loss: 0.0762 - reg_prop_pred_loss: 0.1957 - x_pred_categorical_accuracy: 0.9577 - x_pred_vae_anneal_metric: 0.1148 - val_loss: 1.7765 - val_x_pred_loss: 1.9452 - val_z_mean_log_var_loss: 0.0673 - val_reg_prop_pred_loss: 0.1882 - val_x_pred_categorical_accuracy: 0.8793 - val_x_pred_vae_anneal_metric: 0.1148 - 291s/epoch - 1ms/sample
Current vae annealer weight is 0.17770179221364119
Epoch 27/70
218036/218036 - 291s - loss: 0.1621 - x_pred_loss: 0.1423 - z_mean_log_var_loss: 0.0829 - reg_prop_pred_loss: 0.2083 - x_pred_categorical_accuracy: 0.9505 - x_pred_vae_anneal_metric: 0.1777 - val_loss: 2.0327 - val_x_pred_loss: 2.2218 - val_z_mean_log_var_loss: 0.0859 - val_reg_prop_pred_loss: 0.1941 - val_x_pred_categorical_accuracy: 0.8622 - val_x_pred_vae_anneal_metric: 0.1777 - 291s/epoch - 1ms/sample
Current vae annealer weight is 0.26476824599321086
Epoch 28/70
218036/218036 - 291s - loss: 0.1643 - x_pred_loss: 0.1373 - z_mean_log_var_loss: 0.0868 - reg_prop_pred_loss: 0.2003 - x_pred_categorical_accuracy: 0.9520 - x_pred_vae_anneal_metric: 0.2648 - val_loss: 1.8921 - val_x_pred_loss: 2.0607 - val_z_mean_log_var_loss: 0.0768 - val_reg_prop_pred_loss: 0.1915 - val_x_pred_categorical_accuracy: 0.8721 - val_x_pred_vae_anneal_metric: 0.2648 - 291s/epoch - 1ms/sample
Current vae annealer weight is 0.3750375460299153
Epoch 29/70
218036/218036 - 292s - loss: 0.1660 - x_pred_loss: 0.1332 - z_mean_log_var_loss: 0.0783 - reg_prop_pred_loss: 0.1962 - x_pred_categorical_accuracy: 0.9533 - x_pred_vae_anneal_metric: 0.3750 - val_loss: 1.9845 - val_x_pred_loss: 2.1592 - val_z_mean_log_var_loss: 0.0672 - val_reg_prop_pred_loss: 0.1853 - val_x_pred_categorical_accuracy: 0.8660 - val_x_pred_vae_anneal_metric: 0.3750 - 292s/epoch - 1ms/sample
Current vae annealer weight is 0.5
Epoch 30/70
218036/218036 - 291s - loss: 0.1861 - x_pred_loss: 0.1479 - z_mean_log_var_loss: 0.0730 - reg_prop_pred_loss: 0.2013 - x_pred_categorical_accuracy: 0.9485 - x_pred_vae_anneal_metric: 0.5000 - val_loss: 2.0967 - val_x_pred_loss: 2.2734 - val_z_mean_log_var_loss: 0.0679 - val_reg_prop_pred_loss: 0.2003 - val_x_pred_categorical_accuracy: 0.8590 - val_x_pred_vae_anneal_metric: 0.5000 - 291s/epoch - 1ms/sample
Current vae annealer weight is 0.6249624539700847
Epoch 31/70
218036/218036 - 290s - loss: 0.1940 - x_pred_loss: 0.1520 - z_mean_log_var_loss: 0.0657 - reg_prop_pred_loss: 0.2024 - x_pred_categorical_accuracy: 0.9472 - x_pred_vae_anneal_metric: 0.6250 - val_loss: 2.0680 - val_x_pred_loss: 2.2402 - val_z_mean_log_var_loss: 0.0586 - val_reg_prop_pred_loss: 0.1891 - val_x_pred_categorical_accuracy: 0.8610 - val_x_pred_vae_anneal_metric: 0.6250 - 290s/epoch - 1ms/sample
Current vae annealer weight is 0.7352317540067891
Epoch 32/70
218036/218036 - 291s - loss: 0.1895 - x_pred_loss: 0.1478 - z_mean_log_var_loss: 0.0554 - reg_prop_pred_loss: 0.1984 - x_pred_categorical_accuracy: 0.9485 - x_pred_vae_anneal_metric: 0.7352 - val_loss: 2.0252 - val_x_pred_loss: 2.1962 - val_z_mean_log_var_loss: 0.0449 - val_reg_prop_pred_loss: 0.1886 - val_x_pred_categorical_accuracy: 0.8637 - val_x_pred_vae_anneal_metric: 0.7352 - 291s/epoch - 1ms/sample
Current vae annealer weight is 0.8222982077863588
Epoch 33/70
218036/218036 - 291s - loss: 0.1814 - x_pred_loss: 0.1432 - z_mean_log_var_loss: 0.0444 - reg_prop_pred_loss: 0.1969 - x_pred_categorical_accuracy: 0.9502 - x_pred_vae_anneal_metric: 0.8223 - val_loss: 2.0876 - val_x_pred_loss: 2.2641 - val_z_mean_log_var_loss: 0.0390 - val_reg_prop_pred_loss: 0.2107 - val_x_pred_categorical_accuracy: 0.8595 - val_x_pred_vae_anneal_metric: 0.8223 - 291s/epoch - 1ms/sample
Current vae annealer weight is 0.8852040239279495
Epoch 34/70
218036/218036 - 291s - loss: 0.1976 - x_pred_loss: 0.1597 - z_mean_log_var_loss: 0.0421 - reg_prop_pred_loss: 0.2037 - x_pred_categorical_accuracy: 0.9448 - x_pred_vae_anneal_metric: 0.8852 - val_loss: 2.2175 - val_x_pred_loss: 2.4086 - val_z_mean_log_var_loss: 0.0384 - val_reg_prop_pred_loss: 0.1921 - val_x_pred_categorical_accuracy: 0.8506 - val_x_pred_vae_anneal_metric: 0.8852 - 291s/epoch - 1ms/sample
Current vae annealer weight is 0.9277967179942364
Epoch 35/70
218036/218036 - 292s - loss: 0.1916 - x_pred_loss: 0.1537 - z_mean_log_var_loss: 0.0397 - reg_prop_pred_loss: 0.2016 - x_pred_categorical_accuracy: 0.9470 - x_pred_vae_anneal_metric: 0.9278 - val_loss: 2.0453 - val_x_pred_loss: 2.2228 - val_z_mean_log_var_loss: 0.0312 - val_reg_prop_pred_loss: 0.1875 - val_x_pred_categorical_accuracy: 0.8621 - val_x_pred_vae_anneal_metric: 0.9278 - 292s/epoch - 1ms/sample
Current vae annealer weight is 0.9553827966119615
Epoch 36/70
218036/218036 - 291s - loss: 0.1682 - x_pred_loss: 0.1365 - z_mean_log_var_loss: 0.0300 - reg_prop_pred_loss: 0.1957 - x_pred_categorical_accuracy: 0.9525 - x_pred_vae_anneal_metric: 0.9554 - val_loss: 2.1181 - val_x_pred_loss: 2.3074 - val_z_mean_log_var_loss: 0.0264 - val_reg_prop_pred_loss: 0.1866 - val_x_pred_categorical_accuracy: 0.8568 - val_x_pred_vae_anneal_metric: 0.9554 - 291s/epoch - 1ms/sample
Current vae annealer weight is 0.9727389819620722
Epoch 37/70
218036/218036 - 291s - loss: 0.1650 - x_pred_loss: 0.1354 - z_mean_log_var_loss: 0.0269 - reg_prop_pred_loss: 0.1962 - x_pred_categorical_accuracy: 0.9532 - x_pred_vae_anneal_metric: 0.9727 - val_loss: 2.1053 - val_x_pred_loss: 2.2926 - val_z_mean_log_var_loss: 0.0262 - val_reg_prop_pred_loss: 0.1903 - val_x_pred_categorical_accuracy: 0.8578 - val_x_pred_vae_anneal_metric: 0.9727 - 291s/epoch - 1ms/sample
Current vae annealer weight is 0.9834604581913845
Epoch 38/70
218036/218036 - 291s - loss: 0.1746 - x_pred_loss: 0.1456 - z_mean_log_var_loss: 0.0262 - reg_prop_pred_loss: 0.2039 - x_pred_categorical_accuracy: 0.9499 - x_pred_vae_anneal_metric: 0.9835 - val_loss: 2.1285 - val_x_pred_loss: 2.3174 - val_z_mean_log_var_loss: 0.0269 - val_reg_prop_pred_loss: 0.1897 - val_x_pred_categorical_accuracy: 0.8562 - val_x_pred_vae_anneal_metric: 0.9835 - 291s/epoch - 1ms/sample
Current vae annealer weight is 0.9900085996857898
Epoch 39/70
218036/218036 - 291s - loss: 0.1559 - x_pred_loss: 0.1271 - z_mean_log_var_loss: 0.0246 - reg_prop_pred_loss: 0.1956 - x_pred_categorical_accuracy: 0.9558 - x_pred_vae_anneal_metric: 0.9900 - val_loss: 2.0274 - val_x_pred_loss: 2.2112 - val_z_mean_log_var_loss: 0.0213 - val_reg_prop_pred_loss: 0.1832 - val_x_pred_categorical_accuracy: 0.8628 - val_x_pred_vae_anneal_metric: 0.9900 - 291s/epoch - 1ms/sample
Current vae annealer weight is 0.9939801464769676
Epoch 40/70
218036/218036 - 291s - loss: 0.1487 - x_pred_loss: 0.1227 - z_mean_log_var_loss: 0.0212 - reg_prop_pred_loss: 0.1924 - x_pred_categorical_accuracy: 0.9573 - x_pred_vae_anneal_metric: 0.9940 - val_loss: 1.9550 - val_x_pred_loss: 2.1333 - val_z_mean_log_var_loss: 0.0189 - val_reg_prop_pred_loss: 0.1816 - val_x_pred_categorical_accuracy: 0.8676 - val_x_pred_vae_anneal_metric: 0.9940 - 291s/epoch - 1ms/sample
Current vae annealer weight is 0.9963787916740549
Epoch 41/70
218036/218036 - 291s - loss: 0.1413 - x_pred_loss: 0.1168 - z_mean_log_var_loss: 0.0189 - reg_prop_pred_loss: 0.1926 - x_pred_categorical_accuracy: 0.9593 - x_pred_vae_anneal_metric: 0.9964 - val_loss: 1.9666 - val_x_pred_loss: 2.1465 - val_z_mean_log_var_loss: 0.0182 - val_reg_prop_pred_loss: 0.1835 - val_x_pred_categorical_accuracy: 0.8668 - val_x_pred_vae_anneal_metric: 0.9964 - 291s/epoch - 1ms/sample
Current vae annealer weight is 0.9978237754533412
Epoch 42/70
218036/218036 - 292s - loss: 0.1426 - x_pred_loss: 0.1181 - z_mean_log_var_loss: 0.0190 - reg_prop_pred_loss: 0.1927 - x_pred_categorical_accuracy: 0.9590 - x_pred_vae_anneal_metric: 0.9978 - val_loss: 1.9838 - val_x_pred_loss: 2.1646 - val_z_mean_log_var_loss: 0.0192 - val_reg_prop_pred_loss: 0.1848 - val_x_pred_categorical_accuracy: 0.8657 - val_x_pred_vae_anneal_metric: 0.9978 - 292s/epoch - 1ms/sample
Current vae annealer weight is 0.998692918557779
Epoch 43/70
218036/218036 - 291s - loss: 0.1343 - x_pred_loss: 0.1106 - z_mean_log_var_loss: 0.0175 - reg_prop_pred_loss: 0.1904 - x_pred_categorical_accuracy: 0.9614 - x_pred_vae_anneal_metric: 0.9987 - val_loss: 1.8866 - val_x_pred_loss: 2.0589 - val_z_mean_log_var_loss: 0.0165 - val_reg_prop_pred_loss: 0.1872 - val_x_pred_categorical_accuracy: 0.8723 - val_x_pred_vae_anneal_metric: 0.9987 - 291s/epoch - 1ms/sample
Current vae annealer weight is 0.9992152152808638
Epoch 44/70
218036/218036 - 290s - loss: 0.1347 - x_pred_loss: 0.1112 - z_mean_log_var_loss: 0.0172 - reg_prop_pred_loss: 0.1920 - x_pred_categorical_accuracy: 0.9613 - x_pred_vae_anneal_metric: 0.9992 - val_loss: 1.9249 - val_x_pred_loss: 2.1008 - val_z_mean_log_var_loss: 0.0172 - val_reg_prop_pred_loss: 0.1875 - val_x_pred_categorical_accuracy: 0.8697 - val_x_pred_vae_anneal_metric: 0.9992 - 290s/epoch - 1ms/sample
Current vae annealer weight is 0.9995289058847296
Epoch 45/70
218036/218036 - 291s - loss: 0.1336 - x_pred_loss: 0.1099 - z_mean_log_var_loss: 0.0172 - reg_prop_pred_loss: 0.1922 - x_pred_categorical_accuracy: 0.9618 - x_pred_vae_anneal_metric: 0.9995 - val_loss: 2.1421 - val_x_pred_loss: 2.3369 - val_z_mean_log_var_loss: 0.0177 - val_reg_prop_pred_loss: 0.2298 - val_x_pred_categorical_accuracy: 0.8550 - val_x_pred_vae_anneal_metric: 0.9995 - 291s/epoch - 1ms/sample
Current vae annealer weight is 0.9997172449786838
Epoch 46/70
218036/218036 - 290s - loss: 0.1385 - x_pred_loss: 0.1134 - z_mean_log_var_loss: 0.0189 - reg_prop_pred_loss: 0.1936 - x_pred_categorical_accuracy: 0.9608 - x_pred_vae_anneal_metric: 0.9997 - val_loss: 1.7956 - val_x_pred_loss: 1.9590 - val_z_mean_log_var_loss: 0.0156 - val_reg_prop_pred_loss: 0.1855 - val_x_pred_categorical_accuracy: 0.8785 - val_x_pred_vae_anneal_metric: 0.9997 - 290s/epoch - 1ms/sample
Current vae annealer weight is 0.9998303006190481
Epoch 47/70
218036/218036 - 290s - loss: 0.1241 - x_pred_loss: 0.1016 - z_mean_log_var_loss: 0.0152 - reg_prop_pred_loss: 0.1895 - x_pred_categorical_accuracy: 0.9647 - x_pred_vae_anneal_metric: 0.9998 - val_loss: 1.8713 - val_x_pred_loss: 2.0446 - val_z_mean_log_var_loss: 0.0145 - val_reg_prop_pred_loss: 0.1813 - val_x_pred_categorical_accuracy: 0.8731 - val_x_pred_vae_anneal_metric: 0.9998 - 290s/epoch - 1ms/sample
Current vae annealer weight is 0.9998981571479052
Epoch 48/70
218036/218036 - 291s - loss: 0.1387 - x_pred_loss: 0.1169 - z_mean_log_var_loss: 0.0150 - reg_prop_pred_loss: 0.2004 - x_pred_categorical_accuracy: 0.9596 - x_pred_vae_anneal_metric: 0.9999 - val_loss: 1.9891 - val_x_pred_loss: 2.1729 - val_z_mean_log_var_loss: 0.0165 - val_reg_prop_pred_loss: 0.1861 - val_x_pred_categorical_accuracy: 0.8652 - val_x_pred_vae_anneal_metric: 0.9999 - 291s/epoch - 1ms/sample
Current vae annealer weight is 0.9999388820100666
Epoch 49/70
218036/218036 - 291s - loss: 0.1285 - x_pred_loss: 0.1062 - z_mean_log_var_loss: 0.0154 - reg_prop_pred_loss: 0.1904 - x_pred_categorical_accuracy: 0.9631 - x_pred_vae_anneal_metric: 0.9999 - val_loss: 1.8995 - val_x_pred_loss: 2.0766 - val_z_mean_log_var_loss: 0.0137 - val_reg_prop_pred_loss: 0.1823 - val_x_pred_categorical_accuracy: 0.8712 - val_x_pred_vae_anneal_metric: 0.9999 - 291s/epoch - 1ms/sample
Current vae annealer weight is 0.9999633224347099
Epoch 50/70
218036/218036 - 291s - loss: 0.1280 - x_pred_loss: 0.1070 - z_mean_log_var_loss: 0.0140 - reg_prop_pred_loss: 0.1906 - x_pred_categorical_accuracy: 0.9629 - x_pred_vae_anneal_metric: 1.0000 - val_loss: 1.9830 - val_x_pred_loss: 2.1681 - val_z_mean_log_var_loss: 0.0150 - val_reg_prop_pred_loss: 0.1822 - val_x_pred_categorical_accuracy: 0.8655 - val_x_pred_vae_anneal_metric: 1.0000 - 291s/epoch - 1ms/sample
Current vae annealer weight is 0.9999779896124086
Epoch 51/70
218036/218036 - 291s - loss: 0.1456 - x_pred_loss: 0.1223 - z_mean_log_var_loss: 0.0172 - reg_prop_pred_loss: 0.2007 - x_pred_categorical_accuracy: 0.9578 - x_pred_vae_anneal_metric: 1.0000 - val_loss: 1.9657 - val_x_pred_loss: 2.1472 - val_z_mean_log_var_loss: 0.0168 - val_reg_prop_pred_loss: 0.1806 - val_x_pred_categorical_accuracy: 0.8668 - val_x_pred_vae_anneal_metric: 1.0000 - 291s/epoch - 1ms/sample
Current vae annealer weight is 0.9999867915354658
Epoch 52/70
218036/218036 - 291s - loss: 0.1243 - x_pred_loss: 0.1014 - z_mean_log_var_loss: 0.0158 - reg_prop_pred_loss: 0.1885 - x_pred_categorical_accuracy: 0.9648 - x_pred_vae_anneal_metric: 1.0000 - val_loss: 1.7713 - val_x_pred_loss: 1.9344 - val_z_mean_log_var_loss: 0.0140 - val_reg_prop_pred_loss: 0.1778 - val_x_pred_categorical_accuracy: 0.8800 - val_x_pred_vae_anneal_metric: 1.0000 - 291s/epoch - 1ms/sample
Current vae annealer weight is 0.999992073609766
Epoch 53/70
218036/218036 - 291s - loss: 0.1197 - x_pred_loss: 0.0980 - z_mean_log_var_loss: 0.0140 - reg_prop_pred_loss: 0.1884 - x_pred_categorical_accuracy: 0.9660 - x_pred_vae_anneal_metric: 1.0000 - val_loss: 1.7829 - val_x_pred_loss: 1.9467 - val_z_mean_log_var_loss: 0.0145 - val_reg_prop_pred_loss: 0.1787 - val_x_pred_categorical_accuracy: 0.8792 - val_x_pred_vae_anneal_metric: 1.0000 - 291s/epoch - 1ms/sample
Current vae annealer weight is 0.9999952433888688
Epoch 54/70
218036/218036 - 292s - loss: 0.1311 - x_pred_loss: 0.1084 - z_mean_log_var_loss: 0.0161 - reg_prop_pred_loss: 0.1912 - x_pred_categorical_accuracy: 0.9624 - x_pred_vae_anneal_metric: 1.0000 - val_loss: 1.7628 - val_x_pred_loss: 1.9230 - val_z_mean_log_var_loss: 0.0158 - val_reg_prop_pred_loss: 0.1790 - val_x_pred_categorical_accuracy: 0.8807 - val_x_pred_vae_anneal_metric: 1.0000 - 292s/epoch - 1ms/sample
Current vae annealer weight is 0.999997145570669
Epoch 55/70
218036/218036 - 291s - loss: 0.1129 - x_pred_loss: 0.0910 - z_mean_log_var_loss: 0.0137 - reg_prop_pred_loss: 0.1869 - x_pred_categorical_accuracy: 0.9683 - x_pred_vae_anneal_metric: 1.0000 - val_loss: 1.7513 - val_x_pred_loss: 1.9132 - val_z_mean_log_var_loss: 0.0125 - val_reg_prop_pred_loss: 0.1815 - val_x_pred_categorical_accuracy: 0.8813 - val_x_pred_vae_anneal_metric: 1.0000 - 291s/epoch - 1ms/sample
Current vae annealer weight is 0.999998287066068
Epoch 56/70
218036/218036 - 290s - loss: 0.1161 - x_pred_loss: 0.0950 - z_mean_log_var_loss: 0.0132 - reg_prop_pred_loss: 0.1877 - x_pred_categorical_accuracy: 0.9669 - x_pred_vae_anneal_metric: 1.0000 - val_loss: 1.8299 - val_x_pred_loss: 1.9975 - val_z_mean_log_var_loss: 0.0144 - val_reg_prop_pred_loss: 0.1922 - val_x_pred_categorical_accuracy: 0.8761 - val_x_pred_vae_anneal_metric: 1.0000 - 290s/epoch - 1ms/sample
Current vae annealer weight is 0.9999989720742833
Epoch 57/70
218036/218036 - 291s - loss: 0.1141 - x_pred_loss: 0.0921 - z_mean_log_var_loss: 0.0140 - reg_prop_pred_loss: 0.1866 - x_pred_categorical_accuracy: 0.9680 - x_pred_vae_anneal_metric: 1.0000 - val_loss: 1.7492 - val_x_pred_loss: 1.9108 - val_z_mean_log_var_loss: 0.0128 - val_reg_prop_pred_loss: 0.1795 - val_x_pred_categorical_accuracy: 0.8814 - val_x_pred_vae_anneal_metric: 1.0000 - 291s/epoch - 1ms/sample
Current vae annealer weight is 0.9999993831455084
Epoch 58/70
218036/218036 - 291s - loss: 0.1185 - x_pred_loss: 0.0978 - z_mean_log_var_loss: 0.0129 - reg_prop_pred_loss: 0.1886 - x_pred_categorical_accuracy: 0.9662 - x_pred_vae_anneal_metric: 1.0000 - val_loss: 1.9157 - val_x_pred_loss: 2.0928 - val_z_mean_log_var_loss: 0.0156 - val_reg_prop_pred_loss: 0.1814 - val_x_pred_categorical_accuracy: 0.8702 - val_x_pred_vae_anneal_metric: 1.0000 - 291s/epoch - 1ms/sample
Current vae annealer weight is 0.9999996298279195
Epoch 59/70
218036/218036 - 291s - loss: 0.1090 - x_pred_loss: 0.0871 - z_mean_log_var_loss: 0.0134 - reg_prop_pred_loss: 0.1854 - x_pred_categorical_accuracy: 0.9697 - x_pred_vae_anneal_metric: 1.0000 - val_loss: 1.8672 - val_x_pred_loss: 2.0431 - val_z_mean_log_var_loss: 0.0115 - val_reg_prop_pred_loss: 0.1806 - val_x_pred_categorical_accuracy: 0.8732 - val_x_pred_vae_anneal_metric: 1.0000 - 291s/epoch - 1ms/sample
Current vae annealer weight is 0.9999997778611365
Epoch 60/70
218036/218036 - 291s - loss: 0.1034 - x_pred_loss: 0.0830 - z_mean_log_var_loss: 0.0114 - reg_prop_pred_loss: 0.1842 - x_pred_categorical_accuracy: 0.9710 - x_pred_vae_anneal_metric: 1.0000 - val_loss: 1.7861 - val_x_pred_loss: 1.9530 - val_z_mean_log_var_loss: 0.0119 - val_reg_prop_pred_loss: 0.1775 - val_x_pred_categorical_accuracy: 0.8788 - val_x_pred_vae_anneal_metric: 1.0000 - 291s/epoch - 1ms/sample
Current vae annealer weight is 0.9999998666953174
Epoch 61/70
218036/218036 - 291s - loss: 0.1024 - x_pred_loss: 0.0817 - z_mean_log_var_loss: 0.0117 - reg_prop_pred_loss: 0.1841 - x_pred_categorical_accuracy: 0.9715 - x_pred_vae_anneal_metric: 1.0000 - val_loss: 1.6940 - val_x_pred_loss: 1.8507 - val_z_mean_log_var_loss: 0.0118 - val_reg_prop_pred_loss: 0.1779 - val_x_pred_categorical_accuracy: 0.8852 - val_x_pred_vae_anneal_metric: 1.0000 - 291s/epoch - 1ms/sample
Current vae annealer weight is 0.9999999200043723
Epoch 62/70
218036/218036 - 291s - loss: 0.1030 - x_pred_loss: 0.0824 - z_mean_log_var_loss: 0.0116 - reg_prop_pred_loss: 0.1852 - x_pred_categorical_accuracy: 0.9713 - x_pred_vae_anneal_metric: 1.0000 - val_loss: 1.8269 - val_x_pred_loss: 1.9974 - val_z_mean_log_var_loss: 0.0121 - val_reg_prop_pred_loss: 0.1837 - val_x_pred_categorical_accuracy: 0.8761 - val_x_pred_vae_anneal_metric: 1.0000 - 291s/epoch - 1ms/sample
Current vae annealer weight is 0.9999999519949324
Epoch 63/70
218036/218036 - 291s - loss: 0.0984 - x_pred_loss: 0.0780 - z_mean_log_var_loss: 0.0110 - reg_prop_pred_loss: 0.1834 - x_pred_categorical_accuracy: 0.9727 - x_pred_vae_anneal_metric: 1.0000 - val_loss: 1.8016 - val_x_pred_loss: 1.9707 - val_z_mean_log_var_loss: 0.0113 - val_reg_prop_pred_loss: 0.1777 - val_x_pred_categorical_accuracy: 0.8777 - val_x_pred_vae_anneal_metric: 1.0000 - 291s/epoch - 1ms/sample
Current vae annealer weight is 0.9999999711923445
Epoch 64/70
218036/218036 - 291s - loss: 0.0976 - x_pred_loss: 0.0774 - z_mean_log_var_loss: 0.0107 - reg_prop_pred_loss: 0.1831 - x_pred_categorical_accuracy: 0.9729 - x_pred_vae_anneal_metric: 1.0000 - val_loss: 1.6805 - val_x_pred_loss: 1.8385 - val_z_mean_log_var_loss: 0.0093 - val_reg_prop_pred_loss: 0.1755 - val_x_pred_categorical_accuracy: 0.8859 - val_x_pred_vae_anneal_metric: 1.0000 - 291s/epoch - 1ms/sample
Current vae annealer weight is 0.9999999827126375
Epoch 65/70
218036/218036 - 291s - loss: 0.0977 - x_pred_loss: 0.0776 - z_mean_log_var_loss: 0.0105 - reg_prop_pred_loss: 0.1842 - x_pred_categorical_accuracy: 0.9731 - x_pred_vae_anneal_metric: 1.0000 - val_loss: 1.7757 - val_x_pred_loss: 1.9411 - val_z_mean_log_var_loss: 0.0121 - val_reg_prop_pred_loss: 0.1774 - val_x_pred_categorical_accuracy: 0.8796 - val_x_pred_vae_anneal_metric: 1.0000 - 291s/epoch - 1ms/sample
Current vae annealer weight is 0.9999999896259207
Epoch 66/70
218036/218036 - 292s - loss: 0.0992 - x_pred_loss: 0.0782 - z_mean_log_var_loss: 0.0118 - reg_prop_pred_loss: 0.1825 - x_pred_categorical_accuracy: 0.9728 - x_pred_vae_anneal_metric: 1.0000 - val_loss: 1.6837 - val_x_pred_loss: 1.8403 - val_z_mean_log_var_loss: 0.0106 - val_reg_prop_pred_loss: 0.1789 - val_x_pred_categorical_accuracy: 0.8858 - val_x_pred_vae_anneal_metric: 1.0000 - 292s/epoch - 1ms/sample
Current vae annealer weight is 0.9999999937745552
Epoch 67/70
218036/218036 - 291s - loss: 0.1081 - x_pred_loss: 0.0870 - z_mean_log_var_loss: 0.0123 - reg_prop_pred_loss: 0.1871 - x_pred_categorical_accuracy: 0.9700 - x_pred_vae_anneal_metric: 1.0000 - val_loss: 1.7087 - val_x_pred_loss: 1.8653 - val_z_mean_log_var_loss: 0.0123 - val_reg_prop_pred_loss: 0.1882 - val_x_pred_categorical_accuracy: 0.8843 - val_x_pred_vae_anneal_metric: 1.0000 - 291s/epoch - 1ms/sample
Current vae annealer weight is 0.9999999962641346
Epoch 68/70
218036/218036 - 290s - loss: 0.1017 - x_pred_loss: 0.0802 - z_mean_log_var_loss: 0.0124 - reg_prop_pred_loss: 0.1834 - x_pred_categorical_accuracy: 0.9722 - x_pred_vae_anneal_metric: 1.0000 - val_loss: 1.6087 - val_x_pred_loss: 1.7576 - val_z_mean_log_var_loss: 0.0105 - val_reg_prop_pred_loss: 0.1738 - val_x_pred_categorical_accuracy: 0.8910 - val_x_pred_vae_anneal_metric: 1.0000 - 290s/epoch - 1ms/sample
Current vae annealer weight is 0.9999999977581218
Epoch 69/70
218036/218036 - 290s - loss: 0.0976 - x_pred_loss: 0.0773 - z_mean_log_var_loss: 0.0109 - reg_prop_pred_loss: 0.1825 - x_pred_categorical_accuracy: 0.9732 - x_pred_vae_anneal_metric: 1.0000 - val_loss: 1.6354 - val_x_pred_loss: 1.7854 - val_z_mean_log_var_loss: 0.0122 - val_reg_prop_pred_loss: 0.1752 - val_x_pred_categorical_accuracy: 0.8892 - val_x_pred_vae_anneal_metric: 1.0000 - 290s/epoch - 1ms/sample
Current vae annealer weight is 0.9999999986546575
Epoch 70/70
218036/218036 - 291s - loss: 0.0972 - x_pred_loss: 0.0760 - z_mean_log_var_loss: 0.0118 - reg_prop_pred_loss: 0.1820 - x_pred_categorical_accuracy: 0.9737 - x_pred_vae_anneal_metric: 1.0000 - val_loss: 1.6946 - val_x_pred_loss: 1.8534 - val_z_mean_log_var_loss: 0.0100 - val_reg_prop_pred_loss: 0.1753 - val_x_pred_categorical_accuracy: 0.8850 - val_x_pred_vae_anneal_metric: 1.0000 - 291s/epoch - 1ms/sample
/home/jp2658/.conda/envs/chemvae_tf2/lib/python3.10/site-packages/keras/src/engine/training.py:3103: UserWarning: You are saving your model as an HDF5 file via `model.save()`. This file format is considered legacy. We recommend using instead the native Keras format, e.g. `model.save('my_model.keras')`.
  saving_api.save_model(
time of run :  21405.104783535004
**FINISHED**
