Using hyper-parameters:
name                      - zinc_michael
MAX_LEN                   - 84          
data_file                 - ZINC_Michael_ordered.csv.gz
char_file                 - zinc.json   
encoder_weights_file      - zinc_encoder.h5
decoder_weights_file      - zinc_decoder.h5
test_idx_file             - test_idx.npy
history_file              - history.csv 
do_prop_pred              - False       
TRAIN_MODEL               - True        
ENC_DEC_TEST              - False       
PADDING                   - right       
RAND_SEED                 - 42          
epochs                    - 70          
vae_annealer_start        - 29          
dropout_rate_mid          - 0.08283292970479479
anneal_sigmod_slope       - 0.5106654305791392
recurrent_dim             - 488         
batch_size                - 126         
lr                        - 0.00039192162392520126
hidden_dim                - 196         
tgru_dropout              - 0.19617749608323892
hg_growth_factor          - 1.2281884874932403
middle_layer              - 1           
momentum                  - 0.9717090063868801
verbose_print             - 2           
rest of parameters are set as default
All params: {'reload_model': False, 'prev_epochs': 0, 'batch_size': 126, 'epochs': 70, 'val_split': 0.1, 'loss': 'categorical_crossentropy', 'batchnorm_conv': True, 'conv_activation': 'tanh', 'conv_depth': 4, 'conv_dim_depth': 8, 'conv_dim_width': 8, 'conv_d_growth_factor': 1.15875438383, 'conv_w_growth_factor': 1.1758149644, 'gru_depth': 4, 'rnn_activation': 'tanh', 'recurrent_dim': 488, 'do_tgru': True, 'terminal_GRU_implementation': 0, 'tgru_dropout': 0.19617749608323892, 'temperature': 1.0, 'hg_growth_factor': 1.2281884874932403, 'hidden_dim': 196, 'middle_layer': 1, 'dropout_rate_mid': 0.08283292970479479, 'batchnorm_mid': True, 'activation': 'tanh', 'lr': 0.00039192162392520126, 'momentum': 0.9717090063868801, 'optim': 'adam', 'vae_annealer_start': 29, 'batchnorm_vae': False, 'vae_activation': 'tanh', 'xent_loss_weight': 1.0, 'kl_loss_weight': 1.0, 'anneal_sigmod_slope': 0.5106654305791392, 'freeze_logvar_layer': False, 'freeze_offset': 1, 'do_prop_pred': False, 'prop_pred_depth': 3, 'prop_hidden_dim': 36, 'prop_growth_factor': 0.8, 'prop_pred_activation': 'tanh', 'reg_prop_pred_loss': 'mse', 'logit_prop_pred_loss': 'binary_crossentropy', 'prop_pred_loss_weight': 0.5, 'prop_pred_dropout': 0.0, 'prop_batchnorm': True, 'verbose_print': 2, 'name': 'zinc_michael', 'MAX_LEN': 84, 'data_file': 'ZINC_Michael_ordered.csv.gz', 'char_file': 'zinc.json', 'encoder_weights_file': 'zinc_encoder.h5', 'decoder_weights_file': 'zinc_decoder.h5', 'test_idx_file': 'test_idx.npy', 'history_file': 'history.csv', 'TRAIN_MODEL': True, 'ENC_DEC_TEST': False, 'PADDING': 'right', 'RAND_SEED': 42}
Training set size is 242455
first smiles: " O=C(N1CC2CC2(CO)C1)C=Cc1ccco1 "
total chars: 31
Vectorization...
Total Data size 242455
shape of input vector : {} (218106, 84, 31)
Training set size is (218106, 84, 31), after filtering to max length of 84
Train on 218106 samples, validate on 24318 samples
Current vae annealer weight is 3.701720805095644e-07
Epoch 1/70
/home/jp2658/.conda/envs/chemvae_tf2/lib/python3.10/site-packages/keras/src/engine/training_v1.py:2335: UserWarning: `Model.state_updates` will be removed in a future version. This property should not be used in TensorFlow 2.0, as `updates` are applied automatically.
  updates = self.state_updates
218106/218106 - 354s - loss: 1.0110 - x_pred_loss: 1.0110 - z_mean_log_var_loss: 1.2515 - x_pred_categorical_accuracy: 0.6825 - x_pred_vae_anneal_metric: 3.7018e-07 - val_loss: 6.3424 - val_x_pred_loss: 6.3423 - val_z_mean_log_var_loss: 1.1864 - val_x_pred_categorical_accuracy: 0.6065 - val_x_pred_vae_anneal_metric: 3.7017e-07 - 354s/epoch - 2ms/sample
Current vae annealer weight is 6.168544915222557e-07
Epoch 2/70
218106/218106 - 353s - loss: 0.7694 - x_pred_loss: 0.7694 - z_mean_log_var_loss: 1.3485 - x_pred_categorical_accuracy: 0.7523 - x_pred_vae_anneal_metric: 6.1684e-07 - val_loss: 6.2355 - val_x_pred_loss: 6.2355 - val_z_mean_log_var_loss: 1.0598 - val_x_pred_categorical_accuracy: 0.6131 - val_x_pred_vae_anneal_metric: 6.1686e-07 - 353s/epoch - 2ms/sample
Current vae annealer weight is 1.0279257166985964e-06
Epoch 3/70
218106/218106 - 353s - loss: 0.6598 - x_pred_loss: 0.6598 - z_mean_log_var_loss: 1.3447 - x_pred_categorical_accuracy: 0.7821 - x_pred_vae_anneal_metric: 1.0279e-06 - val_loss: 6.0516 - val_x_pred_loss: 6.0516 - val_z_mean_log_var_loss: 1.1836 - val_x_pred_categorical_accuracy: 0.6245 - val_x_pred_vae_anneal_metric: 1.0279e-06 - 353s/epoch - 2ms/sample
Current vae annealer weight is 1.7129339319420572e-06
Epoch 4/70
218106/218106 - 352s - loss: 0.5877 - x_pred_loss: 0.5877 - z_mean_log_var_loss: 1.3560 - x_pred_categorical_accuracy: 0.8024 - x_pred_vae_anneal_metric: 1.7129e-06 - val_loss: 6.0553 - val_x_pred_loss: 6.0553 - val_z_mean_log_var_loss: 1.2236 - val_x_pred_categorical_accuracy: 0.6243 - val_x_pred_vae_anneal_metric: 1.7129e-06 - 352s/epoch - 2ms/sample
Current vae annealer weight is 2.854429330962736e-06
Epoch 5/70
218106/218106 - 353s - loss: 0.5193 - x_pred_loss: 0.5193 - z_mean_log_var_loss: 1.3083 - x_pred_categorical_accuracy: 0.8233 - x_pred_vae_anneal_metric: 2.8545e-06 - val_loss: 5.5666 - val_x_pred_loss: 5.5666 - val_z_mean_log_var_loss: 1.1481 - val_x_pred_categorical_accuracy: 0.6546 - val_x_pred_vae_anneal_metric: 2.8544e-06 - 353s/epoch - 2ms/sample
Current vae annealer weight is 4.756611131108824e-06
Epoch 6/70
218106/218106 - 353s - loss: 0.4469 - x_pred_loss: 0.4469 - z_mean_log_var_loss: 1.1463 - x_pred_categorical_accuracy: 0.8480 - x_pred_vae_anneal_metric: 4.7566e-06 - val_loss: 5.0806 - val_x_pred_loss: 5.0806 - val_z_mean_log_var_loss: 0.9752 - val_x_pred_categorical_accuracy: 0.6848 - val_x_pred_vae_anneal_metric: 4.7566e-06 - 353s/epoch - 2ms/sample
Current vae annealer weight is 7.926390233964058e-06
Epoch 7/70
218106/218106 - 353s - loss: 0.3757 - x_pred_loss: 0.3757 - z_mean_log_var_loss: 0.9404 - x_pred_categorical_accuracy: 0.8730 - x_pred_vae_anneal_metric: 7.9265e-06 - val_loss: 4.4953 - val_x_pred_loss: 4.4953 - val_z_mean_log_var_loss: 0.7846 - val_x_pred_categorical_accuracy: 0.7211 - val_x_pred_vae_anneal_metric: 7.9264e-06 - 353s/epoch - 2ms/sample
Current vae annealer weight is 1.3208464534236994e-05
Epoch 8/70
218106/218106 - 354s - loss: 0.3194 - x_pred_loss: 0.3194 - z_mean_log_var_loss: 0.7372 - x_pred_categorical_accuracy: 0.8919 - x_pred_vae_anneal_metric: 1.3208e-05 - val_loss: 4.0688 - val_x_pred_loss: 4.0688 - val_z_mean_log_var_loss: 0.6087 - val_x_pred_categorical_accuracy: 0.7476 - val_x_pred_vae_anneal_metric: 1.3208e-05 - 354s/epoch - 2ms/sample
Current vae annealer weight is 2.201038759146048e-05
Epoch 9/70
218106/218106 - 353s - loss: 0.2778 - x_pred_loss: 0.2778 - z_mean_log_var_loss: 0.5833 - x_pred_categorical_accuracy: 0.9056 - x_pred_vae_anneal_metric: 2.2010e-05 - val_loss: 3.7488 - val_x_pred_loss: 3.7488 - val_z_mean_log_var_loss: 0.4921 - val_x_pred_categorical_accuracy: 0.7674 - val_x_pred_vae_anneal_metric: 2.2010e-05 - 353s/epoch - 2ms/sample
Current vae annealer weight is 3.6677565290112376e-05
Epoch 10/70
218106/218106 - 359s - loss: 0.2419 - x_pred_loss: 0.2418 - z_mean_log_var_loss: 0.4730 - x_pred_categorical_accuracy: 0.9177 - x_pred_vae_anneal_metric: 3.6678e-05 - val_loss: 3.3441 - val_x_pred_loss: 3.3441 - val_z_mean_log_var_loss: 0.4099 - val_x_pred_categorical_accuracy: 0.7925 - val_x_pred_vae_anneal_metric: 3.6677e-05 - 359s/epoch - 2ms/sample
Current vae annealer weight is 6.111798993344653e-05
Epoch 11/70
218106/218106 - 353s - loss: 0.2177 - x_pred_loss: 0.2177 - z_mean_log_var_loss: 0.3949 - x_pred_categorical_accuracy: 0.9259 - x_pred_vae_anneal_metric: 6.1117e-05 - val_loss: 3.2276 - val_x_pred_loss: 3.2276 - val_z_mean_log_var_loss: 0.3440 - val_x_pred_categorical_accuracy: 0.7998 - val_x_pred_vae_anneal_metric: 6.1118e-05 - 353s/epoch - 2ms/sample
Current vae annealer weight is 0.0001018428520948195
Epoch 12/70
218106/218106 - 353s - loss: 0.1924 - x_pred_loss: 0.1924 - z_mean_log_var_loss: 0.3368 - x_pred_categorical_accuracy: 0.9346 - x_pred_vae_anneal_metric: 1.0184e-04 - val_loss: 2.8760 - val_x_pred_loss: 2.8760 - val_z_mean_log_var_loss: 0.2916 - val_x_pred_categorical_accuracy: 0.8216 - val_x_pred_vae_anneal_metric: 1.0184e-04 - 353s/epoch - 2ms/sample
Current vae annealer weight is 0.00016969938095202496
Epoch 13/70
218106/218106 - 354s - loss: 0.1732 - x_pred_loss: 0.1731 - z_mean_log_var_loss: 0.2919 - x_pred_categorical_accuracy: 0.9411 - x_pred_vae_anneal_metric: 1.6970e-04 - val_loss: 2.7468 - val_x_pred_loss: 2.7467 - val_z_mean_log_var_loss: 0.2585 - val_x_pred_categorical_accuracy: 0.8296 - val_x_pred_vae_anneal_metric: 1.6970e-04 - 354s/epoch - 2ms/sample
Current vae annealer weight is 0.00028275502131637844
Epoch 14/70
218106/218106 - 355s - loss: 0.1620 - x_pred_loss: 0.1619 - z_mean_log_var_loss: 0.2661 - x_pred_categorical_accuracy: 0.9449 - x_pred_vae_anneal_metric: 2.8276e-04 - val_loss: 2.4527 - val_x_pred_loss: 2.4527 - val_z_mean_log_var_loss: 0.2433 - val_x_pred_categorical_accuracy: 0.8478 - val_x_pred_vae_anneal_metric: 2.8275e-04 - 355s/epoch - 2ms/sample
Current vae annealer weight is 0.0004710941152704827
Epoch 15/70
218106/218106 - 355s - loss: 0.1431 - x_pred_loss: 0.1430 - z_mean_log_var_loss: 0.2410 - x_pred_categorical_accuracy: 0.9513 - x_pred_vae_anneal_metric: 4.7110e-04 - val_loss: 2.4211 - val_x_pred_loss: 2.4210 - val_z_mean_log_var_loss: 0.2180 - val_x_pred_categorical_accuracy: 0.8498 - val_x_pred_vae_anneal_metric: 4.7109e-04 - 355s/epoch - 2ms/sample
Current vae annealer weight is 0.0007847847191363334
Epoch 16/70
218106/218106 - 354s - loss: 0.1315 - x_pred_loss: 0.1313 - z_mean_log_var_loss: 0.2128 - x_pred_categorical_accuracy: 0.9552 - x_pred_vae_anneal_metric: 7.8479e-04 - val_loss: 2.1372 - val_x_pred_loss: 2.1370 - val_z_mean_log_var_loss: 0.1902 - val_x_pred_categorical_accuracy: 0.8674 - val_x_pred_vae_anneal_metric: 7.8478e-04 - 354s/epoch - 2ms/sample
Current vae annealer weight is 0.0013070814422209435
Epoch 17/70
218106/218106 - 353s - loss: 0.1237 - x_pred_loss: 0.1235 - z_mean_log_var_loss: 0.1922 - x_pred_categorical_accuracy: 0.9579 - x_pred_vae_anneal_metric: 0.0013 - val_loss: 1.9182 - val_x_pred_loss: 1.9180 - val_z_mean_log_var_loss: 0.1792 - val_x_pred_categorical_accuracy: 0.8810 - val_x_pred_vae_anneal_metric: 0.0013 - 353s/epoch - 2ms/sample
Current vae annealer weight is 0.0021762245466587582
Epoch 18/70
218106/218106 - 353s - loss: 0.1136 - x_pred_loss: 0.1132 - z_mean_log_var_loss: 0.1762 - x_pred_categorical_accuracy: 0.9614 - x_pred_vae_anneal_metric: 0.0022 - val_loss: 1.9082 - val_x_pred_loss: 1.9078 - val_z_mean_log_var_loss: 0.1716 - val_x_pred_categorical_accuracy: 0.8816 - val_x_pred_vae_anneal_metric: 0.0022 - 353s/epoch - 2ms/sample
Current vae annealer weight is 0.0036212083259452047
Epoch 19/70
218106/218106 - 353s - loss: 0.1048 - x_pred_loss: 0.1042 - z_mean_log_var_loss: 0.1622 - x_pred_categorical_accuracy: 0.9645 - x_pred_vae_anneal_metric: 0.0036 - val_loss: 1.7668 - val_x_pred_loss: 1.7663 - val_z_mean_log_var_loss: 0.1423 - val_x_pred_categorical_accuracy: 0.8904 - val_x_pred_vae_anneal_metric: 0.0036 - 353s/epoch - 2ms/sample
Current vae annealer weight is 0.0060198535230323105
Epoch 20/70
218106/218106 - 354s - loss: 0.0973 - x_pred_loss: 0.0964 - z_mean_log_var_loss: 0.1401 - x_pred_categorical_accuracy: 0.9672 - x_pred_vae_anneal_metric: 0.0060 - val_loss: 1.6556 - val_x_pred_loss: 1.6548 - val_z_mean_log_var_loss: 0.1243 - val_x_pred_categorical_accuracy: 0.8973 - val_x_pred_vae_anneal_metric: 0.0060 - 354s/epoch - 2ms/sample
Current vae annealer weight is 0.009991400314210233
Epoch 21/70
218106/218106 - 354s - loss: 0.0946 - x_pred_loss: 0.0934 - z_mean_log_var_loss: 0.1261 - x_pred_categorical_accuracy: 0.9683 - x_pred_vae_anneal_metric: 0.0100 - val_loss: 1.5121 - val_x_pred_loss: 1.5110 - val_z_mean_log_var_loss: 0.1108 - val_x_pred_categorical_accuracy: 0.9063 - val_x_pred_vae_anneal_metric: 0.0100 - 354s/epoch - 2ms/sample
Current vae annealer weight is 0.016539541808615513
Epoch 22/70
218106/218106 - 354s - loss: 0.0861 - x_pred_loss: 0.0843 - z_mean_log_var_loss: 0.1055 - x_pred_categorical_accuracy: 0.9713 - x_pred_vae_anneal_metric: 0.0165 - val_loss: 1.3942 - val_x_pred_loss: 1.3927 - val_z_mean_log_var_loss: 0.0903 - val_x_pred_categorical_accuracy: 0.9136 - val_x_pred_vae_anneal_metric: 0.0165 - 354s/epoch - 2ms/sample
Current vae annealer weight is 0.02726101803792773
Epoch 23/70
218106/218106 - 354s - loss: 0.1146 - x_pred_loss: 0.1118 - z_mean_log_var_loss: 0.1041 - x_pred_categorical_accuracy: 0.9625 - x_pred_vae_anneal_metric: 0.0273 - val_loss: 2.7745 - val_x_pred_loss: 2.7711 - val_z_mean_log_var_loss: 0.1234 - val_x_pred_categorical_accuracy: 0.8281 - val_x_pred_vae_anneal_metric: 0.0273 - 354s/epoch - 2ms/sample
Current vae annealer weight is 0.04461720338803846
Epoch 24/70
218106/218106 - 354s - loss: 0.1002 - x_pred_loss: 0.0951 - z_mean_log_var_loss: 0.1140 - x_pred_categorical_accuracy: 0.9678 - x_pred_vae_anneal_metric: 0.0446 - val_loss: 1.3702 - val_x_pred_loss: 1.3660 - val_z_mean_log_var_loss: 0.0945 - val_x_pred_categorical_accuracy: 0.9153 - val_x_pred_vae_anneal_metric: 0.0446 - 354s/epoch - 2ms/sample
Current vae annealer weight is 0.07220328200576367
Epoch 25/70
218106/218106 - 354s - loss: 0.0815 - x_pred_loss: 0.0750 - z_mean_log_var_loss: 0.0895 - x_pred_categorical_accuracy: 0.9746 - x_pred_vae_anneal_metric: 0.0722 - val_loss: 1.2307 - val_x_pred_loss: 1.2253 - val_z_mean_log_var_loss: 0.0758 - val_x_pred_categorical_accuracy: 0.9240 - val_x_pred_vae_anneal_metric: 0.0722 - 354s/epoch - 2ms/sample
Current vae annealer weight is 0.11479597607205051
Epoch 26/70
218106/218106 - 355s - loss: 0.0959 - x_pred_loss: 0.0865 - z_mean_log_var_loss: 0.0822 - x_pred_categorical_accuracy: 0.9708 - x_pred_vae_anneal_metric: 0.1148 - val_loss: 1.2095 - val_x_pred_loss: 1.2008 - val_z_mean_log_var_loss: 0.0757 - val_x_pred_categorical_accuracy: 0.9255 - val_x_pred_vae_anneal_metric: 0.1148 - 355s/epoch - 2ms/sample
Current vae annealer weight is 0.17770179221364119
Epoch 27/70
218106/218106 - 354s - loss: 0.0928 - x_pred_loss: 0.0794 - z_mean_log_var_loss: 0.0757 - x_pred_categorical_accuracy: 0.9730 - x_pred_vae_anneal_metric: 0.1777 - val_loss: 1.1992 - val_x_pred_loss: 1.1878 - val_z_mean_log_var_loss: 0.0639 - val_x_pred_categorical_accuracy: 0.9263 - val_x_pred_vae_anneal_metric: 0.1777 - 354s/epoch - 2ms/sample
Current vae annealer weight is 0.26476824599321086
Epoch 28/70
218106/218106 - 354s - loss: 0.0976 - x_pred_loss: 0.0806 - z_mean_log_var_loss: 0.0642 - x_pred_categorical_accuracy: 0.9727 - x_pred_vae_anneal_metric: 0.2648 - val_loss: 1.2140 - val_x_pred_loss: 1.2002 - val_z_mean_log_var_loss: 0.0520 - val_x_pred_categorical_accuracy: 0.9255 - val_x_pred_vae_anneal_metric: 0.2648 - 354s/epoch - 2ms/sample
Current vae annealer weight is 0.3750375460299153
Epoch 29/70
218106/218106 - 354s - loss: 0.1003 - x_pred_loss: 0.0810 - z_mean_log_var_loss: 0.0514 - x_pred_categorical_accuracy: 0.9726 - x_pred_vae_anneal_metric: 0.3750 - val_loss: 1.1951 - val_x_pred_loss: 1.1801 - val_z_mean_log_var_loss: 0.0402 - val_x_pred_categorical_accuracy: 0.9268 - val_x_pred_vae_anneal_metric: 0.3750 - 354s/epoch - 2ms/sample
Current vae annealer weight is 0.5
Epoch 30/70
218106/218106 - 355s - loss: 0.1014 - x_pred_loss: 0.0820 - z_mean_log_var_loss: 0.0388 - x_pred_categorical_accuracy: 0.9724 - x_pred_vae_anneal_metric: 0.5000 - val_loss: 1.1535 - val_x_pred_loss: 1.1385 - val_z_mean_log_var_loss: 0.0301 - val_x_pred_categorical_accuracy: 0.9294 - val_x_pred_vae_anneal_metric: 0.5000 - 355s/epoch - 2ms/sample
Current vae annealer weight is 0.6249624539700847
Epoch 31/70
218106/218106 - 358s - loss: 0.1344 - x_pred_loss: 0.1134 - z_mean_log_var_loss: 0.0336 - x_pred_categorical_accuracy: 0.9619 - x_pred_vae_anneal_metric: 0.6250 - val_loss: 1.6823 - val_x_pred_loss: 1.6608 - val_z_mean_log_var_loss: 0.0345 - val_x_pred_categorical_accuracy: 0.8970 - val_x_pred_vae_anneal_metric: 0.6250 - 358s/epoch - 2ms/sample
Current vae annealer weight is 0.7352317540067891
Epoch 32/70
218106/218106 - 357s - loss: 0.1228 - x_pred_loss: 0.0976 - z_mean_log_var_loss: 0.0343 - x_pred_categorical_accuracy: 0.9670 - x_pred_vae_anneal_metric: 0.7352 - val_loss: 1.4702 - val_x_pred_loss: 1.4479 - val_z_mean_log_var_loss: 0.0304 - val_x_pred_categorical_accuracy: 0.9102 - val_x_pred_vae_anneal_metric: 0.7352 - 357s/epoch - 2ms/sample
Current vae annealer weight is 0.8222982077863588
Epoch 33/70
218106/218106 - 355s - loss: 0.1357 - x_pred_loss: 0.1089 - z_mean_log_var_loss: 0.0326 - x_pred_categorical_accuracy: 0.9633 - x_pred_vae_anneal_metric: 0.8223 - val_loss: 1.6138 - val_x_pred_loss: 1.5900 - val_z_mean_log_var_loss: 0.0289 - val_x_pred_categorical_accuracy: 0.9014 - val_x_pred_vae_anneal_metric: 0.8223 - 355s/epoch - 2ms/sample
Current vae annealer weight is 0.8852040239279495
Epoch 34/70
218106/218106 - 356s - loss: 0.1082 - x_pred_loss: 0.0852 - z_mean_log_var_loss: 0.0259 - x_pred_categorical_accuracy: 0.9713 - x_pred_vae_anneal_metric: 0.8852 - val_loss: 2.3902 - val_x_pred_loss: 2.3694 - val_z_mean_log_var_loss: 0.0235 - val_x_pred_categorical_accuracy: 0.8530 - val_x_pred_vae_anneal_metric: 0.8852 - 356s/epoch - 2ms/sample
Current vae annealer weight is 0.9277967179942364
Epoch 35/70
218106/218106 - 353s - loss: 0.1324 - x_pred_loss: 0.1080 - z_mean_log_var_loss: 0.0264 - x_pred_categorical_accuracy: 0.9637 - x_pred_vae_anneal_metric: 0.9278 - val_loss: 1.4954 - val_x_pred_loss: 1.4747 - val_z_mean_log_var_loss: 0.0223 - val_x_pred_categorical_accuracy: 0.9085 - val_x_pred_vae_anneal_metric: 0.9278 - 353s/epoch - 2ms/sample
Current vae annealer weight is 0.9553827966119615
Epoch 36/70
218106/218106 - 354s - loss: 0.0983 - x_pred_loss: 0.0783 - z_mean_log_var_loss: 0.0210 - x_pred_categorical_accuracy: 0.9737 - x_pred_vae_anneal_metric: 0.9554 - val_loss: 1.5744 - val_x_pred_loss: 1.5575 - val_z_mean_log_var_loss: 0.0177 - val_x_pred_categorical_accuracy: 0.9034 - val_x_pred_vae_anneal_metric: 0.9554 - 354s/epoch - 2ms/sample
Current vae annealer weight is 0.9727389819620722
Epoch 37/70
218106/218106 - 356s - loss: 0.0939 - x_pred_loss: 0.0760 - z_mean_log_var_loss: 0.0184 - x_pred_categorical_accuracy: 0.9744 - x_pred_vae_anneal_metric: 0.9727 - val_loss: 1.5511 - val_x_pred_loss: 1.5351 - val_z_mean_log_var_loss: 0.0164 - val_x_pred_categorical_accuracy: 0.9048 - val_x_pred_vae_anneal_metric: 0.9727 - 356s/epoch - 2ms/sample
Current vae annealer weight is 0.9834604581913845
Epoch 38/70
218106/218106 - 357s - loss: 0.0881 - x_pred_loss: 0.0725 - z_mean_log_var_loss: 0.0159 - x_pred_categorical_accuracy: 0.9757 - x_pred_vae_anneal_metric: 0.9835 - val_loss: 1.5455 - val_x_pred_loss: 1.5314 - val_z_mean_log_var_loss: 0.0143 - val_x_pred_categorical_accuracy: 0.9050 - val_x_pred_vae_anneal_metric: 0.9835 - 357s/epoch - 2ms/sample
Current vae annealer weight is 0.9900085996857898
Epoch 39/70
218106/218106 - 359s - loss: 0.0843 - x_pred_loss: 0.0694 - z_mean_log_var_loss: 0.0150 - x_pred_categorical_accuracy: 0.9767 - x_pred_vae_anneal_metric: 0.9900 - val_loss: 1.5767 - val_x_pred_loss: 1.5650 - val_z_mean_log_var_loss: 0.0119 - val_x_pred_categorical_accuracy: 0.9029 - val_x_pred_vae_anneal_metric: 0.9900 - 359s/epoch - 2ms/sample
Current vae annealer weight is 0.9939801464769676
Epoch 40/70
218106/218106 - 355s - loss: 0.0817 - x_pred_loss: 0.0688 - z_mean_log_var_loss: 0.0130 - x_pred_categorical_accuracy: 0.9769 - x_pred_vae_anneal_metric: 0.9940 - val_loss: 1.5930 - val_x_pred_loss: 1.5805 - val_z_mean_log_var_loss: 0.0127 - val_x_pred_categorical_accuracy: 0.9019 - val_x_pred_vae_anneal_metric: 0.9940 - 355s/epoch - 2ms/sample
Current vae annealer weight is 0.9963787916740549
Epoch 41/70
218106/218106 - 371s - loss: 0.0759 - x_pred_loss: 0.0632 - z_mean_log_var_loss: 0.0127 - x_pred_categorical_accuracy: 0.9789 - x_pred_vae_anneal_metric: 0.9964 - val_loss: 1.6362 - val_x_pred_loss: 1.6258 - val_z_mean_log_var_loss: 0.0105 - val_x_pred_categorical_accuracy: 0.8991 - val_x_pred_vae_anneal_metric: 0.9964 - 371s/epoch - 2ms/sample
Current vae annealer weight is 0.9978237754533412
Epoch 42/70
218106/218106 - 361s - loss: 0.0855 - x_pred_loss: 0.0730 - z_mean_log_var_loss: 0.0125 - x_pred_categorical_accuracy: 0.9756 - x_pred_vae_anneal_metric: 0.9978 - val_loss: 3.4146 - val_x_pred_loss: 3.3958 - val_z_mean_log_var_loss: 0.0188 - val_x_pred_categorical_accuracy: 0.7893 - val_x_pred_vae_anneal_metric: 0.9978 - 361s/epoch - 2ms/sample
Current vae annealer weight is 0.998692918557779
Epoch 43/70
218106/218106 - 355s - loss: 0.1276 - x_pred_loss: 0.1100 - z_mean_log_var_loss: 0.0176 - x_pred_categorical_accuracy: 0.9631 - x_pred_vae_anneal_metric: 0.9987 - val_loss: 1.6251 - val_x_pred_loss: 1.6085 - val_z_mean_log_var_loss: 0.0167 - val_x_pred_categorical_accuracy: 0.9002 - val_x_pred_vae_anneal_metric: 0.9987 - 355s/epoch - 2ms/sample
Current vae annealer weight is 0.9992152152808638
Epoch 44/70
218106/218106 - 383s - loss: 0.0852 - x_pred_loss: 0.0693 - z_mean_log_var_loss: 0.0159 - x_pred_categorical_accuracy: 0.9768 - x_pred_vae_anneal_metric: 0.9992 - val_loss: 1.4181 - val_x_pred_loss: 1.4039 - val_z_mean_log_var_loss: 0.0142 - val_x_pred_categorical_accuracy: 0.9129 - val_x_pred_vae_anneal_metric: 0.9992 - 383s/epoch - 2ms/sample
Current vae annealer weight is 0.9995289058847296
Epoch 45/70
218106/218106 - 392s - loss: 0.0744 - x_pred_loss: 0.0610 - z_mean_log_var_loss: 0.0134 - x_pred_categorical_accuracy: 0.9796 - x_pred_vae_anneal_metric: 0.9995 - val_loss: 1.3620 - val_x_pred_loss: 1.3502 - val_z_mean_log_var_loss: 0.0118 - val_x_pred_categorical_accuracy: 0.9162 - val_x_pred_vae_anneal_metric: 0.9995 - 392s/epoch - 2ms/sample
Current vae annealer weight is 0.9997172449786838
Epoch 46/70
218106/218106 - 356s - loss: 0.0705 - x_pred_loss: 0.0586 - z_mean_log_var_loss: 0.0118 - x_pred_categorical_accuracy: 0.9804 - x_pred_vae_anneal_metric: 0.9997 - val_loss: 1.5237 - val_x_pred_loss: 1.5131 - val_z_mean_log_var_loss: 0.0106 - val_x_pred_categorical_accuracy: 0.9061 - val_x_pred_vae_anneal_metric: 0.9997 - 356s/epoch - 2ms/sample
Current vae annealer weight is 0.9998303006190481
Epoch 47/70
218106/218106 - 385s - loss: 0.0639 - x_pred_loss: 0.0536 - z_mean_log_var_loss: 0.0104 - x_pred_categorical_accuracy: 0.9822 - x_pred_vae_anneal_metric: 0.9998 - val_loss: 1.6774 - val_x_pred_loss: 1.6674 - val_z_mean_log_var_loss: 0.0100 - val_x_pred_categorical_accuracy: 0.8966 - val_x_pred_vae_anneal_metric: 0.9998 - 385s/epoch - 2ms/sample
Current vae annealer weight is 0.9998981571479052
Epoch 48/70
218106/218106 - 427s - loss: 0.0614 - x_pred_loss: 0.0515 - z_mean_log_var_loss: 0.0098 - x_pred_categorical_accuracy: 0.9828 - x_pred_vae_anneal_metric: 0.9999 - val_loss: 1.5134 - val_x_pred_loss: 1.5034 - val_z_mean_log_var_loss: 0.0100 - val_x_pred_categorical_accuracy: 0.9067 - val_x_pred_vae_anneal_metric: 0.9999 - 427s/epoch - 2ms/sample
Current vae annealer weight is 0.9999388820100666
Epoch 49/70
218106/218106 - 430s - loss: 0.0602 - x_pred_loss: 0.0507 - z_mean_log_var_loss: 0.0096 - x_pred_categorical_accuracy: 0.9831 - x_pred_vae_anneal_metric: 0.9999 - val_loss: 1.4622 - val_x_pred_loss: 1.4523 - val_z_mean_log_var_loss: 0.0099 - val_x_pred_categorical_accuracy: 0.9099 - val_x_pred_vae_anneal_metric: 0.9999 - 430s/epoch - 2ms/sample
Current vae annealer weight is 0.9999633224347099
Epoch 50/70
218106/218106 - 433s - loss: 0.0549 - x_pred_loss: 0.0461 - z_mean_log_var_loss: 0.0088 - x_pred_categorical_accuracy: 0.9846 - x_pred_vae_anneal_metric: 1.0000 - val_loss: 1.6502 - val_x_pred_loss: 1.6422 - val_z_mean_log_var_loss: 0.0080 - val_x_pred_categorical_accuracy: 0.8981 - val_x_pred_vae_anneal_metric: 1.0000 - 433s/epoch - 2ms/sample
Current vae annealer weight is 0.9999779896124086
Epoch 51/70
218106/218106 - 433s - loss: 0.0676 - x_pred_loss: 0.0583 - z_mean_log_var_loss: 0.0094 - x_pred_categorical_accuracy: 0.9808 - x_pred_vae_anneal_metric: 1.0000 - val_loss: 1.4658 - val_x_pred_loss: 1.4562 - val_z_mean_log_var_loss: 0.0096 - val_x_pred_categorical_accuracy: 0.9097 - val_x_pred_vae_anneal_metric: 1.0000 - 433s/epoch - 2ms/sample
Current vae annealer weight is 0.9999867915354658
Epoch 52/70
218106/218106 - 427s - loss: 0.0579 - x_pred_loss: 0.0490 - z_mean_log_var_loss: 0.0089 - x_pred_categorical_accuracy: 0.9838 - x_pred_vae_anneal_metric: 1.0000 - val_loss: 1.5503 - val_x_pred_loss: 1.5424 - val_z_mean_log_var_loss: 0.0079 - val_x_pred_categorical_accuracy: 0.9043 - val_x_pred_vae_anneal_metric: 1.0000 - 427s/epoch - 2ms/sample
Current vae annealer weight is 0.999992073609766
Epoch 53/70
218106/218106 - 445s - loss: 0.0538 - x_pred_loss: 0.0456 - z_mean_log_var_loss: 0.0081 - x_pred_categorical_accuracy: 0.9849 - x_pred_vae_anneal_metric: 1.0000 - val_loss: 1.5627 - val_x_pred_loss: 1.5552 - val_z_mean_log_var_loss: 0.0076 - val_x_pred_categorical_accuracy: 0.9035 - val_x_pred_vae_anneal_metric: 1.0000 - 445s/epoch - 2ms/sample
Current vae annealer weight is 0.9999952433888688
Epoch 54/70
218106/218106 - 433s - loss: 0.0531 - x_pred_loss: 0.0447 - z_mean_log_var_loss: 0.0084 - x_pred_categorical_accuracy: 0.9852 - x_pred_vae_anneal_metric: 1.0000 - val_loss: 1.4902 - val_x_pred_loss: 1.4821 - val_z_mean_log_var_loss: 0.0080 - val_x_pred_categorical_accuracy: 0.9080 - val_x_pred_vae_anneal_metric: 1.0000 - 433s/epoch - 2ms/sample
Current vae annealer weight is 0.999997145570669
Epoch 55/70
218106/218106 - 475s - loss: 0.0492 - x_pred_loss: 0.0413 - z_mean_log_var_loss: 0.0078 - x_pred_categorical_accuracy: 0.9863 - x_pred_vae_anneal_metric: 1.0000 - val_loss: 1.7380 - val_x_pred_loss: 1.7304 - val_z_mean_log_var_loss: 0.0076 - val_x_pred_categorical_accuracy: 0.8926 - val_x_pred_vae_anneal_metric: 1.0000 - 475s/epoch - 2ms/sample
Current vae annealer weight is 0.999998287066068
Epoch 56/70
218106/218106 - 473s - loss: 0.0535 - x_pred_loss: 0.0445 - z_mean_log_var_loss: 0.0090 - x_pred_categorical_accuracy: 0.9854 - x_pred_vae_anneal_metric: 1.0000 - val_loss: 1.5902 - val_x_pred_loss: 1.5825 - val_z_mean_log_var_loss: 0.0078 - val_x_pred_categorical_accuracy: 0.9018 - val_x_pred_vae_anneal_metric: 1.0000 - 473s/epoch - 2ms/sample
Current vae annealer weight is 0.9999989720742833
Epoch 57/70
218106/218106 - 440s - loss: 0.0503 - x_pred_loss: 0.0422 - z_mean_log_var_loss: 0.0081 - x_pred_categorical_accuracy: 0.9861 - x_pred_vae_anneal_metric: 1.0000 - val_loss: 1.4379 - val_x_pred_loss: 1.4293 - val_z_mean_log_var_loss: 0.0086 - val_x_pred_categorical_accuracy: 0.9113 - val_x_pred_vae_anneal_metric: 1.0000 - 440s/epoch - 2ms/sample
Current vae annealer weight is 0.9999993831455084
Epoch 58/70
218106/218106 - 446s - loss: 0.0529 - x_pred_loss: 0.0439 - z_mean_log_var_loss: 0.0090 - x_pred_categorical_accuracy: 0.9855 - x_pred_vae_anneal_metric: 1.0000 - val_loss: 1.4130 - val_x_pred_loss: 1.4045 - val_z_mean_log_var_loss: 0.0085 - val_x_pred_categorical_accuracy: 0.9129 - val_x_pred_vae_anneal_metric: 1.0000 - 446s/epoch - 2ms/sample
Current vae annealer weight is 0.9999996298279195
Epoch 59/70
218106/218106 - 635s - loss: 0.0518 - x_pred_loss: 0.0433 - z_mean_log_var_loss: 0.0084 - x_pred_categorical_accuracy: 0.9858 - x_pred_vae_anneal_metric: 1.0000 - val_loss: 1.2321 - val_x_pred_loss: 1.2217 - val_z_mean_log_var_loss: 0.0103 - val_x_pred_categorical_accuracy: 0.9242 - val_x_pred_vae_anneal_metric: 1.0000 - 635s/epoch - 3ms/sample
Current vae annealer weight is 0.9999997778611365
Epoch 60/70
218106/218106 - 472s - loss: 0.0459 - x_pred_loss: 0.0378 - z_mean_log_var_loss: 0.0081 - x_pred_categorical_accuracy: 0.9876 - x_pred_vae_anneal_metric: 1.0000 - val_loss: 1.6703 - val_x_pred_loss: 1.6630 - val_z_mean_log_var_loss: 0.0073 - val_x_pred_categorical_accuracy: 0.8968 - val_x_pred_vae_anneal_metric: 1.0000 - 472s/epoch - 2ms/sample
Current vae annealer weight is 0.9999998666953174
Epoch 61/70
218106/218106 - 357s - loss: 0.0436 - x_pred_loss: 0.0364 - z_mean_log_var_loss: 0.0072 - x_pred_categorical_accuracy: 0.9880 - x_pred_vae_anneal_metric: 1.0000 - val_loss: 1.8667 - val_x_pred_loss: 1.8590 - val_z_mean_log_var_loss: 0.0077 - val_x_pred_categorical_accuracy: 0.8847 - val_x_pred_vae_anneal_metric: 1.0000 - 357s/epoch - 2ms/sample
Current vae annealer weight is 0.9999999200043723
Epoch 62/70
218106/218106 - 365s - loss: 0.0557 - x_pred_loss: 0.0461 - z_mean_log_var_loss: 0.0096 - x_pred_categorical_accuracy: 0.9850 - x_pred_vae_anneal_metric: 1.0000 - val_loss: 1.3543 - val_x_pred_loss: 1.3460 - val_z_mean_log_var_loss: 0.0083 - val_x_pred_categorical_accuracy: 0.9165 - val_x_pred_vae_anneal_metric: 1.0000 - 365s/epoch - 2ms/sample
Current vae annealer weight is 0.9999999519949324
Epoch 63/70
218106/218106 - 355s - loss: 0.0422 - x_pred_loss: 0.0349 - z_mean_log_var_loss: 0.0073 - x_pred_categorical_accuracy: 0.9885 - x_pred_vae_anneal_metric: 1.0000 - val_loss: 1.8885 - val_x_pred_loss: 1.8812 - val_z_mean_log_var_loss: 0.0073 - val_x_pred_categorical_accuracy: 0.8833 - val_x_pred_vae_anneal_metric: 1.0000 - 355s/epoch - 2ms/sample
Current vae annealer weight is 0.9999999711923445
Epoch 64/70
218106/218106 - 363s - loss: 0.0443 - x_pred_loss: 0.0368 - z_mean_log_var_loss: 0.0075 - x_pred_categorical_accuracy: 0.9879 - x_pred_vae_anneal_metric: 1.0000 - val_loss: 1.5275 - val_x_pred_loss: 1.5198 - val_z_mean_log_var_loss: 0.0076 - val_x_pred_categorical_accuracy: 0.9057 - val_x_pred_vae_anneal_metric: 1.0000 - 363s/epoch - 2ms/sample
Current vae annealer weight is 0.9999999827126375
Epoch 65/70
218106/218106 - 358s - loss: 0.0448 - x_pred_loss: 0.0370 - z_mean_log_var_loss: 0.0078 - x_pred_categorical_accuracy: 0.9879 - x_pred_vae_anneal_metric: 1.0000 - val_loss: 1.5422 - val_x_pred_loss: 1.5345 - val_z_mean_log_var_loss: 0.0077 - val_x_pred_categorical_accuracy: 0.9048 - val_x_pred_vae_anneal_metric: 1.0000 - 358s/epoch - 2ms/sample
Current vae annealer weight is 0.9999999896259207
Epoch 66/70
218106/218106 - 416s - loss: 0.0393 - x_pred_loss: 0.0324 - z_mean_log_var_loss: 0.0069 - x_pred_categorical_accuracy: 0.9893 - x_pred_vae_anneal_metric: 1.0000 - val_loss: 1.5103 - val_x_pred_loss: 1.5043 - val_z_mean_log_var_loss: 0.0060 - val_x_pred_categorical_accuracy: 0.9067 - val_x_pred_vae_anneal_metric: 1.0000 - 416s/epoch - 2ms/sample
Current vae annealer weight is 0.9999999937745552
Epoch 67/70
218106/218106 - 434s - loss: 0.0456 - x_pred_loss: 0.0378 - z_mean_log_var_loss: 0.0077 - x_pred_categorical_accuracy: 0.9877 - x_pred_vae_anneal_metric: 1.0000 - val_loss: 1.3489 - val_x_pred_loss: 1.3412 - val_z_mean_log_var_loss: 0.0077 - val_x_pred_categorical_accuracy: 0.9168 - val_x_pred_vae_anneal_metric: 1.0000 - 434s/epoch - 2ms/sample
Current vae annealer weight is 0.9999999962641346
Epoch 68/70
218106/218106 - 429s - loss: 0.0412 - x_pred_loss: 0.0341 - z_mean_log_var_loss: 0.0071 - x_pred_categorical_accuracy: 0.9889 - x_pred_vae_anneal_metric: 1.0000 - val_loss: 1.4529 - val_x_pred_loss: 1.4459 - val_z_mean_log_var_loss: 0.0070 - val_x_pred_categorical_accuracy: 0.9103 - val_x_pred_vae_anneal_metric: 1.0000 - 429s/epoch - 2ms/sample
Current vae annealer weight is 0.9999999977581218
Epoch 69/70
218106/218106 - 441s - loss: 0.0389 - x_pred_loss: 0.0322 - z_mean_log_var_loss: 0.0066 - x_pred_categorical_accuracy: 0.9895 - x_pred_vae_anneal_metric: 1.0000 - val_loss: 1.4266 - val_x_pred_loss: 1.4201 - val_z_mean_log_var_loss: 0.0065 - val_x_pred_categorical_accuracy: 0.9119 - val_x_pred_vae_anneal_metric: 1.0000 - 441s/epoch - 2ms/sample
Current vae annealer weight is 0.9999999986546575
Epoch 70/70
218106/218106 - 437s - loss: 0.0583 - x_pred_loss: 0.0494 - z_mean_log_var_loss: 0.0089 - x_pred_categorical_accuracy: 0.9841 - x_pred_vae_anneal_metric: 1.0000 - val_loss: 1.1501 - val_x_pred_loss: 1.1370 - val_z_mean_log_var_loss: 0.0131 - val_x_pred_categorical_accuracy: 0.9295 - val_x_pred_vae_anneal_metric: 1.0000 - 437s/epoch - 2ms/sample
/home/jp2658/.conda/envs/chemvae_tf2/lib/python3.10/site-packages/keras/src/engine/training.py:3103: UserWarning: You are saving your model as an HDF5 file via `model.save()`. This file format is considered legacy. We recommend using instead the native Keras format, e.g. `model.save('my_model.keras')`.
  saving_api.save_model(
time of run :  26708.925320625305
**FINISHED**
