Using hyper-parameters:
name                      - zinc_prop   
MAX_LEN                   - 89          
data_file                 - ZINC_Michael_fragments.csv.gz
char_file                 - zinc.json   
encoder_weights_file      - zinc_encoder.h5
decoder_weights_file      - zinc_decoder.h5
prop_pred_weights_file    - zinc_prop_pred.h5
data_normalization_out    - zinc_michael_norm_data.csv
reg_prop_tasks            - ['mulliken_O4', 'pbv_C1', 'lumo']
test_idx_file             - test_idx.npy
history_file              - history.csv 
do_prop_pred              - True        
TRAIN_MODEL               - True        
ENC_DEC_TEST              - False       
PADDING                   - right       
RAND_SEED                 - 42          
epochs                    - 70          
vae_annealer_start        - 29          
dropout_rate_mid          - 0.08283292970479479
anneal_sigmod_slope       - 0.5106654305791392
recurrent_dim             - 488         
hidden_dim                - 156         
tgru_dropout              - 0.19617749608323892
hg_growth_factor          - 1.2281884874932403
middle_layer              - 1           
prop_hidden_dim           - 67          
batch_size                - 182         
prop_pred_depth           - 3           
lr                        - 0.00045619868229310396
prop_pred_dropout         - 0.15694573998898703
prop_growth_factor        - 0.9902834073131418
momentum                  - 0.9902764103622574
conv_dim_depth            - 5           
conv_d_growth_factor      - 0.5         
conv_dim_width            - 6           
conv_w_growth_factor      - 0.85        
verbose_print             - 2           
rest of parameters are set as default
All params: {'reload_model': False, 'prev_epochs': 0, 'batch_size': 182, 'epochs': 70, 'val_split': 0.1, 'loss': 'categorical_crossentropy', 'batchnorm_conv': True, 'conv_activation': 'tanh', 'conv_depth': 4, 'conv_dim_depth': 5, 'conv_dim_width': 6, 'conv_d_growth_factor': 0.5, 'conv_w_growth_factor': 0.85, 'gru_depth': 4, 'rnn_activation': 'tanh', 'recurrent_dim': 488, 'do_tgru': True, 'terminal_GRU_implementation': 0, 'tgru_dropout': 0.19617749608323892, 'temperature': 1.0, 'hg_growth_factor': 1.2281884874932403, 'hidden_dim': 156, 'middle_layer': 1, 'dropout_rate_mid': 0.08283292970479479, 'batchnorm_mid': True, 'activation': 'tanh', 'lr': 0.00045619868229310396, 'momentum': 0.9902764103622574, 'optim': 'adam', 'vae_annealer_start': 29, 'batchnorm_vae': False, 'vae_activation': 'tanh', 'xent_loss_weight': 1.0, 'kl_loss_weight': 1.0, 'anneal_sigmod_slope': 0.5106654305791392, 'freeze_logvar_layer': False, 'freeze_offset': 1, 'do_prop_pred': True, 'prop_pred_depth': 3, 'prop_hidden_dim': 67, 'prop_growth_factor': 0.9902834073131418, 'prop_pred_activation': 'tanh', 'reg_prop_pred_loss': 'mse', 'logit_prop_pred_loss': 'binary_crossentropy', 'prop_pred_loss_weight': 0.5, 'prop_pred_dropout': 0.15694573998898703, 'prop_batchnorm': True, 'verbose_print': 2, 'name': 'zinc_prop', 'MAX_LEN': 89, 'data_file': 'ZINC_Michael_fragments.csv.gz', 'char_file': 'zinc.json', 'encoder_weights_file': 'zinc_encoder.h5', 'decoder_weights_file': 'zinc_decoder.h5', 'prop_pred_weights_file': 'zinc_prop_pred.h5', 'data_normalization_out': 'zinc_michael_norm_data.csv', 'reg_prop_tasks': ['mulliken_O4', 'pbv_C1', 'lumo'], 'test_idx_file': 'test_idx.npy', 'history_file': 'history.csv', 'TRAIN_MODEL': True, 'ENC_DEC_TEST': False, 'PADDING': 'right', 'RAND_SEED': 42}
Training set size is 242455
first smiles: " [2*]c1ccco1.[4*]N1CC2CC2(CO)C1 "
total chars: 33
Vectorization...
Total Data size 242455
shape of input vector : {} (218036, 89, 33)
Training set size is (218036, 89, 33), after filtering to max length of 89
Train on 218036 samples, validate on 24388 samples
Current vae annealer weight is 3.701720805095644e-07
Epoch 1/70
/home/jp2658/.conda/envs/chemvae_tf2/lib/python3.10/site-packages/keras/src/engine/training_v1.py:2335: UserWarning: `Model.state_updates` will be removed in a future version. This property should not be used in TensorFlow 2.0, as `updates` are applied automatically.
  updates = self.state_updates
218036/218036 - 334s - loss: 1.1323 - x_pred_loss: 1.1851 - z_mean_log_var_loss: 1.0251 - reg_prop_pred_loss: 1.0794 - x_pred_categorical_accuracy: 0.6519 - x_pred_vae_anneal_metric: 3.7017e-07 - val_loss: 3.6911 - val_x_pred_loss: 6.6508 - val_z_mean_log_var_loss: 0.9740 - val_reg_prop_pred_loss: 0.7313 - val_x_pred_categorical_accuracy: 0.5874 - val_x_pred_vae_anneal_metric: 3.7017e-07 - 334s/epoch - 2ms/sample
Current vae annealer weight is 6.168544915222557e-07
Epoch 2/70
218036/218036 - 336s - loss: 0.7081 - x_pred_loss: 0.7536 - z_mean_log_var_loss: 1.1567 - reg_prop_pred_loss: 0.6625 - x_pred_categorical_accuracy: 0.7803 - x_pred_vae_anneal_metric: 6.1685e-07 - val_loss: 3.1487 - val_x_pred_loss: 5.7614 - val_z_mean_log_var_loss: 1.1545 - val_reg_prop_pred_loss: 0.5360 - val_x_pred_categorical_accuracy: 0.6425 - val_x_pred_vae_anneal_metric: 6.1686e-07 - 336s/epoch - 2ms/sample
Current vae annealer weight is 1.0279257166985964e-06
Epoch 3/70
218036/218036 - 336s - loss: 0.5547 - x_pred_loss: 0.5852 - z_mean_log_var_loss: 1.2837 - reg_prop_pred_loss: 0.5243 - x_pred_categorical_accuracy: 0.8164 - x_pred_vae_anneal_metric: 1.0279e-06 - val_loss: 3.0118 - val_x_pred_loss: 5.5809 - val_z_mean_log_var_loss: 1.2495 - val_reg_prop_pred_loss: 0.4427 - val_x_pred_categorical_accuracy: 0.6537 - val_x_pred_vae_anneal_metric: 1.0279e-06 - 336s/epoch - 2ms/sample
Current vae annealer weight is 1.7129339319420572e-06
Epoch 4/70
218036/218036 - 336s - loss: 0.4937 - x_pred_loss: 0.5159 - z_mean_log_var_loss: 1.3299 - reg_prop_pred_loss: 0.4715 - x_pred_categorical_accuracy: 0.8329 - x_pred_vae_anneal_metric: 1.7129e-06 - val_loss: 2.8112 - val_x_pred_loss: 5.2223 - val_z_mean_log_var_loss: 1.2410 - val_reg_prop_pred_loss: 0.4001 - val_x_pred_categorical_accuracy: 0.6760 - val_x_pred_vae_anneal_metric: 1.7129e-06 - 336s/epoch - 2ms/sample
Current vae annealer weight is 2.854429330962736e-06
Epoch 5/70
218036/218036 - 335s - loss: 0.4567 - x_pred_loss: 0.4724 - z_mean_log_var_loss: 1.3103 - reg_prop_pred_loss: 0.4410 - x_pred_categorical_accuracy: 0.8448 - x_pred_vae_anneal_metric: 2.8545e-06 - val_loss: 2.7656 - val_x_pred_loss: 5.1573 - val_z_mean_log_var_loss: 1.2146 - val_reg_prop_pred_loss: 0.3740 - val_x_pred_categorical_accuracy: 0.6800 - val_x_pred_vae_anneal_metric: 2.8544e-06 - 335s/epoch - 2ms/sample
Current vae annealer weight is 4.756611131108824e-06
Epoch 6/70
218036/218036 - 338s - loss: 0.4317 - x_pred_loss: 0.4421 - z_mean_log_var_loss: 1.2720 - reg_prop_pred_loss: 0.4212 - x_pred_categorical_accuracy: 0.8535 - x_pred_vae_anneal_metric: 4.7566e-06 - val_loss: 2.6584 - val_x_pred_loss: 4.9565 - val_z_mean_log_var_loss: 1.1964 - val_reg_prop_pred_loss: 0.3603 - val_x_pred_categorical_accuracy: 0.6925 - val_x_pred_vae_anneal_metric: 4.7566e-06 - 338s/epoch - 2ms/sample
Current vae annealer weight is 7.926390233964058e-06
Epoch 7/70
218036/218036 - 335s - loss: 0.4141 - x_pred_loss: 0.4206 - z_mean_log_var_loss: 1.2456 - reg_prop_pred_loss: 0.4077 - x_pred_categorical_accuracy: 0.8596 - x_pred_vae_anneal_metric: 7.9265e-06 - val_loss: 2.6685 - val_x_pred_loss: 4.9863 - val_z_mean_log_var_loss: 1.1598 - val_reg_prop_pred_loss: 0.3507 - val_x_pred_categorical_accuracy: 0.6906 - val_x_pred_vae_anneal_metric: 7.9264e-06 - 335s/epoch - 2ms/sample
Current vae annealer weight is 1.3208464534236994e-05
Epoch 8/70
218036/218036 - 335s - loss: 0.3993 - x_pred_loss: 0.4008 - z_mean_log_var_loss: 1.2074 - reg_prop_pred_loss: 0.3978 - x_pred_categorical_accuracy: 0.8656 - x_pred_vae_anneal_metric: 1.3208e-05 - val_loss: 2.5661 - val_x_pred_loss: 4.7893 - val_z_mean_log_var_loss: 1.1227 - val_reg_prop_pred_loss: 0.3429 - val_x_pred_categorical_accuracy: 0.7029 - val_x_pred_vae_anneal_metric: 1.3208e-05 - 335s/epoch - 2ms/sample
Current vae annealer weight is 2.201038759146048e-05
Epoch 9/70
218036/218036 - 337s - loss: 0.3878 - x_pred_loss: 0.3857 - z_mean_log_var_loss: 1.1782 - reg_prop_pred_loss: 0.3899 - x_pred_categorical_accuracy: 0.8703 - x_pred_vae_anneal_metric: 2.2010e-05 - val_loss: 2.4939 - val_x_pred_loss: 4.6520 - val_z_mean_log_var_loss: 1.1002 - val_reg_prop_pred_loss: 0.3358 - val_x_pred_categorical_accuracy: 0.7114 - val_x_pred_vae_anneal_metric: 2.2010e-05 - 337s/epoch - 2ms/sample
Current vae annealer weight is 3.6677565290112376e-05
Epoch 10/70
218036/218036 - 335s - loss: 0.3766 - x_pred_loss: 0.3683 - z_mean_log_var_loss: 1.1439 - reg_prop_pred_loss: 0.3848 - x_pred_categorical_accuracy: 0.8759 - x_pred_vae_anneal_metric: 3.6678e-05 - val_loss: 2.4317 - val_x_pred_loss: 4.5310 - val_z_mean_log_var_loss: 1.0652 - val_reg_prop_pred_loss: 0.3323 - val_x_pred_categorical_accuracy: 0.7189 - val_x_pred_vae_anneal_metric: 3.6678e-05 - 335s/epoch - 2ms/sample
Current vae annealer weight is 6.111798993344653e-05
Epoch 11/70
218036/218036 - 337s - loss: 0.3680 - x_pred_loss: 0.3553 - z_mean_log_var_loss: 1.1112 - reg_prop_pred_loss: 0.3806 - x_pred_categorical_accuracy: 0.8803 - x_pred_vae_anneal_metric: 6.1117e-05 - val_loss: 2.4125 - val_x_pred_loss: 4.4966 - val_z_mean_log_var_loss: 1.0353 - val_reg_prop_pred_loss: 0.3283 - val_x_pred_categorical_accuracy: 0.7210 - val_x_pred_vae_anneal_metric: 6.1118e-05 - 337s/epoch - 2ms/sample
Current vae annealer weight is 0.0001018428520948195
Epoch 12/70
218036/218036 - 336s - loss: 0.3589 - x_pred_loss: 0.3430 - z_mean_log_var_loss: 1.0729 - reg_prop_pred_loss: 0.3748 - x_pred_categorical_accuracy: 0.8846 - x_pred_vae_anneal_metric: 1.0184e-04 - val_loss: 2.3428 - val_x_pred_loss: 4.3589 - val_z_mean_log_var_loss: 1.0084 - val_reg_prop_pred_loss: 0.3265 - val_x_pred_categorical_accuracy: 0.7296 - val_x_pred_vae_anneal_metric: 1.0184e-04 - 336s/epoch - 2ms/sample
Current vae annealer weight is 0.00016969938095202496
Epoch 13/70
218036/218036 - 336s - loss: 0.3521 - x_pred_loss: 0.3320 - z_mean_log_var_loss: 1.0416 - reg_prop_pred_loss: 0.3721 - x_pred_categorical_accuracy: 0.8883 - x_pred_vae_anneal_metric: 1.6970e-04 - val_loss: 2.3126 - val_x_pred_loss: 4.3042 - val_z_mean_log_var_loss: 0.9632 - val_reg_prop_pred_loss: 0.3208 - val_x_pred_categorical_accuracy: 0.7330 - val_x_pred_vae_anneal_metric: 1.6970e-04 - 336s/epoch - 2ms/sample
Current vae annealer weight is 0.00028275502131637844
Epoch 14/70
218036/218036 - 336s - loss: 0.3471 - x_pred_loss: 0.3260 - z_mean_log_var_loss: 1.0085 - reg_prop_pred_loss: 0.3680 - x_pred_categorical_accuracy: 0.8904 - x_pred_vae_anneal_metric: 2.8276e-04 - val_loss: 2.3025 - val_x_pred_loss: 4.2879 - val_z_mean_log_var_loss: 0.9374 - val_reg_prop_pred_loss: 0.3168 - val_x_pred_categorical_accuracy: 0.7340 - val_x_pred_vae_anneal_metric: 2.8275e-04 - 336s/epoch - 2ms/sample
Current vae annealer weight is 0.0004710941152704827
Epoch 15/70
218036/218036 - 338s - loss: 0.3398 - x_pred_loss: 0.3141 - z_mean_log_var_loss: 0.9798 - reg_prop_pred_loss: 0.3651 - x_pred_categorical_accuracy: 0.8946 - x_pred_vae_anneal_metric: 4.7109e-04 - val_loss: 2.2735 - val_x_pred_loss: 4.2305 - val_z_mean_log_var_loss: 0.9074 - val_reg_prop_pred_loss: 0.3160 - val_x_pred_categorical_accuracy: 0.7375 - val_x_pred_vae_anneal_metric: 4.7109e-04 - 338s/epoch - 2ms/sample
Current vae annealer weight is 0.0007847847191363334
Epoch 16/70
218036/218036 - 337s - loss: 0.3344 - x_pred_loss: 0.3060 - z_mean_log_var_loss: 0.9396 - reg_prop_pred_loss: 0.3620 - x_pred_categorical_accuracy: 0.8973 - x_pred_vae_anneal_metric: 7.8480e-04 - val_loss: 2.1831 - val_x_pred_loss: 4.0551 - val_z_mean_log_var_loss: 0.8778 - val_reg_prop_pred_loss: 0.3105 - val_x_pred_categorical_accuracy: 0.7484 - val_x_pred_vae_anneal_metric: 7.8478e-04 - 337s/epoch - 2ms/sample
Current vae annealer weight is 0.0013070814422209435
Epoch 17/70
218036/218036 - 335s - loss: 0.3369 - x_pred_loss: 0.3088 - z_mean_log_var_loss: 0.9214 - reg_prop_pred_loss: 0.3638 - x_pred_categorical_accuracy: 0.8964 - x_pred_vae_anneal_metric: 0.0013 - val_loss: 2.2961 - val_x_pred_loss: 4.2738 - val_z_mean_log_var_loss: 0.8933 - val_reg_prop_pred_loss: 0.3172 - val_x_pred_categorical_accuracy: 0.7348 - val_x_pred_vae_anneal_metric: 0.0013 - 335s/epoch - 2ms/sample
Current vae annealer weight is 0.0021762245466587582
Epoch 18/70
218036/218036 - 333s - loss: 0.3307 - x_pred_loss: 0.3001 - z_mean_log_var_loss: 0.9364 - reg_prop_pred_loss: 0.3592 - x_pred_categorical_accuracy: 0.8993 - x_pred_vae_anneal_metric: 0.0022 - val_loss: 2.1343 - val_x_pred_loss: 3.9583 - val_z_mean_log_var_loss: 0.8681 - val_reg_prop_pred_loss: 0.3085 - val_x_pred_categorical_accuracy: 0.7544 - val_x_pred_vae_anneal_metric: 0.0022 - 333s/epoch - 2ms/sample
Current vae annealer weight is 0.0036212083259452047
Epoch 19/70
218036/218036 - 339s - loss: 0.3226 - x_pred_loss: 0.2870 - z_mean_log_var_loss: 0.8859 - reg_prop_pred_loss: 0.3550 - x_pred_categorical_accuracy: 0.9035 - x_pred_vae_anneal_metric: 0.0036 - val_loss: 2.1111 - val_x_pred_loss: 3.9143 - val_z_mean_log_var_loss: 0.8051 - val_reg_prop_pred_loss: 0.3050 - val_x_pred_categorical_accuracy: 0.7571 - val_x_pred_vae_anneal_metric: 0.0036 - 339s/epoch - 2ms/sample
Current vae annealer weight is 0.0060198535230323105
Epoch 20/70
218036/218036 - 337s - loss: 0.3209 - x_pred_loss: 0.2821 - z_mean_log_var_loss: 0.8099 - reg_prop_pred_loss: 0.3549 - x_pred_categorical_accuracy: 0.9050 - x_pred_vae_anneal_metric: 0.0060 - val_loss: 2.0464 - val_x_pred_loss: 3.7815 - val_z_mean_log_var_loss: 0.7171 - val_reg_prop_pred_loss: 0.3070 - val_x_pred_categorical_accuracy: 0.7654 - val_x_pred_vae_anneal_metric: 0.0060 - 337s/epoch - 2ms/sample
Current vae annealer weight is 0.009991400314210233
Epoch 21/70
218036/218036 - 335s - loss: 0.3180 - x_pred_loss: 0.2754 - z_mean_log_var_loss: 0.7097 - reg_prop_pred_loss: 0.3536 - x_pred_categorical_accuracy: 0.9071 - x_pred_vae_anneal_metric: 0.0100 - val_loss: 2.0045 - val_x_pred_loss: 3.6974 - val_z_mean_log_var_loss: 0.6115 - val_reg_prop_pred_loss: 0.3054 - val_x_pred_categorical_accuracy: 0.7706 - val_x_pred_vae_anneal_metric: 0.0100 - 335s/epoch - 2ms/sample
Current vae annealer weight is 0.016539541808615513
Epoch 22/70
218036/218036 - 335s - loss: 0.3176 - x_pred_loss: 0.2722 - z_mean_log_var_loss: 0.5979 - reg_prop_pred_loss: 0.3531 - x_pred_categorical_accuracy: 0.9080 - x_pred_vae_anneal_metric: 0.0165 - val_loss: 1.9849 - val_x_pred_loss: 3.6585 - val_z_mean_log_var_loss: 0.5015 - val_reg_prop_pred_loss: 0.3031 - val_x_pred_categorical_accuracy: 0.7730 - val_x_pred_vae_anneal_metric: 0.0165 - 335s/epoch - 2ms/sample
Current vae annealer weight is 0.02726101803792773
Epoch 23/70
218036/218036 - 334s - loss: 0.3163 - x_pred_loss: 0.2681 - z_mean_log_var_loss: 0.4723 - reg_prop_pred_loss: 0.3517 - x_pred_categorical_accuracy: 0.9093 - x_pred_vae_anneal_metric: 0.0273 - val_loss: 1.9757 - val_x_pred_loss: 3.6404 - val_z_mean_log_var_loss: 0.3832 - val_reg_prop_pred_loss: 0.3005 - val_x_pred_categorical_accuracy: 0.7741 - val_x_pred_vae_anneal_metric: 0.0273 - 334s/epoch - 2ms/sample
Current vae annealer weight is 0.04461720338803846
Epoch 24/70
218036/218036 - 332s - loss: 0.3160 - x_pred_loss: 0.2654 - z_mean_log_var_loss: 0.3641 - reg_prop_pred_loss: 0.3503 - x_pred_categorical_accuracy: 0.9101 - x_pred_vae_anneal_metric: 0.0446 - val_loss: 1.9430 - val_x_pred_loss: 3.5736 - val_z_mean_log_var_loss: 0.2910 - val_reg_prop_pred_loss: 0.2994 - val_x_pred_categorical_accuracy: 0.7783 - val_x_pred_vae_anneal_metric: 0.0446 - 332s/epoch - 2ms/sample
Current vae annealer weight is 0.07220328200576367
Epoch 25/70
218036/218036 - 337s - loss: 0.3150 - x_pred_loss: 0.2606 - z_mean_log_var_loss: 0.2738 - reg_prop_pred_loss: 0.3496 - x_pred_categorical_accuracy: 0.9117 - x_pred_vae_anneal_metric: 0.0722 - val_loss: 1.9473 - val_x_pred_loss: 3.5833 - val_z_mean_log_var_loss: 0.2148 - val_reg_prop_pred_loss: 0.2957 - val_x_pred_categorical_accuracy: 0.7777 - val_x_pred_vae_anneal_metric: 0.0722 - 337s/epoch - 2ms/sample
Current vae annealer weight is 0.11479597607205051
Epoch 26/70
218036/218036 - 337s - loss: 0.3165 - x_pred_loss: 0.2595 - z_mean_log_var_loss: 0.2082 - reg_prop_pred_loss: 0.3495 - x_pred_categorical_accuracy: 0.9120 - x_pred_vae_anneal_metric: 0.1148 - val_loss: 1.9504 - val_x_pred_loss: 3.5853 - val_z_mean_log_var_loss: 0.1630 - val_reg_prop_pred_loss: 0.2969 - val_x_pred_categorical_accuracy: 0.7776 - val_x_pred_vae_anneal_metric: 0.1148 - 337s/epoch - 2ms/sample
Current vae annealer weight is 0.17770179221364119
Epoch 27/70
218036/218036 - 337s - loss: 0.3208 - x_pred_loss: 0.2630 - z_mean_log_var_loss: 0.1662 - reg_prop_pred_loss: 0.3491 - x_pred_categorical_accuracy: 0.9107 - x_pred_vae_anneal_metric: 0.1777 - val_loss: 1.9744 - val_x_pred_loss: 3.6272 - val_z_mean_log_var_loss: 0.1322 - val_reg_prop_pred_loss: 0.2980 - val_x_pred_categorical_accuracy: 0.7750 - val_x_pred_vae_anneal_metric: 0.1777 - 337s/epoch - 2ms/sample
Current vae annealer weight is 0.26476824599321086
Epoch 28/70
218036/218036 - 336s - loss: 0.3274 - x_pred_loss: 0.2690 - z_mean_log_var_loss: 0.1395 - reg_prop_pred_loss: 0.3489 - x_pred_categorical_accuracy: 0.9087 - x_pred_vae_anneal_metric: 0.2648 - val_loss: 1.9919 - val_x_pred_loss: 3.6537 - val_z_mean_log_var_loss: 0.1136 - val_reg_prop_pred_loss: 0.3001 - val_x_pred_categorical_accuracy: 0.7733 - val_x_pred_vae_anneal_metric: 0.2648 - 336s/epoch - 2ms/sample
Current vae annealer weight is 0.3750375460299153
Epoch 29/70
218036/218036 - 334s - loss: 0.3359 - x_pred_loss: 0.2773 - z_mean_log_var_loss: 0.1211 - reg_prop_pred_loss: 0.3490 - x_pred_categorical_accuracy: 0.9059 - x_pred_vae_anneal_metric: 0.3750 - val_loss: 2.0655 - val_x_pred_loss: 3.7953 - val_z_mean_log_var_loss: 0.0979 - val_reg_prop_pred_loss: 0.2991 - val_x_pred_categorical_accuracy: 0.7645 - val_x_pred_vae_anneal_metric: 0.3750 - 334s/epoch - 2ms/sample
Current vae annealer weight is 0.5
Epoch 30/70
218036/218036 - 338s - loss: 0.3415 - x_pred_loss: 0.2823 - z_mean_log_var_loss: 0.1029 - reg_prop_pred_loss: 0.3492 - x_pred_categorical_accuracy: 0.9043 - x_pred_vae_anneal_metric: 0.5000 - val_loss: 2.0371 - val_x_pred_loss: 3.7372 - val_z_mean_log_var_loss: 0.0837 - val_reg_prop_pred_loss: 0.2952 - val_x_pred_categorical_accuracy: 0.7681 - val_x_pred_vae_anneal_metric: 0.5000 - 338s/epoch - 2ms/sample
Current vae annealer weight is 0.6249624539700847
Epoch 31/70
218036/218036 - 337s - loss: 0.3456 - x_pred_loss: 0.2868 - z_mean_log_var_loss: 0.0881 - reg_prop_pred_loss: 0.3493 - x_pred_categorical_accuracy: 0.9029 - x_pred_vae_anneal_metric: 0.6250 - val_loss: 2.0909 - val_x_pred_loss: 3.8348 - val_z_mean_log_var_loss: 0.0811 - val_reg_prop_pred_loss: 0.2963 - val_x_pred_categorical_accuracy: 0.7621 - val_x_pred_vae_anneal_metric: 0.6250 - 337s/epoch - 2ms/sample
Current vae annealer weight is 0.7352317540067891
Epoch 32/70
218036/218036 - 336s - loss: 0.3508 - x_pred_loss: 0.2926 - z_mean_log_var_loss: 0.0798 - reg_prop_pred_loss: 0.3504 - x_pred_categorical_accuracy: 0.9010 - x_pred_vae_anneal_metric: 0.7352 - val_loss: 2.1068 - val_x_pred_loss: 3.8642 - val_z_mean_log_var_loss: 0.0707 - val_reg_prop_pred_loss: 0.2974 - val_x_pred_categorical_accuracy: 0.7603 - val_x_pred_vae_anneal_metric: 0.7352 - 336s/epoch - 2ms/sample
Current vae annealer weight is 0.8222982077863588
Epoch 33/70
218036/218036 - 334s - loss: 0.3476 - x_pred_loss: 0.2900 - z_mean_log_var_loss: 0.0703 - reg_prop_pred_loss: 0.3473 - x_pred_categorical_accuracy: 0.9018 - x_pred_vae_anneal_metric: 0.8223 - val_loss: 2.0671 - val_x_pred_loss: 3.7939 - val_z_mean_log_var_loss: 0.0568 - val_reg_prop_pred_loss: 0.2935 - val_x_pred_categorical_accuracy: 0.7646 - val_x_pred_vae_anneal_metric: 0.8223 - 334s/epoch - 2ms/sample
Current vae annealer weight is 0.8852040239279495
Epoch 34/70
218036/218036 - 335s - loss: 0.3421 - x_pred_loss: 0.2870 - z_mean_log_var_loss: 0.0575 - reg_prop_pred_loss: 0.3463 - x_pred_categorical_accuracy: 0.9028 - x_pred_vae_anneal_metric: 0.8852 - val_loss: 2.1416 - val_x_pred_loss: 3.9423 - val_z_mean_log_var_loss: 0.0496 - val_reg_prop_pred_loss: 0.2969 - val_x_pred_categorical_accuracy: 0.7554 - val_x_pred_vae_anneal_metric: 0.8852 - 335s/epoch - 2ms/sample
Current vae annealer weight is 0.9277967179942364
Epoch 35/70
218036/218036 - 336s - loss: 0.3404 - x_pred_loss: 0.2874 - z_mean_log_var_loss: 0.0510 - reg_prop_pred_loss: 0.3461 - x_pred_categorical_accuracy: 0.9028 - x_pred_vae_anneal_metric: 0.9278 - val_loss: 2.1029 - val_x_pred_loss: 3.8737 - val_z_mean_log_var_loss: 0.0424 - val_reg_prop_pred_loss: 0.2927 - val_x_pred_categorical_accuracy: 0.7597 - val_x_pred_vae_anneal_metric: 0.9278 - 336s/epoch - 2ms/sample
Current vae annealer weight is 0.9553827966119615
Epoch 36/70
218036/218036 - 336s - loss: 0.3338 - x_pred_loss: 0.2803 - z_mean_log_var_loss: 0.0434 - reg_prop_pred_loss: 0.3459 - x_pred_categorical_accuracy: 0.9052 - x_pred_vae_anneal_metric: 0.9554 - val_loss: 2.0810 - val_x_pred_loss: 3.8292 - val_z_mean_log_var_loss: 0.0370 - val_reg_prop_pred_loss: 0.2975 - val_x_pred_categorical_accuracy: 0.7624 - val_x_pred_vae_anneal_metric: 0.9554 - 336s/epoch - 2ms/sample
Current vae annealer weight is 0.9727389819620722
Epoch 37/70
218036/218036 - 336s - loss: 0.3323 - x_pred_loss: 0.2799 - z_mean_log_var_loss: 0.0405 - reg_prop_pred_loss: 0.3452 - x_pred_categorical_accuracy: 0.9054 - x_pred_vae_anneal_metric: 0.9727 - val_loss: 2.0859 - val_x_pred_loss: 3.8469 - val_z_mean_log_var_loss: 0.0366 - val_reg_prop_pred_loss: 0.2893 - val_x_pred_categorical_accuracy: 0.7613 - val_x_pred_vae_anneal_metric: 0.9727 - 336s/epoch - 2ms/sample
Current vae annealer weight is 0.9834604581913845
Epoch 38/70
218036/218036 - 336s - loss: 0.3260 - x_pred_loss: 0.2735 - z_mean_log_var_loss: 0.0360 - reg_prop_pred_loss: 0.3431 - x_pred_categorical_accuracy: 0.9074 - x_pred_vae_anneal_metric: 0.9835 - val_loss: 2.0138 - val_x_pred_loss: 3.7059 - val_z_mean_log_var_loss: 0.0312 - val_reg_prop_pred_loss: 0.2910 - val_x_pred_categorical_accuracy: 0.7701 - val_x_pred_vae_anneal_metric: 0.9835 - 336s/epoch - 2ms/sample
Current vae annealer weight is 0.9900085996857898
Epoch 39/70
218036/218036 - 335s - loss: 0.3238 - x_pred_loss: 0.2718 - z_mean_log_var_loss: 0.0332 - reg_prop_pred_loss: 0.3431 - x_pred_categorical_accuracy: 0.9080 - x_pred_vae_anneal_metric: 0.9900 - val_loss: 2.0598 - val_x_pred_loss: 3.7987 - val_z_mean_log_var_loss: 0.0286 - val_reg_prop_pred_loss: 0.2926 - val_x_pred_categorical_accuracy: 0.7643 - val_x_pred_vae_anneal_metric: 0.9900 - 335s/epoch - 2ms/sample
Current vae annealer weight is 0.9939801464769676
Epoch 40/70
218036/218036 - 333s - loss: 0.3187 - x_pred_loss: 0.2664 - z_mean_log_var_loss: 0.0299 - reg_prop_pred_loss: 0.3413 - x_pred_categorical_accuracy: 0.9098 - x_pred_vae_anneal_metric: 0.9940 - val_loss: 2.0181 - val_x_pred_loss: 3.7212 - val_z_mean_log_var_loss: 0.0263 - val_reg_prop_pred_loss: 0.2889 - val_x_pred_categorical_accuracy: 0.7691 - val_x_pred_vae_anneal_metric: 0.9940 - 333s/epoch - 2ms/sample
Current vae annealer weight is 0.9963787916740549
Epoch 41/70
218036/218036 - 336s - loss: 0.3163 - x_pred_loss: 0.2629 - z_mean_log_var_loss: 0.0277 - reg_prop_pred_loss: 0.3421 - x_pred_categorical_accuracy: 0.9109 - x_pred_vae_anneal_metric: 0.9964 - val_loss: 1.9873 - val_x_pred_loss: 3.6590 - val_z_mean_log_var_loss: 0.0259 - val_reg_prop_pred_loss: 0.2898 - val_x_pred_categorical_accuracy: 0.7730 - val_x_pred_vae_anneal_metric: 0.9964 - 336s/epoch - 2ms/sample
Current vae annealer weight is 0.9978237754533412
Epoch 42/70
218036/218036 - 337s - loss: 0.3138 - x_pred_loss: 0.2605 - z_mean_log_var_loss: 0.0269 - reg_prop_pred_loss: 0.3402 - x_pred_categorical_accuracy: 0.9118 - x_pred_vae_anneal_metric: 0.9978 - val_loss: 1.9636 - val_x_pred_loss: 3.6147 - val_z_mean_log_var_loss: 0.0237 - val_reg_prop_pred_loss: 0.2889 - val_x_pred_categorical_accuracy: 0.7757 - val_x_pred_vae_anneal_metric: 0.9978 - 337s/epoch - 2ms/sample
Current vae annealer weight is 0.998692918557779
Epoch 43/70
218036/218036 - 336s - loss: 0.3113 - x_pred_loss: 0.2584 - z_mean_log_var_loss: 0.0245 - reg_prop_pred_loss: 0.3398 - x_pred_categorical_accuracy: 0.9124 - x_pred_vae_anneal_metric: 0.9987 - val_loss: 1.9926 - val_x_pred_loss: 3.6761 - val_z_mean_log_var_loss: 0.0222 - val_reg_prop_pred_loss: 0.2868 - val_x_pred_categorical_accuracy: 0.7719 - val_x_pred_vae_anneal_metric: 0.9987 - 336s/epoch - 2ms/sample
Current vae annealer weight is 0.9992152152808638
Epoch 44/70
218036/218036 - 335s - loss: 0.3093 - x_pred_loss: 0.2561 - z_mean_log_var_loss: 0.0241 - reg_prop_pred_loss: 0.3384 - x_pred_categorical_accuracy: 0.9133 - x_pred_vae_anneal_metric: 0.9992 - val_loss: 1.9847 - val_x_pred_loss: 3.6599 - val_z_mean_log_var_loss: 0.0222 - val_reg_prop_pred_loss: 0.2874 - val_x_pred_categorical_accuracy: 0.7729 - val_x_pred_vae_anneal_metric: 0.9992 - 335s/epoch - 2ms/sample
Current vae annealer weight is 0.9995289058847296
Epoch 45/70
218036/218036 - 335s - loss: 0.3109 - x_pred_loss: 0.2601 - z_mean_log_var_loss: 0.0237 - reg_prop_pred_loss: 0.3379 - x_pred_categorical_accuracy: 0.9121 - x_pred_vae_anneal_metric: 0.9995 - val_loss: 2.1405 - val_x_pred_loss: 3.9634 - val_z_mean_log_var_loss: 0.0275 - val_reg_prop_pred_loss: 0.2900 - val_x_pred_categorical_accuracy: 0.7541 - val_x_pred_vae_anneal_metric: 0.9995 - 335s/epoch - 2ms/sample
Current vae annealer weight is 0.9997172449786838
Epoch 46/70
218036/218036 - 336s - loss: 0.3138 - x_pred_loss: 0.2631 - z_mean_log_var_loss: 0.0263 - reg_prop_pred_loss: 0.3382 - x_pred_categorical_accuracy: 0.9112 - x_pred_vae_anneal_metric: 0.9997 - val_loss: 2.0041 - val_x_pred_loss: 3.7006 - val_z_mean_log_var_loss: 0.0226 - val_reg_prop_pred_loss: 0.2850 - val_x_pred_categorical_accuracy: 0.7704 - val_x_pred_vae_anneal_metric: 0.9997 - 336s/epoch - 2ms/sample
Current vae annealer weight is 0.9998303006190481
Epoch 47/70
218036/218036 - 337s - loss: 0.3060 - x_pred_loss: 0.2543 - z_mean_log_var_loss: 0.0228 - reg_prop_pred_loss: 0.3349 - x_pred_categorical_accuracy: 0.9139 - x_pred_vae_anneal_metric: 0.9998 - val_loss: 1.9532 - val_x_pred_loss: 3.6014 - val_z_mean_log_var_loss: 0.0204 - val_reg_prop_pred_loss: 0.2847 - val_x_pred_categorical_accuracy: 0.7766 - val_x_pred_vae_anneal_metric: 0.9998 - 337s/epoch - 2ms/sample
Current vae annealer weight is 0.9998981571479052
Epoch 48/70
218036/218036 - 336s - loss: 0.3028 - x_pred_loss: 0.2493 - z_mean_log_var_loss: 0.0212 - reg_prop_pred_loss: 0.3350 - x_pred_categorical_accuracy: 0.9157 - x_pred_vae_anneal_metric: 0.9999 - val_loss: 1.9516 - val_x_pred_loss: 3.6002 - val_z_mean_log_var_loss: 0.0190 - val_reg_prop_pred_loss: 0.2841 - val_x_pred_categorical_accuracy: 0.7766 - val_x_pred_vae_anneal_metric: 0.9999 - 336s/epoch - 2ms/sample
Current vae annealer weight is 0.9999388820100666
Epoch 49/70
218036/218036 - 336s - loss: 0.3023 - x_pred_loss: 0.2494 - z_mean_log_var_loss: 0.0206 - reg_prop_pred_loss: 0.3346 - x_pred_categorical_accuracy: 0.9157 - x_pred_vae_anneal_metric: 0.9999 - val_loss: 1.9308 - val_x_pred_loss: 3.5567 - val_z_mean_log_var_loss: 0.0198 - val_reg_prop_pred_loss: 0.2851 - val_x_pred_categorical_accuracy: 0.7793 - val_x_pred_vae_anneal_metric: 0.9999 - 336s/epoch - 2ms/sample
Current vae annealer weight is 0.9999633224347099
Epoch 50/70
218036/218036 - 336s - loss: 0.3004 - x_pred_loss: 0.2459 - z_mean_log_var_loss: 0.0205 - reg_prop_pred_loss: 0.3345 - x_pred_categorical_accuracy: 0.9168 - x_pred_vae_anneal_metric: 1.0000 - val_loss: 1.9235 - val_x_pred_loss: 3.5430 - val_z_mean_log_var_loss: 0.0188 - val_reg_prop_pred_loss: 0.2853 - val_x_pred_categorical_accuracy: 0.7802 - val_x_pred_vae_anneal_metric: 1.0000 - 336s/epoch - 2ms/sample
Current vae annealer weight is 0.9999779896124086
Epoch 51/70
218036/218036 - 334s - loss: 0.2986 - x_pred_loss: 0.2443 - z_mean_log_var_loss: 0.0194 - reg_prop_pred_loss: 0.3335 - x_pred_categorical_accuracy: 0.9173 - x_pred_vae_anneal_metric: 1.0000 - val_loss: 1.9306 - val_x_pred_loss: 3.5558 - val_z_mean_log_var_loss: 0.0183 - val_reg_prop_pred_loss: 0.2871 - val_x_pred_categorical_accuracy: 0.7794 - val_x_pred_vae_anneal_metric: 1.0000 - 334s/epoch - 2ms/sample
Current vae annealer weight is 0.9999867915354658
Epoch 52/70
218036/218036 - 336s - loss: 0.3004 - x_pred_loss: 0.2473 - z_mean_log_var_loss: 0.0203 - reg_prop_pred_loss: 0.3331 - x_pred_categorical_accuracy: 0.9166 - x_pred_vae_anneal_metric: 1.0000 - val_loss: 1.8864 - val_x_pred_loss: 3.4724 - val_z_mean_log_var_loss: 0.0190 - val_reg_prop_pred_loss: 0.2814 - val_x_pred_categorical_accuracy: 0.7846 - val_x_pred_vae_anneal_metric: 1.0000 - 336s/epoch - 2ms/sample
Current vae annealer weight is 0.999992073609766
Epoch 53/70
218036/218036 - 336s - loss: 0.2974 - x_pred_loss: 0.2434 - z_mean_log_var_loss: 0.0197 - reg_prop_pred_loss: 0.3318 - x_pred_categorical_accuracy: 0.9177 - x_pred_vae_anneal_metric: 1.0000 - val_loss: 1.9163 - val_x_pred_loss: 3.5342 - val_z_mean_log_var_loss: 0.0184 - val_reg_prop_pred_loss: 0.2800 - val_x_pred_categorical_accuracy: 0.7807 - val_x_pred_vae_anneal_metric: 1.0000 - 336s/epoch - 2ms/sample
Current vae annealer weight is 0.9999952433888688
Epoch 54/70
218036/218036 - 336s - loss: 0.2980 - x_pred_loss: 0.2447 - z_mean_log_var_loss: 0.0195 - reg_prop_pred_loss: 0.3317 - x_pred_categorical_accuracy: 0.9173 - x_pred_vae_anneal_metric: 1.0000 - val_loss: 1.9177 - val_x_pred_loss: 3.5332 - val_z_mean_log_var_loss: 0.0191 - val_reg_prop_pred_loss: 0.2832 - val_x_pred_categorical_accuracy: 0.7808 - val_x_pred_vae_anneal_metric: 1.0000 - 336s/epoch - 2ms/sample
Current vae annealer weight is 0.999997145570669
Epoch 55/70
218036/218036 - 335s - loss: 0.2963 - x_pred_loss: 0.2424 - z_mean_log_var_loss: 0.0192 - reg_prop_pred_loss: 0.3310 - x_pred_categorical_accuracy: 0.9181 - x_pred_vae_anneal_metric: 1.0000 - val_loss: 1.8844 - val_x_pred_loss: 3.4705 - val_z_mean_log_var_loss: 0.0176 - val_reg_prop_pred_loss: 0.2808 - val_x_pred_categorical_accuracy: 0.7847 - val_x_pred_vae_anneal_metric: 1.0000 - 335s/epoch - 2ms/sample
Current vae annealer weight is 0.999998287066068
Epoch 56/70
218036/218036 - 334s - loss: 0.2958 - x_pred_loss: 0.2418 - z_mean_log_var_loss: 0.0186 - reg_prop_pred_loss: 0.3310 - x_pred_categorical_accuracy: 0.9183 - x_pred_vae_anneal_metric: 1.0000 - val_loss: 1.9368 - val_x_pred_loss: 3.5713 - val_z_mean_log_var_loss: 0.0185 - val_reg_prop_pred_loss: 0.2838 - val_x_pred_categorical_accuracy: 0.7784 - val_x_pred_vae_anneal_metric: 1.0000 - 334s/epoch - 2ms/sample
Current vae annealer weight is 0.9999989720742833
Epoch 57/70
218036/218036 - 335s - loss: 0.2956 - x_pred_loss: 0.2417 - z_mean_log_var_loss: 0.0187 - reg_prop_pred_loss: 0.3307 - x_pred_categorical_accuracy: 0.9184 - x_pred_vae_anneal_metric: 1.0000 - val_loss: 1.9046 - val_x_pred_loss: 3.5136 - val_z_mean_log_var_loss: 0.0169 - val_reg_prop_pred_loss: 0.2786 - val_x_pred_categorical_accuracy: 0.7820 - val_x_pred_vae_anneal_metric: 1.0000 - 335s/epoch - 2ms/sample
Current vae annealer weight is 0.9999993831455084
Epoch 58/70
218036/218036 - 334s - loss: 0.2955 - x_pred_loss: 0.2406 - z_mean_log_var_loss: 0.0179 - reg_prop_pred_loss: 0.3326 - x_pred_categorical_accuracy: 0.9187 - x_pred_vae_anneal_metric: 1.0000 - val_loss: 1.9404 - val_x_pred_loss: 3.5754 - val_z_mean_log_var_loss: 0.0197 - val_reg_prop_pred_loss: 0.2857 - val_x_pred_categorical_accuracy: 0.7782 - val_x_pred_vae_anneal_metric: 1.0000 - 334s/epoch - 2ms/sample
Current vae annealer weight is 0.9999996298279195
Epoch 59/70
218036/218036 - 336s - loss: 0.2923 - x_pred_loss: 0.2364 - z_mean_log_var_loss: 0.0192 - reg_prop_pred_loss: 0.3290 - x_pred_categorical_accuracy: 0.9201 - x_pred_vae_anneal_metric: 1.0000 - val_loss: 1.8585 - val_x_pred_loss: 3.4208 - val_z_mean_log_var_loss: 0.0169 - val_reg_prop_pred_loss: 0.2793 - val_x_pred_categorical_accuracy: 0.7878 - val_x_pred_vae_anneal_metric: 1.0000 - 336s/epoch - 2ms/sample
Current vae annealer weight is 0.9999997778611365
Epoch 60/70
218036/218036 - 337s - loss: 0.2890 - x_pred_loss: 0.2333 - z_mean_log_var_loss: 0.0171 - reg_prop_pred_loss: 0.3275 - x_pred_categorical_accuracy: 0.9211 - x_pred_vae_anneal_metric: 1.0000 - val_loss: 1.9293 - val_x_pred_loss: 3.5627 - val_z_mean_log_var_loss: 0.0161 - val_reg_prop_pred_loss: 0.2798 - val_x_pred_categorical_accuracy: 0.7790 - val_x_pred_vae_anneal_metric: 1.0000 - 337s/epoch - 2ms/sample
Current vae annealer weight is 0.9999998666953174
Epoch 61/70
218036/218036 - 334s - loss: 0.2891 - x_pred_loss: 0.2327 - z_mean_log_var_loss: 0.0169 - reg_prop_pred_loss: 0.3285 - x_pred_categorical_accuracy: 0.9213 - x_pred_vae_anneal_metric: 1.0000 - val_loss: 1.8675 - val_x_pred_loss: 3.4378 - val_z_mean_log_var_loss: 0.0157 - val_reg_prop_pred_loss: 0.2814 - val_x_pred_categorical_accuracy: 0.7867 - val_x_pred_vae_anneal_metric: 1.0000 - 334s/epoch - 2ms/sample
Current vae annealer weight is 0.9999999200043723
Epoch 62/70
218036/218036 - 336s - loss: 0.2924 - x_pred_loss: 0.2391 - z_mean_log_var_loss: 0.0172 - reg_prop_pred_loss: 0.3285 - x_pred_categorical_accuracy: 0.9193 - x_pred_vae_anneal_metric: 1.0000 - val_loss: 1.8608 - val_x_pred_loss: 3.4282 - val_z_mean_log_var_loss: 0.0166 - val_reg_prop_pred_loss: 0.2767 - val_x_pred_categorical_accuracy: 0.7873 - val_x_pred_vae_anneal_metric: 1.0000 - 336s/epoch - 2ms/sample
Current vae annealer weight is 0.9999999519949324
Epoch 63/70
218036/218036 - 336s - loss: 0.2898 - x_pred_loss: 0.2347 - z_mean_log_var_loss: 0.0172 - reg_prop_pred_loss: 0.3277 - x_pred_categorical_accuracy: 0.9208 - x_pred_vae_anneal_metric: 1.0000 - val_loss: 1.8452 - val_x_pred_loss: 3.3961 - val_z_mean_log_var_loss: 0.0161 - val_reg_prop_pred_loss: 0.2782 - val_x_pred_categorical_accuracy: 0.7893 - val_x_pred_vae_anneal_metric: 1.0000 - 336s/epoch - 2ms/sample
Current vae annealer weight is 0.9999999711923445
Epoch 64/70
218036/218036 - 335s - loss: 0.2871 - x_pred_loss: 0.2308 - z_mean_log_var_loss: 0.0164 - reg_prop_pred_loss: 0.3270 - x_pred_categorical_accuracy: 0.9220 - x_pred_vae_anneal_metric: 1.0000 - val_loss: 1.8513 - val_x_pred_loss: 3.4089 - val_z_mean_log_var_loss: 0.0157 - val_reg_prop_pred_loss: 0.2780 - val_x_pred_categorical_accuracy: 0.7885 - val_x_pred_vae_anneal_metric: 1.0000 - 335s/epoch - 2ms/sample
Current vae annealer weight is 0.9999999827126375
Epoch 65/70
218036/218036 - 335s - loss: 0.2842 - x_pred_loss: 0.2267 - z_mean_log_var_loss: 0.0159 - reg_prop_pred_loss: 0.3258 - x_pred_categorical_accuracy: 0.9234 - x_pred_vae_anneal_metric: 1.0000 - val_loss: 1.8267 - val_x_pred_loss: 3.3628 - val_z_mean_log_var_loss: 0.0146 - val_reg_prop_pred_loss: 0.2759 - val_x_pred_categorical_accuracy: 0.7914 - val_x_pred_vae_anneal_metric: 1.0000 - 335s/epoch - 2ms/sample
Current vae annealer weight is 0.9999999896259207
Epoch 66/70
218036/218036 - 335s - loss: 0.2845 - x_pred_loss: 0.2284 - z_mean_log_var_loss: 0.0153 - reg_prop_pred_loss: 0.3253 - x_pred_categorical_accuracy: 0.9228 - x_pred_vae_anneal_metric: 1.0000 - val_loss: 1.8621 - val_x_pred_loss: 3.4328 - val_z_mean_log_var_loss: 0.0145 - val_reg_prop_pred_loss: 0.2769 - val_x_pred_categorical_accuracy: 0.7870 - val_x_pred_vae_anneal_metric: 1.0000 - 335s/epoch - 2ms/sample
Current vae annealer weight is 0.9999999937745552
Epoch 67/70
218036/218036 - 334s - loss: 0.2848 - x_pred_loss: 0.2280 - z_mean_log_var_loss: 0.0155 - reg_prop_pred_loss: 0.3261 - x_pred_categorical_accuracy: 0.9230 - x_pred_vae_anneal_metric: 1.0000 - val_loss: 1.8508 - val_x_pred_loss: 3.4047 - val_z_mean_log_var_loss: 0.0153 - val_reg_prop_pred_loss: 0.2817 - val_x_pred_categorical_accuracy: 0.7888 - val_x_pred_vae_anneal_metric: 1.0000 - 334s/epoch - 2ms/sample
Current vae annealer weight is 0.9999999962641346
Epoch 68/70
218036/218036 - 337s - loss: 0.2851 - x_pred_loss: 0.2294 - z_mean_log_var_loss: 0.0157 - reg_prop_pred_loss: 0.3250 - x_pred_categorical_accuracy: 0.9225 - x_pred_vae_anneal_metric: 1.0000 - val_loss: 1.8609 - val_x_pred_loss: 3.4294 - val_z_mean_log_var_loss: 0.0150 - val_reg_prop_pred_loss: 0.2774 - val_x_pred_categorical_accuracy: 0.7872 - val_x_pred_vae_anneal_metric: 1.0000 - 337s/epoch - 2ms/sample
Current vae annealer weight is 0.9999999977581218
Epoch 69/70
218036/218036 - 338s - loss: 0.2823 - x_pred_loss: 0.2246 - z_mean_log_var_loss: 0.0155 - reg_prop_pred_loss: 0.3246 - x_pred_categorical_accuracy: 0.9240 - x_pred_vae_anneal_metric: 1.0000 - val_loss: 1.8201 - val_x_pred_loss: 3.3507 - val_z_mean_log_var_loss: 0.0142 - val_reg_prop_pred_loss: 0.2752 - val_x_pred_categorical_accuracy: 0.7921 - val_x_pred_vae_anneal_metric: 1.0000 - 338s/epoch - 2ms/sample
Current vae annealer weight is 0.9999999986546575
Epoch 70/70
218036/218036 - 336s - loss: 0.2802 - x_pred_loss: 0.2220 - z_mean_log_var_loss: 0.0146 - reg_prop_pred_loss: 0.3238 - x_pred_categorical_accuracy: 0.9249 - x_pred_vae_anneal_metric: 1.0000 - val_loss: 1.8277 - val_x_pred_loss: 3.3655 - val_z_mean_log_var_loss: 0.0141 - val_reg_prop_pred_loss: 0.2758 - val_x_pred_categorical_accuracy: 0.7912 - val_x_pred_vae_anneal_metric: 1.0000 - 336s/epoch - 2ms/sample
/home/jp2658/.conda/envs/chemvae_tf2/lib/python3.10/site-packages/keras/src/engine/training.py:3103: UserWarning: You are saving your model as an HDF5 file via `model.save()`. This file format is considered legacy. We recommend using instead the native Keras format, e.g. `model.save('my_model.keras')`.
  saving_api.save_model(
time of run :  23510.885600090027
**FINISHED**
