Using hyper-parameters:
name                      - zinc_prop   
MAX_LEN                   - 89          
data_file                 - ZINC_Michael_fragments.csv.gz
char_file                 - zinc.json   
encoder_weights_file      - zinc_encoder.h5
decoder_weights_file      - zinc_decoder.h5
prop_pred_weights_file    - zinc_prop_pred.h5
data_normalization_out    - zinc_michael_norm_data.csv
reg_prop_tasks            - ['mulliken_O4', 'pbv_C1', 'lumo']
test_idx_file             - test_idx.npy
history_file              - history.csv 
do_prop_pred              - True        
TRAIN_MODEL               - True        
ENC_DEC_TEST              - False       
PADDING                   - right       
RAND_SEED                 - 42          
epochs                    - 70          
vae_annealer_start        - 29          
dropout_rate_mid          - 0.08283292970479479
anneal_sigmod_slope       - 0.5106654305791392
recurrent_dim             - 488         
hidden_dim                - 196         
tgru_dropout              - 0.19617749608323892
hg_growth_factor          - 1.2281884874932403
middle_layer              - 1           
prop_hidden_dim           - 67          
batch_size                - 182         
prop_pred_depth           - 3           
lr                        - 0.00045619868229310396
prop_pred_dropout         - 0.15694573998898703
prop_growth_factor        - 0.9902834073131418
momentum                  - 0.9902764103622574
verbose_print             - 2           
rest of parameters are set as default
All params: {'reload_model': False, 'prev_epochs': 0, 'batch_size': 182, 'epochs': 70, 'val_split': 0.1, 'loss': 'categorical_crossentropy', 'batchnorm_conv': True, 'conv_activation': 'tanh', 'conv_depth': 4, 'conv_dim_depth': 8, 'conv_dim_width': 8, 'conv_d_growth_factor': 1.15875438383, 'conv_w_growth_factor': 1.1758149644, 'gru_depth': 4, 'rnn_activation': 'tanh', 'recurrent_dim': 488, 'do_tgru': True, 'terminal_GRU_implementation': 0, 'tgru_dropout': 0.19617749608323892, 'temperature': 1.0, 'hg_growth_factor': 1.2281884874932403, 'hidden_dim': 196, 'middle_layer': 1, 'dropout_rate_mid': 0.08283292970479479, 'batchnorm_mid': True, 'activation': 'tanh', 'lr': 0.00045619868229310396, 'momentum': 0.9902764103622574, 'optim': 'adam', 'vae_annealer_start': 29, 'batchnorm_vae': False, 'vae_activation': 'tanh', 'xent_loss_weight': 1.0, 'kl_loss_weight': 1.0, 'anneal_sigmod_slope': 0.5106654305791392, 'freeze_logvar_layer': False, 'freeze_offset': 1, 'do_prop_pred': True, 'prop_pred_depth': 3, 'prop_hidden_dim': 67, 'prop_growth_factor': 0.9902834073131418, 'prop_pred_activation': 'tanh', 'reg_prop_pred_loss': 'mse', 'logit_prop_pred_loss': 'binary_crossentropy', 'prop_pred_loss_weight': 0.5, 'prop_pred_dropout': 0.15694573998898703, 'prop_batchnorm': True, 'verbose_print': 2, 'name': 'zinc_prop', 'MAX_LEN': 89, 'data_file': 'ZINC_Michael_fragments.csv.gz', 'char_file': 'zinc.json', 'encoder_weights_file': 'zinc_encoder.h5', 'decoder_weights_file': 'zinc_decoder.h5', 'prop_pred_weights_file': 'zinc_prop_pred.h5', 'data_normalization_out': 'zinc_michael_norm_data.csv', 'reg_prop_tasks': ['mulliken_O4', 'pbv_C1', 'lumo'], 'test_idx_file': 'test_idx.npy', 'history_file': 'history.csv', 'TRAIN_MODEL': True, 'ENC_DEC_TEST': False, 'PADDING': 'right', 'RAND_SEED': 42}
Training set size is 242455
first smiles: " [2*]c1ccco1.[4*]N1CC2CC2(CO)C1 "
total chars: 33
Vectorization...
Total Data size 242455
shape of input vector : {} (218036, 89, 33)
Training set size is (218036, 89, 33), after filtering to max length of 89
Train on 218036 samples, validate on 24388 samples
Current vae annealer weight is 3.701720805095644e-07
Epoch 1/70
/home/jp2658/.conda/envs/chemvae_tf2/lib/python3.10/site-packages/keras/src/engine/training_v1.py:2335: UserWarning: `Model.state_updates` will be removed in a future version. This property should not be used in TensorFlow 2.0, as `updates` are applied automatically.
  updates = self.state_updates
218036/218036 - 331s - loss: 0.9702 - x_pred_loss: 1.1290 - z_mean_log_var_loss: 1.1090 - reg_prop_pred_loss: 0.8114 - x_pred_categorical_accuracy: 0.6688 - x_pred_vae_anneal_metric: 3.7017e-07 - val_loss: 3.2984 - val_x_pred_loss: 6.2096 - val_z_mean_log_var_loss: 1.0160 - val_reg_prop_pred_loss: 0.3872 - val_x_pred_categorical_accuracy: 0.6147 - val_x_pred_vae_anneal_metric: 3.7017e-07 - 331s/epoch - 2ms/sample
Current vae annealer weight is 6.168544915222557e-07
Epoch 2/70
218036/218036 - 328s - loss: 0.5248 - x_pred_loss: 0.6799 - z_mean_log_var_loss: 1.0988 - reg_prop_pred_loss: 0.3698 - x_pred_categorical_accuracy: 0.7972 - x_pred_vae_anneal_metric: 6.1685e-07 - val_loss: 2.9166 - val_x_pred_loss: 5.5685 - val_z_mean_log_var_loss: 1.0058 - val_reg_prop_pred_loss: 0.2647 - val_x_pred_categorical_accuracy: 0.6545 - val_x_pred_vae_anneal_metric: 6.1686e-07 - 328s/epoch - 2ms/sample
Current vae annealer weight is 1.0279257166985964e-06
Epoch 3/70
218036/218036 - 328s - loss: 0.4179 - x_pred_loss: 0.5382 - z_mean_log_var_loss: 1.0521 - reg_prop_pred_loss: 0.2976 - x_pred_categorical_accuracy: 0.8292 - x_pred_vae_anneal_metric: 1.0279e-06 - val_loss: 2.6604 - val_x_pred_loss: 5.0863 - val_z_mean_log_var_loss: 0.9444 - val_reg_prop_pred_loss: 0.2345 - val_x_pred_categorical_accuracy: 0.6844 - val_x_pred_vae_anneal_metric: 1.0279e-06 - 328s/epoch - 2ms/sample
Current vae annealer weight is 1.7129339319420572e-06
Epoch 4/70
218036/218036 - 326s - loss: 0.3686 - x_pred_loss: 0.4647 - z_mean_log_var_loss: 0.9851 - reg_prop_pred_loss: 0.2725 - x_pred_categorical_accuracy: 0.8476 - x_pred_vae_anneal_metric: 1.7129e-06 - val_loss: 2.5596 - val_x_pred_loss: 4.8911 - val_z_mean_log_var_loss: 0.8853 - val_reg_prop_pred_loss: 0.2281 - val_x_pred_categorical_accuracy: 0.6965 - val_x_pred_vae_anneal_metric: 1.7129e-06 - 326s/epoch - 1ms/sample
Current vae annealer weight is 2.854429330962736e-06
Epoch 5/70
218036/218036 - 328s - loss: 0.3350 - x_pred_loss: 0.4113 - z_mean_log_var_loss: 0.9095 - reg_prop_pred_loss: 0.2587 - x_pred_categorical_accuracy: 0.8625 - x_pred_vae_anneal_metric: 2.8545e-06 - val_loss: 2.4094 - val_x_pred_loss: 4.6124 - val_z_mean_log_var_loss: 0.8101 - val_reg_prop_pred_loss: 0.2064 - val_x_pred_categorical_accuracy: 0.7138 - val_x_pred_vae_anneal_metric: 2.8544e-06 - 328s/epoch - 2ms/sample
Current vae annealer weight is 4.756611131108824e-06
Epoch 6/70
218036/218036 - 328s - loss: 0.3109 - x_pred_loss: 0.3723 - z_mean_log_var_loss: 0.8404 - reg_prop_pred_loss: 0.2494 - x_pred_categorical_accuracy: 0.8743 - x_pred_vae_anneal_metric: 4.7566e-06 - val_loss: 2.3009 - val_x_pred_loss: 4.4035 - val_z_mean_log_var_loss: 0.7497 - val_reg_prop_pred_loss: 0.1984 - val_x_pred_categorical_accuracy: 0.7268 - val_x_pred_vae_anneal_metric: 4.7566e-06 - 328s/epoch - 2ms/sample
Current vae annealer weight is 7.926390233964058e-06
Epoch 7/70
218036/218036 - 329s - loss: 0.2917 - x_pred_loss: 0.3404 - z_mean_log_var_loss: 0.7777 - reg_prop_pred_loss: 0.2430 - x_pred_categorical_accuracy: 0.8847 - x_pred_vae_anneal_metric: 7.9265e-06 - val_loss: 2.1995 - val_x_pred_loss: 4.2027 - val_z_mean_log_var_loss: 0.7090 - val_reg_prop_pred_loss: 0.1964 - val_x_pred_categorical_accuracy: 0.7393 - val_x_pred_vae_anneal_metric: 7.9264e-06 - 329s/epoch - 2ms/sample
Current vae annealer weight is 1.3208464534236994e-05
Epoch 8/70
218036/218036 - 328s - loss: 0.2757 - x_pred_loss: 0.3140 - z_mean_log_var_loss: 0.7212 - reg_prop_pred_loss: 0.2374 - x_pred_categorical_accuracy: 0.8936 - x_pred_vae_anneal_metric: 1.3208e-05 - val_loss: 2.1405 - val_x_pred_loss: 4.0912 - val_z_mean_log_var_loss: 0.6432 - val_reg_prop_pred_loss: 0.1897 - val_x_pred_categorical_accuracy: 0.7462 - val_x_pred_vae_anneal_metric: 1.3208e-05 - 328s/epoch - 2ms/sample
Current vae annealer weight is 2.201038759146048e-05
Epoch 9/70
218036/218036 - 326s - loss: 0.2643 - x_pred_loss: 0.2955 - z_mean_log_var_loss: 0.6659 - reg_prop_pred_loss: 0.2331 - x_pred_categorical_accuracy: 0.8999 - x_pred_vae_anneal_metric: 2.2010e-05 - val_loss: 2.0618 - val_x_pred_loss: 3.9237 - val_z_mean_log_var_loss: 0.6166 - val_reg_prop_pred_loss: 0.2000 - val_x_pred_categorical_accuracy: 0.7566 - val_x_pred_vae_anneal_metric: 2.2010e-05 - 326s/epoch - 1ms/sample
Current vae annealer weight is 3.6677565290112376e-05
Epoch 10/70
218036/218036 - 328s - loss: 0.2536 - x_pred_loss: 0.2773 - z_mean_log_var_loss: 0.6241 - reg_prop_pred_loss: 0.2299 - x_pred_categorical_accuracy: 0.9061 - x_pred_vae_anneal_metric: 3.6678e-05 - val_loss: 1.9480 - val_x_pred_loss: 3.7088 - val_z_mean_log_var_loss: 0.5664 - val_reg_prop_pred_loss: 0.1871 - val_x_pred_categorical_accuracy: 0.7699 - val_x_pred_vae_anneal_metric: 3.6678e-05 - 328s/epoch - 2ms/sample
Current vae annealer weight is 6.111798993344653e-05
Epoch 11/70
218036/218036 - 328s - loss: 0.2458 - x_pred_loss: 0.2641 - z_mean_log_var_loss: 0.5850 - reg_prop_pred_loss: 0.2274 - x_pred_categorical_accuracy: 0.9105 - x_pred_vae_anneal_metric: 6.1117e-05 - val_loss: 1.9283 - val_x_pred_loss: 3.6724 - val_z_mean_log_var_loss: 0.5397 - val_reg_prop_pred_loss: 0.1841 - val_x_pred_categorical_accuracy: 0.7722 - val_x_pred_vae_anneal_metric: 6.1118e-05 - 328s/epoch - 2ms/sample
Current vae annealer weight is 0.0001018428520948195
Epoch 12/70
218036/218036 - 328s - loss: 0.2380 - x_pred_loss: 0.2513 - z_mean_log_var_loss: 0.5548 - reg_prop_pred_loss: 0.2246 - x_pred_categorical_accuracy: 0.9147 - x_pred_vae_anneal_metric: 1.0184e-04 - val_loss: 1.8688 - val_x_pred_loss: 3.5523 - val_z_mean_log_var_loss: 0.5025 - val_reg_prop_pred_loss: 0.1853 - val_x_pred_categorical_accuracy: 0.7796 - val_x_pred_vae_anneal_metric: 1.0184e-04 - 328s/epoch - 2ms/sample
Current vae annealer weight is 0.00016969938095202496
Epoch 13/70
218036/218036 - 329s - loss: 0.2297 - x_pred_loss: 0.2370 - z_mean_log_var_loss: 0.5202 - reg_prop_pred_loss: 0.2223 - x_pred_categorical_accuracy: 0.9194 - x_pred_vae_anneal_metric: 1.6970e-04 - val_loss: 1.7609 - val_x_pred_loss: 3.3421 - val_z_mean_log_var_loss: 0.4747 - val_reg_prop_pred_loss: 0.1797 - val_x_pred_categorical_accuracy: 0.7926 - val_x_pred_vae_anneal_metric: 1.6970e-04 - 329s/epoch - 2ms/sample
Current vae annealer weight is 0.00028275502131637844
Epoch 14/70
218036/218036 - 327s - loss: 0.2237 - x_pred_loss: 0.2277 - z_mean_log_var_loss: 0.4892 - reg_prop_pred_loss: 0.2197 - x_pred_categorical_accuracy: 0.9225 - x_pred_vae_anneal_metric: 2.8276e-04 - val_loss: 1.8026 - val_x_pred_loss: 3.4227 - val_z_mean_log_var_loss: 0.4425 - val_reg_prop_pred_loss: 0.1823 - val_x_pred_categorical_accuracy: 0.7876 - val_x_pred_vae_anneal_metric: 2.8275e-04 - 327s/epoch - 2ms/sample
Current vae annealer weight is 0.0004710941152704827
Epoch 15/70
218036/218036 - 327s - loss: 0.2197 - x_pred_loss: 0.2207 - z_mean_log_var_loss: 0.4611 - reg_prop_pred_loss: 0.2185 - x_pred_categorical_accuracy: 0.9248 - x_pred_vae_anneal_metric: 4.7109e-04 - val_loss: 1.6717 - val_x_pred_loss: 3.1601 - val_z_mean_log_var_loss: 0.4312 - val_reg_prop_pred_loss: 0.1831 - val_x_pred_categorical_accuracy: 0.8039 - val_x_pred_vae_anneal_metric: 4.7109e-04 - 327s/epoch - 2ms/sample
Current vae annealer weight is 0.0007847847191363334
Epoch 16/70
218036/218036 - 328s - loss: 0.2149 - x_pred_loss: 0.2129 - z_mean_log_var_loss: 0.4371 - reg_prop_pred_loss: 0.2166 - x_pred_categorical_accuracy: 0.9272 - x_pred_vae_anneal_metric: 7.8480e-04 - val_loss: 1.7096 - val_x_pred_loss: 3.2392 - val_z_mean_log_var_loss: 0.4038 - val_reg_prop_pred_loss: 0.1797 - val_x_pred_categorical_accuracy: 0.7990 - val_x_pred_vae_anneal_metric: 7.8478e-04 - 328s/epoch - 2ms/sample
Current vae annealer weight is 0.0013070814422209435
Epoch 17/70
218036/218036 - 329s - loss: 0.2109 - x_pred_loss: 0.2055 - z_mean_log_var_loss: 0.4137 - reg_prop_pred_loss: 0.2159 - x_pred_categorical_accuracy: 0.9297 - x_pred_vae_anneal_metric: 0.0013 - val_loss: 1.5866 - val_x_pred_loss: 2.9964 - val_z_mean_log_var_loss: 0.3860 - val_reg_prop_pred_loss: 0.1763 - val_x_pred_categorical_accuracy: 0.8141 - val_x_pred_vae_anneal_metric: 0.0013 - 329s/epoch - 2ms/sample
Current vae annealer weight is 0.0021762245466587582
Epoch 18/70
218036/218036 - 328s - loss: 0.2107 - x_pred_loss: 0.2046 - z_mean_log_var_loss: 0.3927 - reg_prop_pred_loss: 0.2159 - x_pred_categorical_accuracy: 0.9301 - x_pred_vae_anneal_metric: 0.0022 - val_loss: 1.6242 - val_x_pred_loss: 3.0693 - val_z_mean_log_var_loss: 0.3730 - val_reg_prop_pred_loss: 0.1783 - val_x_pred_categorical_accuracy: 0.8096 - val_x_pred_vae_anneal_metric: 0.0022 - 328s/epoch - 2ms/sample
Current vae annealer weight is 0.0036212083259452047
Epoch 19/70
218036/218036 - 327s - loss: 0.2045 - x_pred_loss: 0.1946 - z_mean_log_var_loss: 0.3786 - reg_prop_pred_loss: 0.2129 - x_pred_categorical_accuracy: 0.9334 - x_pred_vae_anneal_metric: 0.0036 - val_loss: 1.5300 - val_x_pred_loss: 2.8837 - val_z_mean_log_var_loss: 0.3443 - val_reg_prop_pred_loss: 0.1749 - val_x_pred_categorical_accuracy: 0.8211 - val_x_pred_vae_anneal_metric: 0.0036 - 327s/epoch - 2ms/sample
Current vae annealer weight is 0.0060198535230323105
Epoch 20/70
218036/218036 - 328s - loss: 0.2021 - x_pred_loss: 0.1895 - z_mean_log_var_loss: 0.3453 - reg_prop_pred_loss: 0.2126 - x_pred_categorical_accuracy: 0.9352 - x_pred_vae_anneal_metric: 0.0060 - val_loss: 1.5086 - val_x_pred_loss: 2.8408 - val_z_mean_log_var_loss: 0.3151 - val_reg_prop_pred_loss: 0.1745 - val_x_pred_categorical_accuracy: 0.8238 - val_x_pred_vae_anneal_metric: 0.0060 - 328s/epoch - 2ms/sample
Current vae annealer weight is 0.009991400314210233
Epoch 21/70
218036/218036 - 329s - loss: 0.2020 - x_pred_loss: 0.1884 - z_mean_log_var_loss: 0.3242 - reg_prop_pred_loss: 0.2124 - x_pred_categorical_accuracy: 0.9356 - x_pred_vae_anneal_metric: 0.0100 - val_loss: 1.4601 - val_x_pred_loss: 2.7404 - val_z_mean_log_var_loss: 0.2922 - val_reg_prop_pred_loss: 0.1770 - val_x_pred_categorical_accuracy: 0.8300 - val_x_pred_vae_anneal_metric: 0.0100 - 329s/epoch - 2ms/sample
Current vae annealer weight is 0.016539541808615513
Epoch 22/70
218036/218036 - 328s - loss: 0.1979 - x_pred_loss: 0.1798 - z_mean_log_var_loss: 0.2882 - reg_prop_pred_loss: 0.2112 - x_pred_categorical_accuracy: 0.9384 - x_pred_vae_anneal_metric: 0.0165 - val_loss: 1.4415 - val_x_pred_loss: 2.7066 - val_z_mean_log_var_loss: 0.2539 - val_reg_prop_pred_loss: 0.1721 - val_x_pred_categorical_accuracy: 0.8321 - val_x_pred_vae_anneal_metric: 0.0165 - 328s/epoch - 2ms/sample
Current vae annealer weight is 0.02726101803792773
Epoch 23/70
218036/218036 - 329s - loss: 0.1948 - x_pred_loss: 0.1732 - z_mean_log_var_loss: 0.2381 - reg_prop_pred_loss: 0.2099 - x_pred_categorical_accuracy: 0.9406 - x_pred_vae_anneal_metric: 0.0273 - val_loss: 1.4472 - val_x_pred_loss: 2.7089 - val_z_mean_log_var_loss: 0.2020 - val_reg_prop_pred_loss: 0.1801 - val_x_pred_categorical_accuracy: 0.8319 - val_x_pred_vae_anneal_metric: 0.0273 - 329s/epoch - 2ms/sample
Current vae annealer weight is 0.04461720338803846
Epoch 24/70
218036/218036 - 328s - loss: 0.1953 - x_pred_loss: 0.1726 - z_mean_log_var_loss: 0.1887 - reg_prop_pred_loss: 0.2095 - x_pred_categorical_accuracy: 0.9406 - x_pred_vae_anneal_metric: 0.0446 - val_loss: 1.4602 - val_x_pred_loss: 2.7379 - val_z_mean_log_var_loss: 0.1615 - val_reg_prop_pred_loss: 0.1752 - val_x_pred_categorical_accuracy: 0.8301 - val_x_pred_vae_anneal_metric: 0.0446 - 328s/epoch - 2ms/sample
Current vae annealer weight is 0.07220328200576367
Epoch 25/70
218036/218036 - 327s - loss: 0.1940 - x_pred_loss: 0.1681 - z_mean_log_var_loss: 0.1490 - reg_prop_pred_loss: 0.2092 - x_pred_categorical_accuracy: 0.9422 - x_pred_vae_anneal_metric: 0.0722 - val_loss: 1.4034 - val_x_pred_loss: 2.6236 - val_z_mean_log_var_loss: 0.1233 - val_reg_prop_pred_loss: 0.1743 - val_x_pred_categorical_accuracy: 0.8372 - val_x_pred_vae_anneal_metric: 0.0722 - 327s/epoch - 1ms/sample
Current vae annealer weight is 0.11479597607205051
Epoch 26/70
218036/218036 - 329s - loss: 0.1959 - x_pred_loss: 0.1693 - z_mean_log_var_loss: 0.1201 - reg_prop_pred_loss: 0.2087 - x_pred_categorical_accuracy: 0.9418 - x_pred_vae_anneal_metric: 0.1148 - val_loss: 1.4260 - val_x_pred_loss: 2.6669 - val_z_mean_log_var_loss: 0.1024 - val_reg_prop_pred_loss: 0.1734 - val_x_pred_categorical_accuracy: 0.8345 - val_x_pred_vae_anneal_metric: 0.1148 - 329s/epoch - 2ms/sample
Current vae annealer weight is 0.17770179221364119
Epoch 27/70
218036/218036 - 325s - loss: 0.1987 - x_pred_loss: 0.1708 - z_mean_log_var_loss: 0.1070 - reg_prop_pred_loss: 0.2076 - x_pred_categorical_accuracy: 0.9413 - x_pred_vae_anneal_metric: 0.1777 - val_loss: 1.3868 - val_x_pred_loss: 2.5844 - val_z_mean_log_var_loss: 0.0911 - val_reg_prop_pred_loss: 0.1730 - val_x_pred_categorical_accuracy: 0.8397 - val_x_pred_vae_anneal_metric: 0.1777 - 325s/epoch - 1ms/sample
Current vae annealer weight is 0.26476824599321086
Epoch 28/70
218036/218036 - 328s - loss: 0.2080 - x_pred_loss: 0.1794 - z_mean_log_var_loss: 0.1024 - reg_prop_pred_loss: 0.2095 - x_pred_categorical_accuracy: 0.9385 - x_pred_vae_anneal_metric: 0.2648 - val_loss: 1.4558 - val_x_pred_loss: 2.7111 - val_z_mean_log_var_loss: 0.0860 - val_reg_prop_pred_loss: 0.1778 - val_x_pred_categorical_accuracy: 0.8318 - val_x_pred_vae_anneal_metric: 0.2648 - 328s/epoch - 2ms/sample
Current vae annealer weight is 0.3750375460299153
Epoch 29/70
218036/218036 - 328s - loss: 0.2138 - x_pred_loss: 0.1832 - z_mean_log_var_loss: 0.0942 - reg_prop_pred_loss: 0.2090 - x_pred_categorical_accuracy: 0.9373 - x_pred_vae_anneal_metric: 0.3750 - val_loss: 1.5015 - val_x_pred_loss: 2.7944 - val_z_mean_log_var_loss: 0.0778 - val_reg_prop_pred_loss: 0.1793 - val_x_pred_categorical_accuracy: 0.8266 - val_x_pred_vae_anneal_metric: 0.3750 - 328s/epoch - 2ms/sample
Current vae annealer weight is 0.5
Epoch 30/70
218036/218036 - 328s - loss: 0.2183 - x_pred_loss: 0.1866 - z_mean_log_var_loss: 0.0816 - reg_prop_pred_loss: 0.2092 - x_pred_categorical_accuracy: 0.9361 - x_pred_vae_anneal_metric: 0.5000 - val_loss: 1.4438 - val_x_pred_loss: 2.6799 - val_z_mean_log_var_loss: 0.0690 - val_reg_prop_pred_loss: 0.1731 - val_x_pred_categorical_accuracy: 0.8337 - val_x_pred_vae_anneal_metric: 0.5000 - 328s/epoch - 2ms/sample
Current vae annealer weight is 0.6249624539700847
Epoch 31/70
218036/218036 - 328s - loss: 0.2181 - x_pred_loss: 0.1866 - z_mean_log_var_loss: 0.0677 - reg_prop_pred_loss: 0.2073 - x_pred_categorical_accuracy: 0.9361 - x_pred_vae_anneal_metric: 0.6250 - val_loss: 1.4928 - val_x_pred_loss: 2.7761 - val_z_mean_log_var_loss: 0.0578 - val_reg_prop_pred_loss: 0.1734 - val_x_pred_categorical_accuracy: 0.8278 - val_x_pred_vae_anneal_metric: 0.6250 - 328s/epoch - 2ms/sample
Current vae annealer weight is 0.7352317540067891
Epoch 32/70
218036/218036 - 327s - loss: 0.2185 - x_pred_loss: 0.1879 - z_mean_log_var_loss: 0.0571 - reg_prop_pred_loss: 0.2072 - x_pred_categorical_accuracy: 0.9358 - x_pred_vae_anneal_metric: 0.7352 - val_loss: 1.4959 - val_x_pred_loss: 2.7826 - val_z_mean_log_var_loss: 0.0490 - val_reg_prop_pred_loss: 0.1731 - val_x_pred_categorical_accuracy: 0.8274 - val_x_pred_vae_anneal_metric: 0.7352 - 327s/epoch - 2ms/sample
Current vae annealer weight is 0.8222982077863588
Epoch 33/70
218036/218036 - 329s - loss: 0.2154 - x_pred_loss: 0.1856 - z_mean_log_var_loss: 0.0458 - reg_prop_pred_loss: 0.2075 - x_pred_categorical_accuracy: 0.9366 - x_pred_vae_anneal_metric: 0.8223 - val_loss: 1.5063 - val_x_pred_loss: 2.8053 - val_z_mean_log_var_loss: 0.0405 - val_reg_prop_pred_loss: 0.1741 - val_x_pred_categorical_accuracy: 0.8260 - val_x_pred_vae_anneal_metric: 0.8223 - 329s/epoch - 2ms/sample
Current vae annealer weight is 0.8852040239279495
Epoch 34/70
218036/218036 - 329s - loss: 0.2162 - x_pred_loss: 0.1886 - z_mean_log_var_loss: 0.0417 - reg_prop_pred_loss: 0.2069 - x_pred_categorical_accuracy: 0.9358 - x_pred_vae_anneal_metric: 0.8852 - val_loss: 1.5038 - val_x_pred_loss: 2.8003 - val_z_mean_log_var_loss: 0.0348 - val_reg_prop_pred_loss: 0.1765 - val_x_pred_categorical_accuracy: 0.8263 - val_x_pred_vae_anneal_metric: 0.8852 - 329s/epoch - 2ms/sample
Current vae annealer weight is 0.9277967179942364
Epoch 35/70
218036/218036 - 328s - loss: 0.2088 - x_pred_loss: 0.1787 - z_mean_log_var_loss: 0.0349 - reg_prop_pred_loss: 0.2065 - x_pred_categorical_accuracy: 0.9390 - x_pred_vae_anneal_metric: 0.9278 - val_loss: 1.4530 - val_x_pred_loss: 2.7084 - val_z_mean_log_var_loss: 0.0285 - val_reg_prop_pred_loss: 0.1713 - val_x_pred_categorical_accuracy: 0.8320 - val_x_pred_vae_anneal_metric: 0.9278 - 328s/epoch - 2ms/sample
Current vae annealer weight is 0.9553827966119615
Epoch 36/70
218036/218036 - 328s - loss: 0.2254 - x_pred_loss: 0.2049 - z_mean_log_var_loss: 0.0364 - reg_prop_pred_loss: 0.2111 - x_pred_categorical_accuracy: 0.9308 - x_pred_vae_anneal_metric: 0.9554 - val_loss: 1.4576 - val_x_pred_loss: 2.7145 - val_z_mean_log_var_loss: 0.0333 - val_reg_prop_pred_loss: 0.1689 - val_x_pred_categorical_accuracy: 0.8316 - val_x_pred_vae_anneal_metric: 0.9554 - 328s/epoch - 2ms/sample
Current vae annealer weight is 0.9727389819620722
Epoch 37/70
218036/218036 - 329s - loss: 0.2066 - x_pred_loss: 0.1779 - z_mean_log_var_loss: 0.0310 - reg_prop_pred_loss: 0.2050 - x_pred_categorical_accuracy: 0.9393 - x_pred_vae_anneal_metric: 0.9727 - val_loss: 1.5287 - val_x_pred_loss: 2.8548 - val_z_mean_log_var_loss: 0.0275 - val_reg_prop_pred_loss: 0.1758 - val_x_pred_categorical_accuracy: 0.8229 - val_x_pred_vae_anneal_metric: 0.9727 - 329s/epoch - 2ms/sample
Current vae annealer weight is 0.9834604581913845
Epoch 38/70
218036/218036 - 326s - loss: 0.2021 - x_pred_loss: 0.1729 - z_mean_log_var_loss: 0.0268 - reg_prop_pred_loss: 0.2049 - x_pred_categorical_accuracy: 0.9410 - x_pred_vae_anneal_metric: 0.9835 - val_loss: 1.4814 - val_x_pred_loss: 2.7680 - val_z_mean_log_var_loss: 0.0236 - val_reg_prop_pred_loss: 0.1716 - val_x_pred_categorical_accuracy: 0.8283 - val_x_pred_vae_anneal_metric: 0.9835 - 326s/epoch - 1ms/sample
Current vae annealer weight is 0.9900085996857898
Epoch 39/70
218036/218036 - 327s - loss: 0.1967 - x_pred_loss: 0.1669 - z_mean_log_var_loss: 0.0234 - reg_prop_pred_loss: 0.2034 - x_pred_categorical_accuracy: 0.9430 - x_pred_vae_anneal_metric: 0.9900 - val_loss: 1.4645 - val_x_pred_loss: 2.7355 - val_z_mean_log_var_loss: 0.0218 - val_reg_prop_pred_loss: 0.1719 - val_x_pred_categorical_accuracy: 0.8303 - val_x_pred_vae_anneal_metric: 0.9900 - 327s/epoch - 2ms/sample
Current vae annealer weight is 0.9939801464769676
Epoch 40/70
218036/218036 - 326s - loss: 0.1947 - x_pred_loss: 0.1644 - z_mean_log_var_loss: 0.0222 - reg_prop_pred_loss: 0.2028 - x_pred_categorical_accuracy: 0.9439 - x_pred_vae_anneal_metric: 0.9940 - val_loss: 1.4060 - val_x_pred_loss: 2.6241 - val_z_mean_log_var_loss: 0.0194 - val_reg_prop_pred_loss: 0.1686 - val_x_pred_categorical_accuracy: 0.8372 - val_x_pred_vae_anneal_metric: 0.9940 - 326s/epoch - 1ms/sample
Current vae annealer weight is 0.9963787916740549
Epoch 41/70
218036/218036 - 329s - loss: 0.1903 - x_pred_loss: 0.1586 - z_mean_log_var_loss: 0.0194 - reg_prop_pred_loss: 0.2026 - x_pred_categorical_accuracy: 0.9457 - x_pred_vae_anneal_metric: 0.9964 - val_loss: 1.3930 - val_x_pred_loss: 2.5901 - val_z_mean_log_var_loss: 0.0173 - val_reg_prop_pred_loss: 0.1787 - val_x_pred_categorical_accuracy: 0.8393 - val_x_pred_vae_anneal_metric: 0.9964 - 329s/epoch - 2ms/sample
Current vae annealer weight is 0.9978237754533412
Epoch 42/70
218036/218036 - 328s - loss: 0.1897 - x_pred_loss: 0.1586 - z_mean_log_var_loss: 0.0191 - reg_prop_pred_loss: 0.2019 - x_pred_categorical_accuracy: 0.9458 - x_pred_vae_anneal_metric: 0.9978 - val_loss: 1.3998 - val_x_pred_loss: 2.6128 - val_z_mean_log_var_loss: 0.0176 - val_reg_prop_pred_loss: 0.1692 - val_x_pred_categorical_accuracy: 0.8379 - val_x_pred_vae_anneal_metric: 0.9978 - 328s/epoch - 2ms/sample
Current vae annealer weight is 0.998692918557779
Epoch 43/70
218036/218036 - 327s - loss: 0.1895 - x_pred_loss: 0.1591 - z_mean_log_var_loss: 0.0186 - reg_prop_pred_loss: 0.2013 - x_pred_categorical_accuracy: 0.9457 - x_pred_vae_anneal_metric: 0.9987 - val_loss: 1.4124 - val_x_pred_loss: 2.6349 - val_z_mean_log_var_loss: 0.0188 - val_reg_prop_pred_loss: 0.1712 - val_x_pred_categorical_accuracy: 0.8365 - val_x_pred_vae_anneal_metric: 0.9987 - 327s/epoch - 1ms/sample
Current vae annealer weight is 0.9992152152808638
Epoch 44/70
218036/218036 - 328s - loss: 0.1867 - x_pred_loss: 0.1546 - z_mean_log_var_loss: 0.0177 - reg_prop_pred_loss: 0.2011 - x_pred_categorical_accuracy: 0.9472 - x_pred_vae_anneal_metric: 0.9992 - val_loss: 1.3963 - val_x_pred_loss: 2.6062 - val_z_mean_log_var_loss: 0.0172 - val_reg_prop_pred_loss: 0.1692 - val_x_pred_categorical_accuracy: 0.8383 - val_x_pred_vae_anneal_metric: 0.9992 - 328s/epoch - 2ms/sample
Current vae annealer weight is 0.9995289058847296
Epoch 45/70
218036/218036 - 328s - loss: 0.1832 - x_pred_loss: 0.1506 - z_mean_log_var_loss: 0.0162 - reg_prop_pred_loss: 0.1997 - x_pred_categorical_accuracy: 0.9484 - x_pred_vae_anneal_metric: 0.9995 - val_loss: 1.4313 - val_x_pred_loss: 2.6791 - val_z_mean_log_var_loss: 0.0160 - val_reg_prop_pred_loss: 0.1676 - val_x_pred_categorical_accuracy: 0.8338 - val_x_pred_vae_anneal_metric: 0.9995 - 328s/epoch - 2ms/sample
Current vae annealer weight is 0.9997172449786838
Epoch 46/70
218036/218036 - 327s - loss: 0.1883 - x_pred_loss: 0.1579 - z_mean_log_var_loss: 0.0175 - reg_prop_pred_loss: 0.2011 - x_pred_categorical_accuracy: 0.9463 - x_pred_vae_anneal_metric: 0.9997 - val_loss: 1.4146 - val_x_pred_loss: 2.6417 - val_z_mean_log_var_loss: 0.0187 - val_reg_prop_pred_loss: 0.1689 - val_x_pred_categorical_accuracy: 0.8361 - val_x_pred_vae_anneal_metric: 0.9997 - 327s/epoch - 2ms/sample
Current vae annealer weight is 0.9998303006190481
Epoch 47/70
218036/218036 - 330s - loss: 0.1838 - x_pred_loss: 0.1504 - z_mean_log_var_loss: 0.0175 - reg_prop_pred_loss: 0.1997 - x_pred_categorical_accuracy: 0.9486 - x_pred_vae_anneal_metric: 0.9998 - val_loss: 1.3489 - val_x_pred_loss: 2.5169 - val_z_mean_log_var_loss: 0.0154 - val_reg_prop_pred_loss: 0.1654 - val_x_pred_categorical_accuracy: 0.8438 - val_x_pred_vae_anneal_metric: 0.9998 - 330s/epoch - 2ms/sample
Current vae annealer weight is 0.9998981571479052
Epoch 48/70
218036/218036 - 326s - loss: 0.1780 - x_pred_loss: 0.1423 - z_mean_log_var_loss: 0.0148 - reg_prop_pred_loss: 0.1989 - x_pred_categorical_accuracy: 0.9512 - x_pred_vae_anneal_metric: 0.9999 - val_loss: 1.3594 - val_x_pred_loss: 2.5359 - val_z_mean_log_var_loss: 0.0137 - val_reg_prop_pred_loss: 0.1693 - val_x_pred_categorical_accuracy: 0.8427 - val_x_pred_vae_anneal_metric: 0.9999 - 326s/epoch - 1ms/sample
Current vae annealer weight is 0.9999388820100666
Epoch 49/70
218036/218036 - 326s - loss: 0.1775 - x_pred_loss: 0.1426 - z_mean_log_var_loss: 0.0139 - reg_prop_pred_loss: 0.1985 - x_pred_categorical_accuracy: 0.9511 - x_pred_vae_anneal_metric: 0.9999 - val_loss: 1.3795 - val_x_pred_loss: 2.5736 - val_z_mean_log_var_loss: 0.0140 - val_reg_prop_pred_loss: 0.1714 - val_x_pred_categorical_accuracy: 0.8403 - val_x_pred_vae_anneal_metric: 0.9999 - 326s/epoch - 1ms/sample
Current vae annealer weight is 0.9999633224347099
Epoch 50/70
218036/218036 - 328s - loss: 0.1788 - x_pred_loss: 0.1446 - z_mean_log_var_loss: 0.0141 - reg_prop_pred_loss: 0.1989 - x_pred_categorical_accuracy: 0.9505 - x_pred_vae_anneal_metric: 1.0000 - val_loss: 1.4468 - val_x_pred_loss: 2.7029 - val_z_mean_log_var_loss: 0.0162 - val_reg_prop_pred_loss: 0.1746 - val_x_pred_categorical_accuracy: 0.8323 - val_x_pred_vae_anneal_metric: 1.0000 - 328s/epoch - 2ms/sample
Current vae annealer weight is 0.9999779896124086
Epoch 51/70
218036/218036 - 328s - loss: 0.2349 - x_pred_loss: 0.2080 - z_mean_log_var_loss: 0.0166 - reg_prop_pred_loss: 0.2453 - x_pred_categorical_accuracy: 0.9302 - x_pred_vae_anneal_metric: 1.0000 - val_loss: 1.7956 - val_x_pred_loss: 3.3582 - val_z_mean_log_var_loss: 0.0161 - val_reg_prop_pred_loss: 0.2168 - val_x_pred_categorical_accuracy: 0.7916 - val_x_pred_vae_anneal_metric: 1.0000 - 328s/epoch - 2ms/sample
Current vae annealer weight is 0.9999867915354658
Epoch 52/70
218036/218036 - 328s - loss: 0.2240 - x_pred_loss: 0.1984 - z_mean_log_var_loss: 0.0170 - reg_prop_pred_loss: 0.2327 - x_pred_categorical_accuracy: 0.9328 - x_pred_vae_anneal_metric: 1.0000 - val_loss: 1.5066 - val_x_pred_loss: 2.8163 - val_z_mean_log_var_loss: 0.0161 - val_reg_prop_pred_loss: 0.1809 - val_x_pred_categorical_accuracy: 0.8253 - val_x_pred_vae_anneal_metric: 1.0000 - 328s/epoch - 2ms/sample
Current vae annealer weight is 0.999992073609766
Epoch 53/70
218036/218036 - 327s - loss: 0.1964 - x_pred_loss: 0.1638 - z_mean_log_var_loss: 0.0165 - reg_prop_pred_loss: 0.2125 - x_pred_categorical_accuracy: 0.9441 - x_pred_vae_anneal_metric: 1.0000 - val_loss: 1.4110 - val_x_pred_loss: 2.6343 - val_z_mean_log_var_loss: 0.0154 - val_reg_prop_pred_loss: 0.1722 - val_x_pred_categorical_accuracy: 0.8366 - val_x_pred_vae_anneal_metric: 1.0000 - 327s/epoch - 1ms/sample
Current vae annealer weight is 0.9999952433888688
Epoch 54/70
218036/218036 - 327s - loss: 0.1878 - x_pred_loss: 0.1536 - z_mean_log_var_loss: 0.0159 - reg_prop_pred_loss: 0.2060 - x_pred_categorical_accuracy: 0.9476 - x_pred_vae_anneal_metric: 1.0000 - val_loss: 1.3479 - val_x_pred_loss: 2.5108 - val_z_mean_log_var_loss: 0.0151 - val_reg_prop_pred_loss: 0.1699 - val_x_pred_categorical_accuracy: 0.8442 - val_x_pred_vae_anneal_metric: 1.0000 - 327s/epoch - 1ms/sample
Current vae annealer weight is 0.999997145570669
Epoch 55/70
218036/218036 - 328s - loss: 0.1798 - x_pred_loss: 0.1435 - z_mean_log_var_loss: 0.0151 - reg_prop_pred_loss: 0.2010 - x_pred_categorical_accuracy: 0.9509 - x_pred_vae_anneal_metric: 1.0000 - val_loss: 1.3140 - val_x_pred_loss: 2.4468 - val_z_mean_log_var_loss: 0.0139 - val_reg_prop_pred_loss: 0.1673 - val_x_pred_categorical_accuracy: 0.8482 - val_x_pred_vae_anneal_metric: 1.0000 - 328s/epoch - 2ms/sample
Current vae annealer weight is 0.999998287066068
Epoch 56/70
218036/218036 - 327s - loss: 0.1756 - x_pred_loss: 0.1394 - z_mean_log_var_loss: 0.0142 - reg_prop_pred_loss: 0.1977 - x_pred_categorical_accuracy: 0.9523 - x_pred_vae_anneal_metric: 1.0000 - val_loss: 1.3391 - val_x_pred_loss: 2.4984 - val_z_mean_log_var_loss: 0.0132 - val_reg_prop_pred_loss: 0.1665 - val_x_pred_categorical_accuracy: 0.8450 - val_x_pred_vae_anneal_metric: 1.0000 - 327s/epoch - 2ms/sample
Current vae annealer weight is 0.9999989720742833
Epoch 57/70
218036/218036 - 328s - loss: 0.1717 - x_pred_loss: 0.1337 - z_mean_log_var_loss: 0.0135 - reg_prop_pred_loss: 0.1962 - x_pred_categorical_accuracy: 0.9541 - x_pred_vae_anneal_metric: 1.0000 - val_loss: 1.2916 - val_x_pred_loss: 2.4039 - val_z_mean_log_var_loss: 0.0122 - val_reg_prop_pred_loss: 0.1671 - val_x_pred_categorical_accuracy: 0.8509 - val_x_pred_vae_anneal_metric: 1.0000 - 328s/epoch - 2ms/sample
Current vae annealer weight is 0.9999993831455084
Epoch 58/70
218036/218036 - 329s - loss: 0.1705 - x_pred_loss: 0.1327 - z_mean_log_var_loss: 0.0125 - reg_prop_pred_loss: 0.1958 - x_pred_categorical_accuracy: 0.9545 - x_pred_vae_anneal_metric: 1.0000 - val_loss: 1.3256 - val_x_pred_loss: 2.4688 - val_z_mean_log_var_loss: 0.0128 - val_reg_prop_pred_loss: 0.1697 - val_x_pred_categorical_accuracy: 0.8468 - val_x_pred_vae_anneal_metric: 1.0000 - 329s/epoch - 2ms/sample
Current vae annealer weight is 0.9999996298279195
Epoch 59/70
218036/218036 - 329s - loss: 0.1824 - x_pred_loss: 0.1509 - z_mean_log_var_loss: 0.0133 - reg_prop_pred_loss: 0.2005 - x_pred_categorical_accuracy: 0.9486 - x_pred_vae_anneal_metric: 1.0000 - val_loss: 1.5444 - val_x_pred_loss: 2.8930 - val_z_mean_log_var_loss: 0.0155 - val_reg_prop_pred_loss: 0.1803 - val_x_pred_categorical_accuracy: 0.8205 - val_x_pred_vae_anneal_metric: 1.0000 - 329s/epoch - 2ms/sample
Current vae annealer weight is 0.9999997778611365
Epoch 60/70
218036/218036 - 326s - loss: 0.1825 - x_pred_loss: 0.1507 - z_mean_log_var_loss: 0.0166 - reg_prop_pred_loss: 0.1976 - x_pred_categorical_accuracy: 0.9487 - x_pred_vae_anneal_metric: 1.0000 - val_loss: 1.3663 - val_x_pred_loss: 2.5510 - val_z_mean_log_var_loss: 0.0152 - val_reg_prop_pred_loss: 0.1665 - val_x_pred_categorical_accuracy: 0.8417 - val_x_pred_vae_anneal_metric: 1.0000 - 326s/epoch - 1ms/sample
Current vae annealer weight is 0.9999998666953174
Epoch 61/70
218036/218036 - 329s - loss: 0.1717 - x_pred_loss: 0.1326 - z_mean_log_var_loss: 0.0148 - reg_prop_pred_loss: 0.1960 - x_pred_categorical_accuracy: 0.9546 - x_pred_vae_anneal_metric: 1.0000 - val_loss: 1.3027 - val_x_pred_loss: 2.4263 - val_z_mean_log_var_loss: 0.0130 - val_reg_prop_pred_loss: 0.1660 - val_x_pred_categorical_accuracy: 0.8495 - val_x_pred_vae_anneal_metric: 1.0000 - 329s/epoch - 2ms/sample
Current vae annealer weight is 0.9999999200043723
Epoch 62/70
218036/218036 - 329s - loss: 0.1670 - x_pred_loss: 0.1263 - z_mean_log_var_loss: 0.0125 - reg_prop_pred_loss: 0.1953 - x_pred_categorical_accuracy: 0.9566 - x_pred_vae_anneal_metric: 1.0000 - val_loss: 1.3955 - val_x_pred_loss: 2.6095 - val_z_mean_log_var_loss: 0.0117 - val_reg_prop_pred_loss: 0.1698 - val_x_pred_categorical_accuracy: 0.8381 - val_x_pred_vae_anneal_metric: 1.0000 - 329s/epoch - 2ms/sample
Current vae annealer weight is 0.9999999519949324
Epoch 63/70
218036/218036 - 327s - loss: 0.1647 - x_pred_loss: 0.1236 - z_mean_log_var_loss: 0.0114 - reg_prop_pred_loss: 0.1945 - x_pred_categorical_accuracy: 0.9575 - x_pred_vae_anneal_metric: 1.0000 - val_loss: 1.3283 - val_x_pred_loss: 2.4810 - val_z_mean_log_var_loss: 0.0102 - val_reg_prop_pred_loss: 0.1654 - val_x_pred_categorical_accuracy: 0.8461 - val_x_pred_vae_anneal_metric: 1.0000 - 327s/epoch - 1ms/sample
Current vae annealer weight is 0.9999999711923445
Epoch 64/70
218036/218036 - 328s - loss: 0.1664 - x_pred_loss: 0.1264 - z_mean_log_var_loss: 0.0116 - reg_prop_pred_loss: 0.1949 - x_pred_categorical_accuracy: 0.9566 - x_pred_vae_anneal_metric: 1.0000 - val_loss: 1.2484 - val_x_pred_loss: 2.3202 - val_z_mean_log_var_loss: 0.0111 - val_reg_prop_pred_loss: 0.1654 - val_x_pred_categorical_accuracy: 0.8560 - val_x_pred_vae_anneal_metric: 1.0000 - 328s/epoch - 2ms/sample
Current vae annealer weight is 0.9999999827126375
Epoch 65/70
218036/218036 - 328s - loss: 0.1661 - x_pred_loss: 0.1262 - z_mean_log_var_loss: 0.0116 - reg_prop_pred_loss: 0.1945 - x_pred_categorical_accuracy: 0.9568 - x_pred_vae_anneal_metric: 1.0000 - val_loss: 1.4087 - val_x_pred_loss: 2.6339 - val_z_mean_log_var_loss: 0.0125 - val_reg_prop_pred_loss: 0.1710 - val_x_pred_categorical_accuracy: 0.8366 - val_x_pred_vae_anneal_metric: 1.0000 - 328s/epoch - 2ms/sample
Current vae annealer weight is 0.9999999896259207
Epoch 66/70
218036/218036 - 327s - loss: 0.1662 - x_pred_loss: 0.1259 - z_mean_log_var_loss: 0.0126 - reg_prop_pred_loss: 0.1938 - x_pred_categorical_accuracy: 0.9568 - x_pred_vae_anneal_metric: 1.0000 - val_loss: 1.2787 - val_x_pred_loss: 2.3797 - val_z_mean_log_var_loss: 0.0108 - val_reg_prop_pred_loss: 0.1669 - val_x_pred_categorical_accuracy: 0.8524 - val_x_pred_vae_anneal_metric: 1.0000 - 327s/epoch - 2ms/sample
Current vae annealer weight is 0.9999999937745552
Epoch 67/70
218036/218036 - 329s - loss: 0.1623 - x_pred_loss: 0.1207 - z_mean_log_var_loss: 0.0104 - reg_prop_pred_loss: 0.1936 - x_pred_categorical_accuracy: 0.9585 - x_pred_vae_anneal_metric: 1.0000 - val_loss: 1.3851 - val_x_pred_loss: 2.5904 - val_z_mean_log_var_loss: 0.0114 - val_reg_prop_pred_loss: 0.1684 - val_x_pred_categorical_accuracy: 0.8393 - val_x_pred_vae_anneal_metric: 1.0000 - 329s/epoch - 2ms/sample
Current vae annealer weight is 0.9999999962641346
Epoch 68/70
218036/218036 - 328s - loss: 0.1665 - x_pred_loss: 0.1267 - z_mean_log_var_loss: 0.0128 - reg_prop_pred_loss: 0.1934 - x_pred_categorical_accuracy: 0.9566 - x_pred_vae_anneal_metric: 1.0000 - val_loss: 1.2822 - val_x_pred_loss: 2.3873 - val_z_mean_log_var_loss: 0.0118 - val_reg_prop_pred_loss: 0.1655 - val_x_pred_categorical_accuracy: 0.8519 - val_x_pred_vae_anneal_metric: 1.0000 - 328s/epoch - 2ms/sample
Current vae annealer weight is 0.9999999977581218
Epoch 69/70
218036/218036 - 327s - loss: 0.1766 - x_pred_loss: 0.1443 - z_mean_log_var_loss: 0.0134 - reg_prop_pred_loss: 0.1956 - x_pred_categorical_accuracy: 0.9511 - x_pred_vae_anneal_metric: 1.0000 - val_loss: 1.3237 - val_x_pred_loss: 2.4680 - val_z_mean_log_var_loss: 0.0139 - val_reg_prop_pred_loss: 0.1655 - val_x_pred_categorical_accuracy: 0.8469 - val_x_pred_vae_anneal_metric: 1.0000 - 327s/epoch - 1ms/sample
Current vae annealer weight is 0.9999999986546575
Epoch 70/70
218036/218036 - 327s - loss: 0.1702 - x_pred_loss: 0.1303 - z_mean_log_var_loss: 0.0147 - reg_prop_pred_loss: 0.1954 - x_pred_categorical_accuracy: 0.9555 - x_pred_vae_anneal_metric: 1.0000 - val_loss: 1.2694 - val_x_pred_loss: 2.3607 - val_z_mean_log_var_loss: 0.0126 - val_reg_prop_pred_loss: 0.1655 - val_x_pred_categorical_accuracy: 0.8535 - val_x_pred_vae_anneal_metric: 1.0000 - 327s/epoch - 1ms/sample
/home/jp2658/.conda/envs/chemvae_tf2/lib/python3.10/site-packages/keras/src/engine/training.py:3103: UserWarning: You are saving your model as an HDF5 file via `model.save()`. This file format is considered legacy. We recommend using instead the native Keras format, e.g. `model.save('my_model.keras')`.
  saving_api.save_model(
time of run :  22961.53937268257
**FINISHED**
