Using hyper-parameters:
name                      - zinc_prop   
MAX_LEN                   - 100         
data_file                 - ZINC_Michael_data.csv.gz
char_file                 - zinc.json   
encoder_weights_file      - zinc_encoder.h5
decoder_weights_file      - zinc_decoder.h5
prop_pred_weights_file    - zinc_prop_pred.h5
data_normalization_out    - zinc_michael_norm_data.csv
reg_prop_tasks            - ['mulliken_O4', 'pbv_C1', 'lumo']
test_idx_file             - test_idx.npy
history_file              - history.csv 
do_prop_pred              - True        
TRAIN_MODEL               - True        
ENC_DEC_TEST              - False       
PADDING                   - right       
RAND_SEED                 - 42          
epochs                    - 70          
vae_annealer_start        - 29          
dropout_rate_mid          - 0.08283292970479479
anneal_sigmod_slope       - 0.5106654305791392
recurrent_dim             - 488         
hidden_dim                - 196         
tgru_dropout              - 0.19617749608323892
hg_growth_factor          - 1.2281884874932403
middle_layer              - 1           
prop_hidden_dim           - 67          
batch_size                - 182         
prop_pred_depth           - 3           
lr                        - 0.00045619868229310396
prop_pred_dropout         - 0.15694573998898703
prop_growth_factor        - 0.9902834073131418
momentum                  - 0.9902764103622574
verbose_print             - 2           
prop_pred_loss_weight     - 0.25        
rest of parameters are set as default
All params: {'reload_model': False, 'prev_epochs': 0, 'batch_size': 182, 'epochs': 70, 'val_split': 0.1, 'loss': 'categorical_crossentropy', 'batchnorm_conv': True, 'conv_activation': 'tanh', 'conv_depth': 4, 'conv_dim_depth': 8, 'conv_dim_width': 8, 'conv_d_growth_factor': 1.15875438383, 'conv_w_growth_factor': 1.1758149644, 'gru_depth': 4, 'rnn_activation': 'tanh', 'recurrent_dim': 488, 'do_tgru': True, 'terminal_GRU_implementation': 0, 'tgru_dropout': 0.19617749608323892, 'temperature': 1.0, 'hg_growth_factor': 1.2281884874932403, 'hidden_dim': 196, 'middle_layer': 1, 'dropout_rate_mid': 0.08283292970479479, 'batchnorm_mid': True, 'activation': 'tanh', 'lr': 0.00045619868229310396, 'momentum': 0.9902764103622574, 'optim': 'adam', 'vae_annealer_start': 29, 'batchnorm_vae': False, 'vae_activation': 'tanh', 'xent_loss_weight': 1.0, 'kl_loss_weight': 1.0, 'anneal_sigmod_slope': 0.5106654305791392, 'freeze_logvar_layer': False, 'freeze_offset': 1, 'do_prop_pred': True, 'prop_pred_depth': 3, 'prop_hidden_dim': 67, 'prop_growth_factor': 0.9902834073131418, 'prop_pred_activation': 'tanh', 'reg_prop_pred_loss': 'mse', 'logit_prop_pred_loss': 'binary_crossentropy', 'prop_pred_loss_weight': 0.25, 'prop_pred_dropout': 0.15694573998898703, 'prop_batchnorm': True, 'verbose_print': 2, 'name': 'zinc_prop', 'MAX_LEN': 100, 'data_file': 'ZINC_Michael_data.csv.gz', 'char_file': 'zinc.json', 'encoder_weights_file': 'zinc_encoder.h5', 'decoder_weights_file': 'zinc_decoder.h5', 'prop_pred_weights_file': 'zinc_prop_pred.h5', 'data_normalization_out': 'zinc_michael_norm_data.csv', 'reg_prop_tasks': ['mulliken_O4', 'pbv_C1', 'lumo'], 'test_idx_file': 'test_idx.npy', 'history_file': 'history.csv', 'TRAIN_MODEL': True, 'ENC_DEC_TEST': False, 'PADDING': 'right', 'RAND_SEED': 42}
Training set size is 242455
first smiles: " c1cc(oc1)/C=C\C(=O)N2C[C@@H]3C[C@@]3(C2)CO "
total chars: 35
Vectorization...
Total Data size 242455
shape of input vector : {} (218036, 100, 35)
Training set size is (218036, 100, 35), after filtering to max length of 100
Train on 218036 samples, validate on 24388 samples
Current vae annealer weight is 3.701720805095644e-07
Epoch 1/70
/home/jp2658/.conda/envs/chemvae_tf2/lib/python3.10/site-packages/keras/src/engine/training_v1.py:2335: UserWarning: `Model.state_updates` will be removed in a future version. This property should not be used in TensorFlow 2.0, as `updates` are applied automatically.
  updates = self.state_updates
218036/218036 - 423s - loss: 1.1474 - x_pred_loss: 1.1929 - z_mean_log_var_loss: 1.1276 - reg_prop_pred_loss: 1.0110 - x_pred_categorical_accuracy: 0.6385 - x_pred_vae_anneal_metric: 3.7017e-07 - val_loss: 5.5235 - val_x_pred_loss: 7.1432 - val_z_mean_log_var_loss: 1.0843 - val_reg_prop_pred_loss: 0.6643 - val_x_pred_categorical_accuracy: 0.5568 - val_x_pred_vae_anneal_metric: 3.7017e-07 - 423s/epoch - 2ms/sample
Current vae annealer weight is 6.168544915222557e-07
Epoch 2/70
218036/218036 - 433s - loss: 0.7447 - x_pred_loss: 0.7874 - z_mean_log_var_loss: 1.1331 - reg_prop_pred_loss: 0.6166 - x_pred_categorical_accuracy: 0.7594 - x_pred_vae_anneal_metric: 6.1685e-07 - val_loss: 4.9976 - val_x_pred_loss: 6.4935 - val_z_mean_log_var_loss: 1.0012 - val_reg_prop_pred_loss: 0.5097 - val_x_pred_categorical_accuracy: 0.5971 - val_x_pred_vae_anneal_metric: 6.1686e-07 - 433s/epoch - 2ms/sample
Current vae annealer weight is 1.0279257166985964e-06
Epoch 3/70
218036/218036 - 427s - loss: 0.5701 - x_pred_loss: 0.5966 - z_mean_log_var_loss: 1.0348 - reg_prop_pred_loss: 0.4906 - x_pred_categorical_accuracy: 0.8072 - x_pred_vae_anneal_metric: 1.0279e-06 - val_loss: 4.5978 - val_x_pred_loss: 5.9950 - val_z_mean_log_var_loss: 0.9364 - val_reg_prop_pred_loss: 0.4063 - val_x_pred_categorical_accuracy: 0.6281 - val_x_pred_vae_anneal_metric: 1.0279e-06 - 427s/epoch - 2ms/sample
Current vae annealer weight is 1.7129339319420572e-06
Epoch 4/70
218036/218036 - 434s - loss: 0.4654 - x_pred_loss: 0.4831 - z_mean_log_var_loss: 0.9338 - reg_prop_pred_loss: 0.4122 - x_pred_categorical_accuracy: 0.8380 - x_pred_vae_anneal_metric: 1.7129e-06 - val_loss: 4.2528 - val_x_pred_loss: 5.5546 - val_z_mean_log_var_loss: 0.8152 - val_reg_prop_pred_loss: 0.3477 - val_x_pred_categorical_accuracy: 0.6554 - val_x_pred_vae_anneal_metric: 1.7129e-06 - 434s/epoch - 2ms/sample
Current vae annealer weight is 2.854429330962736e-06
Epoch 5/70
218036/218036 - 431s - loss: 0.3991 - x_pred_loss: 0.4080 - z_mean_log_var_loss: 0.8217 - reg_prop_pred_loss: 0.3725 - x_pred_categorical_accuracy: 0.8617 - x_pred_vae_anneal_metric: 2.8545e-06 - val_loss: 3.9306 - val_x_pred_loss: 5.1381 - val_z_mean_log_var_loss: 0.7105 - val_reg_prop_pred_loss: 0.3080 - val_x_pred_categorical_accuracy: 0.6812 - val_x_pred_vae_anneal_metric: 2.8544e-06 - 431s/epoch - 2ms/sample
Current vae annealer weight is 4.756611131108824e-06
Epoch 6/70
218036/218036 - 431s - loss: 0.3500 - x_pred_loss: 0.3507 - z_mean_log_var_loss: 0.7148 - reg_prop_pred_loss: 0.3480 - x_pred_categorical_accuracy: 0.8803 - x_pred_vae_anneal_metric: 4.7566e-06 - val_loss: 3.6532 - val_x_pred_loss: 4.7725 - val_z_mean_log_var_loss: 0.6252 - val_reg_prop_pred_loss: 0.2954 - val_x_pred_categorical_accuracy: 0.7039 - val_x_pred_vae_anneal_metric: 4.7566e-06 - 431s/epoch - 2ms/sample
Current vae annealer weight is 7.926390233964058e-06
Epoch 7/70
218036/218036 - 429s - loss: 0.3156 - x_pred_loss: 0.3100 - z_mean_log_var_loss: 0.6266 - reg_prop_pred_loss: 0.3323 - x_pred_categorical_accuracy: 0.8934 - x_pred_vae_anneal_metric: 7.9265e-06 - val_loss: 3.4580 - val_x_pred_loss: 4.5155 - val_z_mean_log_var_loss: 0.5638 - val_reg_prop_pred_loss: 0.2857 - val_x_pred_categorical_accuracy: 0.7198 - val_x_pred_vae_anneal_metric: 7.9264e-06 - 429s/epoch - 2ms/sample
Current vae annealer weight is 1.3208464534236994e-05
Epoch 8/70
218036/218036 - 369s - loss: 0.2878 - x_pred_loss: 0.2766 - z_mean_log_var_loss: 0.5570 - reg_prop_pred_loss: 0.3211 - x_pred_categorical_accuracy: 0.9045 - x_pred_vae_anneal_metric: 1.3208e-05 - val_loss: 3.3275 - val_x_pred_loss: 4.3452 - val_z_mean_log_var_loss: 0.4931 - val_reg_prop_pred_loss: 0.2744 - val_x_pred_categorical_accuracy: 0.7304 - val_x_pred_vae_anneal_metric: 1.3208e-05 - 369s/epoch - 2ms/sample
Current vae annealer weight is 2.201038759146048e-05
Epoch 9/70
218036/218036 - 369s - loss: 0.2652 - x_pred_loss: 0.2492 - z_mean_log_var_loss: 0.5019 - reg_prop_pred_loss: 0.3129 - x_pred_categorical_accuracy: 0.9138 - x_pred_vae_anneal_metric: 2.2010e-05 - val_loss: 2.9849 - val_x_pred_loss: 3.8905 - val_z_mean_log_var_loss: 0.4535 - val_reg_prop_pred_loss: 0.2681 - val_x_pred_categorical_accuracy: 0.7586 - val_x_pred_vae_anneal_metric: 2.2010e-05 - 369s/epoch - 2ms/sample
Current vae annealer weight is 3.6677565290112376e-05
Epoch 10/70
218036/218036 - 369s - loss: 0.2457 - x_pred_loss: 0.2259 - z_mean_log_var_loss: 0.4510 - reg_prop_pred_loss: 0.3051 - x_pred_categorical_accuracy: 0.9216 - x_pred_vae_anneal_metric: 3.6678e-05 - val_loss: 2.8931 - val_x_pred_loss: 3.7712 - val_z_mean_log_var_loss: 0.4017 - val_reg_prop_pred_loss: 0.2590 - val_x_pred_categorical_accuracy: 0.7660 - val_x_pred_vae_anneal_metric: 3.6678e-05 - 369s/epoch - 2ms/sample
Current vae annealer weight is 6.111798993344653e-05
Epoch 11/70
218036/218036 - 369s - loss: 0.2303 - x_pred_loss: 0.2069 - z_mean_log_var_loss: 0.4087 - reg_prop_pred_loss: 0.3005 - x_pred_categorical_accuracy: 0.9282 - x_pred_vae_anneal_metric: 6.1117e-05 - val_loss: 2.5860 - val_x_pred_loss: 3.3623 - val_z_mean_log_var_loss: 0.3677 - val_reg_prop_pred_loss: 0.2572 - val_x_pred_categorical_accuracy: 0.7914 - val_x_pred_vae_anneal_metric: 6.1118e-05 - 369s/epoch - 2ms/sample
Current vae annealer weight is 0.0001018428520948195
Epoch 12/70
218036/218036 - 369s - loss: 0.2183 - x_pred_loss: 0.1923 - z_mean_log_var_loss: 0.3739 - reg_prop_pred_loss: 0.2960 - x_pred_categorical_accuracy: 0.9332 - x_pred_vae_anneal_metric: 1.0184e-04 - val_loss: 2.4922 - val_x_pred_loss: 3.2372 - val_z_mean_log_var_loss: 0.3373 - val_reg_prop_pred_loss: 0.2570 - val_x_pred_categorical_accuracy: 0.7992 - val_x_pred_vae_anneal_metric: 1.0184e-04 - 369s/epoch - 2ms/sample
Current vae annealer weight is 0.00016969938095202496
Epoch 13/70
218036/218036 - 369s - loss: 0.2082 - x_pred_loss: 0.1802 - z_mean_log_var_loss: 0.3479 - reg_prop_pred_loss: 0.2921 - x_pred_categorical_accuracy: 0.9374 - x_pred_vae_anneal_metric: 1.6970e-04 - val_loss: 2.2896 - val_x_pred_loss: 2.9676 - val_z_mean_log_var_loss: 0.3148 - val_reg_prop_pred_loss: 0.2555 - val_x_pred_categorical_accuracy: 0.8159 - val_x_pred_vae_anneal_metric: 1.6970e-04 - 369s/epoch - 2ms/sample
Current vae annealer weight is 0.00028275502131637844
Epoch 14/70
218036/218036 - 367s - loss: 0.1974 - x_pred_loss: 0.1669 - z_mean_log_var_loss: 0.3218 - reg_prop_pred_loss: 0.2887 - x_pred_categorical_accuracy: 0.9420 - x_pred_vae_anneal_metric: 2.8276e-04 - val_loss: 2.2951 - val_x_pred_loss: 2.9743 - val_z_mean_log_var_loss: 0.2981 - val_reg_prop_pred_loss: 0.2573 - val_x_pred_categorical_accuracy: 0.8155 - val_x_pred_vae_anneal_metric: 2.8275e-04 - 367s/epoch - 2ms/sample
Current vae annealer weight is 0.0004710941152704827
Epoch 15/70
218036/218036 - 370s - loss: 0.1891 - x_pred_loss: 0.1569 - z_mean_log_var_loss: 0.2996 - reg_prop_pred_loss: 0.2852 - x_pred_categorical_accuracy: 0.9454 - x_pred_vae_anneal_metric: 4.7109e-04 - val_loss: 2.0622 - val_x_pred_loss: 2.6672 - val_z_mean_log_var_loss: 0.2737 - val_reg_prop_pred_loss: 0.2469 - val_x_pred_categorical_accuracy: 0.8345 - val_x_pred_vae_anneal_metric: 4.7109e-04 - 370s/epoch - 2ms/sample
Current vae annealer weight is 0.0007847847191363334
Epoch 16/70
218036/218036 - 369s - loss: 0.1806 - x_pred_loss: 0.1462 - z_mean_log_var_loss: 0.2802 - reg_prop_pred_loss: 0.2831 - x_pred_categorical_accuracy: 0.9492 - x_pred_vae_anneal_metric: 7.8480e-04 - val_loss: 1.9457 - val_x_pred_loss: 2.5091 - val_z_mean_log_var_loss: 0.2534 - val_reg_prop_pred_loss: 0.2550 - val_x_pred_categorical_accuracy: 0.8443 - val_x_pred_vae_anneal_metric: 7.8478e-04 - 369s/epoch - 2ms/sample
Current vae annealer weight is 0.0013070814422209435
Epoch 17/70
218036/218036 - 368s - loss: 0.1745 - x_pred_loss: 0.1388 - z_mean_log_var_loss: 0.2602 - reg_prop_pred_loss: 0.2804 - x_pred_categorical_accuracy: 0.9517 - x_pred_vae_anneal_metric: 0.0013 - val_loss: 1.7455 - val_x_pred_loss: 2.2445 - val_z_mean_log_var_loss: 0.2391 - val_reg_prop_pred_loss: 0.2474 - val_x_pred_categorical_accuracy: 0.8607 - val_x_pred_vae_anneal_metric: 0.0013 - 368s/epoch - 2ms/sample
Current vae annealer weight is 0.0021762245466587582
Epoch 18/70
218036/218036 - 369s - loss: 0.1676 - x_pred_loss: 0.1301 - z_mean_log_var_loss: 0.2428 - reg_prop_pred_loss: 0.2786 - x_pred_categorical_accuracy: 0.9548 - x_pred_vae_anneal_metric: 0.0022 - val_loss: 1.7199 - val_x_pred_loss: 2.2129 - val_z_mean_log_var_loss: 0.2257 - val_reg_prop_pred_loss: 0.2393 - val_x_pred_categorical_accuracy: 0.8627 - val_x_pred_vae_anneal_metric: 0.0022 - 369s/epoch - 2ms/sample
Current vae annealer weight is 0.0036212083259452047
Epoch 19/70
218036/218036 - 368s - loss: 0.1641 - x_pred_loss: 0.1257 - z_mean_log_var_loss: 0.2271 - reg_prop_pred_loss: 0.2769 - x_pred_categorical_accuracy: 0.9563 - x_pred_vae_anneal_metric: 0.0036 - val_loss: 1.7411 - val_x_pred_loss: 2.2421 - val_z_mean_log_var_loss: 0.2143 - val_reg_prop_pred_loss: 0.2358 - val_x_pred_categorical_accuracy: 0.8609 - val_x_pred_vae_anneal_metric: 0.0036 - 368s/epoch - 2ms/sample
Current vae annealer weight is 0.0060198535230323105
Epoch 20/70
218036/218036 - 369s - loss: 0.1576 - x_pred_loss: 0.1171 - z_mean_log_var_loss: 0.2096 - reg_prop_pred_loss: 0.2757 - x_pred_categorical_accuracy: 0.9593 - x_pred_vae_anneal_metric: 0.0060 - val_loss: 1.5817 - val_x_pred_loss: 2.0300 - val_z_mean_log_var_loss: 0.1875 - val_reg_prop_pred_loss: 0.2336 - val_x_pred_categorical_accuracy: 0.8741 - val_x_pred_vae_anneal_metric: 0.0060 - 369s/epoch - 2ms/sample
Current vae annealer weight is 0.009991400314210233
Epoch 21/70
218036/218036 - 369s - loss: 0.1515 - x_pred_loss: 0.1093 - z_mean_log_var_loss: 0.1837 - reg_prop_pred_loss: 0.2725 - x_pred_categorical_accuracy: 0.9621 - x_pred_vae_anneal_metric: 0.0100 - val_loss: 1.4802 - val_x_pred_loss: 1.8883 - val_z_mean_log_var_loss: 0.1645 - val_reg_prop_pred_loss: 0.2507 - val_x_pred_categorical_accuracy: 0.8828 - val_x_pred_vae_anneal_metric: 0.0100 - 369s/epoch - 2ms/sample
Current vae annealer weight is 0.016539541808615513
Epoch 22/70
218036/218036 - 368s - loss: 0.1508 - x_pred_loss: 0.1073 - z_mean_log_var_loss: 0.1593 - reg_prop_pred_loss: 0.2733 - x_pred_categorical_accuracy: 0.9628 - x_pred_vae_anneal_metric: 0.0165 - val_loss: 1.3533 - val_x_pred_loss: 1.7233 - val_z_mean_log_var_loss: 0.1420 - val_reg_prop_pred_loss: 0.2360 - val_x_pred_categorical_accuracy: 0.8931 - val_x_pred_vae_anneal_metric: 0.0165 - 368s/epoch - 2ms/sample
Current vae annealer weight is 0.02726101803792773
Epoch 23/70
218036/218036 - 368s - loss: 0.1461 - x_pred_loss: 0.1010 - z_mean_log_var_loss: 0.1328 - reg_prop_pred_loss: 0.2706 - x_pred_categorical_accuracy: 0.9649 - x_pred_vae_anneal_metric: 0.0273 - val_loss: 1.4301 - val_x_pred_loss: 1.7949 - val_z_mean_log_var_loss: 0.1207 - val_reg_prop_pred_loss: 0.3259 - val_x_pred_categorical_accuracy: 0.8886 - val_x_pred_vae_anneal_metric: 0.0273 - 368s/epoch - 2ms/sample
Current vae annealer weight is 0.04461720338803846
Epoch 24/70
218036/218036 - 365s - loss: 0.1442 - x_pred_loss: 0.0970 - z_mean_log_var_loss: 0.1119 - reg_prop_pred_loss: 0.2705 - x_pred_categorical_accuracy: 0.9664 - x_pred_vae_anneal_metric: 0.0446 - val_loss: 1.3238 - val_x_pred_loss: 1.6833 - val_z_mean_log_var_loss: 0.0992 - val_reg_prop_pred_loss: 0.2319 - val_x_pred_categorical_accuracy: 0.8956 - val_x_pred_vae_anneal_metric: 0.0446 - 365s/epoch - 2ms/sample
Current vae annealer weight is 0.07220328200576367
Epoch 25/70
218036/218036 - 369s - loss: 0.1486 - x_pred_loss: 0.1004 - z_mean_log_var_loss: 0.1016 - reg_prop_pred_loss: 0.2713 - x_pred_categorical_accuracy: 0.9653 - x_pred_vae_anneal_metric: 0.0722 - val_loss: 1.5653 - val_x_pred_loss: 2.0008 - val_z_mean_log_var_loss: 0.0952 - val_reg_prop_pred_loss: 0.2382 - val_x_pred_categorical_accuracy: 0.8759 - val_x_pred_vae_anneal_metric: 0.0722 - 369s/epoch - 2ms/sample
Current vae annealer weight is 0.11479597607205051
Epoch 26/70
218036/218036 - 370s - loss: 0.1494 - x_pred_loss: 0.0982 - z_mean_log_var_loss: 0.0972 - reg_prop_pred_loss: 0.2696 - x_pred_categorical_accuracy: 0.9660 - x_pred_vae_anneal_metric: 0.1148 - val_loss: 1.2302 - val_x_pred_loss: 1.5522 - val_z_mean_log_var_loss: 0.0845 - val_reg_prop_pred_loss: 0.2351 - val_x_pred_categorical_accuracy: 0.9037 - val_x_pred_vae_anneal_metric: 0.1148 - 370s/epoch - 2ms/sample
Current vae annealer weight is 0.17770179221364119
Epoch 27/70
218036/218036 - 370s - loss: 0.1516 - x_pred_loss: 0.0969 - z_mean_log_var_loss: 0.0898 - reg_prop_pred_loss: 0.2677 - x_pred_categorical_accuracy: 0.9665 - x_pred_vae_anneal_metric: 0.1777 - val_loss: 1.2150 - val_x_pred_loss: 1.5295 - val_z_mean_log_var_loss: 0.0800 - val_reg_prop_pred_loss: 0.2291 - val_x_pred_categorical_accuracy: 0.9051 - val_x_pred_vae_anneal_metric: 0.1777 - 370s/epoch - 2ms/sample
Current vae annealer weight is 0.26476824599321086
Epoch 28/70
218036/218036 - 369s - loss: 0.1604 - x_pred_loss: 0.1025 - z_mean_log_var_loss: 0.0838 - reg_prop_pred_loss: 0.2675 - x_pred_categorical_accuracy: 0.9645 - x_pred_vae_anneal_metric: 0.2648 - val_loss: 1.2175 - val_x_pred_loss: 1.5229 - val_z_mean_log_var_loss: 0.0716 - val_reg_prop_pred_loss: 0.2443 - val_x_pred_categorical_accuracy: 0.9055 - val_x_pred_vae_anneal_metric: 0.2648 - 369s/epoch - 2ms/sample
Current vae annealer weight is 0.3750375460299153
Epoch 29/70
218036/218036 - 368s - loss: 0.1682 - x_pred_loss: 0.1063 - z_mean_log_var_loss: 0.0749 - reg_prop_pred_loss: 0.2699 - x_pred_categorical_accuracy: 0.9633 - x_pred_vae_anneal_metric: 0.3750 - val_loss: 1.2228 - val_x_pred_loss: 1.5301 - val_z_mean_log_var_loss: 0.0650 - val_reg_prop_pred_loss: 0.2277 - val_x_pred_categorical_accuracy: 0.9051 - val_x_pred_vae_anneal_metric: 0.3750 - 368s/epoch - 2ms/sample
Current vae annealer weight is 0.5
Epoch 30/70
218036/218036 - 371s - loss: 0.1760 - x_pred_loss: 0.1112 - z_mean_log_var_loss: 0.0667 - reg_prop_pred_loss: 0.2704 - x_pred_categorical_accuracy: 0.9617 - x_pred_vae_anneal_metric: 0.5000 - val_loss: 1.7265 - val_x_pred_loss: 2.1324 - val_z_mean_log_var_loss: 0.0627 - val_reg_prop_pred_loss: 0.4147 - val_x_pred_categorical_accuracy: 0.8677 - val_x_pred_vae_anneal_metric: 0.5000 - 371s/epoch - 2ms/sample
Current vae annealer weight is 0.6249624539700847
Epoch 31/70
218036/218036 - 369s - loss: 0.1891 - x_pred_loss: 0.1217 - z_mean_log_var_loss: 0.0632 - reg_prop_pred_loss: 0.2729 - x_pred_categorical_accuracy: 0.9580 - x_pred_vae_anneal_metric: 0.6250 - val_loss: 1.3308 - val_x_pred_loss: 1.6646 - val_z_mean_log_var_loss: 0.0508 - val_reg_prop_pred_loss: 0.2342 - val_x_pred_categorical_accuracy: 0.8967 - val_x_pred_vae_anneal_metric: 0.6250 - 369s/epoch - 2ms/sample
Current vae annealer weight is 0.7352317540067891
Epoch 32/70
218036/218036 - 369s - loss: 0.1789 - x_pred_loss: 0.1121 - z_mean_log_var_loss: 0.0507 - reg_prop_pred_loss: 0.2673 - x_pred_categorical_accuracy: 0.9613 - x_pred_vae_anneal_metric: 0.7352 - val_loss: 1.2448 - val_x_pred_loss: 1.5511 - val_z_mean_log_var_loss: 0.0440 - val_reg_prop_pred_loss: 0.2287 - val_x_pred_categorical_accuracy: 0.9038 - val_x_pred_vae_anneal_metric: 0.7352 - 369s/epoch - 2ms/sample
Current vae annealer weight is 0.8222982077863588
Epoch 33/70
218036/218036 - 371s - loss: 0.1784 - x_pred_loss: 0.1131 - z_mean_log_var_loss: 0.0435 - reg_prop_pred_loss: 0.2670 - x_pred_categorical_accuracy: 0.9609 - x_pred_vae_anneal_metric: 0.8223 - val_loss: 1.4074 - val_x_pred_loss: 1.7559 - val_z_mean_log_var_loss: 0.0388 - val_reg_prop_pred_loss: 0.2661 - val_x_pred_categorical_accuracy: 0.8911 - val_x_pred_vae_anneal_metric: 0.8223 - 371s/epoch - 2ms/sample
Current vae annealer weight is 0.8852040239279495
Epoch 34/70
218036/218036 - 369s - loss: 0.1792 - x_pred_loss: 0.1156 - z_mean_log_var_loss: 0.0386 - reg_prop_pred_loss: 0.2673 - x_pred_categorical_accuracy: 0.9601 - x_pred_vae_anneal_metric: 0.8852 - val_loss: 1.3070 - val_x_pred_loss: 1.6374 - val_z_mean_log_var_loss: 0.0331 - val_reg_prop_pred_loss: 0.2278 - val_x_pred_categorical_accuracy: 0.8984 - val_x_pred_vae_anneal_metric: 0.8852 - 369s/epoch - 2ms/sample
Current vae annealer weight is 0.9277967179942364
Epoch 35/70
218036/218036 - 369s - loss: 0.1777 - x_pred_loss: 0.1145 - z_mean_log_var_loss: 0.0353 - reg_prop_pred_loss: 0.2689 - x_pred_categorical_accuracy: 0.9606 - x_pred_vae_anneal_metric: 0.9278 - val_loss: 1.2965 - val_x_pred_loss: 1.6248 - val_z_mean_log_var_loss: 0.0303 - val_reg_prop_pred_loss: 0.2272 - val_x_pred_categorical_accuracy: 0.8992 - val_x_pred_vae_anneal_metric: 0.9278 - 369s/epoch - 2ms/sample
Current vae annealer weight is 0.9553827966119615
Epoch 36/70
218036/218036 - 370s - loss: 0.1719 - x_pred_loss: 0.1109 - z_mean_log_var_loss: 0.0304 - reg_prop_pred_loss: 0.2678 - x_pred_categorical_accuracy: 0.9617 - x_pred_vae_anneal_metric: 0.9554 - val_loss: 1.2595 - val_x_pred_loss: 1.5747 - val_z_mean_log_var_loss: 0.0292 - val_reg_prop_pred_loss: 0.2299 - val_x_pred_categorical_accuracy: 0.9023 - val_x_pred_vae_anneal_metric: 0.9554 - 370s/epoch - 2ms/sample
Current vae annealer weight is 0.9727389819620722
Epoch 37/70
218036/218036 - 370s - loss: 0.1589 - x_pred_loss: 0.0986 - z_mean_log_var_loss: 0.0263 - reg_prop_pred_loss: 0.2630 - x_pred_categorical_accuracy: 0.9659 - x_pred_vae_anneal_metric: 0.9727 - val_loss: 1.3242 - val_x_pred_loss: 1.6665 - val_z_mean_log_var_loss: 0.0227 - val_reg_prop_pred_loss: 0.2310 - val_x_pred_categorical_accuracy: 0.8966 - val_x_pred_vae_anneal_metric: 0.9727 - 370s/epoch - 2ms/sample
Current vae annealer weight is 0.9834604581913845
Epoch 38/70
218036/218036 - 371s - loss: 0.1525 - x_pred_loss: 0.0940 - z_mean_log_var_loss: 0.0221 - reg_prop_pred_loss: 0.2629 - x_pred_categorical_accuracy: 0.9674 - x_pred_vae_anneal_metric: 0.9835 - val_loss: 1.4237 - val_x_pred_loss: 1.8007 - val_z_mean_log_var_loss: 0.0203 - val_reg_prop_pred_loss: 0.2331 - val_x_pred_categorical_accuracy: 0.8883 - val_x_pred_vae_anneal_metric: 0.9835 - 371s/epoch - 2ms/sample
Current vae annealer weight is 0.9900085996857898
Epoch 39/70
218036/218036 - 369s - loss: 0.1486 - x_pred_loss: 0.0909 - z_mean_log_var_loss: 0.0201 - reg_prop_pred_loss: 0.2620 - x_pred_categorical_accuracy: 0.9686 - x_pred_vae_anneal_metric: 0.9900 - val_loss: 1.2848 - val_x_pred_loss: 1.6184 - val_z_mean_log_var_loss: 0.0191 - val_reg_prop_pred_loss: 0.2273 - val_x_pred_categorical_accuracy: 0.8996 - val_x_pred_vae_anneal_metric: 0.9900 - 369s/epoch - 2ms/sample
Current vae annealer weight is 0.9939801464769676
Epoch 40/70
218036/218036 - 370s - loss: 0.1458 - x_pred_loss: 0.0887 - z_mean_log_var_loss: 0.0189 - reg_prop_pred_loss: 0.2606 - x_pred_categorical_accuracy: 0.9694 - x_pred_vae_anneal_metric: 0.9940 - val_loss: 1.4235 - val_x_pred_loss: 1.7991 - val_z_mean_log_var_loss: 0.0189 - val_reg_prop_pred_loss: 0.2404 - val_x_pred_categorical_accuracy: 0.8884 - val_x_pred_vae_anneal_metric: 0.9940 - 370s/epoch - 2ms/sample
Current vae annealer weight is 0.9963787916740549
Epoch 41/70
218036/218036 - 369s - loss: 0.1416 - x_pred_loss: 0.0845 - z_mean_log_var_loss: 0.0176 - reg_prop_pred_loss: 0.2603 - x_pred_categorical_accuracy: 0.9708 - x_pred_vae_anneal_metric: 0.9964 - val_loss: 1.2081 - val_x_pred_loss: 1.5215 - val_z_mean_log_var_loss: 0.0161 - val_reg_prop_pred_loss: 0.2198 - val_x_pred_categorical_accuracy: 0.9056 - val_x_pred_vae_anneal_metric: 0.9964 - 369s/epoch - 2ms/sample
Current vae annealer weight is 0.9978237754533412
Epoch 42/70
218036/218036 - 370s - loss: 0.1389 - x_pred_loss: 0.0820 - z_mean_log_var_loss: 0.0167 - reg_prop_pred_loss: 0.2598 - x_pred_categorical_accuracy: 0.9718 - x_pred_vae_anneal_metric: 0.9978 - val_loss: 1.1787 - val_x_pred_loss: 1.4806 - val_z_mean_log_var_loss: 0.0149 - val_reg_prop_pred_loss: 0.2282 - val_x_pred_categorical_accuracy: 0.9081 - val_x_pred_vae_anneal_metric: 0.9978 - 370s/epoch - 2ms/sample
Current vae annealer weight is 0.998692918557779
Epoch 43/70
218036/218036 - 369s - loss: 0.1344 - x_pred_loss: 0.0779 - z_mean_log_var_loss: 0.0152 - reg_prop_pred_loss: 0.2585 - x_pred_categorical_accuracy: 0.9732 - x_pred_vae_anneal_metric: 0.9987 - val_loss: 1.2270 - val_x_pred_loss: 1.5423 - val_z_mean_log_var_loss: 0.0148 - val_reg_prop_pred_loss: 0.2369 - val_x_pred_categorical_accuracy: 0.9043 - val_x_pred_vae_anneal_metric: 0.9987 - 369s/epoch - 2ms/sample
Current vae annealer weight is 0.9992152152808638
Epoch 44/70
218036/218036 - 369s - loss: 0.1324 - x_pred_loss: 0.0759 - z_mean_log_var_loss: 0.0146 - reg_prop_pred_loss: 0.2580 - x_pred_categorical_accuracy: 0.9739 - x_pred_vae_anneal_metric: 0.9992 - val_loss: 1.2612 - val_x_pred_loss: 1.5930 - val_z_mean_log_var_loss: 0.0141 - val_reg_prop_pred_loss: 0.2235 - val_x_pred_categorical_accuracy: 0.9012 - val_x_pred_vae_anneal_metric: 0.9992 - 369s/epoch - 2ms/sample
Current vae annealer weight is 0.9995289058847296
Epoch 45/70
218036/218036 - 371s - loss: 0.1301 - x_pred_loss: 0.0739 - z_mean_log_var_loss: 0.0141 - reg_prop_pred_loss: 0.2565 - x_pred_categorical_accuracy: 0.9745 - x_pred_vae_anneal_metric: 0.9995 - val_loss: 1.1762 - val_x_pred_loss: 1.4805 - val_z_mean_log_var_loss: 0.0132 - val_reg_prop_pred_loss: 0.2236 - val_x_pred_categorical_accuracy: 0.9081 - val_x_pred_vae_anneal_metric: 0.9995 - 371s/epoch - 2ms/sample
Current vae annealer weight is 0.9997172449786838
Epoch 46/70
218036/218036 - 369s - loss: 0.1287 - x_pred_loss: 0.0726 - z_mean_log_var_loss: 0.0137 - reg_prop_pred_loss: 0.2561 - x_pred_categorical_accuracy: 0.9750 - x_pred_vae_anneal_metric: 0.9997 - val_loss: 1.1030 - val_x_pred_loss: 1.3838 - val_z_mean_log_var_loss: 0.0133 - val_reg_prop_pred_loss: 0.2205 - val_x_pred_categorical_accuracy: 0.9141 - val_x_pred_vae_anneal_metric: 0.9997 - 369s/epoch - 2ms/sample
Current vae annealer weight is 0.9998303006190481
Epoch 47/70
218036/218036 - 368s - loss: 0.1387 - x_pred_loss: 0.0837 - z_mean_log_var_loss: 0.0150 - reg_prop_pred_loss: 0.2589 - x_pred_categorical_accuracy: 0.9714 - x_pred_vae_anneal_metric: 0.9998 - val_loss: 1.1983 - val_x_pred_loss: 1.5026 - val_z_mean_log_var_loss: 0.0167 - val_reg_prop_pred_loss: 0.2353 - val_x_pred_categorical_accuracy: 0.9068 - val_x_pred_vae_anneal_metric: 0.9998 - 368s/epoch - 2ms/sample
Current vae annealer weight is 0.9998981571479052
Epoch 48/70
218036/218036 - 369s - loss: 0.1303 - x_pred_loss: 0.0735 - z_mean_log_var_loss: 0.0152 - reg_prop_pred_loss: 0.2549 - x_pred_categorical_accuracy: 0.9748 - x_pred_vae_anneal_metric: 0.9999 - val_loss: 1.0705 - val_x_pred_loss: 1.3365 - val_z_mean_log_var_loss: 0.0137 - val_reg_prop_pred_loss: 0.2317 - val_x_pred_categorical_accuracy: 0.9171 - val_x_pred_vae_anneal_metric: 0.9999 - 369s/epoch - 2ms/sample
Current vae annealer weight is 0.9999388820100666
Epoch 49/70
218036/218036 - 369s - loss: 0.1252 - x_pred_loss: 0.0692 - z_mean_log_var_loss: 0.0132 - reg_prop_pred_loss: 0.2538 - x_pred_categorical_accuracy: 0.9762 - x_pred_vae_anneal_metric: 0.9999 - val_loss: 1.1167 - val_x_pred_loss: 1.3971 - val_z_mean_log_var_loss: 0.0127 - val_reg_prop_pred_loss: 0.2372 - val_x_pred_categorical_accuracy: 0.9133 - val_x_pred_vae_anneal_metric: 0.9999 - 369s/epoch - 2ms/sample
Current vae annealer weight is 0.9999633224347099
Epoch 50/70
218036/218036 - 369s - loss: 0.1222 - x_pred_loss: 0.0662 - z_mean_log_var_loss: 0.0122 - reg_prop_pred_loss: 0.2536 - x_pred_categorical_accuracy: 0.9772 - x_pred_vae_anneal_metric: 1.0000 - val_loss: 1.0959 - val_x_pred_loss: 1.3738 - val_z_mean_log_var_loss: 0.0118 - val_reg_prop_pred_loss: 0.2269 - val_x_pred_categorical_accuracy: 0.9148 - val_x_pred_vae_anneal_metric: 1.0000 - 369s/epoch - 2ms/sample
Current vae annealer weight is 0.9999779896124086
Epoch 51/70
218036/218036 - 370s - loss: 0.1217 - x_pred_loss: 0.0661 - z_mean_log_var_loss: 0.0120 - reg_prop_pred_loss: 0.2525 - x_pred_categorical_accuracy: 0.9772 - x_pred_vae_anneal_metric: 1.0000 - val_loss: 1.0543 - val_x_pred_loss: 1.3220 - val_z_mean_log_var_loss: 0.0116 - val_reg_prop_pred_loss: 0.2162 - val_x_pred_categorical_accuracy: 0.9180 - val_x_pred_vae_anneal_metric: 1.0000 - 370s/epoch - 2ms/sample
Current vae annealer weight is 0.9999867915354658
Epoch 52/70
218036/218036 - 370s - loss: 0.1200 - x_pred_loss: 0.0639 - z_mean_log_var_loss: 0.0120 - reg_prop_pred_loss: 0.2523 - x_pred_categorical_accuracy: 0.9780 - x_pred_vae_anneal_metric: 1.0000 - val_loss: 1.2045 - val_x_pred_loss: 1.5221 - val_z_mean_log_var_loss: 0.0117 - val_reg_prop_pred_loss: 0.2168 - val_x_pred_categorical_accuracy: 0.9056 - val_x_pred_vae_anneal_metric: 1.0000 - 370s/epoch - 2ms/sample
Current vae annealer weight is 0.999992073609766
Epoch 53/70
218036/218036 - 368s - loss: 0.1220 - x_pred_loss: 0.0659 - z_mean_log_var_loss: 0.0125 - reg_prop_pred_loss: 0.2526 - x_pred_categorical_accuracy: 0.9774 - x_pred_vae_anneal_metric: 1.0000 - val_loss: 1.0524 - val_x_pred_loss: 1.3189 - val_z_mean_log_var_loss: 0.0125 - val_reg_prop_pred_loss: 0.2153 - val_x_pred_categorical_accuracy: 0.9182 - val_x_pred_vae_anneal_metric: 1.0000 - 368s/epoch - 2ms/sample
Current vae annealer weight is 0.9999952433888688
Epoch 54/70
218036/218036 - 370s - loss: 0.1169 - x_pred_loss: 0.0608 - z_mean_log_var_loss: 0.0116 - reg_prop_pred_loss: 0.2505 - x_pred_categorical_accuracy: 0.9791 - x_pred_vae_anneal_metric: 1.0000 - val_loss: 0.9388 - val_x_pred_loss: 1.1698 - val_z_mean_log_var_loss: 0.0107 - val_reg_prop_pred_loss: 0.2139 - val_x_pred_categorical_accuracy: 0.9274 - val_x_pred_vae_anneal_metric: 1.0000 - 370s/epoch - 2ms/sample
Current vae annealer weight is 0.999997145570669
Epoch 55/70
218036/218036 - 371s - loss: 0.1160 - x_pred_loss: 0.0601 - z_mean_log_var_loss: 0.0111 - reg_prop_pred_loss: 0.2504 - x_pred_categorical_accuracy: 0.9793 - x_pred_vae_anneal_metric: 1.0000 - val_loss: 1.0207 - val_x_pred_loss: 1.2681 - val_z_mean_log_var_loss: 0.0107 - val_reg_prop_pred_loss: 0.2463 - val_x_pred_categorical_accuracy: 0.9213 - val_x_pred_vae_anneal_metric: 1.0000 - 371s/epoch - 2ms/sample
Current vae annealer weight is 0.999998287066068
Epoch 56/70
218036/218036 - 370s - loss: 0.1144 - x_pred_loss: 0.0584 - z_mean_log_var_loss: 0.0109 - reg_prop_pred_loss: 0.2497 - x_pred_categorical_accuracy: 0.9800 - x_pred_vae_anneal_metric: 1.0000 - val_loss: 1.0586 - val_x_pred_loss: 1.3268 - val_z_mean_log_var_loss: 0.0105 - val_reg_prop_pred_loss: 0.2224 - val_x_pred_categorical_accuracy: 0.9177 - val_x_pred_vae_anneal_metric: 1.0000 - 370s/epoch - 2ms/sample
Current vae annealer weight is 0.9999989720742833
Epoch 57/70
218036/218036 - 368s - loss: 0.1174 - x_pred_loss: 0.0621 - z_mean_log_var_loss: 0.0113 - reg_prop_pred_loss: 0.2496 - x_pred_categorical_accuracy: 0.9787 - x_pred_vae_anneal_metric: 1.0000 - val_loss: 0.9885 - val_x_pred_loss: 1.2354 - val_z_mean_log_var_loss: 0.0110 - val_reg_prop_pred_loss: 0.2146 - val_x_pred_categorical_accuracy: 0.9234 - val_x_pred_vae_anneal_metric: 1.0000 - 368s/epoch - 2ms/sample
Current vae annealer weight is 0.9999993831455084
Epoch 58/70
218036/218036 - 368s - loss: 0.1120 - x_pred_loss: 0.0559 - z_mean_log_var_loss: 0.0106 - reg_prop_pred_loss: 0.2489 - x_pred_categorical_accuracy: 0.9809 - x_pred_vae_anneal_metric: 1.0000 - val_loss: 1.0364 - val_x_pred_loss: 1.3000 - val_z_mean_log_var_loss: 0.0104 - val_reg_prop_pred_loss: 0.2144 - val_x_pred_categorical_accuracy: 0.9193 - val_x_pred_vae_anneal_metric: 1.0000 - 368s/epoch - 2ms/sample
Current vae annealer weight is 0.9999996298279195
Epoch 59/70
218036/218036 - 372s - loss: 0.1140 - x_pred_loss: 0.0582 - z_mean_log_var_loss: 0.0111 - reg_prop_pred_loss: 0.2480 - x_pred_categorical_accuracy: 0.9802 - x_pred_vae_anneal_metric: 1.0000 - val_loss: 1.0019 - val_x_pred_loss: 1.2537 - val_z_mean_log_var_loss: 0.0105 - val_reg_prop_pred_loss: 0.2150 - val_x_pred_categorical_accuracy: 0.9222 - val_x_pred_vae_anneal_metric: 1.0000 - 372s/epoch - 2ms/sample
Current vae annealer weight is 0.9999997778611365
Epoch 60/70
218036/218036 - 368s - loss: 0.1111 - x_pred_loss: 0.0552 - z_mean_log_var_loss: 0.0104 - reg_prop_pred_loss: 0.2475 - x_pred_categorical_accuracy: 0.9811 - x_pred_vae_anneal_metric: 1.0000 - val_loss: 0.9655 - val_x_pred_loss: 1.2068 - val_z_mean_log_var_loss: 0.0099 - val_reg_prop_pred_loss: 0.2120 - val_x_pred_categorical_accuracy: 0.9251 - val_x_pred_vae_anneal_metric: 1.0000 - 368s/epoch - 2ms/sample
Current vae annealer weight is 0.9999998666953174
Epoch 61/70
218036/218036 - 370s - loss: 0.1102 - x_pred_loss: 0.0547 - z_mean_log_var_loss: 0.0101 - reg_prop_pred_loss: 0.2463 - x_pred_categorical_accuracy: 0.9813 - x_pred_vae_anneal_metric: 1.0000 - val_loss: 0.9597 - val_x_pred_loss: 1.1965 - val_z_mean_log_var_loss: 0.0100 - val_reg_prop_pred_loss: 0.2194 - val_x_pred_categorical_accuracy: 0.9258 - val_x_pred_vae_anneal_metric: 1.0000 - 370s/epoch - 2ms/sample
Current vae annealer weight is 0.9999999200043723
Epoch 62/70
218036/218036 - 369s - loss: 0.1092 - x_pred_loss: 0.0530 - z_mean_log_var_loss: 0.0101 - reg_prop_pred_loss: 0.2474 - x_pred_categorical_accuracy: 0.9819 - x_pred_vae_anneal_metric: 1.0000 - val_loss: 0.9601 - val_x_pred_loss: 1.1940 - val_z_mean_log_var_loss: 0.0098 - val_reg_prop_pred_loss: 0.2289 - val_x_pred_categorical_accuracy: 0.9259 - val_x_pred_vae_anneal_metric: 1.0000 - 369s/epoch - 2ms/sample
Current vae annealer weight is 0.9999999519949324
Epoch 63/70
218036/218036 - 368s - loss: 0.1101 - x_pred_loss: 0.0546 - z_mean_log_var_loss: 0.0102 - reg_prop_pred_loss: 0.2462 - x_pred_categorical_accuracy: 0.9814 - x_pred_vae_anneal_metric: 1.0000 - val_loss: 0.9104 - val_x_pred_loss: 1.1317 - val_z_mean_log_var_loss: 0.0100 - val_reg_prop_pred_loss: 0.2166 - val_x_pred_categorical_accuracy: 0.9298 - val_x_pred_vae_anneal_metric: 1.0000 - 368s/epoch - 2ms/sample
Current vae annealer weight is 0.9999999711923445
Epoch 64/70
218036/218036 - 370s - loss: 0.1084 - x_pred_loss: 0.0528 - z_mean_log_var_loss: 0.0100 - reg_prop_pred_loss: 0.2452 - x_pred_categorical_accuracy: 0.9819 - x_pred_vae_anneal_metric: 1.0000 - val_loss: 0.9462 - val_x_pred_loss: 1.1820 - val_z_mean_log_var_loss: 0.0095 - val_reg_prop_pred_loss: 0.2104 - val_x_pred_categorical_accuracy: 0.9267 - val_x_pred_vae_anneal_metric: 1.0000 - 370s/epoch - 2ms/sample
Current vae annealer weight is 0.9999999827126375
Epoch 65/70
218036/218036 - 370s - loss: 0.1082 - x_pred_loss: 0.0527 - z_mean_log_var_loss: 0.0098 - reg_prop_pred_loss: 0.2450 - x_pred_categorical_accuracy: 0.9820 - x_pred_vae_anneal_metric: 1.0000 - val_loss: 0.9225 - val_x_pred_loss: 1.1500 - val_z_mean_log_var_loss: 0.0100 - val_reg_prop_pred_loss: 0.2100 - val_x_pred_categorical_accuracy: 0.9287 - val_x_pred_vae_anneal_metric: 1.0000 - 370s/epoch - 2ms/sample
Current vae annealer weight is 0.9999999896259207
Epoch 66/70
218036/218036 - 370s - loss: 0.1083 - x_pred_loss: 0.0526 - z_mean_log_var_loss: 0.0103 - reg_prop_pred_loss: 0.2443 - x_pred_categorical_accuracy: 0.9821 - x_pred_vae_anneal_metric: 1.0000 - val_loss: 0.8747 - val_x_pred_loss: 1.0868 - val_z_mean_log_var_loss: 0.0095 - val_reg_prop_pred_loss: 0.2101 - val_x_pred_categorical_accuracy: 0.9326 - val_x_pred_vae_anneal_metric: 1.0000 - 370s/epoch - 2ms/sample
Current vae annealer weight is 0.9999999937745552
Epoch 67/70
218036/218036 - 369s - loss: 0.1059 - x_pred_loss: 0.0502 - z_mean_log_var_loss: 0.0095 - reg_prop_pred_loss: 0.2446 - x_pred_categorical_accuracy: 0.9829 - x_pred_vae_anneal_metric: 1.0000 - val_loss: 0.9313 - val_x_pred_loss: 1.1582 - val_z_mean_log_var_loss: 0.0092 - val_reg_prop_pred_loss: 0.2229 - val_x_pred_categorical_accuracy: 0.9281 - val_x_pred_vae_anneal_metric: 1.0000 - 369s/epoch - 2ms/sample
Current vae annealer weight is 0.9999999962641346
Epoch 68/70
218036/218036 - 367s - loss: 0.1054 - x_pred_loss: 0.0498 - z_mean_log_var_loss: 0.0095 - reg_prop_pred_loss: 0.2435 - x_pred_categorical_accuracy: 0.9830 - x_pred_vae_anneal_metric: 1.0000 - val_loss: 0.8801 - val_x_pred_loss: 1.0948 - val_z_mean_log_var_loss: 0.0091 - val_reg_prop_pred_loss: 0.2089 - val_x_pred_categorical_accuracy: 0.9321 - val_x_pred_vae_anneal_metric: 1.0000 - 367s/epoch - 2ms/sample
Current vae annealer weight is 0.9999999977581218
Epoch 69/70
218036/218036 - 370s - loss: 0.1053 - x_pred_loss: 0.0499 - z_mean_log_var_loss: 0.0094 - reg_prop_pred_loss: 0.2431 - x_pred_categorical_accuracy: 0.9830 - x_pred_vae_anneal_metric: 1.0000 - val_loss: 0.9388 - val_x_pred_loss: 1.1684 - val_z_mean_log_var_loss: 0.0095 - val_reg_prop_pred_loss: 0.2217 - val_x_pred_categorical_accuracy: 0.9275 - val_x_pred_vae_anneal_metric: 1.0000 - 370s/epoch - 2ms/sample
Current vae annealer weight is 0.9999999986546575
Epoch 70/70
218036/218036 - 370s - loss: 0.1038 - x_pred_loss: 0.0485 - z_mean_log_var_loss: 0.0092 - reg_prop_pred_loss: 0.2421 - x_pred_categorical_accuracy: 0.9834 - x_pred_vae_anneal_metric: 1.0000 - val_loss: 0.9491 - val_x_pred_loss: 1.1799 - val_z_mean_log_var_loss: 0.0092 - val_reg_prop_pred_loss: 0.2292 - val_x_pred_categorical_accuracy: 0.9268 - val_x_pred_vae_anneal_metric: 1.0000 - 370s/epoch - 2ms/sample
/home/jp2658/.conda/envs/chemvae_tf2/lib/python3.10/site-packages/keras/src/engine/training.py:3103: UserWarning: You are saving your model as an HDF5 file via `model.save()`. This file format is considered legacy. We recommend using instead the native Keras format, e.g. `model.save('my_model.keras')`.
  saving_api.save_model(
time of run :  26286.840279102325
**FINISHED**
