Using hyper-parameters:
name                      - qm9         
MAX_LEN                   - 34          
data_file                 - qm9.csv     
char_file                 - qm9.json    
encoder_weights_file      - qm9_encoder.h5
decoder_weights_file      - qm9_decoder.h5
test_idx_file             - test_idx.npy
history_file              - history.csv 
do_prop_pred              - False       
TRAIN_MODEL               - True        
ENC_DEC_TEST              - False       
PADDING                   - right       
RAND_SEED                 - 42          
epochs                    - 70          
vae_annealer_start        - 29          
dropout_rate_mid          - 0.08283292970479479
anneal_sigmod_slope       - 0.5106654305791392
recurrent_dim             - 488         
batch_size                - 126         
lr                        - 0.00039192162392520126
hidden_dim                - 156         
tgru_dropout              - 0.19617749608323892
hg_growth_factor          - 1.2281884874932403
middle_layer              - 1           
momentum                  - 0.9717090063868801
conv_dim_depth            - 5           
conv_d_growth_factor      - 0.5         
conv_dim_width            - 6           
conv_w_growth_factor      - 0.85        
verbose_print             - 2           
rest of parameters are set as default
All params: {'reload_model': False, 'prev_epochs': 0, 'batch_size': 126, 'epochs': 70, 'val_split': 0.1, 'loss': 'categorical_crossentropy', 'batchnorm_conv': True, 'conv_activation': 'tanh', 'conv_depth': 4, 'conv_dim_depth': 5, 'conv_dim_width': 6, 'conv_d_growth_factor': 0.5, 'conv_w_growth_factor': 0.85, 'gru_depth': 4, 'rnn_activation': 'tanh', 'recurrent_dim': 488, 'do_tgru': True, 'terminal_GRU_implementation': 0, 'tgru_dropout': 0.19617749608323892, 'temperature': 1.0, 'hg_growth_factor': 1.2281884874932403, 'hidden_dim': 156, 'middle_layer': 1, 'dropout_rate_mid': 0.08283292970479479, 'batchnorm_mid': True, 'activation': 'tanh', 'lr': 0.00039192162392520126, 'momentum': 0.9717090063868801, 'optim': 'adam', 'vae_annealer_start': 29, 'batchnorm_vae': False, 'vae_activation': 'tanh', 'xent_loss_weight': 1.0, 'kl_loss_weight': 1.0, 'anneal_sigmod_slope': 0.5106654305791392, 'freeze_logvar_layer': False, 'freeze_offset': 1, 'do_prop_pred': False, 'prop_pred_depth': 3, 'prop_hidden_dim': 36, 'prop_growth_factor': 0.8, 'prop_pred_activation': 'tanh', 'reg_prop_pred_loss': 'mse', 'logit_prop_pred_loss': 'binary_crossentropy', 'prop_pred_loss_weight': 0.5, 'prop_pred_dropout': 0.0, 'prop_batchnorm': True, 'verbose_print': 2, 'name': 'qm9', 'MAX_LEN': 34, 'data_file': 'qm9.csv', 'char_file': 'qm9.json', 'encoder_weights_file': 'qm9_encoder.h5', 'decoder_weights_file': 'qm9_decoder.h5', 'test_idx_file': 'test_idx.npy', 'history_file': 'history.csv', 'TRAIN_MODEL': True, 'ENC_DEC_TEST': False, 'PADDING': 'right', 'RAND_SEED': 42}
Training set size is 123102
first smiles: " O=C1Cc2[nH]ccc2N1 "
total chars: 22
Vectorization...
Total Data size 123102
shape of input vector : {} (110754, 34, 22)
Training set size is (110754, 34, 22), after filtering to max length of 34
Train on 110754 samples, validate on 12348 samples
Current vae annealer weight is 3.701720805095644e-07
Epoch 1/70
/home/jp2658/.conda/envs/chemvae_tf2/lib/python3.10/site-packages/keras/src/engine/training_v1.py:2335: UserWarning: `Model.state_updates` will be removed in a future version. This property should not be used in TensorFlow 2.0, as `updates` are applied automatically.
  updates = self.state_updates
110754/110754 - 94s - loss: 1.3624 - x_pred_loss: 1.3624 - z_mean_log_var_loss: 1.0060 - x_pred_categorical_accuracy: 0.5794 - x_pred_vae_anneal_metric: 3.7017e-07 - val_loss: 8.2655 - val_x_pred_loss: 8.2655 - val_z_mean_log_var_loss: 0.9585 - val_x_pred_categorical_accuracy: 0.4872 - val_x_pred_vae_anneal_metric: 3.7017e-07 - 94s/epoch - 846us/sample
Current vae annealer weight is 6.168544915222557e-07
Epoch 2/70
110754/110754 - 92s - loss: 0.7945 - x_pred_loss: 0.7945 - z_mean_log_var_loss: 1.1072 - x_pred_categorical_accuracy: 0.7432 - x_pred_vae_anneal_metric: 6.1685e-07 - val_loss: 5.7030 - val_x_pred_loss: 5.7030 - val_z_mean_log_var_loss: 1.0301 - val_x_pred_categorical_accuracy: 0.6462 - val_x_pred_vae_anneal_metric: 6.1685e-07 - 92s/epoch - 828us/sample
Current vae annealer weight is 1.0279257166985964e-06
Epoch 3/70
110754/110754 - 92s - loss: 0.5580 - x_pred_loss: 0.5580 - z_mean_log_var_loss: 1.1225 - x_pred_categorical_accuracy: 0.8108 - x_pred_vae_anneal_metric: 1.0279e-06 - val_loss: 4.7153 - val_x_pred_loss: 4.7153 - val_z_mean_log_var_loss: 1.0187 - val_x_pred_categorical_accuracy: 0.7075 - val_x_pred_vae_anneal_metric: 1.0279e-06 - 92s/epoch - 830us/sample
Current vae annealer weight is 1.7129339319420572e-06
Epoch 4/70
110754/110754 - 92s - loss: 0.4569 - x_pred_loss: 0.4569 - z_mean_log_var_loss: 1.0779 - x_pred_categorical_accuracy: 0.8430 - x_pred_vae_anneal_metric: 1.7129e-06 - val_loss: 3.9868 - val_x_pred_loss: 3.9868 - val_z_mean_log_var_loss: 0.9818 - val_x_pred_categorical_accuracy: 0.7527 - val_x_pred_vae_anneal_metric: 1.7129e-06 - 92s/epoch - 833us/sample
Current vae annealer weight is 2.854429330962736e-06
Epoch 5/70
110754/110754 - 92s - loss: 0.3896 - x_pred_loss: 0.3896 - z_mean_log_var_loss: 1.0170 - x_pred_categorical_accuracy: 0.8644 - x_pred_vae_anneal_metric: 2.8544e-06 - val_loss: 3.6048 - val_x_pred_loss: 3.6048 - val_z_mean_log_var_loss: 0.9287 - val_x_pred_categorical_accuracy: 0.7764 - val_x_pred_vae_anneal_metric: 2.8544e-06 - 92s/epoch - 827us/sample
Current vae annealer weight is 4.756611131108824e-06
Epoch 6/70
110754/110754 - 92s - loss: 0.3412 - x_pred_loss: 0.3412 - z_mean_log_var_loss: 0.9437 - x_pred_categorical_accuracy: 0.8798 - x_pred_vae_anneal_metric: 4.7566e-06 - val_loss: 3.1780 - val_x_pred_loss: 3.1780 - val_z_mean_log_var_loss: 0.8537 - val_x_pred_categorical_accuracy: 0.8028 - val_x_pred_vae_anneal_metric: 4.7566e-06 - 92s/epoch - 835us/sample
Current vae annealer weight is 7.926390233964058e-06
Epoch 7/70
110754/110754 - 93s - loss: 0.3078 - x_pred_loss: 0.3078 - z_mean_log_var_loss: 0.8785 - x_pred_categorical_accuracy: 0.8904 - x_pred_vae_anneal_metric: 7.9265e-06 - val_loss: 2.9201 - val_x_pred_loss: 2.9201 - val_z_mean_log_var_loss: 0.7939 - val_x_pred_categorical_accuracy: 0.8188 - val_x_pred_vae_anneal_metric: 7.9264e-06 - 93s/epoch - 839us/sample
Current vae annealer weight is 1.3208464534236994e-05
Epoch 8/70
110754/110754 - 92s - loss: 0.2773 - x_pred_loss: 0.2773 - z_mean_log_var_loss: 0.8163 - x_pred_categorical_accuracy: 0.9002 - x_pred_vae_anneal_metric: 1.3208e-05 - val_loss: 2.6633 - val_x_pred_loss: 2.6633 - val_z_mean_log_var_loss: 0.7347 - val_x_pred_categorical_accuracy: 0.8348 - val_x_pred_vae_anneal_metric: 1.3208e-05 - 92s/epoch - 829us/sample
Current vae annealer weight is 2.201038759146048e-05
Epoch 9/70
110754/110754 - 92s - loss: 0.2545 - x_pred_loss: 0.2545 - z_mean_log_var_loss: 0.7594 - x_pred_categorical_accuracy: 0.9075 - x_pred_vae_anneal_metric: 2.2010e-05 - val_loss: 2.4623 - val_x_pred_loss: 2.4623 - val_z_mean_log_var_loss: 0.6880 - val_x_pred_categorical_accuracy: 0.8472 - val_x_pred_vae_anneal_metric: 2.2010e-05 - 92s/epoch - 831us/sample
Current vae annealer weight is 3.6677565290112376e-05
Epoch 10/70
110754/110754 - 92s - loss: 0.2330 - x_pred_loss: 0.2330 - z_mean_log_var_loss: 0.7102 - x_pred_categorical_accuracy: 0.9148 - x_pred_vae_anneal_metric: 3.6677e-05 - val_loss: 2.3235 - val_x_pred_loss: 2.3234 - val_z_mean_log_var_loss: 0.6401 - val_x_pred_categorical_accuracy: 0.8558 - val_x_pred_vae_anneal_metric: 3.6678e-05 - 92s/epoch - 833us/sample
Current vae annealer weight is 6.111798993344653e-05
Epoch 11/70
110754/110754 - 93s - loss: 0.2186 - x_pred_loss: 0.2185 - z_mean_log_var_loss: 0.6695 - x_pred_categorical_accuracy: 0.9195 - x_pred_vae_anneal_metric: 6.1117e-05 - val_loss: 2.2034 - val_x_pred_loss: 2.2034 - val_z_mean_log_var_loss: 0.5997 - val_x_pred_categorical_accuracy: 0.8633 - val_x_pred_vae_anneal_metric: 6.1118e-05 - 93s/epoch - 835us/sample
Current vae annealer weight is 0.0001018428520948195
Epoch 12/70
110754/110754 - 90s - loss: 0.2029 - x_pred_loss: 0.2029 - z_mean_log_var_loss: 0.6363 - x_pred_categorical_accuracy: 0.9251 - x_pred_vae_anneal_metric: 1.0184e-04 - val_loss: 2.0417 - val_x_pred_loss: 2.0416 - val_z_mean_log_var_loss: 0.5706 - val_x_pred_categorical_accuracy: 0.8733 - val_x_pred_vae_anneal_metric: 1.0184e-04 - 90s/epoch - 813us/sample
Current vae annealer weight is 0.00016969938095202496
Epoch 13/70
110754/110754 - 92s - loss: 0.1909 - x_pred_loss: 0.1908 - z_mean_log_var_loss: 0.5971 - x_pred_categorical_accuracy: 0.9292 - x_pred_vae_anneal_metric: 1.6970e-04 - val_loss: 1.9477 - val_x_pred_loss: 1.9477 - val_z_mean_log_var_loss: 0.5454 - val_x_pred_categorical_accuracy: 0.8792 - val_x_pred_vae_anneal_metric: 1.6970e-04 - 92s/epoch - 833us/sample
Current vae annealer weight is 0.00028275502131637844
Epoch 14/70
110754/110754 - 93s - loss: 0.1787 - x_pred_loss: 0.1785 - z_mean_log_var_loss: 0.5603 - x_pred_categorical_accuracy: 0.9336 - x_pred_vae_anneal_metric: 2.8275e-04 - val_loss: 1.8630 - val_x_pred_loss: 1.8629 - val_z_mean_log_var_loss: 0.5102 - val_x_pred_categorical_accuracy: 0.8844 - val_x_pred_vae_anneal_metric: 2.8276e-04 - 93s/epoch - 837us/sample
Current vae annealer weight is 0.0004710941152704827
Epoch 15/70
110754/110754 - 93s - loss: 0.1721 - x_pred_loss: 0.1719 - z_mean_log_var_loss: 0.5363 - x_pred_categorical_accuracy: 0.9362 - x_pred_vae_anneal_metric: 4.7109e-04 - val_loss: 1.7394 - val_x_pred_loss: 1.7392 - val_z_mean_log_var_loss: 0.4921 - val_x_pred_categorical_accuracy: 0.8921 - val_x_pred_vae_anneal_metric: 4.7109e-04 - 93s/epoch - 836us/sample
Current vae annealer weight is 0.0007847847191363334
Epoch 16/70
110754/110754 - 93s - loss: 0.1613 - x_pred_loss: 0.1609 - z_mean_log_var_loss: 0.5019 - x_pred_categorical_accuracy: 0.9403 - x_pred_vae_anneal_metric: 7.8479e-04 - val_loss: 1.6405 - val_x_pred_loss: 1.6402 - val_z_mean_log_var_loss: 0.4534 - val_x_pred_categorical_accuracy: 0.8982 - val_x_pred_vae_anneal_metric: 7.8478e-04 - 93s/epoch - 837us/sample
Current vae annealer weight is 0.0013070814422209435
Epoch 17/70
110754/110754 - 92s - loss: 0.1578 - x_pred_loss: 0.1572 - z_mean_log_var_loss: 0.4793 - x_pred_categorical_accuracy: 0.9417 - x_pred_vae_anneal_metric: 0.0013 - val_loss: 1.6257 - val_x_pred_loss: 1.6252 - val_z_mean_log_var_loss: 0.4394 - val_x_pred_categorical_accuracy: 0.8992 - val_x_pred_vae_anneal_metric: 0.0013 - 92s/epoch - 830us/sample
Current vae annealer weight is 0.0021762245466587582
Epoch 18/70
110754/110754 - 93s - loss: 0.1441 - x_pred_loss: 0.1432 - z_mean_log_var_loss: 0.4449 - x_pred_categorical_accuracy: 0.9469 - x_pred_vae_anneal_metric: 0.0022 - val_loss: 1.4687 - val_x_pred_loss: 1.4678 - val_z_mean_log_var_loss: 0.4004 - val_x_pred_categorical_accuracy: 0.9089 - val_x_pred_vae_anneal_metric: 0.0022 - 93s/epoch - 839us/sample
Current vae annealer weight is 0.0036212083259452047
Epoch 19/70
110754/110754 - 92s - loss: 0.1428 - x_pred_loss: 0.1413 - z_mean_log_var_loss: 0.4117 - x_pred_categorical_accuracy: 0.9477 - x_pred_vae_anneal_metric: 0.0036 - val_loss: 1.4490 - val_x_pred_loss: 1.4476 - val_z_mean_log_var_loss: 0.3758 - val_x_pred_categorical_accuracy: 0.9102 - val_x_pred_vae_anneal_metric: 0.0036 - 92s/epoch - 832us/sample
Current vae annealer weight is 0.0060198535230323105
Epoch 20/70
110754/110754 - 92s - loss: 0.1338 - x_pred_loss: 0.1316 - z_mean_log_var_loss: 0.3735 - x_pred_categorical_accuracy: 0.9512 - x_pred_vae_anneal_metric: 0.0060 - val_loss: 1.3903 - val_x_pred_loss: 1.3884 - val_z_mean_log_var_loss: 0.3274 - val_x_pred_categorical_accuracy: 0.9139 - val_x_pred_vae_anneal_metric: 0.0060 - 92s/epoch - 831us/sample
Current vae annealer weight is 0.009991400314210233
Epoch 21/70
110754/110754 - 92s - loss: 0.1288 - x_pred_loss: 0.1256 - z_mean_log_var_loss: 0.3229 - x_pred_categorical_accuracy: 0.9535 - x_pred_vae_anneal_metric: 0.0100 - val_loss: 1.2980 - val_x_pred_loss: 1.2952 - val_z_mean_log_var_loss: 0.2778 - val_x_pred_categorical_accuracy: 0.9196 - val_x_pred_vae_anneal_metric: 0.0100 - 92s/epoch - 835us/sample
Current vae annealer weight is 0.016539541808615513
Epoch 22/70
110754/110754 - 92s - loss: 0.1247 - x_pred_loss: 0.1203 - z_mean_log_var_loss: 0.2710 - x_pred_categorical_accuracy: 0.9555 - x_pred_vae_anneal_metric: 0.0165 - val_loss: 1.2563 - val_x_pred_loss: 1.2525 - val_z_mean_log_var_loss: 0.2295 - val_x_pred_categorical_accuracy: 0.9223 - val_x_pred_vae_anneal_metric: 0.0165 - 92s/epoch - 832us/sample
Current vae annealer weight is 0.02726101803792773
Epoch 23/70
110754/110754 - 93s - loss: 0.1239 - x_pred_loss: 0.1179 - z_mean_log_var_loss: 0.2216 - x_pred_categorical_accuracy: 0.9564 - x_pred_vae_anneal_metric: 0.0273 - val_loss: 1.2516 - val_x_pred_loss: 1.2465 - val_z_mean_log_var_loss: 0.1839 - val_x_pred_categorical_accuracy: 0.9227 - val_x_pred_vae_anneal_metric: 0.0273 - 93s/epoch - 837us/sample
Current vae annealer weight is 0.04461720338803846
Epoch 24/70
110754/110754 - 93s - loss: 0.1221 - x_pred_loss: 0.1142 - z_mean_log_var_loss: 0.1770 - x_pred_categorical_accuracy: 0.9581 - x_pred_vae_anneal_metric: 0.0446 - val_loss: 1.2057 - val_x_pred_loss: 1.1991 - val_z_mean_log_var_loss: 0.1465 - val_x_pred_categorical_accuracy: 0.9256 - val_x_pred_vae_anneal_metric: 0.0446 - 93s/epoch - 842us/sample
Current vae annealer weight is 0.07220328200576367
Epoch 25/70
110754/110754 - 93s - loss: 0.1194 - x_pred_loss: 0.1091 - z_mean_log_var_loss: 0.1427 - x_pred_categorical_accuracy: 0.9598 - x_pred_vae_anneal_metric: 0.0722 - val_loss: 1.1635 - val_x_pred_loss: 1.1552 - val_z_mean_log_var_loss: 0.1139 - val_x_pred_categorical_accuracy: 0.9283 - val_x_pred_vae_anneal_metric: 0.0722 - 93s/epoch - 839us/sample
Current vae annealer weight is 0.11479597607205051
Epoch 26/70
110754/110754 - 92s - loss: 0.1267 - x_pred_loss: 0.1122 - z_mean_log_var_loss: 0.1261 - x_pred_categorical_accuracy: 0.9590 - x_pred_vae_anneal_metric: 0.1148 - val_loss: 1.1999 - val_x_pred_loss: 1.1876 - val_z_mean_log_var_loss: 0.1071 - val_x_pred_categorical_accuracy: 0.9263 - val_x_pred_vae_anneal_metric: 0.1148 - 92s/epoch - 833us/sample
Current vae annealer weight is 0.17770179221364119
Epoch 27/70
110754/110754 - 93s - loss: 0.1349 - x_pred_loss: 0.1142 - z_mean_log_var_loss: 0.1166 - x_pred_categorical_accuracy: 0.9581 - x_pred_vae_anneal_metric: 0.1777 - val_loss: 1.1478 - val_x_pred_loss: 1.1306 - val_z_mean_log_var_loss: 0.0969 - val_x_pred_categorical_accuracy: 0.9299 - val_x_pred_vae_anneal_metric: 0.1777 - 93s/epoch - 836us/sample
Current vae annealer weight is 0.26476824599321086
Epoch 28/70
110754/110754 - 92s - loss: 0.1489 - x_pred_loss: 0.1208 - z_mean_log_var_loss: 0.1058 - x_pred_categorical_accuracy: 0.9560 - x_pred_vae_anneal_metric: 0.2648 - val_loss: 1.3380 - val_x_pred_loss: 1.3133 - val_z_mean_log_var_loss: 0.0935 - val_x_pred_categorical_accuracy: 0.9185 - val_x_pred_vae_anneal_metric: 0.2648 - 92s/epoch - 834us/sample
Current vae annealer weight is 0.3750375460299153
Epoch 29/70
110754/110754 - 93s - loss: 0.1539 - x_pred_loss: 0.1199 - z_mean_log_var_loss: 0.0906 - x_pred_categorical_accuracy: 0.9561 - x_pred_vae_anneal_metric: 0.3750 - val_loss: 1.1689 - val_x_pred_loss: 1.1427 - val_z_mean_log_var_loss: 0.0697 - val_x_pred_categorical_accuracy: 0.9291 - val_x_pred_vae_anneal_metric: 0.3750 - 93s/epoch - 837us/sample
Current vae annealer weight is 0.5
Epoch 30/70
110754/110754 - 93s - loss: 0.1638 - x_pred_loss: 0.1268 - z_mean_log_var_loss: 0.0740 - x_pred_categorical_accuracy: 0.9540 - x_pred_vae_anneal_metric: 0.5000 - val_loss: 1.2904 - val_x_pred_loss: 1.2580 - val_z_mean_log_var_loss: 0.0647 - val_x_pred_categorical_accuracy: 0.9219 - val_x_pred_vae_anneal_metric: 0.5000 - 93s/epoch - 838us/sample
Current vae annealer weight is 0.6249624539700847
Epoch 31/70
110754/110754 - 91s - loss: 0.1611 - x_pred_loss: 0.1225 - z_mean_log_var_loss: 0.0617 - x_pred_categorical_accuracy: 0.9553 - x_pred_vae_anneal_metric: 0.6250 - val_loss: 1.1879 - val_x_pred_loss: 1.1590 - val_z_mean_log_var_loss: 0.0462 - val_x_pred_categorical_accuracy: 0.9281 - val_x_pred_vae_anneal_metric: 0.6250 - 91s/epoch - 818us/sample
Current vae annealer weight is 0.7352317540067891
Epoch 32/70
110754/110754 - 92s - loss: 0.1597 - x_pred_loss: 0.1219 - z_mean_log_var_loss: 0.0515 - x_pred_categorical_accuracy: 0.9559 - x_pred_vae_anneal_metric: 0.7352 - val_loss: 1.1283 - val_x_pred_loss: 1.0993 - val_z_mean_log_var_loss: 0.0395 - val_x_pred_categorical_accuracy: 0.9318 - val_x_pred_vae_anneal_metric: 0.7352 - 92s/epoch - 835us/sample
Current vae annealer weight is 0.8222982077863588
Epoch 33/70
110754/110754 - 93s - loss: 0.1504 - x_pred_loss: 0.1165 - z_mean_log_var_loss: 0.0413 - x_pred_categorical_accuracy: 0.9577 - x_pred_vae_anneal_metric: 0.8223 - val_loss: 1.1789 - val_x_pred_loss: 1.1519 - val_z_mean_log_var_loss: 0.0329 - val_x_pred_categorical_accuracy: 0.9285 - val_x_pred_vae_anneal_metric: 0.8223 - 93s/epoch - 838us/sample
Current vae annealer weight is 0.8852040239279495
Epoch 34/70
110754/110754 - 92s - loss: 0.1391 - x_pred_loss: 0.1096 - z_mean_log_var_loss: 0.0333 - x_pred_categorical_accuracy: 0.9601 - x_pred_vae_anneal_metric: 0.8852 - val_loss: 1.1668 - val_x_pred_loss: 1.1430 - val_z_mean_log_var_loss: 0.0268 - val_x_pred_categorical_accuracy: 0.9291 - val_x_pred_vae_anneal_metric: 0.8852 - 92s/epoch - 834us/sample
Current vae annealer weight is 0.9277967179942364
Epoch 35/70
110754/110754 - 92s - loss: 0.1390 - x_pred_loss: 0.1106 - z_mean_log_var_loss: 0.0306 - x_pred_categorical_accuracy: 0.9600 - x_pred_vae_anneal_metric: 0.9278 - val_loss: 1.1573 - val_x_pred_loss: 1.1352 - val_z_mean_log_var_loss: 0.0238 - val_x_pred_categorical_accuracy: 0.9296 - val_x_pred_vae_anneal_metric: 0.9278 - 92s/epoch - 832us/sample
Current vae annealer weight is 0.9553827966119615
Epoch 36/70
110754/110754 - 92s - loss: 0.1245 - x_pred_loss: 0.1011 - z_mean_log_var_loss: 0.0245 - x_pred_categorical_accuracy: 0.9634 - x_pred_vae_anneal_metric: 0.9554 - val_loss: 1.1428 - val_x_pred_loss: 1.1235 - val_z_mean_log_var_loss: 0.0202 - val_x_pred_categorical_accuracy: 0.9303 - val_x_pred_vae_anneal_metric: 0.9554 - 92s/epoch - 835us/sample
Current vae annealer weight is 0.9727389819620722
Epoch 37/70
110754/110754 - 92s - loss: 0.1198 - x_pred_loss: 0.0987 - z_mean_log_var_loss: 0.0217 - x_pred_categorical_accuracy: 0.9643 - x_pred_vae_anneal_metric: 0.9727 - val_loss: 1.1753 - val_x_pred_loss: 1.1566 - val_z_mean_log_var_loss: 0.0192 - val_x_pred_categorical_accuracy: 0.9282 - val_x_pred_vae_anneal_metric: 0.9727 - 92s/epoch - 833us/sample
Current vae annealer weight is 0.9834604581913845
Epoch 38/70
110754/110754 - 92s - loss: 0.1397 - x_pred_loss: 0.1170 - z_mean_log_var_loss: 0.0231 - x_pred_categorical_accuracy: 0.9587 - x_pred_vae_anneal_metric: 0.9835 - val_loss: 1.1917 - val_x_pred_loss: 1.1667 - val_z_mean_log_var_loss: 0.0254 - val_x_pred_categorical_accuracy: 0.9276 - val_x_pred_vae_anneal_metric: 0.9835 - 92s/epoch - 832us/sample
Current vae annealer weight is 0.9900085996857898
Epoch 39/70
110754/110754 - 93s - loss: 0.1216 - x_pred_loss: 0.0987 - z_mean_log_var_loss: 0.0231 - x_pred_categorical_accuracy: 0.9647 - x_pred_vae_anneal_metric: 0.9900 - val_loss: 1.1615 - val_x_pred_loss: 1.1428 - val_z_mean_log_var_loss: 0.0189 - val_x_pred_categorical_accuracy: 0.9291 - val_x_pred_vae_anneal_metric: 0.9900 - 93s/epoch - 837us/sample
Current vae annealer weight is 0.9939801464769676
Epoch 40/70
110754/110754 - 93s - loss: 0.1134 - x_pred_loss: 0.0938 - z_mean_log_var_loss: 0.0198 - x_pred_categorical_accuracy: 0.9665 - x_pred_vae_anneal_metric: 0.9940 - val_loss: 1.0072 - val_x_pred_loss: 0.9904 - val_z_mean_log_var_loss: 0.0169 - val_x_pred_categorical_accuracy: 0.9386 - val_x_pred_vae_anneal_metric: 0.9940 - 93s/epoch - 843us/sample
Current vae annealer weight is 0.9963787916740549
Epoch 41/70
110754/110754 - 92s - loss: 0.1047 - x_pred_loss: 0.0876 - z_mean_log_var_loss: 0.0172 - x_pred_categorical_accuracy: 0.9683 - x_pred_vae_anneal_metric: 0.9964 - val_loss: 1.0442 - val_x_pred_loss: 1.0292 - val_z_mean_log_var_loss: 0.0151 - val_x_pred_categorical_accuracy: 0.9361 - val_x_pred_vae_anneal_metric: 0.9964 - 92s/epoch - 832us/sample
Current vae annealer weight is 0.9978237754533412
Epoch 42/70
110754/110754 - 92s - loss: 0.1001 - x_pred_loss: 0.0844 - z_mean_log_var_loss: 0.0157 - x_pred_categorical_accuracy: 0.9695 - x_pred_vae_anneal_metric: 0.9978 - val_loss: 1.0292 - val_x_pred_loss: 1.0154 - val_z_mean_log_var_loss: 0.0138 - val_x_pred_categorical_accuracy: 0.9370 - val_x_pred_vae_anneal_metric: 0.9978 - 92s/epoch - 831us/sample
Current vae annealer weight is 0.998692918557779
Epoch 43/70
110754/110754 - 92s - loss: 0.1064 - x_pred_loss: 0.0908 - z_mean_log_var_loss: 0.0156 - x_pred_categorical_accuracy: 0.9675 - x_pred_vae_anneal_metric: 0.9987 - val_loss: 1.0650 - val_x_pred_loss: 1.0479 - val_z_mean_log_var_loss: 0.0171 - val_x_pred_categorical_accuracy: 0.9350 - val_x_pred_vae_anneal_metric: 0.9987 - 92s/epoch - 834us/sample
Current vae annealer weight is 0.9992152152808638
Epoch 44/70
110754/110754 - 93s - loss: 0.1127 - x_pred_loss: 0.0941 - z_mean_log_var_loss: 0.0186 - x_pred_categorical_accuracy: 0.9666 - x_pred_vae_anneal_metric: 0.9992 - val_loss: 1.0028 - val_x_pred_loss: 0.9864 - val_z_mean_log_var_loss: 0.0164 - val_x_pred_categorical_accuracy: 0.9388 - val_x_pred_vae_anneal_metric: 0.9992 - 93s/epoch - 837us/sample
Current vae annealer weight is 0.9995289058847296
Epoch 45/70
110754/110754 - 92s - loss: 0.0950 - x_pred_loss: 0.0795 - z_mean_log_var_loss: 0.0155 - x_pred_categorical_accuracy: 0.9713 - x_pred_vae_anneal_metric: 0.9995 - val_loss: 0.9771 - val_x_pred_loss: 0.9640 - val_z_mean_log_var_loss: 0.0131 - val_x_pred_categorical_accuracy: 0.9402 - val_x_pred_vae_anneal_metric: 0.9995 - 92s/epoch - 833us/sample
Current vae annealer weight is 0.9997172449786838
Epoch 46/70
110754/110754 - 93s - loss: 0.0915 - x_pred_loss: 0.0783 - z_mean_log_var_loss: 0.0133 - x_pred_categorical_accuracy: 0.9718 - x_pred_vae_anneal_metric: 0.9997 - val_loss: 1.2557 - val_x_pred_loss: 1.2428 - val_z_mean_log_var_loss: 0.0129 - val_x_pred_categorical_accuracy: 0.9229 - val_x_pred_vae_anneal_metric: 0.9997 - 93s/epoch - 841us/sample
Current vae annealer weight is 0.9998303006190481
Epoch 47/70
110754/110754 - 92s - loss: 0.0927 - x_pred_loss: 0.0787 - z_mean_log_var_loss: 0.0140 - x_pred_categorical_accuracy: 0.9718 - x_pred_vae_anneal_metric: 0.9998 - val_loss: 1.0550 - val_x_pred_loss: 1.0430 - val_z_mean_log_var_loss: 0.0120 - val_x_pred_categorical_accuracy: 0.9353 - val_x_pred_vae_anneal_metric: 0.9998 - 92s/epoch - 828us/sample
Current vae annealer weight is 0.9998981571479052
Epoch 48/70
110754/110754 - 93s - loss: 0.0892 - x_pred_loss: 0.0772 - z_mean_log_var_loss: 0.0120 - x_pred_categorical_accuracy: 0.9724 - x_pred_vae_anneal_metric: 0.9999 - val_loss: 1.3716 - val_x_pred_loss: 1.3587 - val_z_mean_log_var_loss: 0.0129 - val_x_pred_categorical_accuracy: 0.9157 - val_x_pred_vae_anneal_metric: 0.9999 - 93s/epoch - 838us/sample
Current vae annealer weight is 0.9999388820100666
Epoch 49/70
110754/110754 - 92s - loss: 0.0883 - x_pred_loss: 0.0753 - z_mean_log_var_loss: 0.0131 - x_pred_categorical_accuracy: 0.9731 - x_pred_vae_anneal_metric: 0.9999 - val_loss: 1.0864 - val_x_pred_loss: 1.0747 - val_z_mean_log_var_loss: 0.0118 - val_x_pred_categorical_accuracy: 0.9333 - val_x_pred_vae_anneal_metric: 0.9999 - 92s/epoch - 831us/sample
Current vae annealer weight is 0.9999633224347099
Epoch 50/70
110754/110754 - 93s - loss: 0.0865 - x_pred_loss: 0.0743 - z_mean_log_var_loss: 0.0122 - x_pred_categorical_accuracy: 0.9735 - x_pred_vae_anneal_metric: 1.0000 - val_loss: 1.0239 - val_x_pred_loss: 1.0118 - val_z_mean_log_var_loss: 0.0121 - val_x_pred_categorical_accuracy: 0.9372 - val_x_pred_vae_anneal_metric: 1.0000 - 93s/epoch - 836us/sample
Current vae annealer weight is 0.9999779896124086
Epoch 51/70
110754/110754 - 90s - loss: 0.0908 - x_pred_loss: 0.0781 - z_mean_log_var_loss: 0.0126 - x_pred_categorical_accuracy: 0.9724 - x_pred_vae_anneal_metric: 1.0000 - val_loss: 1.0145 - val_x_pred_loss: 1.0017 - val_z_mean_log_var_loss: 0.0129 - val_x_pred_categorical_accuracy: 0.9379 - val_x_pred_vae_anneal_metric: 1.0000 - 90s/epoch - 815us/sample
Current vae annealer weight is 0.9999867915354658
Epoch 52/70
110754/110754 - 92s - loss: 0.0855 - x_pred_loss: 0.0734 - z_mean_log_var_loss: 0.0121 - x_pred_categorical_accuracy: 0.9741 - x_pred_vae_anneal_metric: 1.0000 - val_loss: 0.9510 - val_x_pred_loss: 0.9391 - val_z_mean_log_var_loss: 0.0119 - val_x_pred_categorical_accuracy: 0.9417 - val_x_pred_vae_anneal_metric: 1.0000 - 92s/epoch - 827us/sample
Current vae annealer weight is 0.999992073609766
Epoch 53/70
110754/110754 - 93s - loss: 0.0798 - x_pred_loss: 0.0681 - z_mean_log_var_loss: 0.0117 - x_pred_categorical_accuracy: 0.9757 - x_pred_vae_anneal_metric: 1.0000 - val_loss: 0.8659 - val_x_pred_loss: 0.8557 - val_z_mean_log_var_loss: 0.0102 - val_x_pred_categorical_accuracy: 0.9469 - val_x_pred_vae_anneal_metric: 1.0000 - 93s/epoch - 836us/sample
Current vae annealer weight is 0.9999952433888688
Epoch 54/70
110754/110754 - 92s - loss: 0.0769 - x_pred_loss: 0.0664 - z_mean_log_var_loss: 0.0105 - x_pred_categorical_accuracy: 0.9762 - x_pred_vae_anneal_metric: 1.0000 - val_loss: 0.9273 - val_x_pred_loss: 0.9176 - val_z_mean_log_var_loss: 0.0097 - val_x_pred_categorical_accuracy: 0.9431 - val_x_pred_vae_anneal_metric: 1.0000 - 92s/epoch - 833us/sample
Current vae annealer weight is 0.999997145570669
Epoch 55/70
110754/110754 - 92s - loss: 0.0788 - x_pred_loss: 0.0685 - z_mean_log_var_loss: 0.0103 - x_pred_categorical_accuracy: 0.9757 - x_pred_vae_anneal_metric: 1.0000 - val_loss: 0.9245 - val_x_pred_loss: 0.9141 - val_z_mean_log_var_loss: 0.0104 - val_x_pred_categorical_accuracy: 0.9433 - val_x_pred_vae_anneal_metric: 1.0000 - 92s/epoch - 834us/sample
Current vae annealer weight is 0.999998287066068
Epoch 56/70
110754/110754 - 92s - loss: 0.0749 - x_pred_loss: 0.0647 - z_mean_log_var_loss: 0.0102 - x_pred_categorical_accuracy: 0.9769 - x_pred_vae_anneal_metric: 1.0000 - val_loss: 0.9746 - val_x_pred_loss: 0.9647 - val_z_mean_log_var_loss: 0.0099 - val_x_pred_categorical_accuracy: 0.9401 - val_x_pred_vae_anneal_metric: 1.0000 - 92s/epoch - 830us/sample
Current vae annealer weight is 0.9999989720742833
Epoch 57/70
110754/110754 - 93s - loss: 0.0812 - x_pred_loss: 0.0704 - z_mean_log_var_loss: 0.0107 - x_pred_categorical_accuracy: 0.9752 - x_pred_vae_anneal_metric: 1.0000 - val_loss: 0.8588 - val_x_pred_loss: 0.8471 - val_z_mean_log_var_loss: 0.0117 - val_x_pred_categorical_accuracy: 0.9474 - val_x_pred_vae_anneal_metric: 1.0000 - 93s/epoch - 840us/sample
Current vae annealer weight is 0.9999993831455084
Epoch 58/70
110754/110754 - 93s - loss: 0.0723 - x_pred_loss: 0.0615 - z_mean_log_var_loss: 0.0108 - x_pred_categorical_accuracy: 0.9781 - x_pred_vae_anneal_metric: 1.0000 - val_loss: 0.8495 - val_x_pred_loss: 0.8401 - val_z_mean_log_var_loss: 0.0094 - val_x_pred_categorical_accuracy: 0.9479 - val_x_pred_vae_anneal_metric: 1.0000 - 93s/epoch - 836us/sample
Current vae annealer weight is 0.9999996298279195
Epoch 59/70
110754/110754 - 93s - loss: 0.0743 - x_pred_loss: 0.0645 - z_mean_log_var_loss: 0.0098 - x_pred_categorical_accuracy: 0.9772 - x_pred_vae_anneal_metric: 1.0000 - val_loss: 0.9119 - val_x_pred_loss: 0.9018 - val_z_mean_log_var_loss: 0.0101 - val_x_pred_categorical_accuracy: 0.9441 - val_x_pred_vae_anneal_metric: 1.0000 - 93s/epoch - 840us/sample
Current vae annealer weight is 0.9999997778611365
Epoch 60/70
110754/110754 - 93s - loss: 0.0701 - x_pred_loss: 0.0604 - z_mean_log_var_loss: 0.0097 - x_pred_categorical_accuracy: 0.9785 - x_pred_vae_anneal_metric: 1.0000 - val_loss: 1.1372 - val_x_pred_loss: 1.1285 - val_z_mean_log_var_loss: 0.0087 - val_x_pred_categorical_accuracy: 0.9300 - val_x_pred_vae_anneal_metric: 1.0000 - 93s/epoch - 840us/sample
Current vae annealer weight is 0.9999998666953174
Epoch 61/70
110754/110754 - 93s - loss: 0.0940 - x_pred_loss: 0.0818 - z_mean_log_var_loss: 0.0122 - x_pred_categorical_accuracy: 0.9718 - x_pred_vae_anneal_metric: 1.0000 - val_loss: 0.8618 - val_x_pred_loss: 0.8496 - val_z_mean_log_var_loss: 0.0122 - val_x_pred_categorical_accuracy: 0.9473 - val_x_pred_vae_anneal_metric: 1.0000 - 93s/epoch - 837us/sample
Current vae annealer weight is 0.9999999200043723
Epoch 62/70
110754/110754 - 93s - loss: 0.0930 - x_pred_loss: 0.0795 - z_mean_log_var_loss: 0.0135 - x_pred_categorical_accuracy: 0.9728 - x_pred_vae_anneal_metric: 1.0000 - val_loss: 0.9495 - val_x_pred_loss: 0.9357 - val_z_mean_log_var_loss: 0.0137 - val_x_pred_categorical_accuracy: 0.9419 - val_x_pred_vae_anneal_metric: 1.0000 - 93s/epoch - 839us/sample
Current vae annealer weight is 0.9999999519949324
Epoch 63/70
110754/110754 - 93s - loss: 0.0870 - x_pred_loss: 0.0743 - z_mean_log_var_loss: 0.0127 - x_pred_categorical_accuracy: 0.9744 - x_pred_vae_anneal_metric: 1.0000 - val_loss: 1.8557 - val_x_pred_loss: 1.8419 - val_z_mean_log_var_loss: 0.0138 - val_x_pred_categorical_accuracy: 0.8857 - val_x_pred_vae_anneal_metric: 1.0000 - 93s/epoch - 839us/sample
Current vae annealer weight is 0.9999999711923445
Epoch 64/70
110754/110754 - 93s - loss: 0.0915 - x_pred_loss: 0.0769 - z_mean_log_var_loss: 0.0145 - x_pred_categorical_accuracy: 0.9733 - x_pred_vae_anneal_metric: 1.0000 - val_loss: 0.8488 - val_x_pred_loss: 0.8353 - val_z_mean_log_var_loss: 0.0135 - val_x_pred_categorical_accuracy: 0.9482 - val_x_pred_vae_anneal_metric: 1.0000 - 93s/epoch - 836us/sample
Current vae annealer weight is 0.9999999827126375
Epoch 65/70
110754/110754 - 91s - loss: 0.0687 - x_pred_loss: 0.0568 - z_mean_log_var_loss: 0.0119 - x_pred_categorical_accuracy: 0.9799 - x_pred_vae_anneal_metric: 1.0000 - val_loss: 0.9378 - val_x_pred_loss: 0.9275 - val_z_mean_log_var_loss: 0.0103 - val_x_pred_categorical_accuracy: 0.9425 - val_x_pred_vae_anneal_metric: 1.0000 - 91s/epoch - 826us/sample
Current vae annealer weight is 0.9999999896259207
Epoch 66/70
110754/110754 - 93s - loss: 0.0691 - x_pred_loss: 0.0588 - z_mean_log_var_loss: 0.0102 - x_pred_categorical_accuracy: 0.9792 - x_pred_vae_anneal_metric: 1.0000 - val_loss: 0.8084 - val_x_pred_loss: 0.7994 - val_z_mean_log_var_loss: 0.0090 - val_x_pred_categorical_accuracy: 0.9504 - val_x_pred_vae_anneal_metric: 1.0000 - 93s/epoch - 837us/sample
Current vae annealer weight is 0.9999999937745552
Epoch 67/70
110754/110754 - 93s - loss: 0.0643 - x_pred_loss: 0.0553 - z_mean_log_var_loss: 0.0090 - x_pred_categorical_accuracy: 0.9804 - x_pred_vae_anneal_metric: 1.0000 - val_loss: 0.8431 - val_x_pred_loss: 0.8350 - val_z_mean_log_var_loss: 0.0081 - val_x_pred_categorical_accuracy: 0.9482 - val_x_pred_vae_anneal_metric: 1.0000 - 93s/epoch - 836us/sample
Current vae annealer weight is 0.9999999962641346
Epoch 68/70
110754/110754 - 93s - loss: 0.0673 - x_pred_loss: 0.0587 - z_mean_log_var_loss: 0.0086 - x_pred_categorical_accuracy: 0.9794 - x_pred_vae_anneal_metric: 1.0000 - val_loss: 1.0915 - val_x_pred_loss: 1.0821 - val_z_mean_log_var_loss: 0.0094 - val_x_pred_categorical_accuracy: 0.9329 - val_x_pred_vae_anneal_metric: 1.0000 - 93s/epoch - 843us/sample
Current vae annealer weight is 0.9999999977581218
Epoch 69/70
110754/110754 - 92s - loss: 0.1008 - x_pred_loss: 0.0874 - z_mean_log_var_loss: 0.0135 - x_pred_categorical_accuracy: 0.9702 - x_pred_vae_anneal_metric: 1.0000 - val_loss: 0.8390 - val_x_pred_loss: 0.8238 - val_z_mean_log_var_loss: 0.0152 - val_x_pred_categorical_accuracy: 0.9489 - val_x_pred_vae_anneal_metric: 1.0000 - 92s/epoch - 832us/sample
Current vae annealer weight is 0.9999999986546575
Epoch 70/70
110754/110754 - 91s - loss: 0.1013 - x_pred_loss: 0.0851 - z_mean_log_var_loss: 0.0162 - x_pred_categorical_accuracy: 0.9708 - x_pred_vae_anneal_metric: 1.0000 - val_loss: 0.8307 - val_x_pred_loss: 0.8149 - val_z_mean_log_var_loss: 0.0157 - val_x_pred_categorical_accuracy: 0.9494 - val_x_pred_vae_anneal_metric: 1.0000 - 91s/epoch - 818us/sample
/home/jp2658/.conda/envs/chemvae_tf2/lib/python3.10/site-packages/keras/src/engine/training.py:3103: UserWarning: You are saving your model as an HDF5 file via `model.save()`. This file format is considered legacy. We recommend using instead the native Keras format, e.g. `model.save('my_model.keras')`.
  saving_api.save_model(
time of run :  6468.830686092377
**FINISHED**
