Using hyper-parameters:
name                      - zinc_prop   
MAX_LEN                   - 100         
data_file                 - ZINC_Michael_canon.csv.gz
char_file                 - zinc.json   
encoder_weights_file      - zinc_encoder.h5
decoder_weights_file      - zinc_decoder.h5
prop_pred_weights_file    - zinc_prop_pred.h5
data_normalization_out    - zinc_michael_norm_data.csv
reg_prop_tasks            - ['mulliken_O4', 'pbv_C1', 'lumo']
test_idx_file             - test_idx.npy
history_file              - history.csv 
do_prop_pred              - True        
TRAIN_MODEL               - True        
ENC_DEC_TEST              - False       
PADDING                   - right       
RAND_SEED                 - 42          
epochs                    - 70          
vae_annealer_start        - 29          
dropout_rate_mid          - 0.08283292970479479
anneal_sigmod_slope       - 0.5106654305791392
recurrent_dim             - 488         
hidden_dim                - 196         
tgru_dropout              - 0.19617749608323892
hg_growth_factor          - 1.2281884874932403
middle_layer              - 1           
prop_hidden_dim           - 67          
batch_size                - 182         
prop_pred_depth           - 3           
lr                        - 0.00045619868229310396
prop_pred_dropout         - 0.15694573998898703
prop_growth_factor        - 0.9902834073131418
momentum                  - 0.9902764103622574
verbose_print             - 2           
rest of parameters are set as default
All params: {'reload_model': False, 'prev_epochs': 0, 'batch_size': 182, 'epochs': 70, 'val_split': 0.1, 'loss': 'categorical_crossentropy', 'batchnorm_conv': True, 'conv_activation': 'tanh', 'conv_depth': 4, 'conv_dim_depth': 8, 'conv_dim_width': 8, 'conv_d_growth_factor': 1.15875438383, 'conv_w_growth_factor': 1.1758149644, 'gru_depth': 4, 'rnn_activation': 'tanh', 'recurrent_dim': 488, 'do_tgru': True, 'terminal_GRU_implementation': 0, 'tgru_dropout': 0.19617749608323892, 'temperature': 1.0, 'hg_growth_factor': 1.2281884874932403, 'hidden_dim': 196, 'middle_layer': 1, 'dropout_rate_mid': 0.08283292970479479, 'batchnorm_mid': True, 'activation': 'tanh', 'lr': 0.00045619868229310396, 'momentum': 0.9902764103622574, 'optim': 'adam', 'vae_annealer_start': 29, 'batchnorm_vae': False, 'vae_activation': 'tanh', 'xent_loss_weight': 1.0, 'kl_loss_weight': 1.0, 'anneal_sigmod_slope': 0.5106654305791392, 'freeze_logvar_layer': False, 'freeze_offset': 1, 'do_prop_pred': True, 'prop_pred_depth': 3, 'prop_hidden_dim': 67, 'prop_growth_factor': 0.9902834073131418, 'prop_pred_activation': 'tanh', 'reg_prop_pred_loss': 'mse', 'logit_prop_pred_loss': 'binary_crossentropy', 'prop_pred_loss_weight': 0.5, 'prop_pred_dropout': 0.15694573998898703, 'prop_batchnorm': True, 'verbose_print': 2, 'name': 'zinc_prop', 'MAX_LEN': 100, 'data_file': 'ZINC_Michael_canon.csv.gz', 'char_file': 'zinc.json', 'encoder_weights_file': 'zinc_encoder.h5', 'decoder_weights_file': 'zinc_decoder.h5', 'prop_pred_weights_file': 'zinc_prop_pred.h5', 'data_normalization_out': 'zinc_michael_norm_data.csv', 'reg_prop_tasks': ['mulliken_O4', 'pbv_C1', 'lumo'], 'test_idx_file': 'test_idx.npy', 'history_file': 'history.csv', 'TRAIN_MODEL': True, 'ENC_DEC_TEST': False, 'PADDING': 'right', 'RAND_SEED': 42}
Training set size is 242455
first smiles: " O=C(/C=C\c1ccco1)N1C[C@@H]2C[C@]2(CO)C1 "
total chars: 34
Vectorization...
Total Data size 242455
shape of input vector : {} (218036, 100, 34)
Training set size is (218036, 100, 34), after filtering to max length of 100
Train on 218036 samples, validate on 24388 samples
Current vae annealer weight is 3.701720805095644e-07
Epoch 1/70
/home/jp2658/.conda/envs/chemvae_tf2/lib/python3.10/site-packages/keras/src/engine/training_v1.py:2335: UserWarning: `Model.state_updates` will be removed in a future version. This property should not be used in TensorFlow 2.0, as `updates` are applied automatically.
  updates = self.state_updates
218036/218036 - 364s - loss: 1.1217 - x_pred_loss: 1.2301 - z_mean_log_var_loss: 1.1085 - reg_prop_pred_loss: 1.0133 - x_pred_categorical_accuracy: 0.6315 - x_pred_vae_anneal_metric: 3.7017e-07 - val_loss: 3.8570 - val_x_pred_loss: 7.0987 - val_z_mean_log_var_loss: 1.0222 - val_reg_prop_pred_loss: 0.6153 - val_x_pred_categorical_accuracy: 0.5596 - val_x_pred_vae_anneal_metric: 3.7017e-07 - 364s/epoch - 2ms/sample
Current vae annealer weight is 6.168544915222557e-07
Epoch 2/70
218036/218036 - 363s - loss: 0.7218 - x_pred_loss: 0.8872 - z_mean_log_var_loss: 1.1139 - reg_prop_pred_loss: 0.5563 - x_pred_categorical_accuracy: 0.7283 - x_pred_vae_anneal_metric: 6.1685e-07 - val_loss: 3.5940 - val_x_pred_loss: 6.7600 - val_z_mean_log_var_loss: 0.9801 - val_reg_prop_pred_loss: 0.4280 - val_x_pred_categorical_accuracy: 0.5806 - val_x_pred_vae_anneal_metric: 6.1686e-07 - 363s/epoch - 2ms/sample
Current vae annealer weight is 1.0279257166985964e-06
Epoch 3/70
218036/218036 - 365s - loss: 0.5472 - x_pred_loss: 0.6843 - z_mean_log_var_loss: 1.0732 - reg_prop_pred_loss: 0.4101 - x_pred_categorical_accuracy: 0.7838 - x_pred_vae_anneal_metric: 1.0279e-06 - val_loss: 3.4103 - val_x_pred_loss: 6.4847 - val_z_mean_log_var_loss: 0.9624 - val_reg_prop_pred_loss: 0.3359 - val_x_pred_categorical_accuracy: 0.5977 - val_x_pred_vae_anneal_metric: 1.0279e-06 - 365s/epoch - 2ms/sample
Current vae annealer weight is 1.7129339319420572e-06
Epoch 4/70
218036/218036 - 362s - loss: 0.4580 - x_pred_loss: 0.5638 - z_mean_log_var_loss: 1.0209 - reg_prop_pred_loss: 0.3521 - x_pred_categorical_accuracy: 0.8177 - x_pred_vae_anneal_metric: 1.7129e-06 - val_loss: 3.1208 - val_x_pred_loss: 5.9207 - val_z_mean_log_var_loss: 0.9404 - val_reg_prop_pred_loss: 0.3209 - val_x_pred_categorical_accuracy: 0.6327 - val_x_pred_vae_anneal_metric: 1.7129e-06 - 362s/epoch - 2ms/sample
Current vae annealer weight is 2.854429330962736e-06
Epoch 5/70
218036/218036 - 363s - loss: 0.4057 - x_pred_loss: 0.4866 - z_mean_log_var_loss: 0.9560 - reg_prop_pred_loss: 0.3247 - x_pred_categorical_accuracy: 0.8397 - x_pred_vae_anneal_metric: 2.8545e-06 - val_loss: 2.8728 - val_x_pred_loss: 5.4721 - val_z_mean_log_var_loss: 0.8670 - val_reg_prop_pred_loss: 0.2735 - val_x_pred_categorical_accuracy: 0.6605 - val_x_pred_vae_anneal_metric: 2.8544e-06 - 363s/epoch - 2ms/sample
Current vae annealer weight is 4.756611131108824e-06
Epoch 6/70
218036/218036 - 364s - loss: 0.3658 - x_pred_loss: 0.4242 - z_mean_log_var_loss: 0.8763 - reg_prop_pred_loss: 0.3074 - x_pred_categorical_accuracy: 0.8578 - x_pred_vae_anneal_metric: 4.7566e-06 - val_loss: 2.6822 - val_x_pred_loss: 5.1051 - val_z_mean_log_var_loss: 0.7847 - val_reg_prop_pred_loss: 0.2594 - val_x_pred_categorical_accuracy: 0.6833 - val_x_pred_vae_anneal_metric: 4.7566e-06 - 364s/epoch - 2ms/sample
Current vae annealer weight is 7.926390233964058e-06
Epoch 7/70
218036/218036 - 361s - loss: 0.3388 - x_pred_loss: 0.3810 - z_mean_log_var_loss: 0.8060 - reg_prop_pred_loss: 0.2965 - x_pred_categorical_accuracy: 0.8708 - x_pred_vae_anneal_metric: 7.9265e-06 - val_loss: 2.5840 - val_x_pred_loss: 4.9156 - val_z_mean_log_var_loss: 0.7259 - val_reg_prop_pred_loss: 0.2524 - val_x_pred_categorical_accuracy: 0.6950 - val_x_pred_vae_anneal_metric: 7.9264e-06 - 361s/epoch - 2ms/sample
Current vae annealer weight is 1.3208464534236994e-05
Epoch 8/70
218036/218036 - 362s - loss: 0.3180 - x_pred_loss: 0.3479 - z_mean_log_var_loss: 0.7432 - reg_prop_pred_loss: 0.2882 - x_pred_categorical_accuracy: 0.8814 - x_pred_vae_anneal_metric: 1.3208e-05 - val_loss: 2.4327 - val_x_pred_loss: 4.6163 - val_z_mean_log_var_loss: 0.6716 - val_reg_prop_pred_loss: 0.2490 - val_x_pred_categorical_accuracy: 0.7136 - val_x_pred_vae_anneal_metric: 1.3208e-05 - 362s/epoch - 2ms/sample
Current vae annealer weight is 2.201038759146048e-05
Epoch 9/70
218036/218036 - 364s - loss: 0.3014 - x_pred_loss: 0.3220 - z_mean_log_var_loss: 0.6833 - reg_prop_pred_loss: 0.2808 - x_pred_categorical_accuracy: 0.8897 - x_pred_vae_anneal_metric: 2.2010e-05 - val_loss: 2.3245 - val_x_pred_loss: 4.4001 - val_z_mean_log_var_loss: 0.6069 - val_reg_prop_pred_loss: 0.2488 - val_x_pred_categorical_accuracy: 0.7270 - val_x_pred_vae_anneal_metric: 2.2010e-05 - 364s/epoch - 2ms/sample
Current vae annealer weight is 3.6677565290112376e-05
Epoch 10/70
218036/218036 - 363s - loss: 0.2869 - x_pred_loss: 0.2976 - z_mean_log_var_loss: 0.6282 - reg_prop_pred_loss: 0.2761 - x_pred_categorical_accuracy: 0.8978 - x_pred_vae_anneal_metric: 3.6678e-05 - val_loss: 2.2001 - val_x_pred_loss: 4.1550 - val_z_mean_log_var_loss: 0.5760 - val_reg_prop_pred_loss: 0.2452 - val_x_pred_categorical_accuracy: 0.7422 - val_x_pred_vae_anneal_metric: 3.6678e-05 - 363s/epoch - 2ms/sample
Current vae annealer weight is 6.111798993344653e-05
Epoch 11/70
218036/218036 - 363s - loss: 0.2749 - x_pred_loss: 0.2778 - z_mean_log_var_loss: 0.5820 - reg_prop_pred_loss: 0.2720 - x_pred_categorical_accuracy: 0.9044 - x_pred_vae_anneal_metric: 6.1117e-05 - val_loss: 2.1330 - val_x_pred_loss: 4.0303 - val_z_mean_log_var_loss: 0.5323 - val_reg_prop_pred_loss: 0.2357 - val_x_pred_categorical_accuracy: 0.7500 - val_x_pred_vae_anneal_metric: 6.1118e-05 - 363s/epoch - 2ms/sample
Current vae annealer weight is 0.0001018428520948195
Epoch 12/70
218036/218036 - 362s - loss: 0.2637 - x_pred_loss: 0.2590 - z_mean_log_var_loss: 0.5406 - reg_prop_pred_loss: 0.2683 - x_pred_categorical_accuracy: 0.9110 - x_pred_vae_anneal_metric: 1.0184e-04 - val_loss: 1.9708 - val_x_pred_loss: 3.7088 - val_z_mean_log_var_loss: 0.4951 - val_reg_prop_pred_loss: 0.2327 - val_x_pred_categorical_accuracy: 0.7699 - val_x_pred_vae_anneal_metric: 1.0184e-04 - 362s/epoch - 2ms/sample
Current vae annealer weight is 0.00016969938095202496
Epoch 13/70
218036/218036 - 363s - loss: 0.2596 - x_pred_loss: 0.2520 - z_mean_log_var_loss: 0.5093 - reg_prop_pred_loss: 0.2672 - x_pred_categorical_accuracy: 0.9133 - x_pred_vae_anneal_metric: 1.6970e-04 - val_loss: 1.9445 - val_x_pred_loss: 3.6572 - val_z_mean_log_var_loss: 0.4814 - val_reg_prop_pred_loss: 0.2317 - val_x_pred_categorical_accuracy: 0.7731 - val_x_pred_vae_anneal_metric: 1.6970e-04 - 363s/epoch - 2ms/sample
Current vae annealer weight is 0.00028275502131637844
Epoch 14/70
218036/218036 - 363s - loss: 0.2452 - x_pred_loss: 0.2278 - z_mean_log_var_loss: 0.4907 - reg_prop_pred_loss: 0.2624 - x_pred_categorical_accuracy: 0.9217 - x_pred_vae_anneal_metric: 2.8276e-04 - val_loss: 1.8509 - val_x_pred_loss: 3.4655 - val_z_mean_log_var_loss: 0.4517 - val_reg_prop_pred_loss: 0.2361 - val_x_pred_categorical_accuracy: 0.7850 - val_x_pred_vae_anneal_metric: 2.8275e-04 - 363s/epoch - 2ms/sample
Current vae annealer weight is 0.0004710941152704827
Epoch 15/70
218036/218036 - 364s - loss: 0.2383 - x_pred_loss: 0.2163 - z_mean_log_var_loss: 0.4585 - reg_prop_pred_loss: 0.2600 - x_pred_categorical_accuracy: 0.9255 - x_pred_vae_anneal_metric: 4.7109e-04 - val_loss: 1.7762 - val_x_pred_loss: 3.3253 - val_z_mean_log_var_loss: 0.4211 - val_reg_prop_pred_loss: 0.2269 - val_x_pred_categorical_accuracy: 0.7937 - val_x_pred_vae_anneal_metric: 4.7109e-04 - 364s/epoch - 2ms/sample
Current vae annealer weight is 0.0007847847191363334
Epoch 16/70
218036/218036 - 364s - loss: 0.2317 - x_pred_loss: 0.2049 - z_mean_log_var_loss: 0.4306 - reg_prop_pred_loss: 0.2581 - x_pred_categorical_accuracy: 0.9295 - x_pred_vae_anneal_metric: 7.8480e-04 - val_loss: 1.6224 - val_x_pred_loss: 3.0198 - val_z_mean_log_var_loss: 0.3931 - val_reg_prop_pred_loss: 0.2247 - val_x_pred_categorical_accuracy: 0.8126 - val_x_pred_vae_anneal_metric: 7.8478e-04 - 364s/epoch - 2ms/sample
Current vae annealer weight is 0.0013070814422209435
Epoch 17/70
218036/218036 - 363s - loss: 0.2249 - x_pred_loss: 0.1925 - z_mean_log_var_loss: 0.4077 - reg_prop_pred_loss: 0.2569 - x_pred_categorical_accuracy: 0.9338 - x_pred_vae_anneal_metric: 0.0013 - val_loss: 1.5485 - val_x_pred_loss: 2.8730 - val_z_mean_log_var_loss: 0.3689 - val_reg_prop_pred_loss: 0.2236 - val_x_pred_categorical_accuracy: 0.8218 - val_x_pred_vae_anneal_metric: 0.0013 - 363s/epoch - 2ms/sample
Current vae annealer weight is 0.0021762245466587582
Epoch 18/70
218036/218036 - 365s - loss: 0.2201 - x_pred_loss: 0.1844 - z_mean_log_var_loss: 0.3833 - reg_prop_pred_loss: 0.2550 - x_pred_categorical_accuracy: 0.9366 - x_pred_vae_anneal_metric: 0.0022 - val_loss: 1.5796 - val_x_pred_loss: 2.9375 - val_z_mean_log_var_loss: 0.3496 - val_reg_prop_pred_loss: 0.2209 - val_x_pred_categorical_accuracy: 0.8177 - val_x_pred_vae_anneal_metric: 0.0022 - 365s/epoch - 2ms/sample
Current vae annealer weight is 0.0036212083259452047
Epoch 19/70
218036/218036 - 363s - loss: 0.2144 - x_pred_loss: 0.1742 - z_mean_log_var_loss: 0.3592 - reg_prop_pred_loss: 0.2532 - x_pred_categorical_accuracy: 0.9401 - x_pred_vae_anneal_metric: 0.0036 - val_loss: 1.4939 - val_x_pred_loss: 2.7664 - val_z_mean_log_var_loss: 0.3339 - val_reg_prop_pred_loss: 0.2201 - val_x_pred_categorical_accuracy: 0.8284 - val_x_pred_vae_anneal_metric: 0.0036 - 363s/epoch - 2ms/sample
Current vae annealer weight is 0.0060198535230323105
Epoch 20/70
218036/218036 - 364s - loss: 0.2106 - x_pred_loss: 0.1671 - z_mean_log_var_loss: 0.3318 - reg_prop_pred_loss: 0.2522 - x_pred_categorical_accuracy: 0.9425 - x_pred_vae_anneal_metric: 0.0060 - val_loss: 1.5403 - val_x_pred_loss: 2.8564 - val_z_mean_log_var_loss: 0.3016 - val_reg_prop_pred_loss: 0.2225 - val_x_pred_categorical_accuracy: 0.8228 - val_x_pred_vae_anneal_metric: 0.0060 - 364s/epoch - 2ms/sample
Current vae annealer weight is 0.009991400314210233
Epoch 21/70
218036/218036 - 363s - loss: 0.2054 - x_pred_loss: 0.1578 - z_mean_log_var_loss: 0.2989 - reg_prop_pred_loss: 0.2500 - x_pred_categorical_accuracy: 0.9456 - x_pred_vae_anneal_metric: 0.0100 - val_loss: 1.3447 - val_x_pred_loss: 2.4673 - val_z_mean_log_var_loss: 0.2638 - val_reg_prop_pred_loss: 0.2195 - val_x_pred_categorical_accuracy: 0.8469 - val_x_pred_vae_anneal_metric: 0.0100 - 363s/epoch - 2ms/sample
Current vae annealer weight is 0.016539541808615513
Epoch 22/70
218036/218036 - 362s - loss: 0.2034 - x_pred_loss: 0.1524 - z_mean_log_var_loss: 0.2630 - reg_prop_pred_loss: 0.2500 - x_pred_categorical_accuracy: 0.9475 - x_pred_vae_anneal_metric: 0.0165 - val_loss: 1.2661 - val_x_pred_loss: 2.3115 - val_z_mean_log_var_loss: 0.2317 - val_reg_prop_pred_loss: 0.2168 - val_x_pred_categorical_accuracy: 0.8566 - val_x_pred_vae_anneal_metric: 0.0165 - 362s/epoch - 2ms/sample
Current vae annealer weight is 0.02726101803792773
Epoch 23/70
218036/218036 - 363s - loss: 0.1991 - x_pred_loss: 0.1442 - z_mean_log_var_loss: 0.2226 - reg_prop_pred_loss: 0.2479 - x_pred_categorical_accuracy: 0.9503 - x_pred_vae_anneal_metric: 0.0273 - val_loss: 1.2228 - val_x_pred_loss: 2.2158 - val_z_mean_log_var_loss: 0.1889 - val_reg_prop_pred_loss: 0.2247 - val_x_pred_categorical_accuracy: 0.8625 - val_x_pred_vae_anneal_metric: 0.0273 - 363s/epoch - 2ms/sample
Current vae annealer weight is 0.04461720338803846
Epoch 24/70
218036/218036 - 364s - loss: 0.1975 - x_pred_loss: 0.1404 - z_mean_log_var_loss: 0.1859 - reg_prop_pred_loss: 0.2464 - x_pred_categorical_accuracy: 0.9517 - x_pred_vae_anneal_metric: 0.0446 - val_loss: 1.1977 - val_x_pred_loss: 2.1742 - val_z_mean_log_var_loss: 0.1604 - val_reg_prop_pred_loss: 0.2140 - val_x_pred_categorical_accuracy: 0.8651 - val_x_pred_vae_anneal_metric: 0.0446 - 364s/epoch - 2ms/sample
Current vae annealer weight is 0.07220328200576367
Epoch 25/70
218036/218036 - 362s - loss: 0.1964 - x_pred_loss: 0.1354 - z_mean_log_var_loss: 0.1547 - reg_prop_pred_loss: 0.2463 - x_pred_categorical_accuracy: 0.9534 - x_pred_vae_anneal_metric: 0.0722 - val_loss: 1.1705 - val_x_pred_loss: 2.1092 - val_z_mean_log_var_loss: 0.1306 - val_reg_prop_pred_loss: 0.2223 - val_x_pred_categorical_accuracy: 0.8691 - val_x_pred_vae_anneal_metric: 0.0722 - 362s/epoch - 2ms/sample
Current vae annealer weight is 0.11479597607205051
Epoch 26/70
218036/218036 - 364s - loss: 0.1977 - x_pred_loss: 0.1349 - z_mean_log_var_loss: 0.1347 - reg_prop_pred_loss: 0.2451 - x_pred_categorical_accuracy: 0.9535 - x_pred_vae_anneal_metric: 0.1148 - val_loss: 1.1100 - val_x_pred_loss: 1.9881 - val_z_mean_log_var_loss: 0.1178 - val_reg_prop_pred_loss: 0.2183 - val_x_pred_categorical_accuracy: 0.8767 - val_x_pred_vae_anneal_metric: 0.1148 - 364s/epoch - 2ms/sample
Current vae annealer weight is 0.17770179221364119
Epoch 27/70
218036/218036 - 363s - loss: 0.2018 - x_pred_loss: 0.1375 - z_mean_log_var_loss: 0.1226 - reg_prop_pred_loss: 0.2443 - x_pred_categorical_accuracy: 0.9526 - x_pred_vae_anneal_metric: 0.1777 - val_loss: 1.1223 - val_x_pred_loss: 2.0109 - val_z_mean_log_var_loss: 0.1059 - val_reg_prop_pred_loss: 0.2148 - val_x_pred_categorical_accuracy: 0.8752 - val_x_pred_vae_anneal_metric: 0.1777 - 363s/epoch - 2ms/sample
Current vae annealer weight is 0.26476824599321086
Epoch 28/70
218036/218036 - 364s - loss: 0.2112 - x_pred_loss: 0.1461 - z_mean_log_var_loss: 0.1155 - reg_prop_pred_loss: 0.2457 - x_pred_categorical_accuracy: 0.9498 - x_pred_vae_anneal_metric: 0.2648 - val_loss: 1.1508 - val_x_pred_loss: 2.0649 - val_z_mean_log_var_loss: 0.0994 - val_reg_prop_pred_loss: 0.2105 - val_x_pred_categorical_accuracy: 0.8719 - val_x_pred_vae_anneal_metric: 0.2648 - 364s/epoch - 2ms/sample
Current vae annealer weight is 0.3750375460299153
Epoch 29/70
218036/218036 - 363s - loss: 0.2133 - x_pred_loss: 0.1454 - z_mean_log_var_loss: 0.0991 - reg_prop_pred_loss: 0.2440 - x_pred_categorical_accuracy: 0.9499 - x_pred_vae_anneal_metric: 0.3750 - val_loss: 1.1717 - val_x_pred_loss: 2.0965 - val_z_mean_log_var_loss: 0.0840 - val_reg_prop_pred_loss: 0.2154 - val_x_pred_categorical_accuracy: 0.8699 - val_x_pred_vae_anneal_metric: 0.3750 - 363s/epoch - 2ms/sample
Current vae annealer weight is 0.5
Epoch 30/70
218036/218036 - 363s - loss: 0.2295 - x_pred_loss: 0.1647 - z_mean_log_var_loss: 0.0940 - reg_prop_pred_loss: 0.2473 - x_pred_categorical_accuracy: 0.9438 - x_pred_vae_anneal_metric: 0.5000 - val_loss: 1.1590 - val_x_pred_loss: 2.0614 - val_z_mean_log_var_loss: 0.0784 - val_reg_prop_pred_loss: 0.2175 - val_x_pred_categorical_accuracy: 0.8721 - val_x_pred_vae_anneal_metric: 0.5000 - 363s/epoch - 2ms/sample
Current vae annealer weight is 0.6249624539700847
Epoch 31/70
218036/218036 - 363s - loss: 0.2230 - x_pred_loss: 0.1544 - z_mean_log_var_loss: 0.0770 - reg_prop_pred_loss: 0.2434 - x_pred_categorical_accuracy: 0.9470 - x_pred_vae_anneal_metric: 0.6250 - val_loss: 1.1581 - val_x_pred_loss: 2.0573 - val_z_mean_log_var_loss: 0.0651 - val_reg_prop_pred_loss: 0.2181 - val_x_pred_categorical_accuracy: 0.8724 - val_x_pred_vae_anneal_metric: 0.6250 - 363s/epoch - 2ms/sample
Current vae annealer weight is 0.7352317540067891
Epoch 32/70
218036/218036 - 363s - loss: 0.2360 - x_pred_loss: 0.1716 - z_mean_log_var_loss: 0.0715 - reg_prop_pred_loss: 0.2478 - x_pred_categorical_accuracy: 0.9414 - x_pred_vae_anneal_metric: 0.7352 - val_loss: 1.2311 - val_x_pred_loss: 2.2034 - val_z_mean_log_var_loss: 0.0643 - val_reg_prop_pred_loss: 0.2116 - val_x_pred_categorical_accuracy: 0.8633 - val_x_pred_vae_anneal_metric: 0.7352 - 363s/epoch - 2ms/sample
Current vae annealer weight is 0.8222982077863588
Epoch 33/70
218036/218036 - 365s - loss: 0.2230 - x_pred_loss: 0.1553 - z_mean_log_var_loss: 0.0593 - reg_prop_pred_loss: 0.2421 - x_pred_categorical_accuracy: 0.9467 - x_pred_vae_anneal_metric: 0.8223 - val_loss: 1.1949 - val_x_pred_loss: 2.1401 - val_z_mean_log_var_loss: 0.0491 - val_reg_prop_pred_loss: 0.2093 - val_x_pred_categorical_accuracy: 0.8672 - val_x_pred_vae_anneal_metric: 0.8223 - 365s/epoch - 2ms/sample
Current vae annealer weight is 0.8852040239279495
Epoch 34/70
218036/218036 - 363s - loss: 0.2186 - x_pred_loss: 0.1516 - z_mean_log_var_loss: 0.0491 - reg_prop_pred_loss: 0.2422 - x_pred_categorical_accuracy: 0.9480 - x_pred_vae_anneal_metric: 0.8852 - val_loss: 1.2235 - val_x_pred_loss: 2.1976 - val_z_mean_log_var_loss: 0.0418 - val_reg_prop_pred_loss: 0.2123 - val_x_pred_categorical_accuracy: 0.8637 - val_x_pred_vae_anneal_metric: 0.8852 - 363s/epoch - 2ms/sample
Current vae annealer weight is 0.9277967179942364
Epoch 35/70
218036/218036 - 365s - loss: 0.2124 - x_pred_loss: 0.1454 - z_mean_log_var_loss: 0.0409 - reg_prop_pred_loss: 0.2413 - x_pred_categorical_accuracy: 0.9501 - x_pred_vae_anneal_metric: 0.9278 - val_loss: 1.1742 - val_x_pred_loss: 2.1037 - val_z_mean_log_var_loss: 0.0358 - val_reg_prop_pred_loss: 0.2115 - val_x_pred_categorical_accuracy: 0.8695 - val_x_pred_vae_anneal_metric: 0.9278 - 365s/epoch - 2ms/sample
Current vae annealer weight is 0.9553827966119615
Epoch 36/70
218036/218036 - 364s - loss: 0.2117 - x_pred_loss: 0.1461 - z_mean_log_var_loss: 0.0376 - reg_prop_pred_loss: 0.2413 - x_pred_categorical_accuracy: 0.9499 - x_pred_vae_anneal_metric: 0.9554 - val_loss: 1.1498 - val_x_pred_loss: 2.0510 - val_z_mean_log_var_loss: 0.0320 - val_reg_prop_pred_loss: 0.2180 - val_x_pred_categorical_accuracy: 0.8727 - val_x_pred_vae_anneal_metric: 0.9554 - 364s/epoch - 2ms/sample
Current vae annealer weight is 0.9727389819620722
Epoch 37/70
218036/218036 - 363s - loss: 0.2033 - x_pred_loss: 0.1357 - z_mean_log_var_loss: 0.0313 - reg_prop_pred_loss: 0.2406 - x_pred_categorical_accuracy: 0.9534 - x_pred_vae_anneal_metric: 0.9727 - val_loss: 1.1586 - val_x_pred_loss: 2.0822 - val_z_mean_log_var_loss: 0.0278 - val_reg_prop_pred_loss: 0.2079 - val_x_pred_categorical_accuracy: 0.8708 - val_x_pred_vae_anneal_metric: 0.9727 - 363s/epoch - 2ms/sample
Current vae annealer weight is 0.9834604581913845
Epoch 38/70
218036/218036 - 363s - loss: 0.1977 - x_pred_loss: 0.1289 - z_mean_log_var_loss: 0.0274 - reg_prop_pred_loss: 0.2396 - x_pred_categorical_accuracy: 0.9557 - x_pred_vae_anneal_metric: 0.9835 - val_loss: 1.1387 - val_x_pred_loss: 2.0382 - val_z_mean_log_var_loss: 0.0246 - val_reg_prop_pred_loss: 0.2150 - val_x_pred_categorical_accuracy: 0.8735 - val_x_pred_vae_anneal_metric: 0.9835 - 363s/epoch - 2ms/sample
Current vae annealer weight is 0.9900085996857898
Epoch 39/70
218036/218036 - 364s - loss: 0.1948 - x_pred_loss: 0.1270 - z_mean_log_var_loss: 0.0253 - reg_prop_pred_loss: 0.2376 - x_pred_categorical_accuracy: 0.9565 - x_pred_vae_anneal_metric: 0.9900 - val_loss: 1.1142 - val_x_pred_loss: 1.9913 - val_z_mean_log_var_loss: 0.0231 - val_reg_prop_pred_loss: 0.2143 - val_x_pred_categorical_accuracy: 0.8765 - val_x_pred_vae_anneal_metric: 0.9900 - 364s/epoch - 2ms/sample
Current vae annealer weight is 0.9939801464769676
Epoch 40/70
218036/218036 - 364s - loss: 0.1910 - x_pred_loss: 0.1224 - z_mean_log_var_loss: 0.0233 - reg_prop_pred_loss: 0.2366 - x_pred_categorical_accuracy: 0.9580 - x_pred_vae_anneal_metric: 0.9940 - val_loss: 1.0918 - val_x_pred_loss: 1.9512 - val_z_mean_log_var_loss: 0.0214 - val_reg_prop_pred_loss: 0.2111 - val_x_pred_categorical_accuracy: 0.8789 - val_x_pred_vae_anneal_metric: 0.9940 - 364s/epoch - 2ms/sample
Current vae annealer weight is 0.9963787916740549
Epoch 41/70
218036/218036 - 363s - loss: 0.1999 - x_pred_loss: 0.1366 - z_mean_log_var_loss: 0.0244 - reg_prop_pred_loss: 0.2389 - x_pred_categorical_accuracy: 0.9534 - x_pred_vae_anneal_metric: 0.9964 - val_loss: 1.1148 - val_x_pred_loss: 1.9990 - val_z_mean_log_var_loss: 0.0238 - val_reg_prop_pred_loss: 0.2069 - val_x_pred_categorical_accuracy: 0.8760 - val_x_pred_vae_anneal_metric: 0.9964 - 363s/epoch - 2ms/sample
Current vae annealer weight is 0.9978237754533412
Epoch 42/70
218036/218036 - 362s - loss: 0.1889 - x_pred_loss: 0.1202 - z_mean_log_var_loss: 0.0226 - reg_prop_pred_loss: 0.2351 - x_pred_categorical_accuracy: 0.9588 - x_pred_vae_anneal_metric: 0.9978 - val_loss: 1.1370 - val_x_pred_loss: 2.0434 - val_z_mean_log_var_loss: 0.0217 - val_reg_prop_pred_loss: 0.2089 - val_x_pred_categorical_accuracy: 0.8732 - val_x_pred_vae_anneal_metric: 0.9978 - 362s/epoch - 2ms/sample
Current vae annealer weight is 0.998692918557779
Epoch 43/70
218036/218036 - 363s - loss: 0.1836 - x_pred_loss: 0.1133 - z_mean_log_var_loss: 0.0204 - reg_prop_pred_loss: 0.2334 - x_pred_categorical_accuracy: 0.9611 - x_pred_vae_anneal_metric: 0.9987 - val_loss: 1.0605 - val_x_pred_loss: 1.8679 - val_z_mean_log_var_loss: 0.0185 - val_reg_prop_pred_loss: 0.2346 - val_x_pred_categorical_accuracy: 0.8841 - val_x_pred_vae_anneal_metric: 0.9987 - 363s/epoch - 2ms/sample
Current vae annealer weight is 0.9992152152808638
Epoch 44/70
218036/218036 - 363s - loss: 0.1818 - x_pred_loss: 0.1112 - z_mean_log_var_loss: 0.0187 - reg_prop_pred_loss: 0.2336 - x_pred_categorical_accuracy: 0.9618 - x_pred_vae_anneal_metric: 0.9992 - val_loss: 1.0071 - val_x_pred_loss: 1.7919 - val_z_mean_log_var_loss: 0.0178 - val_reg_prop_pred_loss: 0.2044 - val_x_pred_categorical_accuracy: 0.8888 - val_x_pred_vae_anneal_metric: 0.9992 - 363s/epoch - 2ms/sample
Current vae annealer weight is 0.9995289058847296
Epoch 45/70
218036/218036 - 361s - loss: 0.1791 - x_pred_loss: 0.1072 - z_mean_log_var_loss: 0.0180 - reg_prop_pred_loss: 0.2329 - x_pred_categorical_accuracy: 0.9632 - x_pred_vae_anneal_metric: 0.9995 - val_loss: 1.0045 - val_x_pred_loss: 1.7848 - val_z_mean_log_var_loss: 0.0170 - val_reg_prop_pred_loss: 0.2073 - val_x_pred_categorical_accuracy: 0.8893 - val_x_pred_vae_anneal_metric: 0.9995 - 361s/epoch - 2ms/sample
Current vae annealer weight is 0.9997172449786838
Epoch 46/70
218036/218036 - 362s - loss: 0.1766 - x_pred_loss: 0.1043 - z_mean_log_var_loss: 0.0172 - reg_prop_pred_loss: 0.2317 - x_pred_categorical_accuracy: 0.9642 - x_pred_vae_anneal_metric: 0.9997 - val_loss: 0.9964 - val_x_pred_loss: 1.7685 - val_z_mean_log_var_loss: 0.0161 - val_reg_prop_pred_loss: 0.2083 - val_x_pred_categorical_accuracy: 0.8903 - val_x_pred_vae_anneal_metric: 0.9997 - 362s/epoch - 2ms/sample
Current vae annealer weight is 0.9998303006190481
Epoch 47/70
218036/218036 - 365s - loss: 0.1768 - x_pred_loss: 0.1056 - z_mean_log_var_loss: 0.0171 - reg_prop_pred_loss: 0.2309 - x_pred_categorical_accuracy: 0.9638 - x_pred_vae_anneal_metric: 0.9998 - val_loss: 1.0023 - val_x_pred_loss: 1.7824 - val_z_mean_log_var_loss: 0.0165 - val_reg_prop_pred_loss: 0.2058 - val_x_pred_categorical_accuracy: 0.8894 - val_x_pred_vae_anneal_metric: 0.9998 - 365s/epoch - 2ms/sample
Current vae annealer weight is 0.9998981571479052
Epoch 48/70
218036/218036 - 364s - loss: 0.1741 - x_pred_loss: 0.1014 - z_mean_log_var_loss: 0.0165 - reg_prop_pred_loss: 0.2303 - x_pred_categorical_accuracy: 0.9652 - x_pred_vae_anneal_metric: 0.9999 - val_loss: 0.9876 - val_x_pred_loss: 1.7478 - val_z_mean_log_var_loss: 0.0153 - val_reg_prop_pred_loss: 0.2120 - val_x_pred_categorical_accuracy: 0.8916 - val_x_pred_vae_anneal_metric: 0.9999 - 364s/epoch - 2ms/sample
Current vae annealer weight is 0.9999388820100666
Epoch 49/70
218036/218036 - 363s - loss: 0.1739 - x_pred_loss: 0.1018 - z_mean_log_var_loss: 0.0160 - reg_prop_pred_loss: 0.2300 - x_pred_categorical_accuracy: 0.9651 - x_pred_vae_anneal_metric: 0.9999 - val_loss: 1.0259 - val_x_pred_loss: 1.8246 - val_z_mean_log_var_loss: 0.0163 - val_reg_prop_pred_loss: 0.2108 - val_x_pred_categorical_accuracy: 0.8868 - val_x_pred_vae_anneal_metric: 0.9999 - 363s/epoch - 2ms/sample
Current vae annealer weight is 0.9999633224347099
Epoch 50/70
218036/218036 - 362s - loss: 0.1716 - x_pred_loss: 0.0977 - z_mean_log_var_loss: 0.0162 - reg_prop_pred_loss: 0.2292 - x_pred_categorical_accuracy: 0.9665 - x_pred_vae_anneal_metric: 1.0000 - val_loss: 1.0825 - val_x_pred_loss: 1.9365 - val_z_mean_log_var_loss: 0.0144 - val_reg_prop_pred_loss: 0.2141 - val_x_pred_categorical_accuracy: 0.8799 - val_x_pred_vae_anneal_metric: 1.0000 - 362s/epoch - 2ms/sample
Current vae annealer weight is 0.9999779896124086
Epoch 51/70
218036/218036 - 361s - loss: 0.1696 - x_pred_loss: 0.0954 - z_mean_log_var_loss: 0.0149 - reg_prop_pred_loss: 0.2290 - x_pred_categorical_accuracy: 0.9672 - x_pred_vae_anneal_metric: 1.0000 - val_loss: 1.0043 - val_x_pred_loss: 1.7906 - val_z_mean_log_var_loss: 0.0142 - val_reg_prop_pred_loss: 0.2039 - val_x_pred_categorical_accuracy: 0.8889 - val_x_pred_vae_anneal_metric: 1.0000 - 361s/epoch - 2ms/sample
Current vae annealer weight is 0.9999867915354658
Epoch 52/70
218036/218036 - 363s - loss: 0.1689 - x_pred_loss: 0.0951 - z_mean_log_var_loss: 0.0151 - reg_prop_pred_loss: 0.2276 - x_pred_categorical_accuracy: 0.9674 - x_pred_vae_anneal_metric: 1.0000 - val_loss: 0.9846 - val_x_pred_loss: 1.7508 - val_z_mean_log_var_loss: 0.0144 - val_reg_prop_pred_loss: 0.2040 - val_x_pred_categorical_accuracy: 0.8914 - val_x_pred_vae_anneal_metric: 1.0000 - 363s/epoch - 2ms/sample
Current vae annealer weight is 0.999992073609766
Epoch 53/70
218036/218036 - 363s - loss: 0.1663 - x_pred_loss: 0.0914 - z_mean_log_var_loss: 0.0143 - reg_prop_pred_loss: 0.2269 - x_pred_categorical_accuracy: 0.9686 - x_pred_vae_anneal_metric: 1.0000 - val_loss: 0.9783 - val_x_pred_loss: 1.7270 - val_z_mean_log_var_loss: 0.0133 - val_reg_prop_pred_loss: 0.2163 - val_x_pred_categorical_accuracy: 0.8929 - val_x_pred_vae_anneal_metric: 1.0000 - 363s/epoch - 2ms/sample
Current vae annealer weight is 0.9999952433888688
Epoch 54/70
218036/218036 - 362s - loss: 0.1639 - x_pred_loss: 0.0886 - z_mean_log_var_loss: 0.0136 - reg_prop_pred_loss: 0.2256 - x_pred_categorical_accuracy: 0.9696 - x_pred_vae_anneal_metric: 1.0000 - val_loss: 0.9388 - val_x_pred_loss: 1.6575 - val_z_mean_log_var_loss: 0.0128 - val_reg_prop_pred_loss: 0.2072 - val_x_pred_categorical_accuracy: 0.8972 - val_x_pred_vae_anneal_metric: 1.0000 - 362s/epoch - 2ms/sample
Current vae annealer weight is 0.999997145570669
Epoch 55/70
218036/218036 - 364s - loss: 0.1647 - x_pred_loss: 0.0897 - z_mean_log_var_loss: 0.0138 - reg_prop_pred_loss: 0.2259 - x_pred_categorical_accuracy: 0.9692 - x_pred_vae_anneal_metric: 1.0000 - val_loss: 1.0586 - val_x_pred_loss: 1.8876 - val_z_mean_log_var_loss: 0.0139 - val_reg_prop_pred_loss: 0.2156 - val_x_pred_categorical_accuracy: 0.8829 - val_x_pred_vae_anneal_metric: 1.0000 - 364s/epoch - 2ms/sample
Current vae annealer weight is 0.999998287066068
Epoch 56/70
218036/218036 - 364s - loss: 0.1637 - x_pred_loss: 0.0887 - z_mean_log_var_loss: 0.0142 - reg_prop_pred_loss: 0.2246 - x_pred_categorical_accuracy: 0.9696 - x_pred_vae_anneal_metric: 1.0000 - val_loss: 0.9312 - val_x_pred_loss: 1.6479 - val_z_mean_log_var_loss: 0.0129 - val_reg_prop_pred_loss: 0.2016 - val_x_pred_categorical_accuracy: 0.8978 - val_x_pred_vae_anneal_metric: 1.0000 - 364s/epoch - 2ms/sample
Current vae annealer weight is 0.9999989720742833
Epoch 57/70
218036/218036 - 363s - loss: 0.1602 - x_pred_loss: 0.0838 - z_mean_log_var_loss: 0.0129 - reg_prop_pred_loss: 0.2238 - x_pred_categorical_accuracy: 0.9712 - x_pred_vae_anneal_metric: 1.0000 - val_loss: 0.9392 - val_x_pred_loss: 1.6645 - val_z_mean_log_var_loss: 0.0122 - val_reg_prop_pred_loss: 0.2017 - val_x_pred_categorical_accuracy: 0.8967 - val_x_pred_vae_anneal_metric: 1.0000 - 363s/epoch - 2ms/sample
Current vae annealer weight is 0.9999993831455084
Epoch 58/70
218036/218036 - 362s - loss: 0.1603 - x_pred_loss: 0.0843 - z_mean_log_var_loss: 0.0127 - reg_prop_pred_loss: 0.2235 - x_pred_categorical_accuracy: 0.9710 - x_pred_vae_anneal_metric: 1.0000 - val_loss: 0.9911 - val_x_pred_loss: 1.7452 - val_z_mean_log_var_loss: 0.0123 - val_reg_prop_pred_loss: 0.2247 - val_x_pred_categorical_accuracy: 0.8917 - val_x_pred_vae_anneal_metric: 1.0000 - 362s/epoch - 2ms/sample
Current vae annealer weight is 0.9999996298279195
Epoch 59/70
218036/218036 - 362s - loss: 0.1642 - x_pred_loss: 0.0909 - z_mean_log_var_loss: 0.0139 - reg_prop_pred_loss: 0.2237 - x_pred_categorical_accuracy: 0.9690 - x_pred_vae_anneal_metric: 1.0000 - val_loss: 0.9136 - val_x_pred_loss: 1.6122 - val_z_mean_log_var_loss: 0.0130 - val_reg_prop_pred_loss: 0.2020 - val_x_pred_categorical_accuracy: 0.9000 - val_x_pred_vae_anneal_metric: 1.0000 - 362s/epoch - 2ms/sample
Current vae annealer weight is 0.9999997778611365
Epoch 60/70
218036/218036 - 362s - loss: 0.1585 - x_pred_loss: 0.0824 - z_mean_log_var_loss: 0.0128 - reg_prop_pred_loss: 0.2218 - x_pred_categorical_accuracy: 0.9718 - x_pred_vae_anneal_metric: 1.0000 - val_loss: 0.9806 - val_x_pred_loss: 1.7448 - val_z_mean_log_var_loss: 0.0121 - val_reg_prop_pred_loss: 0.2044 - val_x_pred_categorical_accuracy: 0.8918 - val_x_pred_vae_anneal_metric: 1.0000 - 362s/epoch - 2ms/sample
Current vae annealer weight is 0.9999998666953174
Epoch 61/70
218036/218036 - 363s - loss: 0.1628 - x_pred_loss: 0.0894 - z_mean_log_var_loss: 0.0130 - reg_prop_pred_loss: 0.2232 - x_pred_categorical_accuracy: 0.9694 - x_pred_vae_anneal_metric: 1.0000 - val_loss: 0.9366 - val_x_pred_loss: 1.6504 - val_z_mean_log_var_loss: 0.0138 - val_reg_prop_pred_loss: 0.2090 - val_x_pred_categorical_accuracy: 0.8976 - val_x_pred_vae_anneal_metric: 1.0000 - 363s/epoch - 2ms/sample
Current vae annealer weight is 0.9999999200043723
Epoch 62/70
218036/218036 - 364s - loss: 0.1568 - x_pred_loss: 0.0797 - z_mean_log_var_loss: 0.0129 - reg_prop_pred_loss: 0.2210 - x_pred_categorical_accuracy: 0.9727 - x_pred_vae_anneal_metric: 1.0000 - val_loss: 0.8993 - val_x_pred_loss: 1.5858 - val_z_mean_log_var_loss: 0.0115 - val_reg_prop_pred_loss: 0.2012 - val_x_pred_categorical_accuracy: 0.9016 - val_x_pred_vae_anneal_metric: 1.0000 - 364s/epoch - 2ms/sample
Current vae annealer weight is 0.9999999519949324
Epoch 63/70
218036/218036 - 362s - loss: 0.1558 - x_pred_loss: 0.0786 - z_mean_log_var_loss: 0.0118 - reg_prop_pred_loss: 0.2213 - x_pred_categorical_accuracy: 0.9730 - x_pred_vae_anneal_metric: 1.0000 - val_loss: 0.9701 - val_x_pred_loss: 1.7164 - val_z_mean_log_var_loss: 0.0113 - val_reg_prop_pred_loss: 0.2124 - val_x_pred_categorical_accuracy: 0.8935 - val_x_pred_vae_anneal_metric: 1.0000 - 362s/epoch - 2ms/sample
Current vae annealer weight is 0.9999999711923445
Epoch 64/70
218036/218036 - 363s - loss: 0.1558 - x_pred_loss: 0.0794 - z_mean_log_var_loss: 0.0117 - reg_prop_pred_loss: 0.2204 - x_pred_categorical_accuracy: 0.9728 - x_pred_vae_anneal_metric: 1.0000 - val_loss: 0.8937 - val_x_pred_loss: 1.5743 - val_z_mean_log_var_loss: 0.0117 - val_reg_prop_pred_loss: 0.2015 - val_x_pred_categorical_accuracy: 0.9023 - val_x_pred_vae_anneal_metric: 1.0000 - 363s/epoch - 2ms/sample
Current vae annealer weight is 0.9999999827126375
Epoch 65/70
218036/218036 - 362s - loss: 0.1547 - x_pred_loss: 0.0775 - z_mean_log_var_loss: 0.0120 - reg_prop_pred_loss: 0.2199 - x_pred_categorical_accuracy: 0.9735 - x_pred_vae_anneal_metric: 1.0000 - val_loss: 0.8973 - val_x_pred_loss: 1.5766 - val_z_mean_log_var_loss: 0.0109 - val_reg_prop_pred_loss: 0.2071 - val_x_pred_categorical_accuracy: 0.9022 - val_x_pred_vae_anneal_metric: 1.0000 - 362s/epoch - 2ms/sample
Current vae annealer weight is 0.9999999896259207
Epoch 66/70
218036/218036 - 362s - loss: 0.1532 - x_pred_loss: 0.0760 - z_mean_log_var_loss: 0.0114 - reg_prop_pred_loss: 0.2190 - x_pred_categorical_accuracy: 0.9739 - x_pred_vae_anneal_metric: 1.0000 - val_loss: 0.8992 - val_x_pred_loss: 1.5768 - val_z_mean_log_var_loss: 0.0112 - val_reg_prop_pred_loss: 0.2104 - val_x_pred_categorical_accuracy: 0.9022 - val_x_pred_vae_anneal_metric: 1.0000 - 362s/epoch - 2ms/sample
Current vae annealer weight is 0.9999999937745552
Epoch 67/70
218036/218036 - 363s - loss: 0.1536 - x_pred_loss: 0.0766 - z_mean_log_var_loss: 0.0117 - reg_prop_pred_loss: 0.2189 - x_pred_categorical_accuracy: 0.9738 - x_pred_vae_anneal_metric: 1.0000 - val_loss: 0.9385 - val_x_pred_loss: 1.6590 - val_z_mean_log_var_loss: 0.0111 - val_reg_prop_pred_loss: 0.2070 - val_x_pred_categorical_accuracy: 0.8971 - val_x_pred_vae_anneal_metric: 1.0000 - 363s/epoch - 2ms/sample
Current vae annealer weight is 0.9999999962641346
Epoch 68/70
218036/218036 - 363s - loss: 0.1526 - x_pred_loss: 0.0763 - z_mean_log_var_loss: 0.0116 - reg_prop_pred_loss: 0.2174 - x_pred_categorical_accuracy: 0.9739 - x_pred_vae_anneal_metric: 1.0000 - val_loss: 0.9354 - val_x_pred_loss: 1.6557 - val_z_mean_log_var_loss: 0.0107 - val_reg_prop_pred_loss: 0.2043 - val_x_pred_categorical_accuracy: 0.8973 - val_x_pred_vae_anneal_metric: 1.0000 - 363s/epoch - 2ms/sample
Current vae annealer weight is 0.9999999977581218
Epoch 69/70
218036/218036 - 364s - loss: 0.1518 - x_pred_loss: 0.0749 - z_mean_log_var_loss: 0.0114 - reg_prop_pred_loss: 0.2174 - x_pred_categorical_accuracy: 0.9744 - x_pred_vae_anneal_metric: 1.0000 - val_loss: 0.8731 - val_x_pred_loss: 1.5293 - val_z_mean_log_var_loss: 0.0113 - val_reg_prop_pred_loss: 0.2055 - val_x_pred_categorical_accuracy: 0.9051 - val_x_pred_vae_anneal_metric: 1.0000 - 364s/epoch - 2ms/sample
Current vae annealer weight is 0.9999999986546575
Epoch 70/70
218036/218036 - 363s - loss: 0.1515 - x_pred_loss: 0.0741 - z_mean_log_var_loss: 0.0114 - reg_prop_pred_loss: 0.2176 - x_pred_categorical_accuracy: 0.9746 - x_pred_vae_anneal_metric: 1.0000 - val_loss: 0.9032 - val_x_pred_loss: 1.5923 - val_z_mean_log_var_loss: 0.0111 - val_reg_prop_pred_loss: 0.2029 - val_x_pred_categorical_accuracy: 0.9012 - val_x_pred_vae_anneal_metric: 1.0000 - 363s/epoch - 2ms/sample
/home/jp2658/.conda/envs/chemvae_tf2/lib/python3.10/site-packages/keras/src/engine/training.py:3103: UserWarning: You are saving your model as an HDF5 file via `model.save()`. This file format is considered legacy. We recommend using instead the native Keras format, e.g. `model.save('my_model.keras')`.
  saving_api.save_model(
time of run :  25427.61021924019
**FINISHED**
