Using hyper-parameters:
name                      - zinc_prop   
MAX_LEN                   - 100         
data_file                 - ZINC_Michael_data.csv.gz
char_file                 - zinc.json   
encoder_weights_file      - zinc_encoder.h5
decoder_weights_file      - zinc_decoder.h5
prop_pred_weights_file    - zinc_prop_pred.h5
data_normalization_out    - zinc_michael_norm_data.csv
reg_prop_tasks            - ['mulliken_O4', 'pbv_C1', 'lumo']
test_idx_file             - test_idx.npy
history_file              - history.csv 
do_prop_pred              - True        
TRAIN_MODEL               - True        
ENC_DEC_TEST              - False       
PADDING                   - right       
RAND_SEED                 - 42          
epochs                    - 70          
vae_annealer_start        - 29          
dropout_rate_mid          - 0.08283292970479479
anneal_sigmod_slope       - 0.5106654305791392
recurrent_dim             - 488         
hidden_dim                - 256         
tgru_dropout              - 0.19617749608323892
hg_growth_factor          - 1.2281884874932403
middle_layer              - 1           
prop_hidden_dim           - 67          
batch_size                - 182         
prop_pred_depth           - 3           
lr                        - 0.00045619868229310396
prop_pred_dropout         - 0.15694573998898703
prop_growth_factor        - 0.9902834073131418
momentum                  - 0.9902764103622574
verbose_print             - 2           
rest of parameters are set as default
All params: {'reload_model': False, 'prev_epochs': 0, 'batch_size': 182, 'epochs': 70, 'val_split': 0.1, 'loss': 'categorical_crossentropy', 'batchnorm_conv': True, 'conv_activation': 'tanh', 'conv_depth': 4, 'conv_dim_depth': 8, 'conv_dim_width': 8, 'conv_d_growth_factor': 1.15875438383, 'conv_w_growth_factor': 1.1758149644, 'gru_depth': 4, 'rnn_activation': 'tanh', 'recurrent_dim': 488, 'do_tgru': True, 'terminal_GRU_implementation': 0, 'tgru_dropout': 0.19617749608323892, 'temperature': 1.0, 'hg_growth_factor': 1.2281884874932403, 'hidden_dim': 256, 'middle_layer': 1, 'dropout_rate_mid': 0.08283292970479479, 'batchnorm_mid': True, 'activation': 'tanh', 'lr': 0.00045619868229310396, 'momentum': 0.9902764103622574, 'optim': 'adam', 'vae_annealer_start': 29, 'batchnorm_vae': False, 'vae_activation': 'tanh', 'xent_loss_weight': 1.0, 'kl_loss_weight': 1.0, 'anneal_sigmod_slope': 0.5106654305791392, 'freeze_logvar_layer': False, 'freeze_offset': 1, 'do_prop_pred': True, 'prop_pred_depth': 3, 'prop_hidden_dim': 67, 'prop_growth_factor': 0.9902834073131418, 'prop_pred_activation': 'tanh', 'reg_prop_pred_loss': 'mse', 'logit_prop_pred_loss': 'binary_crossentropy', 'prop_pred_loss_weight': 0.5, 'prop_pred_dropout': 0.15694573998898703, 'prop_batchnorm': True, 'verbose_print': 2, 'name': 'zinc_prop', 'MAX_LEN': 100, 'data_file': 'ZINC_Michael_data.csv.gz', 'char_file': 'zinc.json', 'encoder_weights_file': 'zinc_encoder.h5', 'decoder_weights_file': 'zinc_decoder.h5', 'prop_pred_weights_file': 'zinc_prop_pred.h5', 'data_normalization_out': 'zinc_michael_norm_data.csv', 'reg_prop_tasks': ['mulliken_O4', 'pbv_C1', 'lumo'], 'test_idx_file': 'test_idx.npy', 'history_file': 'history.csv', 'TRAIN_MODEL': True, 'ENC_DEC_TEST': False, 'PADDING': 'right', 'RAND_SEED': 42}
Training set size is 242455
first smiles: " c1cc(oc1)/C=C\C(=O)N2C[C@@H]3C[C@@]3(C2)CO "
total chars: 35
Vectorization...
Total Data size 242455
shape of input vector : {} (218036, 100, 35)
Training set size is (218036, 100, 35), after filtering to max length of 100
Train on 218036 samples, validate on 24388 samples
Current vae annealer weight is 3.701720805095644e-07
Epoch 1/70
/home/jp2658/.conda/envs/chemvae_tf2/lib/python3.10/site-packages/keras/src/engine/training_v1.py:2335: UserWarning: `Model.state_updates` will be removed in a future version. This property should not be used in TensorFlow 2.0, as `updates` are applied automatically.
  updates = self.state_updates
218036/218036 - 376s - loss: 1.1109 - x_pred_loss: 1.2184 - z_mean_log_var_loss: 1.2865 - reg_prop_pred_loss: 1.0034 - x_pred_categorical_accuracy: 0.6317 - x_pred_vae_anneal_metric: 3.7017e-07 - val_loss: 3.8628 - val_x_pred_loss: 7.1045 - val_z_mean_log_var_loss: 1.1204 - val_reg_prop_pred_loss: 0.6212 - val_x_pred_categorical_accuracy: 0.5592 - val_x_pred_vae_anneal_metric: 3.7017e-07 - 376s/epoch - 2ms/sample
Current vae annealer weight is 6.168544915222557e-07
Epoch 2/70
218036/218036 - 370s - loss: 0.6937 - x_pred_loss: 0.8279 - z_mean_log_var_loss: 1.1951 - reg_prop_pred_loss: 0.5594 - x_pred_categorical_accuracy: 0.7492 - x_pred_vae_anneal_metric: 6.1685e-07 - val_loss: 3.6274 - val_x_pred_loss: 6.8154 - val_z_mean_log_var_loss: 1.0412 - val_reg_prop_pred_loss: 0.4393 - val_x_pred_categorical_accuracy: 0.5772 - val_x_pred_vae_anneal_metric: 6.1686e-07 - 370s/epoch - 2ms/sample
Current vae annealer weight is 1.0279257166985964e-06
Epoch 3/70
218036/218036 - 348s - loss: 0.5344 - x_pred_loss: 0.6362 - z_mean_log_var_loss: 1.1306 - reg_prop_pred_loss: 0.4326 - x_pred_categorical_accuracy: 0.7964 - x_pred_vae_anneal_metric: 1.0279e-06 - val_loss: 3.3187 - val_x_pred_loss: 6.2765 - val_z_mean_log_var_loss: 1.0369 - val_reg_prop_pred_loss: 0.3609 - val_x_pred_categorical_accuracy: 0.6106 - val_x_pred_vae_anneal_metric: 1.0279e-06 - 348s/epoch - 2ms/sample
Current vae annealer weight is 1.7129339319420572e-06
Epoch 4/70
218036/218036 - 348s - loss: 0.4479 - x_pred_loss: 0.5257 - z_mean_log_var_loss: 1.1046 - reg_prop_pred_loss: 0.3701 - x_pred_categorical_accuracy: 0.8254 - x_pred_vae_anneal_metric: 1.7129e-06 - val_loss: 3.1130 - val_x_pred_loss: 5.8857 - val_z_mean_log_var_loss: 0.9971 - val_reg_prop_pred_loss: 0.3404 - val_x_pred_categorical_accuracy: 0.6348 - val_x_pred_vae_anneal_metric: 1.7129e-06 - 348s/epoch - 2ms/sample
Current vae annealer weight is 2.854429330962736e-06
Epoch 5/70
218036/218036 - 350s - loss: 0.3935 - x_pred_loss: 0.4522 - z_mean_log_var_loss: 1.0486 - reg_prop_pred_loss: 0.3348 - x_pred_categorical_accuracy: 0.8475 - x_pred_vae_anneal_metric: 2.8545e-06 - val_loss: 2.9005 - val_x_pred_loss: 5.5157 - val_z_mean_log_var_loss: 0.9538 - val_reg_prop_pred_loss: 0.2854 - val_x_pred_categorical_accuracy: 0.6578 - val_x_pred_vae_anneal_metric: 2.8544e-06 - 350s/epoch - 2ms/sample
Current vae annealer weight is 4.756611131108824e-06
Epoch 6/70
218036/218036 - 348s - loss: 0.3546 - x_pred_loss: 0.3952 - z_mean_log_var_loss: 0.9819 - reg_prop_pred_loss: 0.3141 - x_pred_categorical_accuracy: 0.8661 - x_pred_vae_anneal_metric: 4.7566e-06 - val_loss: 2.7038 - val_x_pred_loss: 5.1404 - val_z_mean_log_var_loss: 0.8921 - val_reg_prop_pred_loss: 0.2672 - val_x_pred_categorical_accuracy: 0.6811 - val_x_pred_vae_anneal_metric: 4.7566e-06 - 348s/epoch - 2ms/sample
Current vae annealer weight is 7.926390233964058e-06
Epoch 7/70
218036/218036 - 348s - loss: 0.3267 - x_pred_loss: 0.3534 - z_mean_log_var_loss: 0.9105 - reg_prop_pred_loss: 0.3000 - x_pred_categorical_accuracy: 0.8794 - x_pred_vae_anneal_metric: 7.9265e-06 - val_loss: 2.5936 - val_x_pred_loss: 4.9290 - val_z_mean_log_var_loss: 0.8246 - val_reg_prop_pred_loss: 0.2583 - val_x_pred_categorical_accuracy: 0.6942 - val_x_pred_vae_anneal_metric: 7.9264e-06 - 348s/epoch - 2ms/sample
Current vae annealer weight is 1.3208464534236994e-05
Epoch 8/70
218036/218036 - 348s - loss: 0.3046 - x_pred_loss: 0.3184 - z_mean_log_var_loss: 0.8411 - reg_prop_pred_loss: 0.2908 - x_pred_categorical_accuracy: 0.8906 - x_pred_vae_anneal_metric: 1.3208e-05 - val_loss: 2.4408 - val_x_pred_loss: 4.6317 - val_z_mean_log_var_loss: 0.7479 - val_reg_prop_pred_loss: 0.2499 - val_x_pred_categorical_accuracy: 0.7126 - val_x_pred_vae_anneal_metric: 1.3208e-05 - 348s/epoch - 2ms/sample
Current vae annealer weight is 2.201038759146048e-05
Epoch 9/70
218036/218036 - 348s - loss: 0.2875 - x_pred_loss: 0.2928 - z_mean_log_var_loss: 0.7804 - reg_prop_pred_loss: 0.2821 - x_pred_categorical_accuracy: 0.8989 - x_pred_vae_anneal_metric: 2.2010e-05 - val_loss: 2.3711 - val_x_pred_loss: 4.4916 - val_z_mean_log_var_loss: 0.7118 - val_reg_prop_pred_loss: 0.2506 - val_x_pred_categorical_accuracy: 0.7213 - val_x_pred_vae_anneal_metric: 2.2010e-05 - 348s/epoch - 2ms/sample
Current vae annealer weight is 3.6677565290112376e-05
Epoch 10/70
218036/218036 - 349s - loss: 0.2750 - x_pred_loss: 0.2732 - z_mean_log_var_loss: 0.7374 - reg_prop_pred_loss: 0.2768 - x_pred_categorical_accuracy: 0.9054 - x_pred_vae_anneal_metric: 3.6678e-05 - val_loss: 2.2433 - val_x_pred_loss: 4.2397 - val_z_mean_log_var_loss: 0.6719 - val_reg_prop_pred_loss: 0.2469 - val_x_pred_categorical_accuracy: 0.7370 - val_x_pred_vae_anneal_metric: 3.6678e-05 - 349s/epoch - 2ms/sample
Current vae annealer weight is 6.111798993344653e-05
Epoch 11/70
218036/218036 - 349s - loss: 0.2600 - x_pred_loss: 0.2488 - z_mean_log_var_loss: 0.6879 - reg_prop_pred_loss: 0.2711 - x_pred_categorical_accuracy: 0.9137 - x_pred_vae_anneal_metric: 6.1117e-05 - val_loss: 2.1136 - val_x_pred_loss: 3.9901 - val_z_mean_log_var_loss: 0.6274 - val_reg_prop_pred_loss: 0.2372 - val_x_pred_categorical_accuracy: 0.7524 - val_x_pred_vae_anneal_metric: 6.1118e-05 - 349s/epoch - 2ms/sample
Current vae annealer weight is 0.0001018428520948195
Epoch 12/70
218036/218036 - 349s - loss: 0.2505 - x_pred_loss: 0.2332 - z_mean_log_var_loss: 0.6432 - reg_prop_pred_loss: 0.2678 - x_pred_categorical_accuracy: 0.9189 - x_pred_vae_anneal_metric: 1.0184e-04 - val_loss: 2.0905 - val_x_pred_loss: 3.9421 - val_z_mean_log_var_loss: 0.5905 - val_reg_prop_pred_loss: 0.2389 - val_x_pred_categorical_accuracy: 0.7554 - val_x_pred_vae_anneal_metric: 1.0184e-04 - 349s/epoch - 2ms/sample
Current vae annealer weight is 0.00016969938095202496
Epoch 13/70
218036/218036 - 359s - loss: 0.2410 - x_pred_loss: 0.2196 - z_mean_log_var_loss: 0.6058 - reg_prop_pred_loss: 0.2623 - x_pred_categorical_accuracy: 0.9235 - x_pred_vae_anneal_metric: 1.6970e-04 - val_loss: 1.9776 - val_x_pred_loss: 3.7234 - val_z_mean_log_var_loss: 0.5595 - val_reg_prop_pred_loss: 0.2318 - val_x_pred_categorical_accuracy: 0.7690 - val_x_pred_vae_anneal_metric: 1.6970e-04 - 359s/epoch - 2ms/sample
Current vae annealer weight is 0.00028275502131637844
Epoch 14/70
218036/218036 - 373s - loss: 0.2380 - x_pred_loss: 0.2142 - z_mean_log_var_loss: 0.5860 - reg_prop_pred_loss: 0.2618 - x_pred_categorical_accuracy: 0.9254 - x_pred_vae_anneal_metric: 2.8276e-04 - val_loss: 1.9274 - val_x_pred_loss: 3.6232 - val_z_mean_log_var_loss: 0.5504 - val_reg_prop_pred_loss: 0.2314 - val_x_pred_categorical_accuracy: 0.7752 - val_x_pred_vae_anneal_metric: 2.8275e-04 - 373s/epoch - 2ms/sample
Current vae annealer weight is 0.0004710941152704827
Epoch 15/70
218036/218036 - 373s - loss: 0.2257 - x_pred_loss: 0.1953 - z_mean_log_var_loss: 0.5592 - reg_prop_pred_loss: 0.2558 - x_pred_categorical_accuracy: 0.9319 - x_pred_vae_anneal_metric: 4.7109e-04 - val_loss: 1.8246 - val_x_pred_loss: 3.4225 - val_z_mean_log_var_loss: 0.5101 - val_reg_prop_pred_loss: 0.2265 - val_x_pred_categorical_accuracy: 0.7877 - val_x_pred_vae_anneal_metric: 4.7109e-04 - 373s/epoch - 2ms/sample
Current vae annealer weight is 0.0007847847191363334
Epoch 16/70
218036/218036 - 374s - loss: 0.2196 - x_pred_loss: 0.1850 - z_mean_log_var_loss: 0.5226 - reg_prop_pred_loss: 0.2538 - x_pred_categorical_accuracy: 0.9354 - x_pred_vae_anneal_metric: 7.8480e-04 - val_loss: 1.7636 - val_x_pred_loss: 3.2975 - val_z_mean_log_var_loss: 0.4839 - val_reg_prop_pred_loss: 0.2294 - val_x_pred_categorical_accuracy: 0.7954 - val_x_pred_vae_anneal_metric: 7.8478e-04 - 374s/epoch - 2ms/sample
Current vae annealer weight is 0.0013070814422209435
Epoch 17/70
218036/218036 - 374s - loss: 0.2152 - x_pred_loss: 0.1777 - z_mean_log_var_loss: 0.4930 - reg_prop_pred_loss: 0.2522 - x_pred_categorical_accuracy: 0.9379 - x_pred_vae_anneal_metric: 0.0013 - val_loss: 1.7061 - val_x_pred_loss: 3.1836 - val_z_mean_log_var_loss: 0.4533 - val_reg_prop_pred_loss: 0.2280 - val_x_pred_categorical_accuracy: 0.8025 - val_x_pred_vae_anneal_metric: 0.0013 - 374s/epoch - 2ms/sample
Current vae annealer weight is 0.0021762245466587582
Epoch 18/70
218036/218036 - 375s - loss: 0.2104 - x_pred_loss: 0.1703 - z_mean_log_var_loss: 0.4625 - reg_prop_pred_loss: 0.2496 - x_pred_categorical_accuracy: 0.9404 - x_pred_vae_anneal_metric: 0.0022 - val_loss: 1.6496 - val_x_pred_loss: 3.0725 - val_z_mean_log_var_loss: 0.4240 - val_reg_prop_pred_loss: 0.2259 - val_x_pred_categorical_accuracy: 0.8094 - val_x_pred_vae_anneal_metric: 0.0022 - 375s/epoch - 2ms/sample
Current vae annealer weight is 0.0036212083259452047
Epoch 19/70
218036/218036 - 375s - loss: 0.2053 - x_pred_loss: 0.1622 - z_mean_log_var_loss: 0.4311 - reg_prop_pred_loss: 0.2469 - x_pred_categorical_accuracy: 0.9432 - x_pred_vae_anneal_metric: 0.0036 - val_loss: 1.6208 - val_x_pred_loss: 3.0133 - val_z_mean_log_var_loss: 0.3942 - val_reg_prop_pred_loss: 0.2269 - val_x_pred_categorical_accuracy: 0.8130 - val_x_pred_vae_anneal_metric: 0.0036 - 375s/epoch - 2ms/sample
Current vae annealer weight is 0.0060198535230323105
Epoch 20/70
218036/218036 - 374s - loss: 0.2007 - x_pred_loss: 0.1542 - z_mean_log_var_loss: 0.3929 - reg_prop_pred_loss: 0.2449 - x_pred_categorical_accuracy: 0.9460 - x_pred_vae_anneal_metric: 0.0060 - val_loss: 1.5786 - val_x_pred_loss: 2.9353 - val_z_mean_log_var_loss: 0.3525 - val_reg_prop_pred_loss: 0.2198 - val_x_pred_categorical_accuracy: 0.8179 - val_x_pred_vae_anneal_metric: 0.0060 - 374s/epoch - 2ms/sample
Current vae annealer weight is 0.009991400314210233
Epoch 21/70
218036/218036 - 374s - loss: 0.1980 - x_pred_loss: 0.1485 - z_mean_log_var_loss: 0.3543 - reg_prop_pred_loss: 0.2439 - x_pred_categorical_accuracy: 0.9479 - x_pred_vae_anneal_metric: 0.0100 - val_loss: 1.4882 - val_x_pred_loss: 2.7509 - val_z_mean_log_var_loss: 0.3183 - val_reg_prop_pred_loss: 0.2225 - val_x_pred_categorical_accuracy: 0.8293 - val_x_pred_vae_anneal_metric: 0.0100 - 374s/epoch - 2ms/sample
Current vae annealer weight is 0.016539541808615513
Epoch 22/70
218036/218036 - 375s - loss: 0.1957 - x_pred_loss: 0.1443 - z_mean_log_var_loss: 0.3081 - reg_prop_pred_loss: 0.2421 - x_pred_categorical_accuracy: 0.9493 - x_pred_vae_anneal_metric: 0.0165 - val_loss: 1.4728 - val_x_pred_loss: 2.7265 - val_z_mean_log_var_loss: 0.2650 - val_reg_prop_pred_loss: 0.2147 - val_x_pred_categorical_accuracy: 0.8308 - val_x_pred_vae_anneal_metric: 0.0165 - 375s/epoch - 2ms/sample
Current vae annealer weight is 0.02726101803792773
Epoch 23/70
218036/218036 - 375s - loss: 0.1938 - x_pred_loss: 0.1397 - z_mean_log_var_loss: 0.2602 - reg_prop_pred_loss: 0.2409 - x_pred_categorical_accuracy: 0.9509 - x_pred_vae_anneal_metric: 0.0273 - val_loss: 1.4038 - val_x_pred_loss: 2.5838 - val_z_mean_log_var_loss: 0.2242 - val_reg_prop_pred_loss: 0.2177 - val_x_pred_categorical_accuracy: 0.8397 - val_x_pred_vae_anneal_metric: 0.0273 - 375s/epoch - 2ms/sample
Current vae annealer weight is 0.04461720338803846
Epoch 24/70
218036/218036 - 374s - loss: 0.1904 - x_pred_loss: 0.1334 - z_mean_log_var_loss: 0.2129 - reg_prop_pred_loss: 0.2378 - x_pred_categorical_accuracy: 0.9531 - x_pred_vae_anneal_metric: 0.0446 - val_loss: 1.3730 - val_x_pred_loss: 2.5225 - val_z_mean_log_var_loss: 0.1788 - val_reg_prop_pred_loss: 0.2156 - val_x_pred_categorical_accuracy: 0.8435 - val_x_pred_vae_anneal_metric: 0.0446 - 374s/epoch - 2ms/sample
Current vae annealer weight is 0.07220328200576367
Epoch 25/70
218036/218036 - 374s - loss: 0.1914 - x_pred_loss: 0.1326 - z_mean_log_var_loss: 0.1702 - reg_prop_pred_loss: 0.2380 - x_pred_categorical_accuracy: 0.9534 - x_pred_vae_anneal_metric: 0.0722 - val_loss: 1.3549 - val_x_pred_loss: 2.4858 - val_z_mean_log_var_loss: 0.1430 - val_reg_prop_pred_loss: 0.2136 - val_x_pred_categorical_accuracy: 0.8458 - val_x_pred_vae_anneal_metric: 0.0722 - 374s/epoch - 2ms/sample
Current vae annealer weight is 0.11479597607205051
Epoch 26/70
218036/218036 - 376s - loss: 0.1932 - x_pred_loss: 0.1332 - z_mean_log_var_loss: 0.1408 - reg_prop_pred_loss: 0.2371 - x_pred_categorical_accuracy: 0.9532 - x_pred_vae_anneal_metric: 0.1148 - val_loss: 1.4352 - val_x_pred_loss: 2.6320 - val_z_mean_log_var_loss: 0.1296 - val_reg_prop_pred_loss: 0.2234 - val_x_pred_categorical_accuracy: 0.8367 - val_x_pred_vae_anneal_metric: 0.1148 - 376s/epoch - 2ms/sample
Current vae annealer weight is 0.17770179221364119
Epoch 27/70
218036/218036 - 374s - loss: 0.1970 - x_pred_loss: 0.1358 - z_mean_log_var_loss: 0.1256 - reg_prop_pred_loss: 0.2359 - x_pred_categorical_accuracy: 0.9523 - x_pred_vae_anneal_metric: 0.1777 - val_loss: 1.3369 - val_x_pred_loss: 2.4415 - val_z_mean_log_var_loss: 0.1025 - val_reg_prop_pred_loss: 0.2141 - val_x_pred_categorical_accuracy: 0.8485 - val_x_pred_vae_anneal_metric: 0.1777 - 374s/epoch - 2ms/sample
Current vae annealer weight is 0.26476824599321086
Epoch 28/70
218036/218036 - 375s - loss: 0.1982 - x_pred_loss: 0.1340 - z_mean_log_var_loss: 0.1046 - reg_prop_pred_loss: 0.2348 - x_pred_categorical_accuracy: 0.9530 - x_pred_vae_anneal_metric: 0.2648 - val_loss: 1.3011 - val_x_pred_loss: 2.3666 - val_z_mean_log_var_loss: 0.0842 - val_reg_prop_pred_loss: 0.2134 - val_x_pred_categorical_accuracy: 0.8532 - val_x_pred_vae_anneal_metric: 0.2648 - 375s/epoch - 2ms/sample
Current vae annealer weight is 0.3750375460299153
Epoch 29/70
218036/218036 - 374s - loss: 0.2036 - x_pred_loss: 0.1394 - z_mean_log_var_loss: 0.0867 - reg_prop_pred_loss: 0.2352 - x_pred_categorical_accuracy: 0.9511 - x_pred_vae_anneal_metric: 0.3750 - val_loss: 1.3351 - val_x_pred_loss: 2.4286 - val_z_mean_log_var_loss: 0.0758 - val_reg_prop_pred_loss: 0.2133 - val_x_pred_categorical_accuracy: 0.8493 - val_x_pred_vae_anneal_metric: 0.3750 - 374s/epoch - 2ms/sample
Current vae annealer weight is 0.5
Epoch 30/70
218036/218036 - 374s - loss: 0.2015 - x_pred_loss: 0.1351 - z_mean_log_var_loss: 0.0679 - reg_prop_pred_loss: 0.2339 - x_pred_categorical_accuracy: 0.9526 - x_pred_vae_anneal_metric: 0.5000 - val_loss: 1.2834 - val_x_pred_loss: 2.3247 - val_z_mean_log_var_loss: 0.0543 - val_reg_prop_pred_loss: 0.2149 - val_x_pred_categorical_accuracy: 0.8558 - val_x_pred_vae_anneal_metric: 0.5000 - 374s/epoch - 2ms/sample
Current vae annealer weight is 0.6249624539700847
Epoch 31/70
218036/218036 - 373s - loss: 0.2024 - x_pred_loss: 0.1382 - z_mean_log_var_loss: 0.0528 - reg_prop_pred_loss: 0.2336 - x_pred_categorical_accuracy: 0.9516 - x_pred_vae_anneal_metric: 0.6250 - val_loss: 1.2964 - val_x_pred_loss: 2.3552 - val_z_mean_log_var_loss: 0.0424 - val_reg_prop_pred_loss: 0.2110 - val_x_pred_categorical_accuracy: 0.8539 - val_x_pred_vae_anneal_metric: 0.6250 - 373s/epoch - 2ms/sample
Current vae annealer weight is 0.7352317540067891
Epoch 32/70
218036/218036 - 374s - loss: 0.1967 - x_pred_loss: 0.1322 - z_mean_log_var_loss: 0.0405 - reg_prop_pred_loss: 0.2316 - x_pred_categorical_accuracy: 0.9536 - x_pred_vae_anneal_metric: 0.7352 - val_loss: 1.2826 - val_x_pred_loss: 2.3296 - val_z_mean_log_var_loss: 0.0334 - val_reg_prop_pred_loss: 0.2110 - val_x_pred_categorical_accuracy: 0.8555 - val_x_pred_vae_anneal_metric: 0.7352 - 374s/epoch - 2ms/sample
Current vae annealer weight is 0.8222982077863588
Epoch 33/70
218036/218036 - 373s - loss: 0.1908 - x_pred_loss: 0.1249 - z_mean_log_var_loss: 0.0317 - reg_prop_pred_loss: 0.2306 - x_pred_categorical_accuracy: 0.9562 - x_pred_vae_anneal_metric: 0.8223 - val_loss: 1.2847 - val_x_pred_loss: 2.3328 - val_z_mean_log_var_loss: 0.0259 - val_reg_prop_pred_loss: 0.2154 - val_x_pred_categorical_accuracy: 0.8553 - val_x_pred_vae_anneal_metric: 0.8223 - 373s/epoch - 2ms/sample
Current vae annealer weight is 0.8852040239279495
Epoch 34/70
218036/218036 - 374s - loss: 0.1906 - x_pred_loss: 0.1270 - z_mean_log_var_loss: 0.0273 - reg_prop_pred_loss: 0.2299 - x_pred_categorical_accuracy: 0.9556 - x_pred_vae_anneal_metric: 0.8852 - val_loss: 1.3218 - val_x_pred_loss: 2.4061 - val_z_mean_log_var_loss: 0.0254 - val_reg_prop_pred_loss: 0.2150 - val_x_pred_categorical_accuracy: 0.8507 - val_x_pred_vae_anneal_metric: 0.8852 - 374s/epoch - 2ms/sample
Current vae annealer weight is 0.9277967179942364
Epoch 35/70
218036/218036 - 373s - loss: 0.1855 - x_pred_loss: 0.1207 - z_mean_log_var_loss: 0.0235 - reg_prop_pred_loss: 0.2285 - x_pred_categorical_accuracy: 0.9577 - x_pred_vae_anneal_metric: 0.9278 - val_loss: 1.3146 - val_x_pred_loss: 2.4052 - val_z_mean_log_var_loss: 0.0196 - val_reg_prop_pred_loss: 0.2059 - val_x_pred_categorical_accuracy: 0.8508 - val_x_pred_vae_anneal_metric: 0.9278 - 373s/epoch - 2ms/sample
Current vae annealer weight is 0.9553827966119615
Epoch 36/70
218036/218036 - 373s - loss: 0.1842 - x_pred_loss: 0.1201 - z_mean_log_var_loss: 0.0207 - reg_prop_pred_loss: 0.2285 - x_pred_categorical_accuracy: 0.9580 - x_pred_vae_anneal_metric: 0.9554 - val_loss: 1.3526 - val_x_pred_loss: 2.4750 - val_z_mean_log_var_loss: 0.0185 - val_reg_prop_pred_loss: 0.2125 - val_x_pred_categorical_accuracy: 0.8464 - val_x_pred_vae_anneal_metric: 0.9554 - 373s/epoch - 2ms/sample
Current vae annealer weight is 0.9727389819620722
Epoch 37/70
218036/218036 - 374s - loss: 0.1792 - x_pred_loss: 0.1141 - z_mean_log_var_loss: 0.0186 - reg_prop_pred_loss: 0.2263 - x_pred_categorical_accuracy: 0.9600 - x_pred_vae_anneal_metric: 0.9727 - val_loss: 1.2776 - val_x_pred_loss: 2.3303 - val_z_mean_log_var_loss: 0.0159 - val_reg_prop_pred_loss: 0.2094 - val_x_pred_categorical_accuracy: 0.8554 - val_x_pred_vae_anneal_metric: 0.9727 - 374s/epoch - 2ms/sample
Current vae annealer weight is 0.9834604581913845
Epoch 38/70
218036/218036 - 373s - loss: 0.1915 - x_pred_loss: 0.1309 - z_mean_log_var_loss: 0.0186 - reg_prop_pred_loss: 0.2338 - x_pred_categorical_accuracy: 0.9545 - x_pred_vae_anneal_metric: 0.9835 - val_loss: 1.3473 - val_x_pred_loss: 2.4649 - val_z_mean_log_var_loss: 0.0195 - val_reg_prop_pred_loss: 0.2105 - val_x_pred_categorical_accuracy: 0.8471 - val_x_pred_vae_anneal_metric: 0.9835 - 373s/epoch - 2ms/sample
Current vae annealer weight is 0.9900085996857898
Epoch 39/70
218036/218036 - 372s - loss: 0.1765 - x_pred_loss: 0.1113 - z_mean_log_var_loss: 0.0178 - reg_prop_pred_loss: 0.2240 - x_pred_categorical_accuracy: 0.9611 - x_pred_vae_anneal_metric: 0.9900 - val_loss: 1.2592 - val_x_pred_loss: 2.2953 - val_z_mean_log_var_loss: 0.0151 - val_reg_prop_pred_loss: 0.2082 - val_x_pred_categorical_accuracy: 0.8576 - val_x_pred_vae_anneal_metric: 0.9900 - 372s/epoch - 2ms/sample
Current vae annealer weight is 0.9939801464769676
Epoch 40/70
218036/218036 - 374s - loss: 0.1717 - x_pred_loss: 0.1058 - z_mean_log_var_loss: 0.0151 - reg_prop_pred_loss: 0.2226 - x_pred_categorical_accuracy: 0.9628 - x_pred_vae_anneal_metric: 0.9940 - val_loss: 1.2436 - val_x_pred_loss: 2.2688 - val_z_mean_log_var_loss: 0.0137 - val_reg_prop_pred_loss: 0.2047 - val_x_pred_categorical_accuracy: 0.8592 - val_x_pred_vae_anneal_metric: 0.9940 - 374s/epoch - 2ms/sample
Current vae annealer weight is 0.9963787916740549
Epoch 41/70
218036/218036 - 374s - loss: 0.1687 - x_pred_loss: 0.1016 - z_mean_log_var_loss: 0.0139 - reg_prop_pred_loss: 0.2220 - x_pred_categorical_accuracy: 0.9643 - x_pred_vae_anneal_metric: 0.9964 - val_loss: 1.2633 - val_x_pred_loss: 2.3048 - val_z_mean_log_var_loss: 0.0129 - val_reg_prop_pred_loss: 0.2090 - val_x_pred_categorical_accuracy: 0.8570 - val_x_pred_vae_anneal_metric: 0.9964 - 374s/epoch - 2ms/sample
Current vae annealer weight is 0.9978237754533412
Epoch 42/70
218036/218036 - 374s - loss: 0.1692 - x_pred_loss: 0.1029 - z_mean_log_var_loss: 0.0135 - reg_prop_pred_loss: 0.2219 - x_pred_categorical_accuracy: 0.9638 - x_pred_vae_anneal_metric: 0.9978 - val_loss: 1.3278 - val_x_pred_loss: 2.4332 - val_z_mean_log_var_loss: 0.0130 - val_reg_prop_pred_loss: 0.2093 - val_x_pred_categorical_accuracy: 0.8490 - val_x_pred_vae_anneal_metric: 0.9978 - 374s/epoch - 2ms/sample
Current vae annealer weight is 0.998692918557779
Epoch 43/70
218036/218036 - 374s - loss: 0.1665 - x_pred_loss: 0.0995 - z_mean_log_var_loss: 0.0132 - reg_prop_pred_loss: 0.2204 - x_pred_categorical_accuracy: 0.9651 - x_pred_vae_anneal_metric: 0.9987 - val_loss: 1.2285 - val_x_pred_loss: 2.2391 - val_z_mean_log_var_loss: 0.0124 - val_reg_prop_pred_loss: 0.2054 - val_x_pred_categorical_accuracy: 0.8611 - val_x_pred_vae_anneal_metric: 0.9987 - 374s/epoch - 2ms/sample
Current vae annealer weight is 0.9992152152808638
Epoch 44/70
218036/218036 - 372s - loss: 0.1638 - x_pred_loss: 0.0963 - z_mean_log_var_loss: 0.0126 - reg_prop_pred_loss: 0.2188 - x_pred_categorical_accuracy: 0.9662 - x_pred_vae_anneal_metric: 0.9992 - val_loss: 1.2125 - val_x_pred_loss: 2.2046 - val_z_mean_log_var_loss: 0.0118 - val_reg_prop_pred_loss: 0.2085 - val_x_pred_categorical_accuracy: 0.8632 - val_x_pred_vae_anneal_metric: 0.9992 - 372s/epoch - 2ms/sample
Current vae annealer weight is 0.9995289058847296
Epoch 45/70
218036/218036 - 373s - loss: 0.1626 - x_pred_loss: 0.0955 - z_mean_log_var_loss: 0.0121 - reg_prop_pred_loss: 0.2175 - x_pred_categorical_accuracy: 0.9665 - x_pred_vae_anneal_metric: 0.9995 - val_loss: 1.2227 - val_x_pred_loss: 2.2250 - val_z_mean_log_var_loss: 0.0115 - val_reg_prop_pred_loss: 0.2089 - val_x_pred_categorical_accuracy: 0.8620 - val_x_pred_vae_anneal_metric: 0.9995 - 373s/epoch - 2ms/sample
Current vae annealer weight is 0.9997172449786838
Epoch 46/70
218036/218036 - 373s - loss: 0.1623 - x_pred_loss: 0.0944 - z_mean_log_var_loss: 0.0120 - reg_prop_pred_loss: 0.2181 - x_pred_categorical_accuracy: 0.9669 - x_pred_vae_anneal_metric: 0.9997 - val_loss: 1.1956 - val_x_pred_loss: 2.1623 - val_z_mean_log_var_loss: 0.0114 - val_reg_prop_pred_loss: 0.2176 - val_x_pred_categorical_accuracy: 0.8658 - val_x_pred_vae_anneal_metric: 0.9997 - 373s/epoch - 2ms/sample
Current vae annealer weight is 0.9998303006190481
Epoch 47/70
218036/218036 - 374s - loss: 0.1617 - x_pred_loss: 0.0940 - z_mean_log_var_loss: 0.0120 - reg_prop_pred_loss: 0.2175 - x_pred_categorical_accuracy: 0.9670 - x_pred_vae_anneal_metric: 0.9998 - val_loss: 1.2071 - val_x_pred_loss: 2.1993 - val_z_mean_log_var_loss: 0.0108 - val_reg_prop_pred_loss: 0.2041 - val_x_pred_categorical_accuracy: 0.8636 - val_x_pred_vae_anneal_metric: 0.9998 - 374s/epoch - 2ms/sample
Current vae annealer weight is 0.9998981571479052
Epoch 48/70
218036/218036 - 374s - loss: 0.1592 - x_pred_loss: 0.0919 - z_mean_log_var_loss: 0.0112 - reg_prop_pred_loss: 0.2154 - x_pred_categorical_accuracy: 0.9678 - x_pred_vae_anneal_metric: 0.9999 - val_loss: 1.2150 - val_x_pred_loss: 2.2114 - val_z_mean_log_var_loss: 0.0108 - val_reg_prop_pred_loss: 0.2077 - val_x_pred_categorical_accuracy: 0.8628 - val_x_pred_vae_anneal_metric: 0.9999 - 374s/epoch - 2ms/sample
Current vae annealer weight is 0.9999388820100666
Epoch 49/70
218036/218036 - 372s - loss: 0.1589 - x_pred_loss: 0.0921 - z_mean_log_var_loss: 0.0112 - reg_prop_pred_loss: 0.2146 - x_pred_categorical_accuracy: 0.9677 - x_pred_vae_anneal_metric: 0.9999 - val_loss: 1.2340 - val_x_pred_loss: 2.2492 - val_z_mean_log_var_loss: 0.0109 - val_reg_prop_pred_loss: 0.2080 - val_x_pred_categorical_accuracy: 0.8605 - val_x_pred_vae_anneal_metric: 0.9999 - 372s/epoch - 2ms/sample
Current vae annealer weight is 0.9999633224347099
Epoch 50/70
218036/218036 - 373s - loss: 0.1608 - x_pred_loss: 0.0951 - z_mean_log_var_loss: 0.0119 - reg_prop_pred_loss: 0.2145 - x_pred_categorical_accuracy: 0.9667 - x_pred_vae_anneal_metric: 1.0000 - val_loss: 1.1537 - val_x_pred_loss: 2.0841 - val_z_mean_log_var_loss: 0.0119 - val_reg_prop_pred_loss: 0.2113 - val_x_pred_categorical_accuracy: 0.8707 - val_x_pred_vae_anneal_metric: 1.0000 - 373s/epoch - 2ms/sample
Current vae annealer weight is 0.9999779896124086
Epoch 51/70
218036/218036 - 374s - loss: 0.1560 - x_pred_loss: 0.0874 - z_mean_log_var_loss: 0.0112 - reg_prop_pred_loss: 0.2135 - x_pred_categorical_accuracy: 0.9694 - x_pred_vae_anneal_metric: 1.0000 - val_loss: 1.1829 - val_x_pred_loss: 2.1451 - val_z_mean_log_var_loss: 0.0103 - val_reg_prop_pred_loss: 0.2104 - val_x_pred_categorical_accuracy: 0.8669 - val_x_pred_vae_anneal_metric: 1.0000 - 374s/epoch - 2ms/sample
Current vae annealer weight is 0.9999867915354658
Epoch 52/70
218036/218036 - 373s - loss: 0.1593 - x_pred_loss: 0.0933 - z_mean_log_var_loss: 0.0105 - reg_prop_pred_loss: 0.2148 - x_pred_categorical_accuracy: 0.9675 - x_pred_vae_anneal_metric: 1.0000 - val_loss: 1.5139 - val_x_pred_loss: 2.7951 - val_z_mean_log_var_loss: 0.0113 - val_reg_prop_pred_loss: 0.2213 - val_x_pred_categorical_accuracy: 0.8266 - val_x_pred_vae_anneal_metric: 1.0000 - 373s/epoch - 2ms/sample
Current vae annealer weight is 0.999992073609766
Epoch 53/70
218036/218036 - 373s - loss: 0.1711 - x_pred_loss: 0.1129 - z_mean_log_var_loss: 0.0124 - reg_prop_pred_loss: 0.2168 - x_pred_categorical_accuracy: 0.9609 - x_pred_vae_anneal_metric: 1.0000 - val_loss: 1.2051 - val_x_pred_loss: 2.1943 - val_z_mean_log_var_loss: 0.0114 - val_reg_prop_pred_loss: 0.2044 - val_x_pred_categorical_accuracy: 0.8639 - val_x_pred_vae_anneal_metric: 1.0000 - 373s/epoch - 2ms/sample
Current vae annealer weight is 0.9999952433888688
Epoch 54/70
218036/218036 - 373s - loss: 0.1551 - x_pred_loss: 0.0887 - z_mean_log_var_loss: 0.0113 - reg_prop_pred_loss: 0.2103 - x_pred_categorical_accuracy: 0.9690 - x_pred_vae_anneal_metric: 1.0000 - val_loss: 1.1430 - val_x_pred_loss: 2.0730 - val_z_mean_log_var_loss: 0.0100 - val_reg_prop_pred_loss: 0.2030 - val_x_pred_categorical_accuracy: 0.8714 - val_x_pred_vae_anneal_metric: 1.0000 - 373s/epoch - 2ms/sample
Current vae annealer weight is 0.999997145570669
Epoch 55/70
218036/218036 - 374s - loss: 0.1522 - x_pred_loss: 0.0847 - z_mean_log_var_loss: 0.0098 - reg_prop_pred_loss: 0.2099 - x_pred_categorical_accuracy: 0.9703 - x_pred_vae_anneal_metric: 1.0000 - val_loss: 1.2192 - val_x_pred_loss: 2.2173 - val_z_mean_log_var_loss: 0.0091 - val_reg_prop_pred_loss: 0.2121 - val_x_pred_categorical_accuracy: 0.8624 - val_x_pred_vae_anneal_metric: 1.0000 - 374s/epoch - 2ms/sample
Current vae annealer weight is 0.999998287066068
Epoch 56/70
218036/218036 - 374s - loss: 0.1537 - x_pred_loss: 0.0870 - z_mean_log_var_loss: 0.0099 - reg_prop_pred_loss: 0.2105 - x_pred_categorical_accuracy: 0.9696 - x_pred_vae_anneal_metric: 1.0000 - val_loss: 1.1387 - val_x_pred_loss: 2.0633 - val_z_mean_log_var_loss: 0.0100 - val_reg_prop_pred_loss: 0.2041 - val_x_pred_categorical_accuracy: 0.8720 - val_x_pred_vae_anneal_metric: 1.0000 - 374s/epoch - 2ms/sample
Current vae annealer weight is 0.9999989720742833
Epoch 57/70
218036/218036 - 372s - loss: 0.1515 - x_pred_loss: 0.0835 - z_mean_log_var_loss: 0.0100 - reg_prop_pred_loss: 0.2093 - x_pred_categorical_accuracy: 0.9707 - x_pred_vae_anneal_metric: 1.0000 - val_loss: 1.1593 - val_x_pred_loss: 2.1035 - val_z_mean_log_var_loss: 0.0095 - val_reg_prop_pred_loss: 0.2057 - val_x_pred_categorical_accuracy: 0.8695 - val_x_pred_vae_anneal_metric: 1.0000 - 372s/epoch - 2ms/sample
Current vae annealer weight is 0.9999993831455084
Epoch 58/70
218036/218036 - 373s - loss: 0.1494 - x_pred_loss: 0.0808 - z_mean_log_var_loss: 0.0094 - reg_prop_pred_loss: 0.2086 - x_pred_categorical_accuracy: 0.9716 - x_pred_vae_anneal_metric: 1.0000 - val_loss: 1.2093 - val_x_pred_loss: 2.2019 - val_z_mean_log_var_loss: 0.0091 - val_reg_prop_pred_loss: 0.2076 - val_x_pred_categorical_accuracy: 0.8634 - val_x_pred_vae_anneal_metric: 1.0000 - 373s/epoch - 2ms/sample
Current vae annealer weight is 0.9999996298279195
Epoch 59/70
218036/218036 - 373s - loss: 0.1541 - x_pred_loss: 0.0886 - z_mean_log_var_loss: 0.0102 - reg_prop_pred_loss: 0.2093 - x_pred_categorical_accuracy: 0.9691 - x_pred_vae_anneal_metric: 1.0000 - val_loss: 1.1351 - val_x_pred_loss: 2.0489 - val_z_mean_log_var_loss: 0.0105 - val_reg_prop_pred_loss: 0.2109 - val_x_pred_categorical_accuracy: 0.8729 - val_x_pred_vae_anneal_metric: 1.0000 - 373s/epoch - 2ms/sample
Current vae annealer weight is 0.9999997778611365
Epoch 60/70
218036/218036 - 374s - loss: 0.1509 - x_pred_loss: 0.0837 - z_mean_log_var_loss: 0.0101 - reg_prop_pred_loss: 0.2080 - x_pred_categorical_accuracy: 0.9708 - x_pred_vae_anneal_metric: 1.0000 - val_loss: 1.1410 - val_x_pred_loss: 2.0662 - val_z_mean_log_var_loss: 0.0096 - val_reg_prop_pred_loss: 0.2062 - val_x_pred_categorical_accuracy: 0.8718 - val_x_pred_vae_anneal_metric: 1.0000 - 374s/epoch - 2ms/sample
Current vae annealer weight is 0.9999998666953174
Epoch 61/70
218036/218036 - 374s - loss: 0.1475 - x_pred_loss: 0.0782 - z_mean_log_var_loss: 0.0095 - reg_prop_pred_loss: 0.2072 - x_pred_categorical_accuracy: 0.9726 - x_pred_vae_anneal_metric: 1.0000 - val_loss: 1.1671 - val_x_pred_loss: 2.1199 - val_z_mean_log_var_loss: 0.0088 - val_reg_prop_pred_loss: 0.2055 - val_x_pred_categorical_accuracy: 0.8685 - val_x_pred_vae_anneal_metric: 1.0000 - 374s/epoch - 2ms/sample
Current vae annealer weight is 0.9999999200043723
Epoch 62/70
218036/218036 - 372s - loss: 0.1491 - x_pred_loss: 0.0812 - z_mean_log_var_loss: 0.0098 - reg_prop_pred_loss: 0.2072 - x_pred_categorical_accuracy: 0.9716 - x_pred_vae_anneal_metric: 1.0000 - val_loss: 1.2725 - val_x_pred_loss: 2.3320 - val_z_mean_log_var_loss: 0.0088 - val_reg_prop_pred_loss: 0.2042 - val_x_pred_categorical_accuracy: 0.8553 - val_x_pred_vae_anneal_metric: 1.0000 - 372s/epoch - 2ms/sample
Current vae annealer weight is 0.9999999519949324
Epoch 63/70
218036/218036 - 374s - loss: 0.1464 - x_pred_loss: 0.0776 - z_mean_log_var_loss: 0.0091 - reg_prop_pred_loss: 0.2061 - x_pred_categorical_accuracy: 0.9728 - x_pred_vae_anneal_metric: 1.0000 - val_loss: 1.0774 - val_x_pred_loss: 1.9382 - val_z_mean_log_var_loss: 0.0090 - val_reg_prop_pred_loss: 0.2077 - val_x_pred_categorical_accuracy: 0.8798 - val_x_pred_vae_anneal_metric: 1.0000 - 374s/epoch - 2ms/sample
Current vae annealer weight is 0.9999999711923445
Epoch 64/70
218036/218036 - 373s - loss: 0.1495 - x_pred_loss: 0.0837 - z_mean_log_var_loss: 0.0098 - reg_prop_pred_loss: 0.2054 - x_pred_categorical_accuracy: 0.9709 - x_pred_vae_anneal_metric: 1.0000 - val_loss: 1.1157 - val_x_pred_loss: 2.0167 - val_z_mean_log_var_loss: 0.0094 - val_reg_prop_pred_loss: 0.2053 - val_x_pred_categorical_accuracy: 0.8749 - val_x_pred_vae_anneal_metric: 1.0000 - 373s/epoch - 2ms/sample
Current vae annealer weight is 0.9999999827126375
Epoch 65/70
218036/218036 - 374s - loss: 0.1444 - x_pred_loss: 0.0757 - z_mean_log_var_loss: 0.0093 - reg_prop_pred_loss: 0.2038 - x_pred_categorical_accuracy: 0.9735 - x_pred_vae_anneal_metric: 1.0000 - val_loss: 1.0870 - val_x_pred_loss: 1.9621 - val_z_mean_log_var_loss: 0.0087 - val_reg_prop_pred_loss: 0.2032 - val_x_pred_categorical_accuracy: 0.8783 - val_x_pred_vae_anneal_metric: 1.0000 - 374s/epoch - 2ms/sample
Current vae annealer weight is 0.9999999896259207
Epoch 66/70
218036/218036 - 373s - loss: 0.1439 - x_pred_loss: 0.0753 - z_mean_log_var_loss: 0.0089 - reg_prop_pred_loss: 0.2035 - x_pred_categorical_accuracy: 0.9736 - x_pred_vae_anneal_metric: 1.0000 - val_loss: 1.0505 - val_x_pred_loss: 1.8874 - val_z_mean_log_var_loss: 0.0087 - val_reg_prop_pred_loss: 0.2050 - val_x_pred_categorical_accuracy: 0.8829 - val_x_pred_vae_anneal_metric: 1.0000 - 373s/epoch - 2ms/sample
Current vae annealer weight is 0.9999999937745552
Epoch 67/70
218036/218036 - 373s - loss: 0.1441 - x_pred_loss: 0.0759 - z_mean_log_var_loss: 0.0088 - reg_prop_pred_loss: 0.2035 - x_pred_categorical_accuracy: 0.9735 - x_pred_vae_anneal_metric: 1.0000 - val_loss: 1.0821 - val_x_pred_loss: 1.9496 - val_z_mean_log_var_loss: 0.0091 - val_reg_prop_pred_loss: 0.2054 - val_x_pred_categorical_accuracy: 0.8790 - val_x_pred_vae_anneal_metric: 1.0000 - 373s/epoch - 2ms/sample
Current vae annealer weight is 0.9999999962641346
Epoch 68/70
218036/218036 - 372s - loss: 0.1441 - x_pred_loss: 0.0762 - z_mean_log_var_loss: 0.0095 - reg_prop_pred_loss: 0.2024 - x_pred_categorical_accuracy: 0.9734 - x_pred_vae_anneal_metric: 1.0000 - val_loss: 1.1122 - val_x_pred_loss: 2.0091 - val_z_mean_log_var_loss: 0.0090 - val_reg_prop_pred_loss: 0.2062 - val_x_pred_categorical_accuracy: 0.8754 - val_x_pred_vae_anneal_metric: 1.0000 - 372s/epoch - 2ms/sample
Current vae annealer weight is 0.9999999977581218
Epoch 69/70
218036/218036 - 374s - loss: 0.1472 - x_pred_loss: 0.0818 - z_mean_log_var_loss: 0.0097 - reg_prop_pred_loss: 0.2028 - x_pred_categorical_accuracy: 0.9716 - x_pred_vae_anneal_metric: 1.0000 - val_loss: 1.0727 - val_x_pred_loss: 1.9306 - val_z_mean_log_var_loss: 0.0098 - val_reg_prop_pred_loss: 0.2050 - val_x_pred_categorical_accuracy: 0.8802 - val_x_pred_vae_anneal_metric: 1.0000 - 374s/epoch - 2ms/sample
Current vae annealer weight is 0.9999999986546575
Epoch 70/70
218036/218036 - 373s - loss: 0.1415 - x_pred_loss: 0.0726 - z_mean_log_var_loss: 0.0093 - reg_prop_pred_loss: 0.2012 - x_pred_categorical_accuracy: 0.9747 - x_pred_vae_anneal_metric: 1.0000 - val_loss: 1.0884 - val_x_pred_loss: 1.9596 - val_z_mean_log_var_loss: 0.0087 - val_reg_prop_pred_loss: 0.2083 - val_x_pred_categorical_accuracy: 0.8784 - val_x_pred_vae_anneal_metric: 1.0000 - 373s/epoch - 2ms/sample
/home/jp2658/.conda/envs/chemvae_tf2/lib/python3.10/site-packages/keras/src/engine/training.py:3103: UserWarning: You are saving your model as an HDF5 file via `model.save()`. This file format is considered legacy. We recommend using instead the native Keras format, e.g. `model.save('my_model.keras')`.
  saving_api.save_model(
time of run :  25892.5612514019
**FINISHED**
