Using hyper-parameters:
name                      - zinc_prop   
MAX_LEN                   - 89          
data_file                 - ZINC_Michael_fragments.csv.gz
char_file                 - zinc.json   
encoder_weights_file      - zinc_encoder.h5
decoder_weights_file      - zinc_decoder.h5
prop_pred_weights_file    - zinc_prop_pred.h5
data_normalization_out    - zinc_michael_norm_data.csv
reg_prop_tasks            - ['mulliken_O4', 'pbv_C1', 'lumo']
test_idx_file             - test_idx.npy
history_file              - history.csv 
do_prop_pred              - True        
TRAIN_MODEL               - True        
ENC_DEC_TEST              - False       
PADDING                   - right       
RAND_SEED                 - 42          
epochs                    - 70          
vae_annealer_start        - 29          
dropout_rate_mid          - 0.08283292970479479
anneal_sigmod_slope       - 0.5106654305791392
recurrent_dim             - 488         
hidden_dim                - 196         
tgru_dropout              - 0.19617749608323892
hg_growth_factor          - 1.2281884874932403
middle_layer              - 1           
prop_hidden_dim           - 67          
batch_size                - 240         
prop_pred_depth           - 3           
lr                        - 0.00045619868229310396
prop_pred_dropout         - 0.15694573998898703
prop_growth_factor        - 0.9902834073131418
momentum                  - 0.9902764103622574
prop_pred_loss_weight     - 0.2         
verbose_print             - 2           
rest of parameters are set as default
All params: {'reload_model': False, 'prev_epochs': 0, 'batch_size': 240, 'epochs': 70, 'val_split': 0.1, 'loss': 'categorical_crossentropy', 'batchnorm_conv': True, 'conv_activation': 'tanh', 'conv_depth': 4, 'conv_dim_depth': 8, 'conv_dim_width': 8, 'conv_d_growth_factor': 1.15875438383, 'conv_w_growth_factor': 1.1758149644, 'gru_depth': 4, 'rnn_activation': 'tanh', 'recurrent_dim': 488, 'do_tgru': True, 'terminal_GRU_implementation': 0, 'tgru_dropout': 0.19617749608323892, 'temperature': 1.0, 'hg_growth_factor': 1.2281884874932403, 'hidden_dim': 196, 'middle_layer': 1, 'dropout_rate_mid': 0.08283292970479479, 'batchnorm_mid': True, 'activation': 'tanh', 'lr': 0.00045619868229310396, 'momentum': 0.9902764103622574, 'optim': 'adam', 'vae_annealer_start': 29, 'batchnorm_vae': False, 'vae_activation': 'tanh', 'xent_loss_weight': 1.0, 'kl_loss_weight': 1.0, 'anneal_sigmod_slope': 0.5106654305791392, 'freeze_logvar_layer': False, 'freeze_offset': 1, 'do_prop_pred': True, 'prop_pred_depth': 3, 'prop_hidden_dim': 67, 'prop_growth_factor': 0.9902834073131418, 'prop_pred_activation': 'tanh', 'reg_prop_pred_loss': 'mse', 'logit_prop_pred_loss': 'binary_crossentropy', 'prop_pred_loss_weight': 0.2, 'prop_pred_dropout': 0.15694573998898703, 'prop_batchnorm': True, 'verbose_print': 2, 'name': 'zinc_prop', 'MAX_LEN': 89, 'data_file': 'ZINC_Michael_fragments.csv.gz', 'char_file': 'zinc.json', 'encoder_weights_file': 'zinc_encoder.h5', 'decoder_weights_file': 'zinc_decoder.h5', 'prop_pred_weights_file': 'zinc_prop_pred.h5', 'data_normalization_out': 'zinc_michael_norm_data.csv', 'reg_prop_tasks': ['mulliken_O4', 'pbv_C1', 'lumo'], 'test_idx_file': 'test_idx.npy', 'history_file': 'history.csv', 'TRAIN_MODEL': True, 'ENC_DEC_TEST': False, 'PADDING': 'right', 'RAND_SEED': 42}
Training set size is 242455
first smiles: " [2*]c1ccco1.[4*]N1CC2CC2(CO)C1 "
total chars: 33
Vectorization...
Total Data size 242455
shape of input vector : {} (218160, 89, 33)
Training set size is (218160, 89, 33), after filtering to max length of 89
Train on 218160 samples, validate on 24240 samples
Current vae annealer weight is 3.701720805095644e-07
Epoch 1/70
/home/jp2658/.conda/envs/chemvae_tf2/lib/python3.10/site-packages/keras/src/engine/training_v1.py:2335: UserWarning: `Model.state_updates` will be removed in a future version. This property should not be used in TensorFlow 2.0, as `updates` are applied automatically.
  updates = self.state_updates
218160/218160 - 272s - loss: 1.0959 - x_pred_loss: 1.1539 - z_mean_log_var_loss: 1.1946 - reg_prop_pred_loss: 0.8638 - x_pred_categorical_accuracy: 0.6589 - x_pred_vae_anneal_metric: 3.7017e-07 - val_loss: 5.1791 - val_x_pred_loss: 6.3637 - val_z_mean_log_var_loss: 1.0842 - val_reg_prop_pred_loss: 0.4411 - val_x_pred_categorical_accuracy: 0.6052 - val_x_pred_vae_anneal_metric: 3.7017e-07 - 272s/epoch - 1ms/sample
Current vae annealer weight is 6.168544915222557e-07
Epoch 2/70
218160/218160 - 270s - loss: 0.6667 - x_pred_loss: 0.7272 - z_mean_log_var_loss: 1.1443 - reg_prop_pred_loss: 0.4245 - x_pred_categorical_accuracy: 0.7838 - x_pred_vae_anneal_metric: 6.1685e-07 - val_loss: 4.3050 - val_x_pred_loss: 5.3074 - val_z_mean_log_var_loss: 1.0212 - val_reg_prop_pred_loss: 0.2954 - val_x_pred_categorical_accuracy: 0.6707 - val_x_pred_vae_anneal_metric: 6.1685e-07 - 270s/epoch - 1ms/sample
Current vae annealer weight is 1.0279257166985964e-06
Epoch 3/70
218160/218160 - 270s - loss: 0.5187 - x_pred_loss: 0.5660 - z_mean_log_var_loss: 1.0531 - reg_prop_pred_loss: 0.3292 - x_pred_categorical_accuracy: 0.8241 - x_pred_vae_anneal_metric: 1.0279e-06 - val_loss: 3.9435 - val_x_pred_loss: 4.8653 - val_z_mean_log_var_loss: 0.9275 - val_reg_prop_pred_loss: 0.2562 - val_x_pred_categorical_accuracy: 0.6981 - val_x_pred_vae_anneal_metric: 1.0279e-06 - 270s/epoch - 1ms/sample
Current vae annealer weight is 1.7129339319420572e-06
Epoch 4/70
218160/218160 - 272s - loss: 0.4389 - x_pred_loss: 0.4751 - z_mean_log_var_loss: 0.9590 - reg_prop_pred_loss: 0.2944 - x_pred_categorical_accuracy: 0.8448 - x_pred_vae_anneal_metric: 1.7129e-06 - val_loss: 3.7071 - val_x_pred_loss: 4.5752 - val_z_mean_log_var_loss: 0.8483 - val_reg_prop_pred_loss: 0.2347 - val_x_pred_categorical_accuracy: 0.7161 - val_x_pred_vae_anneal_metric: 1.7129e-06 - 272s/epoch - 1ms/sample
Current vae annealer weight is 2.854429330962736e-06
Epoch 5/70
218160/218160 - 271s - loss: 0.3848 - x_pred_loss: 0.4114 - z_mean_log_var_loss: 0.8594 - reg_prop_pred_loss: 0.2784 - x_pred_categorical_accuracy: 0.8623 - x_pred_vae_anneal_metric: 2.8544e-06 - val_loss: 3.4647 - val_x_pred_loss: 4.2743 - val_z_mean_log_var_loss: 0.7658 - val_reg_prop_pred_loss: 0.2261 - val_x_pred_categorical_accuracy: 0.7348 - val_x_pred_vae_anneal_metric: 2.8544e-06 - 271s/epoch - 1ms/sample
Current vae annealer weight is 4.756611131108824e-06
Epoch 6/70
218160/218160 - 271s - loss: 0.3425 - x_pred_loss: 0.3610 - z_mean_log_var_loss: 0.7711 - reg_prop_pred_loss: 0.2688 - x_pred_categorical_accuracy: 0.8785 - x_pred_vae_anneal_metric: 4.7566e-06 - val_loss: 3.3479 - val_x_pred_loss: 4.1300 - val_z_mean_log_var_loss: 0.6795 - val_reg_prop_pred_loss: 0.2193 - val_x_pred_categorical_accuracy: 0.7438 - val_x_pred_vae_anneal_metric: 4.7566e-06 - 271s/epoch - 1ms/sample
Current vae annealer weight is 7.926390233964058e-06
Epoch 7/70
218160/218160 - 270s - loss: 0.3111 - x_pred_loss: 0.3233 - z_mean_log_var_loss: 0.6929 - reg_prop_pred_loss: 0.2623 - x_pred_categorical_accuracy: 0.8912 - x_pred_vae_anneal_metric: 7.9265e-06 - val_loss: 3.0582 - val_x_pred_loss: 3.7698 - val_z_mean_log_var_loss: 0.6101 - val_reg_prop_pred_loss: 0.2117 - val_x_pred_categorical_accuracy: 0.7661 - val_x_pred_vae_anneal_metric: 7.9264e-06 - 270s/epoch - 1ms/sample
Current vae annealer weight is 1.3208464534236994e-05
Epoch 8/70
218160/218160 - 270s - loss: 0.2850 - x_pred_loss: 0.2921 - z_mean_log_var_loss: 0.6222 - reg_prop_pred_loss: 0.2564 - x_pred_categorical_accuracy: 0.9016 - x_pred_vae_anneal_metric: 1.3208e-05 - val_loss: 2.8922 - val_x_pred_loss: 3.5631 - val_z_mean_log_var_loss: 0.5581 - val_reg_prop_pred_loss: 0.2086 - val_x_pred_categorical_accuracy: 0.7789 - val_x_pred_vae_anneal_metric: 1.3208e-05 - 270s/epoch - 1ms/sample
Current vae annealer weight is 2.201038759146048e-05
Epoch 9/70
218160/218160 - 270s - loss: 0.2615 - x_pred_loss: 0.2639 - z_mean_log_var_loss: 0.5619 - reg_prop_pred_loss: 0.2517 - x_pred_categorical_accuracy: 0.9113 - x_pred_vae_anneal_metric: 2.2010e-05 - val_loss: 2.8224 - val_x_pred_loss: 3.4764 - val_z_mean_log_var_loss: 0.5015 - val_reg_prop_pred_loss: 0.2065 - val_x_pred_categorical_accuracy: 0.7843 - val_x_pred_vae_anneal_metric: 2.2010e-05 - 270s/epoch - 1ms/sample
Current vae annealer weight is 3.6677565290112376e-05
Epoch 10/70
218160/218160 - 271s - loss: 0.2457 - x_pred_loss: 0.2450 - z_mean_log_var_loss: 0.5115 - reg_prop_pred_loss: 0.2484 - x_pred_categorical_accuracy: 0.9175 - x_pred_vae_anneal_metric: 3.6677e-05 - val_loss: 2.6291 - val_x_pred_loss: 3.2358 - val_z_mean_log_var_loss: 0.4591 - val_reg_prop_pred_loss: 0.2023 - val_x_pred_categorical_accuracy: 0.7992 - val_x_pred_vae_anneal_metric: 3.6678e-05 - 271s/epoch - 1ms/sample
Current vae annealer weight is 6.111798993344653e-05
Epoch 11/70
218160/218160 - 270s - loss: 0.2273 - x_pred_loss: 0.2228 - z_mean_log_var_loss: 0.4700 - reg_prop_pred_loss: 0.2451 - x_pred_categorical_accuracy: 0.9252 - x_pred_vae_anneal_metric: 6.1117e-05 - val_loss: 2.4239 - val_x_pred_loss: 2.9795 - val_z_mean_log_var_loss: 0.4189 - val_reg_prop_pred_loss: 0.2016 - val_x_pred_categorical_accuracy: 0.8151 - val_x_pred_vae_anneal_metric: 6.1118e-05 - 270s/epoch - 1ms/sample
Current vae annealer weight is 0.0001018428520948195
Epoch 12/70
218160/218160 - 271s - loss: 0.2187 - x_pred_loss: 0.2125 - z_mean_log_var_loss: 0.4341 - reg_prop_pred_loss: 0.2436 - x_pred_categorical_accuracy: 0.9282 - x_pred_vae_anneal_metric: 1.0184e-04 - val_loss: 2.3365 - val_x_pred_loss: 2.8706 - val_z_mean_log_var_loss: 0.3936 - val_reg_prop_pred_loss: 0.1999 - val_x_pred_categorical_accuracy: 0.8219 - val_x_pred_vae_anneal_metric: 1.0184e-04 - 271s/epoch - 1ms/sample
Current vae annealer weight is 0.00016969938095202496
Epoch 13/70
218160/218160 - 271s - loss: 0.2063 - x_pred_loss: 0.1974 - z_mean_log_var_loss: 0.4025 - reg_prop_pred_loss: 0.2415 - x_pred_categorical_accuracy: 0.9332 - x_pred_vae_anneal_metric: 1.6970e-04 - val_loss: 2.1604 - val_x_pred_loss: 2.6512 - val_z_mean_log_var_loss: 0.3675 - val_reg_prop_pred_loss: 0.1969 - val_x_pred_categorical_accuracy: 0.8355 - val_x_pred_vae_anneal_metric: 1.6970e-04 - 271s/epoch - 1ms/sample
Current vae annealer weight is 0.00028275502131637844
Epoch 14/70
218160/218160 - 270s - loss: 0.1963 - x_pred_loss: 0.1854 - z_mean_log_var_loss: 0.3756 - reg_prop_pred_loss: 0.2396 - x_pred_categorical_accuracy: 0.9371 - x_pred_vae_anneal_metric: 2.8275e-04 - val_loss: 2.0865 - val_x_pred_loss: 2.5591 - val_z_mean_log_var_loss: 0.3424 - val_reg_prop_pred_loss: 0.1956 - val_x_pred_categorical_accuracy: 0.8412 - val_x_pred_vae_anneal_metric: 2.8276e-04 - 270s/epoch - 1ms/sample
Current vae annealer weight is 0.0004710941152704827
Epoch 15/70
218160/218160 - 271s - loss: 0.1894 - x_pred_loss: 0.1770 - z_mean_log_var_loss: 0.3517 - reg_prop_pred_loss: 0.2383 - x_pred_categorical_accuracy: 0.9397 - x_pred_vae_anneal_metric: 4.7109e-04 - val_loss: 2.0553 - val_x_pred_loss: 2.5203 - val_z_mean_log_var_loss: 0.3216 - val_reg_prop_pred_loss: 0.1948 - val_x_pred_categorical_accuracy: 0.8436 - val_x_pred_vae_anneal_metric: 4.7109e-04 - 271s/epoch - 1ms/sample
Current vae annealer weight is 0.0007847847191363334
Epoch 16/70
218160/218160 - 271s - loss: 0.1811 - x_pred_loss: 0.1669 - z_mean_log_var_loss: 0.3309 - reg_prop_pred_loss: 0.2366 - x_pred_categorical_accuracy: 0.9430 - x_pred_vae_anneal_metric: 7.8479e-04 - val_loss: 1.9128 - val_x_pred_loss: 2.3425 - val_z_mean_log_var_loss: 0.3044 - val_reg_prop_pred_loss: 0.1931 - val_x_pred_categorical_accuracy: 0.8547 - val_x_pred_vae_anneal_metric: 7.8478e-04 - 271s/epoch - 1ms/sample
Current vae annealer weight is 0.0013070814422209435
Epoch 17/70
218160/218160 - 272s - loss: 0.1769 - x_pred_loss: 0.1620 - z_mean_log_var_loss: 0.3099 - reg_prop_pred_loss: 0.2348 - x_pred_categorical_accuracy: 0.9443 - x_pred_vae_anneal_metric: 0.0013 - val_loss: 1.8792 - val_x_pred_loss: 2.3005 - val_z_mean_log_var_loss: 0.2857 - val_reg_prop_pred_loss: 0.1925 - val_x_pred_categorical_accuracy: 0.8573 - val_x_pred_vae_anneal_metric: 0.0013 - 272s/epoch - 1ms/sample
Current vae annealer weight is 0.0021762245466587582
Epoch 18/70
218160/218160 - 271s - loss: 0.1711 - x_pred_loss: 0.1549 - z_mean_log_var_loss: 0.2913 - reg_prop_pred_loss: 0.2331 - x_pred_categorical_accuracy: 0.9467 - x_pred_vae_anneal_metric: 0.0022 - val_loss: 1.7808 - val_x_pred_loss: 2.1775 - val_z_mean_log_var_loss: 0.2627 - val_reg_prop_pred_loss: 0.1917 - val_x_pred_categorical_accuracy: 0.8649 - val_x_pred_vae_anneal_metric: 0.0022 - 271s/epoch - 1ms/sample
Current vae annealer weight is 0.0036212083259452047
Epoch 19/70
218160/218160 - 271s - loss: 0.1667 - x_pred_loss: 0.1491 - z_mean_log_var_loss: 0.2680 - reg_prop_pred_loss: 0.2330 - x_pred_categorical_accuracy: 0.9486 - x_pred_vae_anneal_metric: 0.0036 - val_loss: 1.7259 - val_x_pred_loss: 2.1085 - val_z_mean_log_var_loss: 0.2425 - val_reg_prop_pred_loss: 0.1917 - val_x_pred_categorical_accuracy: 0.8692 - val_x_pred_vae_anneal_metric: 0.0036 - 271s/epoch - 1ms/sample
Current vae annealer weight is 0.0060198535230323105
Epoch 20/70
218160/218160 - 272s - loss: 0.1623 - x_pred_loss: 0.1435 - z_mean_log_var_loss: 0.2433 - reg_prop_pred_loss: 0.2316 - x_pred_categorical_accuracy: 0.9505 - x_pred_vae_anneal_metric: 0.0060 - val_loss: 1.6771 - val_x_pred_loss: 2.0480 - val_z_mean_log_var_loss: 0.2192 - val_reg_prop_pred_loss: 0.1882 - val_x_pred_categorical_accuracy: 0.8729 - val_x_pred_vae_anneal_metric: 0.0060 - 272s/epoch - 1ms/sample
Current vae annealer weight is 0.009991400314210233
Epoch 21/70
218160/218160 - 271s - loss: 0.1579 - x_pred_loss: 0.1377 - z_mean_log_var_loss: 0.2134 - reg_prop_pred_loss: 0.2305 - x_pred_categorical_accuracy: 0.9523 - x_pred_vae_anneal_metric: 0.0100 - val_loss: 1.6716 - val_x_pred_loss: 2.0406 - val_z_mean_log_var_loss: 0.1869 - val_reg_prop_pred_loss: 0.1883 - val_x_pred_categorical_accuracy: 0.8734 - val_x_pred_vae_anneal_metric: 0.0100 - 271s/epoch - 1ms/sample
Current vae annealer weight is 0.016539541808615513
Epoch 22/70
218160/218160 - 270s - loss: 0.1531 - x_pred_loss: 0.1312 - z_mean_log_var_loss: 0.1797 - reg_prop_pred_loss: 0.2289 - x_pred_categorical_accuracy: 0.9546 - x_pred_vae_anneal_metric: 0.0165 - val_loss: 1.5999 - val_x_pred_loss: 1.9487 - val_z_mean_log_var_loss: 0.1524 - val_reg_prop_pred_loss: 0.1942 - val_x_pred_categorical_accuracy: 0.8791 - val_x_pred_vae_anneal_metric: 0.0165 - 270s/epoch - 1ms/sample
Current vae annealer weight is 0.02726101803792773
Epoch 23/70
218160/218160 - 271s - loss: 0.1520 - x_pred_loss: 0.1287 - z_mean_log_var_loss: 0.1472 - reg_prop_pred_loss: 0.2290 - x_pred_categorical_accuracy: 0.9554 - x_pred_vae_anneal_metric: 0.0273 - val_loss: 1.5946 - val_x_pred_loss: 1.9433 - val_z_mean_log_var_loss: 0.1243 - val_reg_prop_pred_loss: 0.1865 - val_x_pred_categorical_accuracy: 0.8794 - val_x_pred_vae_anneal_metric: 0.0273 - 271s/epoch - 1ms/sample
Current vae annealer weight is 0.04461720338803846
Epoch 24/70
218160/218160 - 271s - loss: 0.1529 - x_pred_loss: 0.1284 - z_mean_log_var_loss: 0.1220 - reg_prop_pred_loss: 0.2292 - x_pred_categorical_accuracy: 0.9554 - x_pred_vae_anneal_metric: 0.0446 - val_loss: 1.5946 - val_x_pred_loss: 1.9418 - val_z_mean_log_var_loss: 0.1016 - val_reg_prop_pred_loss: 0.1875 - val_x_pred_categorical_accuracy: 0.8795 - val_x_pred_vae_anneal_metric: 0.0446 - 271s/epoch - 1ms/sample
Current vae annealer weight is 0.07220328200576367
Epoch 25/70
218160/218160 - 271s - loss: 0.1578 - x_pred_loss: 0.1320 - z_mean_log_var_loss: 0.1054 - reg_prop_pred_loss: 0.2304 - x_pred_categorical_accuracy: 0.9542 - x_pred_vae_anneal_metric: 0.0722 - val_loss: 1.5372 - val_x_pred_loss: 1.8680 - val_z_mean_log_var_loss: 0.0924 - val_reg_prop_pred_loss: 0.1872 - val_x_pred_categorical_accuracy: 0.8841 - val_x_pred_vae_anneal_metric: 0.0722 - 271s/epoch - 1ms/sample
Current vae annealer weight is 0.11479597607205051
Epoch 26/70
218160/218160 - 271s - loss: 0.1540 - x_pred_loss: 0.1248 - z_mean_log_var_loss: 0.0932 - reg_prop_pred_loss: 0.2279 - x_pred_categorical_accuracy: 0.9566 - x_pred_vae_anneal_metric: 0.1148 - val_loss: 1.5248 - val_x_pred_loss: 1.8496 - val_z_mean_log_var_loss: 0.0834 - val_reg_prop_pred_loss: 0.1875 - val_x_pred_categorical_accuracy: 0.8852 - val_x_pred_vae_anneal_metric: 0.1148 - 271s/epoch - 1ms/sample
Current vae annealer weight is 0.17770179221364119
Epoch 27/70
218160/218160 - 271s - loss: 0.1654 - x_pred_loss: 0.1332 - z_mean_log_var_loss: 0.0916 - reg_prop_pred_loss: 0.2295 - x_pred_categorical_accuracy: 0.9537 - x_pred_vae_anneal_metric: 0.1777 - val_loss: 1.6169 - val_x_pred_loss: 1.9590 - val_z_mean_log_var_loss: 0.0854 - val_reg_prop_pred_loss: 0.1876 - val_x_pred_categorical_accuracy: 0.8785 - val_x_pred_vae_anneal_metric: 0.1777 - 271s/epoch - 1ms/sample
Current vae annealer weight is 0.26476824599321086
Epoch 28/70
218160/218160 - 270s - loss: 0.1768 - x_pred_loss: 0.1383 - z_mean_log_var_loss: 0.0948 - reg_prop_pred_loss: 0.2302 - x_pred_categorical_accuracy: 0.9520 - x_pred_vae_anneal_metric: 0.2648 - val_loss: 1.5303 - val_x_pred_loss: 1.8450 - val_z_mean_log_var_loss: 0.0788 - val_reg_prop_pred_loss: 0.1878 - val_x_pred_categorical_accuracy: 0.8855 - val_x_pred_vae_anneal_metric: 0.2648 - 270s/epoch - 1ms/sample
Current vae annealer weight is 0.3750375460299153
Epoch 29/70
218160/218160 - 271s - loss: 0.1943 - x_pred_loss: 0.1503 - z_mean_log_var_loss: 0.0927 - reg_prop_pred_loss: 0.2314 - x_pred_categorical_accuracy: 0.9481 - x_pred_vae_anneal_metric: 0.3750 - val_loss: 1.6982 - val_x_pred_loss: 2.0417 - val_z_mean_log_var_loss: 0.0885 - val_reg_prop_pred_loss: 0.1913 - val_x_pred_categorical_accuracy: 0.8733 - val_x_pred_vae_anneal_metric: 0.3750 - 271s/epoch - 1ms/sample
Current vae annealer weight is 0.5
Epoch 30/70
218160/218160 - 271s - loss: 0.2101 - x_pred_loss: 0.1577 - z_mean_log_var_loss: 0.0943 - reg_prop_pred_loss: 0.2313 - x_pred_categorical_accuracy: 0.9455 - x_pred_vae_anneal_metric: 0.5000 - val_loss: 1.6588 - val_x_pred_loss: 1.9879 - val_z_mean_log_var_loss: 0.0785 - val_reg_prop_pred_loss: 0.1852 - val_x_pred_categorical_accuracy: 0.8767 - val_x_pred_vae_anneal_metric: 0.5000 - 271s/epoch - 1ms/sample
Current vae annealer weight is 0.6249624539700847
Epoch 31/70
218160/218160 - 271s - loss: 0.2137 - x_pred_loss: 0.1584 - z_mean_log_var_loss: 0.0827 - reg_prop_pred_loss: 0.2284 - x_pred_categorical_accuracy: 0.9453 - x_pred_vae_anneal_metric: 0.6250 - val_loss: 1.6794 - val_x_pred_loss: 2.0077 - val_z_mean_log_var_loss: 0.0721 - val_reg_prop_pred_loss: 0.1860 - val_x_pred_categorical_accuracy: 0.8754 - val_x_pred_vae_anneal_metric: 0.6250 - 271s/epoch - 1ms/sample
Current vae annealer weight is 0.7352317540067891
Epoch 32/70
218160/218160 - 271s - loss: 0.2447 - x_pred_loss: 0.1855 - z_mean_log_var_loss: 0.0826 - reg_prop_pred_loss: 0.2387 - x_pred_categorical_accuracy: 0.9363 - x_pred_vae_anneal_metric: 0.7352 - val_loss: 1.9543 - val_x_pred_loss: 2.3358 - val_z_mean_log_var_loss: 0.0785 - val_reg_prop_pred_loss: 0.1977 - val_x_pred_categorical_accuracy: 0.8551 - val_x_pred_vae_anneal_metric: 0.7352 - 271s/epoch - 1ms/sample
Current vae annealer weight is 0.8222982077863588
Epoch 33/70
218160/218160 - 272s - loss: 0.2357 - x_pred_loss: 0.1755 - z_mean_log_var_loss: 0.0746 - reg_prop_pred_loss: 0.2312 - x_pred_categorical_accuracy: 0.9395 - x_pred_vae_anneal_metric: 0.8223 - val_loss: 1.8720 - val_x_pred_loss: 2.2356 - val_z_mean_log_var_loss: 0.0688 - val_reg_prop_pred_loss: 0.1913 - val_x_pred_categorical_accuracy: 0.8613 - val_x_pred_vae_anneal_metric: 0.8223 - 272s/epoch - 1ms/sample
Current vae annealer weight is 0.8852040239279495
Epoch 34/70
218160/218160 - 271s - loss: 0.2332 - x_pred_loss: 0.1751 - z_mean_log_var_loss: 0.0665 - reg_prop_pred_loss: 0.2305 - x_pred_categorical_accuracy: 0.9397 - x_pred_vae_anneal_metric: 0.8852 - val_loss: 1.8292 - val_x_pred_loss: 2.1883 - val_z_mean_log_var_loss: 0.0577 - val_reg_prop_pred_loss: 0.1886 - val_x_pred_categorical_accuracy: 0.8642 - val_x_pred_vae_anneal_metric: 0.8852 - 271s/epoch - 1ms/sample
Current vae annealer weight is 0.9277967179942364
Epoch 35/70
218160/218160 - 269s - loss: 0.2253 - x_pred_loss: 0.1702 - z_mean_log_var_loss: 0.0581 - reg_prop_pred_loss: 0.2301 - x_pred_categorical_accuracy: 0.9414 - x_pred_vae_anneal_metric: 0.9278 - val_loss: 1.8135 - val_x_pred_loss: 2.1695 - val_z_mean_log_var_loss: 0.0546 - val_reg_prop_pred_loss: 0.1868 - val_x_pred_categorical_accuracy: 0.8654 - val_x_pred_vae_anneal_metric: 0.9278 - 269s/epoch - 1ms/sample
Current vae annealer weight is 0.9553827966119615
Epoch 36/70
218160/218160 - 271s - loss: 0.2260 - x_pred_loss: 0.1746 - z_mean_log_var_loss: 0.0526 - reg_prop_pred_loss: 0.2309 - x_pred_categorical_accuracy: 0.9398 - x_pred_vae_anneal_metric: 0.9554 - val_loss: 1.8883 - val_x_pred_loss: 2.2665 - val_z_mean_log_var_loss: 0.0491 - val_reg_prop_pred_loss: 0.1880 - val_x_pred_categorical_accuracy: 0.8594 - val_x_pred_vae_anneal_metric: 0.9554 - 271s/epoch - 1ms/sample
Current vae annealer weight is 0.9727389819620722
Epoch 37/70
218160/218160 - 271s - loss: 0.2101 - x_pred_loss: 0.1612 - z_mean_log_var_loss: 0.0460 - reg_prop_pred_loss: 0.2270 - x_pred_categorical_accuracy: 0.9444 - x_pred_vae_anneal_metric: 0.9727 - val_loss: 1.7601 - val_x_pred_loss: 2.1150 - val_z_mean_log_var_loss: 0.0401 - val_reg_prop_pred_loss: 0.1844 - val_x_pred_categorical_accuracy: 0.8688 - val_x_pred_vae_anneal_metric: 0.9727 - 271s/epoch - 1ms/sample
Current vae annealer weight is 0.9834604581913845
Epoch 38/70
218160/218160 - 271s - loss: 0.2056 - x_pred_loss: 0.1597 - z_mean_log_var_loss: 0.0410 - reg_prop_pred_loss: 0.2277 - x_pred_categorical_accuracy: 0.9450 - x_pred_vae_anneal_metric: 0.9835 - val_loss: 1.7920 - val_x_pred_loss: 2.1554 - val_z_mean_log_var_loss: 0.0390 - val_reg_prop_pred_loss: 0.1854 - val_x_pred_categorical_accuracy: 0.8663 - val_x_pred_vae_anneal_metric: 0.9835 - 271s/epoch - 1ms/sample
Current vae annealer weight is 0.9900085996857898
Epoch 39/70
218160/218160 - 271s - loss: 0.1964 - x_pred_loss: 0.1517 - z_mean_log_var_loss: 0.0377 - reg_prop_pred_loss: 0.2260 - x_pred_categorical_accuracy: 0.9476 - x_pred_vae_anneal_metric: 0.9900 - val_loss: 1.7282 - val_x_pred_loss: 2.0800 - val_z_mean_log_var_loss: 0.0340 - val_reg_prop_pred_loss: 0.1863 - val_x_pred_categorical_accuracy: 0.8710 - val_x_pred_vae_anneal_metric: 0.9900 - 271s/epoch - 1ms/sample
Current vae annealer weight is 0.9939801464769676
Epoch 40/70
218160/218160 - 271s - loss: 0.2098 - x_pred_loss: 0.1665 - z_mean_log_var_loss: 0.0367 - reg_prop_pred_loss: 0.2368 - x_pred_categorical_accuracy: 0.9428 - x_pred_vae_anneal_metric: 0.9940 - val_loss: 1.8178 - val_x_pred_loss: 2.1874 - val_z_mean_log_var_loss: 0.0378 - val_reg_prop_pred_loss: 0.1891 - val_x_pred_categorical_accuracy: 0.8643 - val_x_pred_vae_anneal_metric: 0.9940 - 271s/epoch - 1ms/sample
Current vae annealer weight is 0.9963787916740549
Epoch 41/70
218160/218160 - 270s - loss: 0.1933 - x_pred_loss: 0.1497 - z_mean_log_var_loss: 0.0353 - reg_prop_pred_loss: 0.2269 - x_pred_categorical_accuracy: 0.9484 - x_pred_vae_anneal_metric: 0.9964 - val_loss: 1.6924 - val_x_pred_loss: 2.0392 - val_z_mean_log_var_loss: 0.0303 - val_reg_prop_pred_loss: 0.1846 - val_x_pred_categorical_accuracy: 0.8735 - val_x_pred_vae_anneal_metric: 0.9964 - 270s/epoch - 1ms/sample
Current vae annealer weight is 0.9978237754533412
Epoch 42/70
218160/218160 - 271s - loss: 0.1866 - x_pred_loss: 0.1457 - z_mean_log_var_loss: 0.0312 - reg_prop_pred_loss: 0.2259 - x_pred_categorical_accuracy: 0.9497 - x_pred_vae_anneal_metric: 0.9978 - val_loss: 1.6947 - val_x_pred_loss: 2.0425 - val_z_mean_log_var_loss: 0.0289 - val_reg_prop_pred_loss: 0.1882 - val_x_pred_categorical_accuracy: 0.8733 - val_x_pred_vae_anneal_metric: 0.9978 - 271s/epoch - 1ms/sample
Current vae annealer weight is 0.998692918557779
Epoch 43/70
218160/218160 - 271s - loss: 0.1906 - x_pred_loss: 0.1515 - z_mean_log_var_loss: 0.0303 - reg_prop_pred_loss: 0.2259 - x_pred_categorical_accuracy: 0.9477 - x_pred_vae_anneal_metric: 0.9987 - val_loss: 1.7734 - val_x_pred_loss: 2.1381 - val_z_mean_log_var_loss: 0.0320 - val_reg_prop_pred_loss: 0.1867 - val_x_pred_categorical_accuracy: 0.8673 - val_x_pred_vae_anneal_metric: 0.9987 - 271s/epoch - 1ms/sample
Current vae annealer weight is 0.9992152152808638
Epoch 44/70
218160/218160 - 271s - loss: 0.1948 - x_pred_loss: 0.1542 - z_mean_log_var_loss: 0.0328 - reg_prop_pred_loss: 0.2259 - x_pred_categorical_accuracy: 0.9469 - x_pred_vae_anneal_metric: 0.9992 - val_loss: 1.6574 - val_x_pred_loss: 1.9972 - val_z_mean_log_var_loss: 0.0286 - val_reg_prop_pred_loss: 0.1838 - val_x_pred_categorical_accuracy: 0.8761 - val_x_pred_vae_anneal_metric: 0.9992 - 271s/epoch - 1ms/sample
Current vae annealer weight is 0.9995289058847296
Epoch 45/70
218160/218160 - 271s - loss: 0.1836 - x_pred_loss: 0.1443 - z_mean_log_var_loss: 0.0289 - reg_prop_pred_loss: 0.2254 - x_pred_categorical_accuracy: 0.9503 - x_pred_vae_anneal_metric: 0.9995 - val_loss: 1.9911 - val_x_pred_loss: 2.4038 - val_z_mean_log_var_loss: 0.0294 - val_reg_prop_pred_loss: 0.2227 - val_x_pred_categorical_accuracy: 0.8509 - val_x_pred_vae_anneal_metric: 0.9995 - 271s/epoch - 1ms/sample
Current vae annealer weight is 0.9997172449786838
Epoch 46/70
218160/218160 - 269s - loss: 0.1845 - x_pred_loss: 0.1452 - z_mean_log_var_loss: 0.0292 - reg_prop_pred_loss: 0.2248 - x_pred_categorical_accuracy: 0.9499 - x_pred_vae_anneal_metric: 0.9997 - val_loss: 1.6574 - val_x_pred_loss: 2.0009 - val_z_mean_log_var_loss: 0.0251 - val_reg_prop_pred_loss: 0.1832 - val_x_pred_categorical_accuracy: 0.8759 - val_x_pred_vae_anneal_metric: 0.9997 - 269s/epoch - 1ms/sample
Current vae annealer weight is 0.9998303006190481
Epoch 47/70
218160/218160 - 270s - loss: 0.1805 - x_pred_loss: 0.1430 - z_mean_log_var_loss: 0.0263 - reg_prop_pred_loss: 0.2251 - x_pred_categorical_accuracy: 0.9507 - x_pred_vae_anneal_metric: 0.9998 - val_loss: 1.6725 - val_x_pred_loss: 2.0178 - val_z_mean_log_var_loss: 0.0269 - val_reg_prop_pred_loss: 0.1839 - val_x_pred_categorical_accuracy: 0.8748 - val_x_pred_vae_anneal_metric: 0.9998 - 270s/epoch - 1ms/sample
Current vae annealer weight is 0.9998981571479052
Epoch 48/70
218160/218160 - 271s - loss: 0.1751 - x_pred_loss: 0.1366 - z_mean_log_var_loss: 0.0266 - reg_prop_pred_loss: 0.2230 - x_pred_categorical_accuracy: 0.9528 - x_pred_vae_anneal_metric: 0.9999 - val_loss: 1.5924 - val_x_pred_loss: 1.9208 - val_z_mean_log_var_loss: 0.0242 - val_reg_prop_pred_loss: 0.1820 - val_x_pred_categorical_accuracy: 0.8808 - val_x_pred_vae_anneal_metric: 0.9999 - 271s/epoch - 1ms/sample
Current vae annealer weight is 0.9999388820100666
Epoch 49/70
218160/218160 - 270s - loss: 0.1666 - x_pred_loss: 0.1288 - z_mean_log_var_loss: 0.0240 - reg_prop_pred_loss: 0.2221 - x_pred_categorical_accuracy: 0.9553 - x_pred_vae_anneal_metric: 0.9999 - val_loss: 1.8921 - val_x_pred_loss: 2.2868 - val_z_mean_log_var_loss: 0.0242 - val_reg_prop_pred_loss: 0.2161 - val_x_pred_categorical_accuracy: 0.8581 - val_x_pred_vae_anneal_metric: 0.9999 - 270s/epoch - 1ms/sample
Current vae annealer weight is 0.9999633224347099
Epoch 50/70
218160/218160 - 272s - loss: 0.2032 - x_pred_loss: 0.1678 - z_mean_log_var_loss: 0.0274 - reg_prop_pred_loss: 0.2353 - x_pred_categorical_accuracy: 0.9427 - x_pred_vae_anneal_metric: 1.0000 - val_loss: 1.7041 - val_x_pred_loss: 2.0552 - val_z_mean_log_var_loss: 0.0286 - val_reg_prop_pred_loss: 0.1854 - val_x_pred_categorical_accuracy: 0.8725 - val_x_pred_vae_anneal_metric: 1.0000 - 272s/epoch - 1ms/sample
Current vae annealer weight is 0.9999779896124086
Epoch 51/70
218160/218160 - 270s - loss: 0.1732 - x_pred_loss: 0.1339 - z_mean_log_var_loss: 0.0269 - reg_prop_pred_loss: 0.2229 - x_pred_categorical_accuracy: 0.9537 - x_pred_vae_anneal_metric: 1.0000 - val_loss: 1.5624 - val_x_pred_loss: 1.8837 - val_z_mean_log_var_loss: 0.0240 - val_reg_prop_pred_loss: 0.1813 - val_x_pred_categorical_accuracy: 0.8831 - val_x_pred_vae_anneal_metric: 1.0000 - 270s/epoch - 1ms/sample
Current vae annealer weight is 0.9999867915354658
Epoch 52/70
218160/218160 - 271s - loss: 0.1760 - x_pred_loss: 0.1387 - z_mean_log_var_loss: 0.0249 - reg_prop_pred_loss: 0.2252 - x_pred_categorical_accuracy: 0.9521 - x_pred_vae_anneal_metric: 1.0000 - val_loss: 1.6066 - val_x_pred_loss: 1.9387 - val_z_mean_log_var_loss: 0.0243 - val_reg_prop_pred_loss: 0.1811 - val_x_pred_categorical_accuracy: 0.8797 - val_x_pred_vae_anneal_metric: 1.0000 - 271s/epoch - 1ms/sample
Current vae annealer weight is 0.999992073609766
Epoch 53/70
218160/218160 - 271s - loss: 0.1653 - x_pred_loss: 0.1276 - z_mean_log_var_loss: 0.0237 - reg_prop_pred_loss: 0.2209 - x_pred_categorical_accuracy: 0.9557 - x_pred_vae_anneal_metric: 1.0000 - val_loss: 1.5853 - val_x_pred_loss: 1.9138 - val_z_mean_log_var_loss: 0.0219 - val_reg_prop_pred_loss: 0.1838 - val_x_pred_categorical_accuracy: 0.8813 - val_x_pred_vae_anneal_metric: 1.0000 - 271s/epoch - 1ms/sample
Current vae annealer weight is 0.9999952433888688
Epoch 54/70
218160/218160 - 272s - loss: 0.1603 - x_pred_loss: 0.1232 - z_mean_log_var_loss: 0.0221 - reg_prop_pred_loss: 0.2205 - x_pred_categorical_accuracy: 0.9573 - x_pred_vae_anneal_metric: 1.0000 - val_loss: 1.5675 - val_x_pred_loss: 1.8934 - val_z_mean_log_var_loss: 0.0207 - val_reg_prop_pred_loss: 0.1807 - val_x_pred_categorical_accuracy: 0.8825 - val_x_pred_vae_anneal_metric: 1.0000 - 272s/epoch - 1ms/sample
Current vae annealer weight is 0.999997145570669
Epoch 55/70
218160/218160 - 270s - loss: 0.1669 - x_pred_loss: 0.1308 - z_mean_log_var_loss: 0.0220 - reg_prop_pred_loss: 0.2229 - x_pred_categorical_accuracy: 0.9547 - x_pred_vae_anneal_metric: 1.0000 - val_loss: 1.7964 - val_x_pred_loss: 2.1684 - val_z_mean_log_var_loss: 0.0253 - val_reg_prop_pred_loss: 0.2073 - val_x_pred_categorical_accuracy: 0.8655 - val_x_pred_vae_anneal_metric: 1.0000 - 270s/epoch - 1ms/sample
Current vae annealer weight is 0.999998287066068
Epoch 56/70
218160/218160 - 271s - loss: 0.1778 - x_pred_loss: 0.1399 - z_mean_log_var_loss: 0.0260 - reg_prop_pred_loss: 0.2254 - x_pred_categorical_accuracy: 0.9519 - x_pred_vae_anneal_metric: 1.0000 - val_loss: 1.5440 - val_x_pred_loss: 1.8610 - val_z_mean_log_var_loss: 0.0238 - val_reg_prop_pred_loss: 0.1811 - val_x_pred_categorical_accuracy: 0.8845 - val_x_pred_vae_anneal_metric: 1.0000 - 271s/epoch - 1ms/sample
Current vae annealer weight is 0.9999989720742833
Epoch 57/70
218160/218160 - 271s - loss: 0.1674 - x_pred_loss: 0.1301 - z_mean_log_var_loss: 0.0233 - reg_prop_pred_loss: 0.2231 - x_pred_categorical_accuracy: 0.9552 - x_pred_vae_anneal_metric: 1.0000 - val_loss: 1.6652 - val_x_pred_loss: 2.0105 - val_z_mean_log_var_loss: 0.0245 - val_reg_prop_pred_loss: 0.1861 - val_x_pred_categorical_accuracy: 0.8753 - val_x_pred_vae_anneal_metric: 1.0000 - 271s/epoch - 1ms/sample
Current vae annealer weight is 0.9999993831455084
Epoch 58/70
218160/218160 - 272s - loss: 0.1608 - x_pred_loss: 0.1226 - z_mean_log_var_loss: 0.0231 - reg_prop_pred_loss: 0.2211 - x_pred_categorical_accuracy: 0.9576 - x_pred_vae_anneal_metric: 1.0000 - val_loss: 1.6609 - val_x_pred_loss: 2.0052 - val_z_mean_log_var_loss: 0.0206 - val_reg_prop_pred_loss: 0.2010 - val_x_pred_categorical_accuracy: 0.8756 - val_x_pred_vae_anneal_metric: 1.0000 - 272s/epoch - 1ms/sample
Current vae annealer weight is 0.9999996298279195
Epoch 59/70
218160/218160 - 271s - loss: 0.1678 - x_pred_loss: 0.1304 - z_mean_log_var_loss: 0.0234 - reg_prop_pred_loss: 0.2238 - x_pred_categorical_accuracy: 0.9550 - x_pred_vae_anneal_metric: 1.0000 - val_loss: 1.4802 - val_x_pred_loss: 1.7840 - val_z_mean_log_var_loss: 0.0216 - val_reg_prop_pred_loss: 0.1787 - val_x_pred_categorical_accuracy: 0.8893 - val_x_pred_vae_anneal_metric: 1.0000 - 271s/epoch - 1ms/sample
Current vae annealer weight is 0.9999997778611365
Epoch 60/70
218160/218160 - 271s - loss: 0.1577 - x_pred_loss: 0.1203 - z_mean_log_var_loss: 0.0216 - reg_prop_pred_loss: 0.2209 - x_pred_categorical_accuracy: 0.9584 - x_pred_vae_anneal_metric: 1.0000 - val_loss: 1.5648 - val_x_pred_loss: 1.8899 - val_z_mean_log_var_loss: 0.0211 - val_reg_prop_pred_loss: 0.1804 - val_x_pred_categorical_accuracy: 0.8827 - val_x_pred_vae_anneal_metric: 1.0000 - 271s/epoch - 1ms/sample
Current vae annealer weight is 0.9999998666953174
Epoch 61/70
218160/218160 - 271s - loss: 0.1520 - x_pred_loss: 0.1149 - z_mean_log_var_loss: 0.0203 - reg_prop_pred_loss: 0.2193 - x_pred_categorical_accuracy: 0.9601 - x_pred_vae_anneal_metric: 1.0000 - val_loss: 1.4624 - val_x_pred_loss: 1.7645 - val_z_mean_log_var_loss: 0.0186 - val_reg_prop_pred_loss: 0.1792 - val_x_pred_categorical_accuracy: 0.8905 - val_x_pred_vae_anneal_metric: 1.0000 - 271s/epoch - 1ms/sample
Current vae annealer weight is 0.9999999200043723
Epoch 62/70
218160/218160 - 271s - loss: 0.1553 - x_pred_loss: 0.1199 - z_mean_log_var_loss: 0.0194 - reg_prop_pred_loss: 0.2197 - x_pred_categorical_accuracy: 0.9585 - x_pred_vae_anneal_metric: 1.0000 - val_loss: 1.4715 - val_x_pred_loss: 1.7747 - val_z_mean_log_var_loss: 0.0195 - val_reg_prop_pred_loss: 0.1805 - val_x_pred_categorical_accuracy: 0.8899 - val_x_pred_vae_anneal_metric: 1.0000 - 271s/epoch - 1ms/sample
Current vae annealer weight is 0.9999999519949324
Epoch 63/70
218160/218160 - 271s - loss: 0.1500 - x_pred_loss: 0.1134 - z_mean_log_var_loss: 0.0195 - reg_prop_pred_loss: 0.2184 - x_pred_categorical_accuracy: 0.9605 - x_pred_vae_anneal_metric: 1.0000 - val_loss: 1.4538 - val_x_pred_loss: 1.7548 - val_z_mean_log_var_loss: 0.0174 - val_reg_prop_pred_loss: 0.1804 - val_x_pred_categorical_accuracy: 0.8911 - val_x_pred_vae_anneal_metric: 1.0000 - 271s/epoch - 1ms/sample
Current vae annealer weight is 0.9999999711923445
Epoch 64/70
218160/218160 - 270s - loss: 0.1514 - x_pred_loss: 0.1151 - z_mean_log_var_loss: 0.0190 - reg_prop_pred_loss: 0.2204 - x_pred_categorical_accuracy: 0.9602 - x_pred_vae_anneal_metric: 1.0000 - val_loss: 1.4902 - val_x_pred_loss: 1.7958 - val_z_mean_log_var_loss: 0.0213 - val_reg_prop_pred_loss: 0.1823 - val_x_pred_categorical_accuracy: 0.8886 - val_x_pred_vae_anneal_metric: 1.0000 - 270s/epoch - 1ms/sample
Current vae annealer weight is 0.9999999827126375
Epoch 65/70
218160/218160 - 271s - loss: 0.1496 - x_pred_loss: 0.1126 - z_mean_log_var_loss: 0.0196 - reg_prop_pred_loss: 0.2191 - x_pred_categorical_accuracy: 0.9610 - x_pred_vae_anneal_metric: 1.0000 - val_loss: 1.4744 - val_x_pred_loss: 1.7786 - val_z_mean_log_var_loss: 0.0192 - val_reg_prop_pred_loss: 0.1808 - val_x_pred_categorical_accuracy: 0.8896 - val_x_pred_vae_anneal_metric: 1.0000 - 271s/epoch - 1ms/sample
Current vae annealer weight is 0.9999999896259207
Epoch 66/70
218160/218160 - 271s - loss: 0.1488 - x_pred_loss: 0.1111 - z_mean_log_var_loss: 0.0203 - reg_prop_pred_loss: 0.2181 - x_pred_categorical_accuracy: 0.9614 - x_pred_vae_anneal_metric: 1.0000 - val_loss: 1.3914 - val_x_pred_loss: 1.6762 - val_z_mean_log_var_loss: 0.0182 - val_reg_prop_pred_loss: 0.1797 - val_x_pred_categorical_accuracy: 0.8960 - val_x_pred_vae_anneal_metric: 1.0000 - 271s/epoch - 1ms/sample
Current vae annealer weight is 0.9999999937745552
Epoch 67/70
218160/218160 - 271s - loss: 0.1578 - x_pred_loss: 0.1217 - z_mean_log_var_loss: 0.0205 - reg_prop_pred_loss: 0.2199 - x_pred_categorical_accuracy: 0.9580 - x_pred_vae_anneal_metric: 1.0000 - val_loss: 1.4787 - val_x_pred_loss: 1.7855 - val_z_mean_log_var_loss: 0.0187 - val_reg_prop_pred_loss: 0.1764 - val_x_pred_categorical_accuracy: 0.8892 - val_x_pred_vae_anneal_metric: 1.0000 - 271s/epoch - 1ms/sample
Current vae annealer weight is 0.9999999962641346
Epoch 68/70
218160/218160 - 271s - loss: 0.1454 - x_pred_loss: 0.1090 - z_mean_log_var_loss: 0.0184 - reg_prop_pred_loss: 0.2175 - x_pred_categorical_accuracy: 0.9622 - x_pred_vae_anneal_metric: 1.0000 - val_loss: 1.4897 - val_x_pred_loss: 1.7975 - val_z_mean_log_var_loss: 0.0195 - val_reg_prop_pred_loss: 0.1806 - val_x_pred_categorical_accuracy: 0.8885 - val_x_pred_vae_anneal_metric: 1.0000 - 271s/epoch - 1ms/sample
Current vae annealer weight is 0.9999999977581218
Epoch 69/70
218160/218160 - 270s - loss: 0.1470 - x_pred_loss: 0.1105 - z_mean_log_var_loss: 0.0188 - reg_prop_pred_loss: 0.2181 - x_pred_categorical_accuracy: 0.9617 - x_pred_vae_anneal_metric: 1.0000 - val_loss: 1.3996 - val_x_pred_loss: 1.6869 - val_z_mean_log_var_loss: 0.0179 - val_reg_prop_pred_loss: 0.1788 - val_x_pred_categorical_accuracy: 0.8953 - val_x_pred_vae_anneal_metric: 1.0000 - 270s/epoch - 1ms/sample
Current vae annealer weight is 0.9999999986546575
Epoch 70/70
218160/218160 - 270s - loss: 0.1481 - x_pred_loss: 0.1113 - z_mean_log_var_loss: 0.0190 - reg_prop_pred_loss: 0.2194 - x_pred_categorical_accuracy: 0.9614 - x_pred_vae_anneal_metric: 1.0000 - val_loss: 1.4355 - val_x_pred_loss: 1.7319 - val_z_mean_log_var_loss: 0.0182 - val_reg_prop_pred_loss: 0.1773 - val_x_pred_categorical_accuracy: 0.8926 - val_x_pred_vae_anneal_metric: 1.0000 - 270s/epoch - 1ms/sample
/home/jp2658/.conda/envs/chemvae_tf2/lib/python3.10/site-packages/keras/src/engine/training.py:3103: UserWarning: You are saving your model as an HDF5 file via `model.save()`. This file format is considered legacy. We recommend using instead the native Keras format, e.g. `model.save('my_model.keras')`.
  saving_api.save_model(
time of run :  18963.86292386055
**FINISHED**
