Using hyper-parameters:
name                      - zinc_michael
MAX_LEN                   - 89          
data_file                 - ZINC_Michael_fragments.csv.gz
char_file                 - zinc.json   
encoder_weights_file      - zinc_encoder.h5
decoder_weights_file      - zinc_decoder.h5
test_idx_file             - test_idx.npy
history_file              - history.csv 
do_prop_pred              - False       
TRAIN_MODEL               - True        
ENC_DEC_TEST              - False       
PADDING                   - right       
RAND_SEED                 - 42          
epochs                    - 70          
vae_annealer_start        - 29          
dropout_rate_mid          - 0.08283292970479479
anneal_sigmod_slope       - 0.5106654305791392
recurrent_dim             - 488         
batch_size                - 126         
lr                        - 0.00039192162392520126
hidden_dim                - 196         
tgru_dropout              - 0.19617749608323892
hg_growth_factor          - 1.2281884874932403
middle_layer              - 1           
momentum                  - 0.9717090063868801
verbose_print             - 2           
rest of parameters are set as default
All params: {'reload_model': False, 'prev_epochs': 0, 'batch_size': 126, 'epochs': 70, 'val_split': 0.1, 'loss': 'categorical_crossentropy', 'batchnorm_conv': True, 'conv_activation': 'tanh', 'conv_depth': 4, 'conv_dim_depth': 8, 'conv_dim_width': 8, 'conv_d_growth_factor': 1.15875438383, 'conv_w_growth_factor': 1.1758149644, 'gru_depth': 4, 'rnn_activation': 'tanh', 'recurrent_dim': 488, 'do_tgru': True, 'terminal_GRU_implementation': 0, 'tgru_dropout': 0.19617749608323892, 'temperature': 1.0, 'hg_growth_factor': 1.2281884874932403, 'hidden_dim': 196, 'middle_layer': 1, 'dropout_rate_mid': 0.08283292970479479, 'batchnorm_mid': True, 'activation': 'tanh', 'lr': 0.00039192162392520126, 'momentum': 0.9717090063868801, 'optim': 'adam', 'vae_annealer_start': 29, 'batchnorm_vae': False, 'vae_activation': 'tanh', 'xent_loss_weight': 1.0, 'kl_loss_weight': 1.0, 'anneal_sigmod_slope': 0.5106654305791392, 'freeze_logvar_layer': False, 'freeze_offset': 1, 'do_prop_pred': False, 'prop_pred_depth': 3, 'prop_hidden_dim': 36, 'prop_growth_factor': 0.8, 'prop_pred_activation': 'tanh', 'reg_prop_pred_loss': 'mse', 'logit_prop_pred_loss': 'binary_crossentropy', 'prop_pred_loss_weight': 0.5, 'prop_pred_dropout': 0.0, 'prop_batchnorm': True, 'verbose_print': 2, 'name': 'zinc_michael', 'MAX_LEN': 89, 'data_file': 'ZINC_Michael_fragments.csv.gz', 'char_file': 'zinc.json', 'encoder_weights_file': 'zinc_encoder.h5', 'decoder_weights_file': 'zinc_decoder.h5', 'test_idx_file': 'test_idx.npy', 'history_file': 'history.csv', 'TRAIN_MODEL': True, 'ENC_DEC_TEST': False, 'PADDING': 'right', 'RAND_SEED': 42}
Training set size is 242455
first smiles: " [2*]c1ccco1.[4*]N1CC2CC2(CO)C1 "
total chars: 33
Vectorization...
Total Data size 242455
shape of input vector : {} (218106, 89, 33)
Training set size is (218106, 89, 33), after filtering to max length of 89
Train on 218106 samples, validate on 24318 samples
Current vae annealer weight is 3.701720805095644e-07
Epoch 1/70
/home/jp2658/.conda/envs/chemvae_tf2/lib/python3.10/site-packages/keras/src/engine/training_v1.py:2335: UserWarning: `Model.state_updates` will be removed in a future version. This property should not be used in TensorFlow 2.0, as `updates` are applied automatically.
  updates = self.state_updates
218106/218106 - 445s - loss: 0.9723 - x_pred_loss: 0.9723 - z_mean_log_var_loss: 1.1628 - x_pred_categorical_accuracy: 0.7131 - x_pred_vae_anneal_metric: 3.7018e-07 - val_loss: 5.5237 - val_x_pred_loss: 5.5237 - val_z_mean_log_var_loss: 1.0306 - val_x_pred_categorical_accuracy: 0.6573 - val_x_pred_vae_anneal_metric: 3.7017e-07 - 445s/epoch - 2ms/sample
Current vae annealer weight is 6.168544915222557e-07
Epoch 2/70
218106/218106 - 460s - loss: 0.5625 - x_pred_loss: 0.5625 - z_mean_log_var_loss: 1.0315 - x_pred_categorical_accuracy: 0.8231 - x_pred_vae_anneal_metric: 6.1684e-07 - val_loss: 4.8606 - val_x_pred_loss: 4.8606 - val_z_mean_log_var_loss: 0.9043 - val_x_pred_categorical_accuracy: 0.6984 - val_x_pred_vae_anneal_metric: 6.1686e-07 - 460s/epoch - 2ms/sample
Current vae annealer weight is 1.0279257166985964e-06
Epoch 3/70
218106/218106 - 526s - loss: 0.4318 - x_pred_loss: 0.4318 - z_mean_log_var_loss: 0.8843 - x_pred_categorical_accuracy: 0.8561 - x_pred_vae_anneal_metric: 1.0279e-06 - val_loss: 4.5224 - val_x_pred_loss: 4.5224 - val_z_mean_log_var_loss: 0.7743 - val_x_pred_categorical_accuracy: 0.7194 - val_x_pred_vae_anneal_metric: 1.0279e-06 - 526s/epoch - 2ms/sample
Current vae annealer weight is 1.7129339319420572e-06
Epoch 4/70
218106/218106 - 596s - loss: 0.3593 - x_pred_loss: 0.3593 - z_mean_log_var_loss: 0.7546 - x_pred_categorical_accuracy: 0.8782 - x_pred_vae_anneal_metric: 1.7129e-06 - val_loss: 4.3039 - val_x_pred_loss: 4.3039 - val_z_mean_log_var_loss: 0.6767 - val_x_pred_categorical_accuracy: 0.7330 - val_x_pred_vae_anneal_metric: 1.7129e-06 - 596s/epoch - 3ms/sample
Current vae annealer weight is 2.854429330962736e-06
Epoch 5/70
218106/218106 - 449s - loss: 0.3098 - x_pred_loss: 0.3098 - z_mean_log_var_loss: 0.6556 - x_pred_categorical_accuracy: 0.8943 - x_pred_vae_anneal_metric: 2.8545e-06 - val_loss: 4.1023 - val_x_pred_loss: 4.1023 - val_z_mean_log_var_loss: 0.5962 - val_x_pred_categorical_accuracy: 0.7455 - val_x_pred_vae_anneal_metric: 2.8544e-06 - 449s/epoch - 2ms/sample
Current vae annealer weight is 4.756611131108824e-06
Epoch 6/70
218106/218106 - 371s - loss: 0.2758 - x_pred_loss: 0.2758 - z_mean_log_var_loss: 0.5864 - x_pred_categorical_accuracy: 0.9055 - x_pred_vae_anneal_metric: 4.7566e-06 - val_loss: 3.6313 - val_x_pred_loss: 3.6313 - val_z_mean_log_var_loss: 0.5088 - val_x_pred_categorical_accuracy: 0.7747 - val_x_pred_vae_anneal_metric: 4.7566e-06 - 371s/epoch - 2ms/sample
Current vae annealer weight is 7.926390233964058e-06
Epoch 7/70
218106/218106 - 366s - loss: 0.2476 - x_pred_loss: 0.2476 - z_mean_log_var_loss: 0.5049 - x_pred_categorical_accuracy: 0.9149 - x_pred_vae_anneal_metric: 7.9265e-06 - val_loss: 3.3611 - val_x_pred_loss: 3.3611 - val_z_mean_log_var_loss: 0.4373 - val_x_pred_categorical_accuracy: 0.7915 - val_x_pred_vae_anneal_metric: 7.9264e-06 - 366s/epoch - 2ms/sample
Current vae annealer weight is 1.3208464534236994e-05
Epoch 8/70
218106/218106 - 364s - loss: 0.2259 - x_pred_loss: 0.2259 - z_mean_log_var_loss: 0.4342 - x_pred_categorical_accuracy: 0.9221 - x_pred_vae_anneal_metric: 1.3208e-05 - val_loss: 3.2311 - val_x_pred_loss: 3.2311 - val_z_mean_log_var_loss: 0.4095 - val_x_pred_categorical_accuracy: 0.7995 - val_x_pred_vae_anneal_metric: 1.3208e-05 - 364s/epoch - 2ms/sample
Current vae annealer weight is 2.201038759146048e-05
Epoch 9/70
218106/218106 - 365s - loss: 0.2056 - x_pred_loss: 0.2056 - z_mean_log_var_loss: 0.3957 - x_pred_categorical_accuracy: 0.9289 - x_pred_vae_anneal_metric: 2.2010e-05 - val_loss: 2.9674 - val_x_pred_loss: 2.9674 - val_z_mean_log_var_loss: 0.3416 - val_x_pred_categorical_accuracy: 0.8159 - val_x_pred_vae_anneal_metric: 2.2010e-05 - 365s/epoch - 2ms/sample
Current vae annealer weight is 3.6677565290112376e-05
Epoch 10/70
218106/218106 - 365s - loss: 0.2036 - x_pred_loss: 0.2036 - z_mean_log_var_loss: 0.3867 - x_pred_categorical_accuracy: 0.9295 - x_pred_vae_anneal_metric: 3.6678e-05 - val_loss: 2.7642 - val_x_pred_loss: 2.7642 - val_z_mean_log_var_loss: 0.3615 - val_x_pred_categorical_accuracy: 0.8285 - val_x_pred_vae_anneal_metric: 3.6677e-05 - 365s/epoch - 2ms/sample
Current vae annealer weight is 6.111798993344653e-05
Epoch 11/70
218106/218106 - 365s - loss: 0.1797 - x_pred_loss: 0.1797 - z_mean_log_var_loss: 0.3608 - x_pred_categorical_accuracy: 0.9375 - x_pred_vae_anneal_metric: 6.1117e-05 - val_loss: 2.7431 - val_x_pred_loss: 2.7431 - val_z_mean_log_var_loss: 0.3245 - val_x_pred_categorical_accuracy: 0.8298 - val_x_pred_vae_anneal_metric: 6.1118e-05 - 365s/epoch - 2ms/sample
Current vae annealer weight is 0.0001018428520948195
Epoch 12/70
218106/218106 - 364s - loss: 0.1708 - x_pred_loss: 0.1708 - z_mean_log_var_loss: 0.3287 - x_pred_categorical_accuracy: 0.9404 - x_pred_vae_anneal_metric: 1.0184e-04 - val_loss: 2.5462 - val_x_pred_loss: 2.5462 - val_z_mean_log_var_loss: 0.2883 - val_x_pred_categorical_accuracy: 0.8420 - val_x_pred_vae_anneal_metric: 1.0184e-04 - 364s/epoch - 2ms/sample
Current vae annealer weight is 0.00016969938095202496
Epoch 13/70
218106/218106 - 365s - loss: 0.1604 - x_pred_loss: 0.1603 - z_mean_log_var_loss: 0.2914 - x_pred_categorical_accuracy: 0.9439 - x_pred_vae_anneal_metric: 1.6970e-04 - val_loss: 2.3881 - val_x_pred_loss: 2.3880 - val_z_mean_log_var_loss: 0.2611 - val_x_pred_categorical_accuracy: 0.8518 - val_x_pred_vae_anneal_metric: 1.6970e-04 - 365s/epoch - 2ms/sample
Current vae annealer weight is 0.00028275502131637844
Epoch 14/70
218106/218106 - 365s - loss: 0.1491 - x_pred_loss: 0.1490 - z_mean_log_var_loss: 0.2613 - x_pred_categorical_accuracy: 0.9478 - x_pred_vae_anneal_metric: 2.8276e-04 - val_loss: 2.5365 - val_x_pred_loss: 2.5364 - val_z_mean_log_var_loss: 0.2390 - val_x_pred_categorical_accuracy: 0.8426 - val_x_pred_vae_anneal_metric: 2.8275e-04 - 365s/epoch - 2ms/sample
Current vae annealer weight is 0.0004710941152704827
Epoch 15/70
218106/218106 - 364s - loss: 0.1475 - x_pred_loss: 0.1474 - z_mean_log_var_loss: 0.2504 - x_pred_categorical_accuracy: 0.9484 - x_pred_vae_anneal_metric: 4.7110e-04 - val_loss: 2.1761 - val_x_pred_loss: 2.1760 - val_z_mean_log_var_loss: 0.2261 - val_x_pred_categorical_accuracy: 0.8650 - val_x_pred_vae_anneal_metric: 4.7109e-04 - 364s/epoch - 2ms/sample
Current vae annealer weight is 0.0007847847191363334
Epoch 16/70
218106/218106 - 365s - loss: 0.1354 - x_pred_loss: 0.1352 - z_mean_log_var_loss: 0.2311 - x_pred_categorical_accuracy: 0.9524 - x_pred_vae_anneal_metric: 7.8479e-04 - val_loss: 2.1884 - val_x_pred_loss: 2.1882 - val_z_mean_log_var_loss: 0.2074 - val_x_pred_categorical_accuracy: 0.8642 - val_x_pred_vae_anneal_metric: 7.8478e-04 - 365s/epoch - 2ms/sample
Current vae annealer weight is 0.0013070814422209435
Epoch 17/70
218106/218106 - 365s - loss: 0.1317 - x_pred_loss: 0.1314 - z_mean_log_var_loss: 0.2156 - x_pred_categorical_accuracy: 0.9537 - x_pred_vae_anneal_metric: 0.0013 - val_loss: 1.9994 - val_x_pred_loss: 1.9991 - val_z_mean_log_var_loss: 0.1995 - val_x_pred_categorical_accuracy: 0.8760 - val_x_pred_vae_anneal_metric: 0.0013 - 365s/epoch - 2ms/sample
Current vae annealer weight is 0.0021762245466587582
Epoch 18/70
218106/218106 - 364s - loss: 0.1264 - x_pred_loss: 0.1260 - z_mean_log_var_loss: 0.1978 - x_pred_categorical_accuracy: 0.9556 - x_pred_vae_anneal_metric: 0.0022 - val_loss: 2.1059 - val_x_pred_loss: 2.1055 - val_z_mean_log_var_loss: 0.1870 - val_x_pred_categorical_accuracy: 0.8694 - val_x_pred_vae_anneal_metric: 0.0022 - 364s/epoch - 2ms/sample
Current vae annealer weight is 0.0036212083259452047
Epoch 19/70
218106/218106 - 364s - loss: 0.1167 - x_pred_loss: 0.1160 - z_mean_log_var_loss: 0.1823 - x_pred_categorical_accuracy: 0.9591 - x_pred_vae_anneal_metric: 0.0036 - val_loss: 2.1244 - val_x_pred_loss: 2.1238 - val_z_mean_log_var_loss: 0.1639 - val_x_pred_categorical_accuracy: 0.8682 - val_x_pred_vae_anneal_metric: 0.0036 - 364s/epoch - 2ms/sample
Current vae annealer weight is 0.0060198535230323105
Epoch 20/70
218106/218106 - 364s - loss: 0.1169 - x_pred_loss: 0.1159 - z_mean_log_var_loss: 0.1648 - x_pred_categorical_accuracy: 0.9594 - x_pred_vae_anneal_metric: 0.0060 - val_loss: 1.7574 - val_x_pred_loss: 1.7565 - val_z_mean_log_var_loss: 0.1467 - val_x_pred_categorical_accuracy: 0.8910 - val_x_pred_vae_anneal_metric: 0.0060 - 364s/epoch - 2ms/sample
Current vae annealer weight is 0.009991400314210233
Epoch 21/70
218106/218106 - 365s - loss: 0.1084 - x_pred_loss: 0.1070 - z_mean_log_var_loss: 0.1448 - x_pred_categorical_accuracy: 0.9625 - x_pred_vae_anneal_metric: 0.0100 - val_loss: 1.8098 - val_x_pred_loss: 1.8085 - val_z_mean_log_var_loss: 0.1284 - val_x_pred_categorical_accuracy: 0.8878 - val_x_pred_vae_anneal_metric: 0.0100 - 365s/epoch - 2ms/sample
Current vae annealer weight is 0.016539541808615513
Epoch 22/70
218106/218106 - 365s - loss: 0.1074 - x_pred_loss: 0.1053 - z_mean_log_var_loss: 0.1252 - x_pred_categorical_accuracy: 0.9632 - x_pred_vae_anneal_metric: 0.0165 - val_loss: 1.6568 - val_x_pred_loss: 1.6550 - val_z_mean_log_var_loss: 0.1126 - val_x_pred_categorical_accuracy: 0.8973 - val_x_pred_vae_anneal_metric: 0.0165 - 365s/epoch - 2ms/sample
Current vae annealer weight is 0.02726101803792773
Epoch 23/70
218106/218106 - 364s - loss: 0.1031 - x_pred_loss: 0.1002 - z_mean_log_var_loss: 0.1065 - x_pred_categorical_accuracy: 0.9650 - x_pred_vae_anneal_metric: 0.0273 - val_loss: 1.6161 - val_x_pred_loss: 1.6135 - val_z_mean_log_var_loss: 0.0943 - val_x_pred_categorical_accuracy: 0.8999 - val_x_pred_vae_anneal_metric: 0.0273 - 364s/epoch - 2ms/sample
Current vae annealer weight is 0.04461720338803846
Epoch 24/70
218106/218106 - 364s - loss: 0.1000 - x_pred_loss: 0.0960 - z_mean_log_var_loss: 0.0916 - x_pred_categorical_accuracy: 0.9665 - x_pred_vae_anneal_metric: 0.0446 - val_loss: 1.5587 - val_x_pred_loss: 1.5552 - val_z_mean_log_var_loss: 0.0784 - val_x_pred_categorical_accuracy: 0.9035 - val_x_pred_vae_anneal_metric: 0.0446 - 364s/epoch - 2ms/sample
Current vae annealer weight is 0.07220328200576367
Epoch 25/70
218106/218106 - 365s - loss: 0.1029 - x_pred_loss: 0.0971 - z_mean_log_var_loss: 0.0798 - x_pred_categorical_accuracy: 0.9662 - x_pred_vae_anneal_metric: 0.0722 - val_loss: 1.5740 - val_x_pred_loss: 1.5687 - val_z_mean_log_var_loss: 0.0723 - val_x_pred_categorical_accuracy: 0.9027 - val_x_pred_vae_anneal_metric: 0.0722 - 365s/epoch - 2ms/sample
Current vae annealer weight is 0.11479597607205051
Epoch 26/70
218106/218106 - 365s - loss: 0.1074 - x_pred_loss: 0.0984 - z_mean_log_var_loss: 0.0787 - x_pred_categorical_accuracy: 0.9658 - x_pred_vae_anneal_metric: 0.1148 - val_loss: 1.4204 - val_x_pred_loss: 1.4123 - val_z_mean_log_var_loss: 0.0708 - val_x_pred_categorical_accuracy: 0.9124 - val_x_pred_vae_anneal_metric: 0.1148 - 365s/epoch - 2ms/sample
Current vae annealer weight is 0.17770179221364119
Epoch 27/70
218106/218106 - 364s - loss: 0.1068 - x_pred_loss: 0.0940 - z_mean_log_var_loss: 0.0721 - x_pred_categorical_accuracy: 0.9672 - x_pred_vae_anneal_metric: 0.1777 - val_loss: 1.4744 - val_x_pred_loss: 1.4635 - val_z_mean_log_var_loss: 0.0615 - val_x_pred_categorical_accuracy: 0.9092 - val_x_pred_vae_anneal_metric: 0.1777 - 364s/epoch - 2ms/sample
Current vae annealer weight is 0.26476824599321086
Epoch 28/70
218106/218106 - 365s - loss: 0.1144 - x_pred_loss: 0.0981 - z_mean_log_var_loss: 0.0614 - x_pred_categorical_accuracy: 0.9659 - x_pred_vae_anneal_metric: 0.2648 - val_loss: 1.9263 - val_x_pred_loss: 1.9111 - val_z_mean_log_var_loss: 0.0575 - val_x_pred_categorical_accuracy: 0.8814 - val_x_pred_vae_anneal_metric: 0.2648 - 365s/epoch - 2ms/sample
Current vae annealer weight is 0.3750375460299153
Epoch 29/70
218106/218106 - 365s - loss: 0.1196 - x_pred_loss: 0.0994 - z_mean_log_var_loss: 0.0539 - x_pred_categorical_accuracy: 0.9655 - x_pred_vae_anneal_metric: 0.3750 - val_loss: 1.4698 - val_x_pred_loss: 1.4536 - val_z_mean_log_var_loss: 0.0433 - val_x_pred_categorical_accuracy: 0.9098 - val_x_pred_vae_anneal_metric: 0.3750 - 365s/epoch - 2ms/sample
Current vae annealer weight is 0.5
Epoch 30/70
218106/218106 - 365s - loss: 0.1167 - x_pred_loss: 0.0962 - z_mean_log_var_loss: 0.0410 - x_pred_categorical_accuracy: 0.9666 - x_pred_vae_anneal_metric: 0.5000 - val_loss: 1.5035 - val_x_pred_loss: 1.4872 - val_z_mean_log_var_loss: 0.0325 - val_x_pred_categorical_accuracy: 0.9077 - val_x_pred_vae_anneal_metric: 0.5000 - 365s/epoch - 2ms/sample
Current vae annealer weight is 0.6249624539700847
Epoch 31/70
218106/218106 - 365s - loss: 0.1217 - x_pred_loss: 0.1005 - z_mean_log_var_loss: 0.0340 - x_pred_categorical_accuracy: 0.9653 - x_pred_vae_anneal_metric: 0.6250 - val_loss: 1.5730 - val_x_pred_loss: 1.5546 - val_z_mean_log_var_loss: 0.0296 - val_x_pred_categorical_accuracy: 0.9036 - val_x_pred_vae_anneal_metric: 0.6250 - 365s/epoch - 2ms/sample
Current vae annealer weight is 0.7352317540067891
Epoch 32/70
218106/218106 - 364s - loss: 0.1139 - x_pred_loss: 0.0938 - z_mean_log_var_loss: 0.0273 - x_pred_categorical_accuracy: 0.9675 - x_pred_vae_anneal_metric: 0.7352 - val_loss: 1.4478 - val_x_pred_loss: 1.4323 - val_z_mean_log_var_loss: 0.0210 - val_x_pred_categorical_accuracy: 0.9111 - val_x_pred_vae_anneal_metric: 0.7352 - 364s/epoch - 2ms/sample
Current vae annealer weight is 0.8222982077863588
Epoch 33/70
218106/218106 - 364s - loss: 0.1195 - x_pred_loss: 0.1009 - z_mean_log_var_loss: 0.0227 - x_pred_categorical_accuracy: 0.9655 - x_pred_vae_anneal_metric: 0.8223 - val_loss: 1.6051 - val_x_pred_loss: 1.5852 - val_z_mean_log_var_loss: 0.0242 - val_x_pred_categorical_accuracy: 0.9017 - val_x_pred_vae_anneal_metric: 0.8223 - 364s/epoch - 2ms/sample
Current vae annealer weight is 0.8852040239279495
Epoch 34/70
218106/218106 - 364s - loss: 0.1192 - x_pred_loss: 0.0995 - z_mean_log_var_loss: 0.0223 - x_pred_categorical_accuracy: 0.9659 - x_pred_vae_anneal_metric: 0.8852 - val_loss: 1.6889 - val_x_pred_loss: 1.6714 - val_z_mean_log_var_loss: 0.0197 - val_x_pred_categorical_accuracy: 0.8963 - val_x_pred_vae_anneal_metric: 0.8852 - 364s/epoch - 2ms/sample
Current vae annealer weight is 0.9277967179942364
Epoch 35/70
218106/218106 - 364s - loss: 0.1048 - x_pred_loss: 0.0882 - z_mean_log_var_loss: 0.0179 - x_pred_categorical_accuracy: 0.9696 - x_pred_vae_anneal_metric: 0.9278 - val_loss: 1.6533 - val_x_pred_loss: 1.6392 - val_z_mean_log_var_loss: 0.0152 - val_x_pred_categorical_accuracy: 0.8983 - val_x_pred_vae_anneal_metric: 0.9278 - 364s/epoch - 2ms/sample
Current vae annealer weight is 0.9553827966119615
Epoch 36/70
218106/218106 - 365s - loss: 0.1046 - x_pred_loss: 0.0898 - z_mean_log_var_loss: 0.0155 - x_pred_categorical_accuracy: 0.9692 - x_pred_vae_anneal_metric: 0.9554 - val_loss: 1.6869 - val_x_pred_loss: 1.6728 - val_z_mean_log_var_loss: 0.0147 - val_x_pred_categorical_accuracy: 0.8962 - val_x_pred_vae_anneal_metric: 0.9554 - 365s/epoch - 2ms/sample
Current vae annealer weight is 0.9727389819620722
Epoch 37/70
218106/218106 - 365s - loss: 0.0906 - x_pred_loss: 0.0783 - z_mean_log_var_loss: 0.0127 - x_pred_categorical_accuracy: 0.9730 - x_pred_vae_anneal_metric: 0.9727 - val_loss: 1.8897 - val_x_pred_loss: 1.8768 - val_z_mean_log_var_loss: 0.0132 - val_x_pred_categorical_accuracy: 0.8836 - val_x_pred_vae_anneal_metric: 0.9727 - 365s/epoch - 2ms/sample
Current vae annealer weight is 0.9834604581913845
Epoch 38/70
218106/218106 - 364s - loss: 0.0947 - x_pred_loss: 0.0821 - z_mean_log_var_loss: 0.0128 - x_pred_categorical_accuracy: 0.9718 - x_pred_vae_anneal_metric: 0.9835 - val_loss: 1.5983 - val_x_pred_loss: 1.5852 - val_z_mean_log_var_loss: 0.0133 - val_x_pred_categorical_accuracy: 0.9016 - val_x_pred_vae_anneal_metric: 0.9835 - 364s/epoch - 2ms/sample
Current vae annealer weight is 0.9900085996857898
Epoch 39/70
218106/218106 - 365s - loss: 0.0848 - x_pred_loss: 0.0736 - z_mean_log_var_loss: 0.0113 - x_pred_categorical_accuracy: 0.9746 - x_pred_vae_anneal_metric: 0.9900 - val_loss: 1.7509 - val_x_pred_loss: 1.7410 - val_z_mean_log_var_loss: 0.0099 - val_x_pred_categorical_accuracy: 0.8920 - val_x_pred_vae_anneal_metric: 0.9900 - 365s/epoch - 2ms/sample
Current vae annealer weight is 0.9939801464769676
Epoch 40/70
218106/218106 - 364s - loss: 0.0845 - x_pred_loss: 0.0735 - z_mean_log_var_loss: 0.0111 - x_pred_categorical_accuracy: 0.9748 - x_pred_vae_anneal_metric: 0.9940 - val_loss: 1.7068 - val_x_pred_loss: 1.6980 - val_z_mean_log_var_loss: 0.0088 - val_x_pred_categorical_accuracy: 0.8947 - val_x_pred_vae_anneal_metric: 0.9940 - 364s/epoch - 2ms/sample
Current vae annealer weight is 0.9963787916740549
Epoch 41/70
218106/218106 - 365s - loss: 0.0794 - x_pred_loss: 0.0696 - z_mean_log_var_loss: 0.0098 - x_pred_categorical_accuracy: 0.9761 - x_pred_vae_anneal_metric: 0.9964 - val_loss: 1.7016 - val_x_pred_loss: 1.6922 - val_z_mean_log_var_loss: 0.0094 - val_x_pred_categorical_accuracy: 0.8950 - val_x_pred_vae_anneal_metric: 0.9964 - 365s/epoch - 2ms/sample
Current vae annealer weight is 0.9978237754533412
Epoch 42/70
218106/218106 - 364s - loss: 0.0858 - x_pred_loss: 0.0752 - z_mean_log_var_loss: 0.0106 - x_pred_categorical_accuracy: 0.9743 - x_pred_vae_anneal_metric: 0.9978 - val_loss: 1.7021 - val_x_pred_loss: 1.6922 - val_z_mean_log_var_loss: 0.0100 - val_x_pred_categorical_accuracy: 0.8950 - val_x_pred_vae_anneal_metric: 0.9978 - 364s/epoch - 2ms/sample
Current vae annealer weight is 0.998692918557779
Epoch 43/70
218106/218106 - 365s - loss: 0.0744 - x_pred_loss: 0.0653 - z_mean_log_var_loss: 0.0092 - x_pred_categorical_accuracy: 0.9775 - x_pred_vae_anneal_metric: 0.9987 - val_loss: 1.4445 - val_x_pred_loss: 1.4358 - val_z_mean_log_var_loss: 0.0088 - val_x_pred_categorical_accuracy: 0.9109 - val_x_pred_vae_anneal_metric: 0.9987 - 365s/epoch - 2ms/sample
Current vae annealer weight is 0.9992152152808638
Epoch 44/70
218106/218106 - 364s - loss: 0.0766 - x_pred_loss: 0.0668 - z_mean_log_var_loss: 0.0098 - x_pred_categorical_accuracy: 0.9770 - x_pred_vae_anneal_metric: 0.9992 - val_loss: 1.5559 - val_x_pred_loss: 1.5467 - val_z_mean_log_var_loss: 0.0092 - val_x_pred_categorical_accuracy: 0.9040 - val_x_pred_vae_anneal_metric: 0.9992 - 364s/epoch - 2ms/sample
Current vae annealer weight is 0.9995289058847296
Epoch 45/70
218106/218106 - 364s - loss: 0.0787 - x_pred_loss: 0.0685 - z_mean_log_var_loss: 0.0102 - x_pred_categorical_accuracy: 0.9767 - x_pred_vae_anneal_metric: 0.9995 - val_loss: 1.6457 - val_x_pred_loss: 1.6375 - val_z_mean_log_var_loss: 0.0082 - val_x_pred_categorical_accuracy: 0.8984 - val_x_pred_vae_anneal_metric: 0.9995 - 364s/epoch - 2ms/sample
Current vae annealer weight is 0.9997172449786838
Epoch 46/70
218106/218106 - 365s - loss: 0.0676 - x_pred_loss: 0.0593 - z_mean_log_var_loss: 0.0083 - x_pred_categorical_accuracy: 0.9796 - x_pred_vae_anneal_metric: 0.9997 - val_loss: 1.4991 - val_x_pred_loss: 1.4903 - val_z_mean_log_var_loss: 0.0087 - val_x_pred_categorical_accuracy: 0.9075 - val_x_pred_vae_anneal_metric: 0.9997 - 365s/epoch - 2ms/sample
Current vae annealer weight is 0.9998303006190481
Epoch 47/70
218106/218106 - 364s - loss: 0.0714 - x_pred_loss: 0.0630 - z_mean_log_var_loss: 0.0083 - x_pred_categorical_accuracy: 0.9784 - x_pred_vae_anneal_metric: 0.9998 - val_loss: 2.0340 - val_x_pred_loss: 2.0224 - val_z_mean_log_var_loss: 0.0116 - val_x_pred_categorical_accuracy: 0.8745 - val_x_pred_vae_anneal_metric: 0.9998 - 364s/epoch - 2ms/sample
Current vae annealer weight is 0.9998981571479052
Epoch 48/70
218106/218106 - 364s - loss: 0.0751 - x_pred_loss: 0.0644 - z_mean_log_var_loss: 0.0107 - x_pred_categorical_accuracy: 0.9780 - x_pred_vae_anneal_metric: 0.9999 - val_loss: 1.4781 - val_x_pred_loss: 1.4685 - val_z_mean_log_var_loss: 0.0096 - val_x_pred_categorical_accuracy: 0.9089 - val_x_pred_vae_anneal_metric: 0.9999 - 364s/epoch - 2ms/sample
Current vae annealer weight is 0.9999388820100666
Epoch 49/70
218106/218106 - 364s - loss: 0.0674 - x_pred_loss: 0.0583 - z_mean_log_var_loss: 0.0091 - x_pred_categorical_accuracy: 0.9801 - x_pred_vae_anneal_metric: 0.9999 - val_loss: 1.8241 - val_x_pred_loss: 1.8163 - val_z_mean_log_var_loss: 0.0078 - val_x_pred_categorical_accuracy: 0.8873 - val_x_pred_vae_anneal_metric: 0.9999 - 364s/epoch - 2ms/sample
Current vae annealer weight is 0.9999633224347099
Epoch 50/70
218106/218106 - 364s - loss: 0.0639 - x_pred_loss: 0.0560 - z_mean_log_var_loss: 0.0079 - x_pred_categorical_accuracy: 0.9809 - x_pred_vae_anneal_metric: 1.0000 - val_loss: 1.6465 - val_x_pred_loss: 1.6372 - val_z_mean_log_var_loss: 0.0093 - val_x_pred_categorical_accuracy: 0.8984 - val_x_pred_vae_anneal_metric: 1.0000 - 364s/epoch - 2ms/sample
Current vae annealer weight is 0.9999779896124086
Epoch 51/70
218106/218106 - 365s - loss: 0.0708 - x_pred_loss: 0.0614 - z_mean_log_var_loss: 0.0094 - x_pred_categorical_accuracy: 0.9791 - x_pred_vae_anneal_metric: 1.0000 - val_loss: 1.4908 - val_x_pred_loss: 1.4811 - val_z_mean_log_var_loss: 0.0097 - val_x_pred_categorical_accuracy: 0.9081 - val_x_pred_vae_anneal_metric: 1.0000 - 365s/epoch - 2ms/sample
Current vae annealer weight is 0.9999867915354658
Epoch 52/70
218106/218106 - 365s - loss: 0.0626 - x_pred_loss: 0.0542 - z_mean_log_var_loss: 0.0083 - x_pred_categorical_accuracy: 0.9815 - x_pred_vae_anneal_metric: 1.0000 - val_loss: 1.5004 - val_x_pred_loss: 1.4913 - val_z_mean_log_var_loss: 0.0091 - val_x_pred_categorical_accuracy: 0.9075 - val_x_pred_vae_anneal_metric: 1.0000 - 365s/epoch - 2ms/sample
Current vae annealer weight is 0.999992073609766
Epoch 53/70
218106/218106 - 365s - loss: 0.0618 - x_pred_loss: 0.0535 - z_mean_log_var_loss: 0.0084 - x_pred_categorical_accuracy: 0.9818 - x_pred_vae_anneal_metric: 1.0000 - val_loss: 1.4298 - val_x_pred_loss: 1.4227 - val_z_mean_log_var_loss: 0.0071 - val_x_pred_categorical_accuracy: 0.9117 - val_x_pred_vae_anneal_metric: 1.0000 - 365s/epoch - 2ms/sample
Current vae annealer weight is 0.9999952433888688
Epoch 54/70
218106/218106 - 364s - loss: 0.0635 - x_pred_loss: 0.0549 - z_mean_log_var_loss: 0.0086 - x_pred_categorical_accuracy: 0.9814 - x_pred_vae_anneal_metric: 1.0000 - val_loss: 1.6237 - val_x_pred_loss: 1.6167 - val_z_mean_log_var_loss: 0.0071 - val_x_pred_categorical_accuracy: 0.8997 - val_x_pred_vae_anneal_metric: 1.0000 - 364s/epoch - 2ms/sample
Current vae annealer weight is 0.999997145570669
Epoch 55/70
218106/218106 - 364s - loss: 0.0616 - x_pred_loss: 0.0536 - z_mean_log_var_loss: 0.0080 - x_pred_categorical_accuracy: 0.9818 - x_pred_vae_anneal_metric: 1.0000 - val_loss: 1.4663 - val_x_pred_loss: 1.4588 - val_z_mean_log_var_loss: 0.0075 - val_x_pred_categorical_accuracy: 0.9095 - val_x_pred_vae_anneal_metric: 1.0000 - 364s/epoch - 2ms/sample
Current vae annealer weight is 0.999998287066068
Epoch 56/70
218106/218106 - 365s - loss: 0.0573 - x_pred_loss: 0.0495 - z_mean_log_var_loss: 0.0077 - x_pred_categorical_accuracy: 0.9831 - x_pred_vae_anneal_metric: 1.0000 - val_loss: 1.5184 - val_x_pred_loss: 1.5114 - val_z_mean_log_var_loss: 0.0069 - val_x_pred_categorical_accuracy: 0.9062 - val_x_pred_vae_anneal_metric: 1.0000 - 365s/epoch - 2ms/sample
Current vae annealer weight is 0.9999989720742833
Epoch 57/70
218106/218106 - 364s - loss: 0.0580 - x_pred_loss: 0.0505 - z_mean_log_var_loss: 0.0075 - x_pred_categorical_accuracy: 0.9829 - x_pred_vae_anneal_metric: 1.0000 - val_loss: 1.8420 - val_x_pred_loss: 1.8340 - val_z_mean_log_var_loss: 0.0080 - val_x_pred_categorical_accuracy: 0.8862 - val_x_pred_vae_anneal_metric: 1.0000 - 364s/epoch - 2ms/sample
Current vae annealer weight is 0.9999993831455084
Epoch 58/70
218106/218106 - 365s - loss: 0.0559 - x_pred_loss: 0.0481 - z_mean_log_var_loss: 0.0078 - x_pred_categorical_accuracy: 0.9836 - x_pred_vae_anneal_metric: 1.0000 - val_loss: 1.3884 - val_x_pred_loss: 1.3817 - val_z_mean_log_var_loss: 0.0068 - val_x_pred_categorical_accuracy: 0.9143 - val_x_pred_vae_anneal_metric: 1.0000 - 365s/epoch - 2ms/sample
Current vae annealer weight is 0.9999996298279195
Epoch 59/70
218106/218106 - 364s - loss: 0.0571 - x_pred_loss: 0.0499 - z_mean_log_var_loss: 0.0072 - x_pred_categorical_accuracy: 0.9831 - x_pred_vae_anneal_metric: 1.0000 - val_loss: 2.0731 - val_x_pred_loss: 2.0642 - val_z_mean_log_var_loss: 0.0088 - val_x_pred_categorical_accuracy: 0.8719 - val_x_pred_vae_anneal_metric: 1.0000 - 364s/epoch - 2ms/sample
Current vae annealer weight is 0.9999997778611365
Epoch 60/70
218106/218106 - 364s - loss: 0.0571 - x_pred_loss: 0.0489 - z_mean_log_var_loss: 0.0081 - x_pred_categorical_accuracy: 0.9835 - x_pred_vae_anneal_metric: 1.0000 - val_loss: 1.7397 - val_x_pred_loss: 1.7320 - val_z_mean_log_var_loss: 0.0077 - val_x_pred_categorical_accuracy: 0.8925 - val_x_pred_vae_anneal_metric: 1.0000 - 364s/epoch - 2ms/sample
Current vae annealer weight is 0.9999998666953174
Epoch 61/70
218106/218106 - 365s - loss: 0.0544 - x_pred_loss: 0.0466 - z_mean_log_var_loss: 0.0078 - x_pred_categorical_accuracy: 0.9842 - x_pred_vae_anneal_metric: 1.0000 - val_loss: 1.5192 - val_x_pred_loss: 1.5131 - val_z_mean_log_var_loss: 0.0061 - val_x_pred_categorical_accuracy: 0.9061 - val_x_pred_vae_anneal_metric: 1.0000 - 365s/epoch - 2ms/sample
Current vae annealer weight is 0.9999999200043723
Epoch 62/70
218106/218106 - 365s - loss: 0.0511 - x_pred_loss: 0.0442 - z_mean_log_var_loss: 0.0069 - x_pred_categorical_accuracy: 0.9850 - x_pred_vae_anneal_metric: 1.0000 - val_loss: 1.5490 - val_x_pred_loss: 1.5429 - val_z_mean_log_var_loss: 0.0061 - val_x_pred_categorical_accuracy: 0.9043 - val_x_pred_vae_anneal_metric: 1.0000 - 365s/epoch - 2ms/sample
Current vae annealer weight is 0.9999999519949324
Epoch 63/70
218106/218106 - 364s - loss: 0.0494 - x_pred_loss: 0.0428 - z_mean_log_var_loss: 0.0066 - x_pred_categorical_accuracy: 0.9855 - x_pred_vae_anneal_metric: 1.0000 - val_loss: 1.4177 - val_x_pred_loss: 1.4107 - val_z_mean_log_var_loss: 0.0070 - val_x_pred_categorical_accuracy: 0.9125 - val_x_pred_vae_anneal_metric: 1.0000 - 364s/epoch - 2ms/sample
Current vae annealer weight is 0.9999999711923445
Epoch 64/70
218106/218106 - 365s - loss: 0.0550 - x_pred_loss: 0.0470 - z_mean_log_var_loss: 0.0080 - x_pred_categorical_accuracy: 0.9841 - x_pred_vae_anneal_metric: 1.0000 - val_loss: 1.3766 - val_x_pred_loss: 1.3696 - val_z_mean_log_var_loss: 0.0070 - val_x_pred_categorical_accuracy: 0.9150 - val_x_pred_vae_anneal_metric: 1.0000 - 365s/epoch - 2ms/sample
Current vae annealer weight is 0.9999999827126375
Epoch 65/70
218106/218106 - 365s - loss: 0.0580 - x_pred_loss: 0.0497 - z_mean_log_var_loss: 0.0082 - x_pred_categorical_accuracy: 0.9833 - x_pred_vae_anneal_metric: 1.0000 - val_loss: 1.3455 - val_x_pred_loss: 1.3369 - val_z_mean_log_var_loss: 0.0086 - val_x_pred_categorical_accuracy: 0.9171 - val_x_pred_vae_anneal_metric: 1.0000 - 365s/epoch - 2ms/sample
Current vae annealer weight is 0.9999999896259207
Epoch 66/70
218106/218106 - 364s - loss: 0.0527 - x_pred_loss: 0.0445 - z_mean_log_var_loss: 0.0082 - x_pred_categorical_accuracy: 0.9851 - x_pred_vae_anneal_metric: 1.0000 - val_loss: 1.4614 - val_x_pred_loss: 1.4546 - val_z_mean_log_var_loss: 0.0067 - val_x_pred_categorical_accuracy: 0.9098 - val_x_pred_vae_anneal_metric: 1.0000 - 364s/epoch - 2ms/sample
Current vae annealer weight is 0.9999999937745552
Epoch 67/70
218106/218106 - 365s - loss: 0.0506 - x_pred_loss: 0.0432 - z_mean_log_var_loss: 0.0074 - x_pred_categorical_accuracy: 0.9854 - x_pred_vae_anneal_metric: 1.0000 - val_loss: 1.4355 - val_x_pred_loss: 1.4295 - val_z_mean_log_var_loss: 0.0060 - val_x_pred_categorical_accuracy: 0.9113 - val_x_pred_vae_anneal_metric: 1.0000 - 365s/epoch - 2ms/sample
Current vae annealer weight is 0.9999999962641346
Epoch 68/70
218106/218106 - 365s - loss: 0.0457 - x_pred_loss: 0.0393 - z_mean_log_var_loss: 0.0064 - x_pred_categorical_accuracy: 0.9867 - x_pred_vae_anneal_metric: 1.0000 - val_loss: 1.4966 - val_x_pred_loss: 1.4903 - val_z_mean_log_var_loss: 0.0063 - val_x_pred_categorical_accuracy: 0.9075 - val_x_pred_vae_anneal_metric: 1.0000 - 365s/epoch - 2ms/sample
Current vae annealer weight is 0.9999999977581218
Epoch 69/70
218106/218106 - 364s - loss: 0.0488 - x_pred_loss: 0.0419 - z_mean_log_var_loss: 0.0069 - x_pred_categorical_accuracy: 0.9859 - x_pred_vae_anneal_metric: 1.0000 - val_loss: 1.2580 - val_x_pred_loss: 1.2498 - val_z_mean_log_var_loss: 0.0083 - val_x_pred_categorical_accuracy: 0.9225 - val_x_pred_vae_anneal_metric: 1.0000 - 364s/epoch - 2ms/sample
Current vae annealer weight is 0.9999999986546575
Epoch 70/70
218106/218106 - 364s - loss: 0.0467 - x_pred_loss: 0.0397 - z_mean_log_var_loss: 0.0070 - x_pred_categorical_accuracy: 0.9866 - x_pred_vae_anneal_metric: 1.0000 - val_loss: 1.8482 - val_x_pred_loss: 1.8410 - val_z_mean_log_var_loss: 0.0072 - val_x_pred_categorical_accuracy: 0.8858 - val_x_pred_vae_anneal_metric: 1.0000 - 364s/epoch - 2ms/sample
/home/jp2658/.conda/envs/chemvae_tf2/lib/python3.10/site-packages/keras/src/engine/training.py:3103: UserWarning: You are saving your model as an HDF5 file via `model.save()`. This file format is considered legacy. We recommend using instead the native Keras format, e.g. `model.save('my_model.keras')`.
  saving_api.save_model(
time of run :  26186.542897701263
**FINISHED**
