Using hyper-parameters:
name                      - zinc_prop   
MAX_LEN                   - 89          
data_file                 - ZINC_Michael_fragments.csv.gz
char_file                 - zinc.json   
encoder_weights_file      - zinc_encoder.h5
decoder_weights_file      - zinc_decoder.h5
prop_pred_weights_file    - zinc_prop_pred.h5
data_normalization_out    - zinc_michael_norm_data.csv
reg_prop_tasks            - ['mulliken_O4', 'pbv_C1', 'lumo']
test_idx_file             - test_idx.npy
history_file              - history.csv 
do_prop_pred              - True        
TRAIN_MODEL               - True        
ENC_DEC_TEST              - False       
PADDING                   - right       
RAND_SEED                 - 42          
epochs                    - 70          
vae_annealer_start        - 29          
dropout_rate_mid          - 0.5         
anneal_sigmod_slope       - 0.5106654305791392
recurrent_dim             - 488         
hidden_dim                - 196         
tgru_dropout              - 0.5         
hg_growth_factor          - 1.2281884874932403
middle_layer              - 1           
prop_hidden_dim           - 67          
batch_size                - 182         
prop_pred_depth           - 3           
lr                        - 0.00045619868229310396
prop_pred_dropout         - 0.2         
prop_growth_factor        - 0.9902834073131418
momentum                  - 0.9902764103622574
verbose_print             - 2           
rest of parameters are set as default
All params: {'reload_model': False, 'prev_epochs': 0, 'batch_size': 182, 'epochs': 70, 'val_split': 0.1, 'loss': 'categorical_crossentropy', 'batchnorm_conv': True, 'conv_activation': 'tanh', 'conv_depth': 4, 'conv_dim_depth': 8, 'conv_dim_width': 8, 'conv_d_growth_factor': 1.15875438383, 'conv_w_growth_factor': 1.1758149644, 'gru_depth': 4, 'rnn_activation': 'tanh', 'recurrent_dim': 488, 'do_tgru': True, 'terminal_GRU_implementation': 0, 'tgru_dropout': 0.5, 'temperature': 1.0, 'hg_growth_factor': 1.2281884874932403, 'hidden_dim': 196, 'middle_layer': 1, 'dropout_rate_mid': 0.5, 'batchnorm_mid': True, 'activation': 'tanh', 'lr': 0.00045619868229310396, 'momentum': 0.9902764103622574, 'optim': 'adam', 'vae_annealer_start': 29, 'batchnorm_vae': False, 'vae_activation': 'tanh', 'xent_loss_weight': 1.0, 'kl_loss_weight': 1.0, 'anneal_sigmod_slope': 0.5106654305791392, 'freeze_logvar_layer': False, 'freeze_offset': 1, 'do_prop_pred': True, 'prop_pred_depth': 3, 'prop_hidden_dim': 67, 'prop_growth_factor': 0.9902834073131418, 'prop_pred_activation': 'tanh', 'reg_prop_pred_loss': 'mse', 'logit_prop_pred_loss': 'binary_crossentropy', 'prop_pred_loss_weight': 0.5, 'prop_pred_dropout': 0.2, 'prop_batchnorm': True, 'verbose_print': 2, 'name': 'zinc_prop', 'MAX_LEN': 89, 'data_file': 'ZINC_Michael_fragments.csv.gz', 'char_file': 'zinc.json', 'encoder_weights_file': 'zinc_encoder.h5', 'decoder_weights_file': 'zinc_decoder.h5', 'prop_pred_weights_file': 'zinc_prop_pred.h5', 'data_normalization_out': 'zinc_michael_norm_data.csv', 'reg_prop_tasks': ['mulliken_O4', 'pbv_C1', 'lumo'], 'test_idx_file': 'test_idx.npy', 'history_file': 'history.csv', 'TRAIN_MODEL': True, 'ENC_DEC_TEST': False, 'PADDING': 'right', 'RAND_SEED': 42}
Training set size is 242455
first smiles: " [2*]c1ccco1.[4*]N1CC2CC2(CO)C1 "
total chars: 33
Vectorization...
Total Data size 242455
shape of input vector : {} (218036, 89, 33)
Training set size is (218036, 89, 33), after filtering to max length of 89
Train on 218036 samples, validate on 24388 samples
Current vae annealer weight is 3.701720805095644e-07
Epoch 1/70
/home/jp2658/.conda/envs/chemvae_tf2/lib/python3.10/site-packages/keras/src/engine/training_v1.py:2335: UserWarning: `Model.state_updates` will be removed in a future version. This property should not be used in TensorFlow 2.0, as `updates` are applied automatically.
  updates = self.state_updates
218036/218036 - 318s - loss: 1.1026 - x_pred_loss: 1.2282 - z_mean_log_var_loss: 0.9833 - reg_prop_pred_loss: 0.9771 - x_pred_categorical_accuracy: 0.6437 - x_pred_vae_anneal_metric: 3.7017e-07 - val_loss: 3.6427 - val_x_pred_loss: 6.7568 - val_z_mean_log_var_loss: 0.6271 - val_reg_prop_pred_loss: 0.5286 - val_x_pred_categorical_accuracy: 0.5808 - val_x_pred_vae_anneal_metric: 3.7017e-07 - 318s/epoch - 1ms/sample
Current vae annealer weight is 6.168544915222557e-07
Epoch 2/70
218036/218036 - 317s - loss: 0.6409 - x_pred_loss: 0.7863 - z_mean_log_var_loss: 1.1502 - reg_prop_pred_loss: 0.4956 - x_pred_categorical_accuracy: 0.7714 - x_pred_vae_anneal_metric: 6.1685e-07 - val_loss: 3.2975 - val_x_pred_loss: 6.2545 - val_z_mean_log_var_loss: 0.7417 - val_reg_prop_pred_loss: 0.3405 - val_x_pred_categorical_accuracy: 0.6120 - val_x_pred_vae_anneal_metric: 6.1686e-07 - 317s/epoch - 1ms/sample
Current vae annealer weight is 1.0279257166985964e-06
Epoch 3/70
218036/218036 - 317s - loss: 0.4981 - x_pred_loss: 0.6239 - z_mean_log_var_loss: 1.1772 - reg_prop_pred_loss: 0.3723 - x_pred_categorical_accuracy: 0.8058 - x_pred_vae_anneal_metric: 1.0279e-06 - val_loss: 3.0763 - val_x_pred_loss: 5.8673 - val_z_mean_log_var_loss: 0.7871 - val_reg_prop_pred_loss: 0.2854 - val_x_pred_categorical_accuracy: 0.6360 - val_x_pred_vae_anneal_metric: 1.0279e-06 - 317s/epoch - 1ms/sample
Current vae annealer weight is 1.7129339319420572e-06
Epoch 4/70
218036/218036 - 315s - loss: 0.4406 - x_pred_loss: 0.5522 - z_mean_log_var_loss: 1.1424 - reg_prop_pred_loss: 0.3289 - x_pred_categorical_accuracy: 0.8219 - x_pred_vae_anneal_metric: 1.7129e-06 - val_loss: 2.9534 - val_x_pred_loss: 5.6562 - val_z_mean_log_var_loss: 0.7611 - val_reg_prop_pred_loss: 0.2507 - val_x_pred_categorical_accuracy: 0.6491 - val_x_pred_vae_anneal_metric: 1.7129e-06 - 315s/epoch - 1ms/sample
Current vae annealer weight is 2.854429330962736e-06
Epoch 5/70
218036/218036 - 317s - loss: 0.4092 - x_pred_loss: 0.5118 - z_mean_log_var_loss: 1.0779 - reg_prop_pred_loss: 0.3065 - x_pred_categorical_accuracy: 0.8325 - x_pred_vae_anneal_metric: 2.8545e-06 - val_loss: 2.8969 - val_x_pred_loss: 5.5570 - val_z_mean_log_var_loss: 0.7216 - val_reg_prop_pred_loss: 0.2368 - val_x_pred_categorical_accuracy: 0.6552 - val_x_pred_vae_anneal_metric: 2.8544e-06 - 317s/epoch - 1ms/sample
Current vae annealer weight is 4.756611131108824e-06
Epoch 6/70
218036/218036 - 316s - loss: 0.3888 - x_pred_loss: 0.4840 - z_mean_log_var_loss: 1.0103 - reg_prop_pred_loss: 0.2936 - x_pred_categorical_accuracy: 0.8403 - x_pred_vae_anneal_metric: 4.7566e-06 - val_loss: 2.8563 - val_x_pred_loss: 5.4918 - val_z_mean_log_var_loss: 0.6712 - val_reg_prop_pred_loss: 0.2207 - val_x_pred_categorical_accuracy: 0.6593 - val_x_pred_vae_anneal_metric: 4.7566e-06 - 316s/epoch - 1ms/sample
Current vae annealer weight is 7.926390233964058e-06
Epoch 7/70
218036/218036 - 317s - loss: 0.3727 - x_pred_loss: 0.4618 - z_mean_log_var_loss: 0.9441 - reg_prop_pred_loss: 0.2835 - x_pred_categorical_accuracy: 0.8466 - x_pred_vae_anneal_metric: 7.9265e-06 - val_loss: 2.8272 - val_x_pred_loss: 5.4352 - val_z_mean_log_var_loss: 0.6392 - val_reg_prop_pred_loss: 0.2191 - val_x_pred_categorical_accuracy: 0.6628 - val_x_pred_vae_anneal_metric: 7.9264e-06 - 317s/epoch - 1ms/sample
Current vae annealer weight is 1.3208464534236994e-05
Epoch 8/70
218036/218036 - 315s - loss: 0.3611 - x_pred_loss: 0.4444 - z_mean_log_var_loss: 0.8827 - reg_prop_pred_loss: 0.2777 - x_pred_categorical_accuracy: 0.8517 - x_pred_vae_anneal_metric: 1.3208e-05 - val_loss: 2.7931 - val_x_pred_loss: 5.3634 - val_z_mean_log_var_loss: 0.6143 - val_reg_prop_pred_loss: 0.2229 - val_x_pred_categorical_accuracy: 0.6672 - val_x_pred_vae_anneal_metric: 1.3208e-05 - 315s/epoch - 1ms/sample
Current vae annealer weight is 2.201038759146048e-05
Epoch 9/70
218036/218036 - 315s - loss: 0.3521 - x_pred_loss: 0.4305 - z_mean_log_var_loss: 0.8324 - reg_prop_pred_loss: 0.2738 - x_pred_categorical_accuracy: 0.8558 - x_pred_vae_anneal_metric: 2.2010e-05 - val_loss: 2.7364 - val_x_pred_loss: 5.2614 - val_z_mean_log_var_loss: 0.5827 - val_reg_prop_pred_loss: 0.2114 - val_x_pred_categorical_accuracy: 0.6736 - val_x_pred_vae_anneal_metric: 2.2010e-05 - 315s/epoch - 1ms/sample
Current vae annealer weight is 3.6677565290112376e-05
Epoch 10/70
218036/218036 - 318s - loss: 0.3450 - x_pred_loss: 0.4187 - z_mean_log_var_loss: 0.7885 - reg_prop_pred_loss: 0.2712 - x_pred_categorical_accuracy: 0.8594 - x_pred_vae_anneal_metric: 3.6678e-05 - val_loss: 2.7354 - val_x_pred_loss: 5.2663 - val_z_mean_log_var_loss: 0.5672 - val_reg_prop_pred_loss: 0.2044 - val_x_pred_categorical_accuracy: 0.6733 - val_x_pred_vae_anneal_metric: 3.6678e-05 - 318s/epoch - 1ms/sample
Current vae annealer weight is 6.111798993344653e-05
Epoch 11/70
218036/218036 - 315s - loss: 0.3358 - x_pred_loss: 0.4052 - z_mean_log_var_loss: 0.7474 - reg_prop_pred_loss: 0.2664 - x_pred_categorical_accuracy: 0.8636 - x_pred_vae_anneal_metric: 6.1117e-05 - val_loss: 2.7459 - val_x_pred_loss: 5.2870 - val_z_mean_log_var_loss: 0.5301 - val_reg_prop_pred_loss: 0.2048 - val_x_pred_categorical_accuracy: 0.6720 - val_x_pred_vae_anneal_metric: 6.1118e-05 - 315s/epoch - 1ms/sample
Current vae annealer weight is 0.0001018428520948195
Epoch 12/70
218036/218036 - 315s - loss: 0.3308 - x_pred_loss: 0.3970 - z_mean_log_var_loss: 0.6897 - reg_prop_pred_loss: 0.2645 - x_pred_categorical_accuracy: 0.8662 - x_pred_vae_anneal_metric: 1.0184e-04 - val_loss: 2.6672 - val_x_pred_loss: 5.1321 - val_z_mean_log_var_loss: 0.4990 - val_reg_prop_pred_loss: 0.2023 - val_x_pred_categorical_accuracy: 0.6816 - val_x_pred_vae_anneal_metric: 1.0184e-04 - 315s/epoch - 1ms/sample
Current vae annealer weight is 0.00016969938095202496
Epoch 13/70
218036/218036 - 316s - loss: 0.3238 - x_pred_loss: 0.3871 - z_mean_log_var_loss: 0.6524 - reg_prop_pred_loss: 0.2605 - x_pred_categorical_accuracy: 0.8695 - x_pred_vae_anneal_metric: 1.6970e-04 - val_loss: 2.6128 - val_x_pred_loss: 5.0261 - val_z_mean_log_var_loss: 0.4782 - val_reg_prop_pred_loss: 0.1994 - val_x_pred_categorical_accuracy: 0.6882 - val_x_pred_vae_anneal_metric: 1.6970e-04 - 316s/epoch - 1ms/sample
Current vae annealer weight is 0.00028275502131637844
Epoch 14/70
218036/218036 - 316s - loss: 0.3193 - x_pred_loss: 0.3794 - z_mean_log_var_loss: 0.6104 - reg_prop_pred_loss: 0.2589 - x_pred_categorical_accuracy: 0.8721 - x_pred_vae_anneal_metric: 2.8276e-04 - val_loss: 2.6285 - val_x_pred_loss: 5.0560 - val_z_mean_log_var_loss: 0.4512 - val_reg_prop_pred_loss: 0.2008 - val_x_pred_categorical_accuracy: 0.6863 - val_x_pred_vae_anneal_metric: 2.8275e-04 - 316s/epoch - 1ms/sample
Current vae annealer weight is 0.0004710941152704827
Epoch 15/70
218036/218036 - 316s - loss: 0.3139 - x_pred_loss: 0.3714 - z_mean_log_var_loss: 0.5720 - reg_prop_pred_loss: 0.2561 - x_pred_categorical_accuracy: 0.8749 - x_pred_vae_anneal_metric: 4.7109e-04 - val_loss: 2.5696 - val_x_pred_loss: 4.9327 - val_z_mean_log_var_loss: 0.4239 - val_reg_prop_pred_loss: 0.2063 - val_x_pred_categorical_accuracy: 0.6940 - val_x_pred_vae_anneal_metric: 4.7109e-04 - 316s/epoch - 1ms/sample
Current vae annealer weight is 0.0007847847191363334
Epoch 16/70
218036/218036 - 315s - loss: 0.3110 - x_pred_loss: 0.3661 - z_mean_log_var_loss: 0.5457 - reg_prop_pred_loss: 0.2555 - x_pred_categorical_accuracy: 0.8767 - x_pred_vae_anneal_metric: 7.8480e-04 - val_loss: 2.5422 - val_x_pred_loss: 4.8897 - val_z_mean_log_var_loss: 0.4080 - val_reg_prop_pred_loss: 0.1944 - val_x_pred_categorical_accuracy: 0.6966 - val_x_pred_vae_anneal_metric: 7.8478e-04 - 315s/epoch - 1ms/sample
Current vae annealer weight is 0.0013070814422209435
Epoch 17/70
218036/218036 - 318s - loss: 0.3091 - x_pred_loss: 0.3631 - z_mean_log_var_loss: 0.5191 - reg_prop_pred_loss: 0.2544 - x_pred_categorical_accuracy: 0.8777 - x_pred_vae_anneal_metric: 0.0013 - val_loss: 2.5129 - val_x_pred_loss: 4.8290 - val_z_mean_log_var_loss: 0.3847 - val_reg_prop_pred_loss: 0.1963 - val_x_pred_categorical_accuracy: 0.7004 - val_x_pred_vae_anneal_metric: 0.0013 - 318s/epoch - 1ms/sample
Current vae annealer weight is 0.0021762245466587582
Epoch 18/70
218036/218036 - 316s - loss: 0.3036 - x_pred_loss: 0.3541 - z_mean_log_var_loss: 0.4853 - reg_prop_pred_loss: 0.2520 - x_pred_categorical_accuracy: 0.8808 - x_pred_vae_anneal_metric: 0.0022 - val_loss: 2.4666 - val_x_pred_loss: 4.7386 - val_z_mean_log_var_loss: 0.3524 - val_reg_prop_pred_loss: 0.1938 - val_x_pred_categorical_accuracy: 0.7060 - val_x_pred_vae_anneal_metric: 0.0022 - 316s/epoch - 1ms/sample
Current vae annealer weight is 0.0036212083259452047
Epoch 19/70
218036/218036 - 317s - loss: 0.3019 - x_pred_loss: 0.3507 - z_mean_log_var_loss: 0.4447 - reg_prop_pred_loss: 0.2515 - x_pred_categorical_accuracy: 0.8819 - x_pred_vae_anneal_metric: 0.0036 - val_loss: 2.4904 - val_x_pred_loss: 4.7808 - val_z_mean_log_var_loss: 0.3253 - val_reg_prop_pred_loss: 0.1989 - val_x_pred_categorical_accuracy: 0.7034 - val_x_pred_vae_anneal_metric: 0.0036 - 317s/epoch - 1ms/sample
Current vae annealer weight is 0.0060198535230323105
Epoch 20/70
218036/218036 - 316s - loss: 0.2981 - x_pred_loss: 0.3443 - z_mean_log_var_loss: 0.4027 - reg_prop_pred_loss: 0.2494 - x_pred_categorical_accuracy: 0.8842 - x_pred_vae_anneal_metric: 0.0060 - val_loss: 2.5044 - val_x_pred_loss: 4.8152 - val_z_mean_log_var_loss: 0.2854 - val_reg_prop_pred_loss: 0.1919 - val_x_pred_categorical_accuracy: 0.7013 - val_x_pred_vae_anneal_metric: 0.0060 - 316s/epoch - 1ms/sample
Current vae annealer weight is 0.009991400314210233
Epoch 21/70
218036/218036 - 318s - loss: 0.2958 - x_pred_loss: 0.3401 - z_mean_log_var_loss: 0.3484 - reg_prop_pred_loss: 0.2480 - x_pred_categorical_accuracy: 0.8856 - x_pred_vae_anneal_metric: 0.0100 - val_loss: 2.4609 - val_x_pred_loss: 4.7312 - val_z_mean_log_var_loss: 0.2391 - val_reg_prop_pred_loss: 0.1882 - val_x_pred_categorical_accuracy: 0.7065 - val_x_pred_vae_anneal_metric: 0.0100 - 318s/epoch - 1ms/sample
Current vae annealer weight is 0.016539541808615513
Epoch 22/70
218036/218036 - 315s - loss: 0.2949 - x_pred_loss: 0.3373 - z_mean_log_var_loss: 0.2925 - reg_prop_pred_loss: 0.2477 - x_pred_categorical_accuracy: 0.8866 - x_pred_vae_anneal_metric: 0.0165 - val_loss: 2.4081 - val_x_pred_loss: 4.6248 - val_z_mean_log_var_loss: 0.1950 - val_reg_prop_pred_loss: 0.1882 - val_x_pred_categorical_accuracy: 0.7131 - val_x_pred_vae_anneal_metric: 0.0165 - 315s/epoch - 1ms/sample
Current vae annealer weight is 0.02726101803792773
Epoch 23/70
218036/218036 - 317s - loss: 0.2922 - x_pred_loss: 0.3317 - z_mean_log_var_loss: 0.2345 - reg_prop_pred_loss: 0.2464 - x_pred_categorical_accuracy: 0.8885 - x_pred_vae_anneal_metric: 0.0273 - val_loss: 2.4176 - val_x_pred_loss: 4.6419 - val_z_mean_log_var_loss: 0.1487 - val_reg_prop_pred_loss: 0.1892 - val_x_pred_categorical_accuracy: 0.7120 - val_x_pred_vae_anneal_metric: 0.0273 - 317s/epoch - 1ms/sample
Current vae annealer weight is 0.04461720338803846
Epoch 24/70
218036/218036 - 316s - loss: 0.2918 - x_pred_loss: 0.3299 - z_mean_log_var_loss: 0.1794 - reg_prop_pred_loss: 0.2458 - x_pred_categorical_accuracy: 0.8891 - x_pred_vae_anneal_metric: 0.0446 - val_loss: 2.4472 - val_x_pred_loss: 4.6958 - val_z_mean_log_var_loss: 0.1174 - val_reg_prop_pred_loss: 0.1934 - val_x_pred_categorical_accuracy: 0.7087 - val_x_pred_vae_anneal_metric: 0.0446 - 316s/epoch - 1ms/sample
Current vae annealer weight is 0.07220328200576367
Epoch 25/70
218036/218036 - 317s - loss: 0.2911 - x_pred_loss: 0.3263 - z_mean_log_var_loss: 0.1495 - reg_prop_pred_loss: 0.2450 - x_pred_categorical_accuracy: 0.8902 - x_pred_vae_anneal_metric: 0.0722 - val_loss: 2.3726 - val_x_pred_loss: 4.5532 - val_z_mean_log_var_loss: 0.0924 - val_reg_prop_pred_loss: 0.1853 - val_x_pred_categorical_accuracy: 0.7175 - val_x_pred_vae_anneal_metric: 0.0722 - 317s/epoch - 1ms/sample
Current vae annealer weight is 0.11479597607205051
Epoch 26/70
218036/218036 - 316s - loss: 0.2925 - x_pred_loss: 0.3260 - z_mean_log_var_loss: 0.1198 - reg_prop_pred_loss: 0.2452 - x_pred_categorical_accuracy: 0.8904 - x_pred_vae_anneal_metric: 0.1148 - val_loss: 2.3595 - val_x_pred_loss: 4.5260 - val_z_mean_log_var_loss: 0.0735 - val_reg_prop_pred_loss: 0.1846 - val_x_pred_categorical_accuracy: 0.7192 - val_x_pred_vae_anneal_metric: 0.1148 - 316s/epoch - 1ms/sample
Current vae annealer weight is 0.17770179221364119
Epoch 27/70
218036/218036 - 311s - loss: 0.2929 - x_pred_loss: 0.3258 - z_mean_log_var_loss: 0.0950 - reg_prop_pred_loss: 0.2432 - x_pred_categorical_accuracy: 0.8903 - x_pred_vae_anneal_metric: 0.1777 - val_loss: 2.3557 - val_x_pred_loss: 4.5130 - val_z_mean_log_var_loss: 0.0629 - val_reg_prop_pred_loss: 0.1872 - val_x_pred_categorical_accuracy: 0.7200 - val_x_pred_vae_anneal_metric: 0.1777 - 311s/epoch - 1ms/sample
Current vae annealer weight is 0.26476824599321086
Epoch 28/70
218036/218036 - 315s - loss: 0.2967 - x_pred_loss: 0.3276 - z_mean_log_var_loss: 0.0841 - reg_prop_pred_loss: 0.2435 - x_pred_categorical_accuracy: 0.8897 - x_pred_vae_anneal_metric: 0.2648 - val_loss: 2.3645 - val_x_pred_loss: 4.5279 - val_z_mean_log_var_loss: 0.0580 - val_reg_prop_pred_loss: 0.1857 - val_x_pred_categorical_accuracy: 0.7191 - val_x_pred_vae_anneal_metric: 0.2648 - 315s/epoch - 1ms/sample
Current vae annealer weight is 0.3750375460299153
Epoch 29/70
218036/218036 - 313s - loss: 0.3039 - x_pred_loss: 0.3345 - z_mean_log_var_loss: 0.0766 - reg_prop_pred_loss: 0.2445 - x_pred_categorical_accuracy: 0.8873 - x_pred_vae_anneal_metric: 0.3750 - val_loss: 2.3587 - val_x_pred_loss: 4.5107 - val_z_mean_log_var_loss: 0.0525 - val_reg_prop_pred_loss: 0.1871 - val_x_pred_categorical_accuracy: 0.7201 - val_x_pred_vae_anneal_metric: 0.3750 - 313s/epoch - 1ms/sample
Current vae annealer weight is 0.5
Epoch 30/70
218036/218036 - 312s - loss: 0.3051 - x_pred_loss: 0.3341 - z_mean_log_var_loss: 0.0665 - reg_prop_pred_loss: 0.2429 - x_pred_categorical_accuracy: 0.8874 - x_pred_vae_anneal_metric: 0.5000 - val_loss: 2.3613 - val_x_pred_loss: 4.5168 - val_z_mean_log_var_loss: 0.0453 - val_reg_prop_pred_loss: 0.1832 - val_x_pred_categorical_accuracy: 0.7198 - val_x_pred_vae_anneal_metric: 0.5000 - 312s/epoch - 1ms/sample
Current vae annealer weight is 0.6249624539700847
Epoch 31/70
218036/218036 - 316s - loss: 0.3072 - x_pred_loss: 0.3359 - z_mean_log_var_loss: 0.0567 - reg_prop_pred_loss: 0.2430 - x_pred_categorical_accuracy: 0.8869 - x_pred_vae_anneal_metric: 0.6250 - val_loss: 2.3914 - val_x_pred_loss: 4.5732 - val_z_mean_log_var_loss: 0.0392 - val_reg_prop_pred_loss: 0.1850 - val_x_pred_categorical_accuracy: 0.7163 - val_x_pred_vae_anneal_metric: 0.6250 - 316s/epoch - 1ms/sample
Current vae annealer weight is 0.7352317540067891
Epoch 32/70
218036/218036 - 316s - loss: 0.3057 - x_pred_loss: 0.3351 - z_mean_log_var_loss: 0.0476 - reg_prop_pred_loss: 0.2413 - x_pred_categorical_accuracy: 0.8871 - x_pred_vae_anneal_metric: 0.7352 - val_loss: 2.4156 - val_x_pred_loss: 4.6197 - val_z_mean_log_var_loss: 0.0339 - val_reg_prop_pred_loss: 0.1865 - val_x_pred_categorical_accuracy: 0.7134 - val_x_pred_vae_anneal_metric: 0.7352 - 316s/epoch - 1ms/sample
Current vae annealer weight is 0.8222982077863588
Epoch 33/70
218036/218036 - 316s - loss: 0.3093 - x_pred_loss: 0.3380 - z_mean_log_var_loss: 0.0425 - reg_prop_pred_loss: 0.2455 - x_pred_categorical_accuracy: 0.8861 - x_pred_vae_anneal_metric: 0.8223 - val_loss: 2.4154 - val_x_pred_loss: 4.6166 - val_z_mean_log_var_loss: 0.0331 - val_reg_prop_pred_loss: 0.1870 - val_x_pred_categorical_accuracy: 0.7136 - val_x_pred_vae_anneal_metric: 0.8223 - 316s/epoch - 1ms/sample
Current vae annealer weight is 0.8852040239279495
Epoch 34/70
218036/218036 - 313s - loss: 0.3050 - x_pred_loss: 0.3341 - z_mean_log_var_loss: 0.0390 - reg_prop_pred_loss: 0.2415 - x_pred_categorical_accuracy: 0.8874 - x_pred_vae_anneal_metric: 0.8852 - val_loss: 2.3702 - val_x_pred_loss: 4.5280 - val_z_mean_log_var_loss: 0.0287 - val_reg_prop_pred_loss: 0.1869 - val_x_pred_categorical_accuracy: 0.7191 - val_x_pred_vae_anneal_metric: 0.8852 - 313s/epoch - 1ms/sample
Current vae annealer weight is 0.9277967179942364
Epoch 35/70
218036/218036 - 313s - loss: 0.3138 - x_pred_loss: 0.3429 - z_mean_log_var_loss: 0.0383 - reg_prop_pred_loss: 0.2492 - x_pred_categorical_accuracy: 0.8844 - x_pred_vae_anneal_metric: 0.9278 - val_loss: 2.4006 - val_x_pred_loss: 4.5837 - val_z_mean_log_var_loss: 0.0311 - val_reg_prop_pred_loss: 0.1886 - val_x_pred_categorical_accuracy: 0.7156 - val_x_pred_vae_anneal_metric: 0.9278 - 313s/epoch - 1ms/sample
Current vae annealer weight is 0.9553827966119615
Epoch 36/70
218036/218036 - 316s - loss: 0.3019 - x_pred_loss: 0.3302 - z_mean_log_var_loss: 0.0351 - reg_prop_pred_loss: 0.2401 - x_pred_categorical_accuracy: 0.8887 - x_pred_vae_anneal_metric: 0.9554 - val_loss: 2.3540 - val_x_pred_loss: 4.4988 - val_z_mean_log_var_loss: 0.0260 - val_reg_prop_pred_loss: 0.1843 - val_x_pred_categorical_accuracy: 0.7209 - val_x_pred_vae_anneal_metric: 0.9554 - 316s/epoch - 1ms/sample
Current vae annealer weight is 0.9727389819620722
Epoch 37/70
218036/218036 - 312s - loss: 0.2972 - x_pred_loss: 0.3256 - z_mean_log_var_loss: 0.0305 - reg_prop_pred_loss: 0.2391 - x_pred_categorical_accuracy: 0.8902 - x_pred_vae_anneal_metric: 0.9727 - val_loss: 2.3799 - val_x_pred_loss: 4.5515 - val_z_mean_log_var_loss: 0.0234 - val_reg_prop_pred_loss: 0.1856 - val_x_pred_categorical_accuracy: 0.7176 - val_x_pred_vae_anneal_metric: 0.9727 - 312s/epoch - 1ms/sample
Current vae annealer weight is 0.9834604581913845
Epoch 38/70
218036/218036 - 316s - loss: 0.2940 - x_pred_loss: 0.3222 - z_mean_log_var_loss: 0.0272 - reg_prop_pred_loss: 0.2392 - x_pred_categorical_accuracy: 0.8913 - x_pred_vae_anneal_metric: 0.9835 - val_loss: 2.3739 - val_x_pred_loss: 4.5430 - val_z_mean_log_var_loss: 0.0218 - val_reg_prop_pred_loss: 0.1833 - val_x_pred_categorical_accuracy: 0.7181 - val_x_pred_vae_anneal_metric: 0.9835 - 316s/epoch - 1ms/sample
Current vae annealer weight is 0.9900085996857898
Epoch 39/70
218036/218036 - 313s - loss: 0.2913 - x_pred_loss: 0.3194 - z_mean_log_var_loss: 0.0255 - reg_prop_pred_loss: 0.2380 - x_pred_categorical_accuracy: 0.8922 - x_pred_vae_anneal_metric: 0.9900 - val_loss: 2.3289 - val_x_pred_loss: 4.4558 - val_z_mean_log_var_loss: 0.0194 - val_reg_prop_pred_loss: 0.1828 - val_x_pred_categorical_accuracy: 0.7236 - val_x_pred_vae_anneal_metric: 0.9900 - 313s/epoch - 1ms/sample
Current vae annealer weight is 0.9939801464769676
Epoch 40/70
218036/218036 - 310s - loss: 0.2904 - x_pred_loss: 0.3184 - z_mean_log_var_loss: 0.0232 - reg_prop_pred_loss: 0.2395 - x_pred_categorical_accuracy: 0.8926 - x_pred_vae_anneal_metric: 0.9940 - val_loss: 2.3852 - val_x_pred_loss: 4.5630 - val_z_mean_log_var_loss: 0.0200 - val_reg_prop_pred_loss: 0.1875 - val_x_pred_categorical_accuracy: 0.7169 - val_x_pred_vae_anneal_metric: 0.9940 - 310s/epoch - 1ms/sample
Current vae annealer weight is 0.9963787916740549
Epoch 41/70
218036/218036 - 317s - loss: 0.2877 - x_pred_loss: 0.3146 - z_mean_log_var_loss: 0.0233 - reg_prop_pred_loss: 0.2376 - x_pred_categorical_accuracy: 0.8939 - x_pred_vae_anneal_metric: 0.9964 - val_loss: 2.3118 - val_x_pred_loss: 4.4192 - val_z_mean_log_var_loss: 0.0179 - val_reg_prop_pred_loss: 0.1866 - val_x_pred_categorical_accuracy: 0.7258 - val_x_pred_vae_anneal_metric: 0.9964 - 317s/epoch - 1ms/sample
Current vae annealer weight is 0.9978237754533412
Epoch 42/70
218036/218036 - 311s - loss: 0.2848 - x_pred_loss: 0.3120 - z_mean_log_var_loss: 0.0210 - reg_prop_pred_loss: 0.2367 - x_pred_categorical_accuracy: 0.8947 - x_pred_vae_anneal_metric: 0.9978 - val_loss: 2.3948 - val_x_pred_loss: 4.5794 - val_z_mean_log_var_loss: 0.0172 - val_reg_prop_pred_loss: 0.1930 - val_x_pred_categorical_accuracy: 0.7159 - val_x_pred_vae_anneal_metric: 0.9978 - 311s/epoch - 1ms/sample
Current vae annealer weight is 0.998692918557779
Epoch 43/70
218036/218036 - 314s - loss: 0.2868 - x_pred_loss: 0.3143 - z_mean_log_var_loss: 0.0216 - reg_prop_pred_loss: 0.2378 - x_pred_categorical_accuracy: 0.8941 - x_pred_vae_anneal_metric: 0.9987 - val_loss: 2.3095 - val_x_pred_loss: 4.4177 - val_z_mean_log_var_loss: 0.0172 - val_reg_prop_pred_loss: 0.1841 - val_x_pred_categorical_accuracy: 0.7259 - val_x_pred_vae_anneal_metric: 0.9987 - 314s/epoch - 1ms/sample
Current vae annealer weight is 0.9992152152808638
Epoch 44/70
218036/218036 - 317s - loss: 0.2806 - x_pred_loss: 0.3060 - z_mean_log_var_loss: 0.0195 - reg_prop_pred_loss: 0.2358 - x_pred_categorical_accuracy: 0.8967 - x_pred_vae_anneal_metric: 0.9992 - val_loss: 2.2808 - val_x_pred_loss: 4.3629 - val_z_mean_log_var_loss: 0.0153 - val_reg_prop_pred_loss: 0.1835 - val_x_pred_categorical_accuracy: 0.7293 - val_x_pred_vae_anneal_metric: 0.9992 - 317s/epoch - 1ms/sample
Current vae annealer weight is 0.9995289058847296
Epoch 45/70
218036/218036 - 313s - loss: 0.2785 - x_pred_loss: 0.3032 - z_mean_log_var_loss: 0.0182 - reg_prop_pred_loss: 0.2357 - x_pred_categorical_accuracy: 0.8977 - x_pred_vae_anneal_metric: 0.9995 - val_loss: 2.2792 - val_x_pred_loss: 4.3601 - val_z_mean_log_var_loss: 0.0147 - val_reg_prop_pred_loss: 0.1836 - val_x_pred_categorical_accuracy: 0.7295 - val_x_pred_vae_anneal_metric: 0.9995 - 313s/epoch - 1ms/sample
Current vae annealer weight is 0.9997172449786838
Epoch 46/70
218036/218036 - 314s - loss: 0.2769 - x_pred_loss: 0.3014 - z_mean_log_var_loss: 0.0175 - reg_prop_pred_loss: 0.2348 - x_pred_categorical_accuracy: 0.8984 - x_pred_vae_anneal_metric: 0.9997 - val_loss: 2.2559 - val_x_pred_loss: 4.3132 - val_z_mean_log_var_loss: 0.0150 - val_reg_prop_pred_loss: 0.1835 - val_x_pred_categorical_accuracy: 0.7324 - val_x_pred_vae_anneal_metric: 0.9997 - 314s/epoch - 1ms/sample
Current vae annealer weight is 0.9998303006190481
Epoch 47/70
218036/218036 - 316s - loss: 0.2766 - x_pred_loss: 0.3007 - z_mean_log_var_loss: 0.0176 - reg_prop_pred_loss: 0.2349 - x_pred_categorical_accuracy: 0.8986 - x_pred_vae_anneal_metric: 0.9998 - val_loss: 2.2602 - val_x_pred_loss: 4.3246 - val_z_mean_log_var_loss: 0.0153 - val_reg_prop_pred_loss: 0.1805 - val_x_pred_categorical_accuracy: 0.7317 - val_x_pred_vae_anneal_metric: 0.9998 - 316s/epoch - 1ms/sample
Current vae annealer weight is 0.9998981571479052
Epoch 48/70
218036/218036 - 314s - loss: 0.2789 - x_pred_loss: 0.3032 - z_mean_log_var_loss: 0.0182 - reg_prop_pred_loss: 0.2364 - x_pred_categorical_accuracy: 0.8978 - x_pred_vae_anneal_metric: 0.9999 - val_loss: 2.2516 - val_x_pred_loss: 4.3076 - val_z_mean_log_var_loss: 0.0152 - val_reg_prop_pred_loss: 0.1804 - val_x_pred_categorical_accuracy: 0.7327 - val_x_pred_vae_anneal_metric: 0.9999 - 314s/epoch - 1ms/sample
Current vae annealer weight is 0.9999388820100666
Epoch 49/70
218036/218036 - 312s - loss: 0.2766 - x_pred_loss: 0.3012 - z_mean_log_var_loss: 0.0180 - reg_prop_pred_loss: 0.2341 - x_pred_categorical_accuracy: 0.8986 - x_pred_vae_anneal_metric: 0.9999 - val_loss: 2.2578 - val_x_pred_loss: 4.3240 - val_z_mean_log_var_loss: 0.0143 - val_reg_prop_pred_loss: 0.1773 - val_x_pred_categorical_accuracy: 0.7317 - val_x_pred_vae_anneal_metric: 0.9999 - 312s/epoch - 1ms/sample
Current vae annealer weight is 0.9999633224347099
Epoch 50/70
218036/218036 - 315s - loss: 0.2713 - x_pred_loss: 0.2939 - z_mean_log_var_loss: 0.0162 - reg_prop_pred_loss: 0.2324 - x_pred_categorical_accuracy: 0.9010 - x_pred_vae_anneal_metric: 1.0000 - val_loss: 2.2538 - val_x_pred_loss: 4.3116 - val_z_mean_log_var_loss: 0.0136 - val_reg_prop_pred_loss: 0.1823 - val_x_pred_categorical_accuracy: 0.7325 - val_x_pred_vae_anneal_metric: 1.0000 - 315s/epoch - 1ms/sample
Current vae annealer weight is 0.9999779896124086
Epoch 51/70
218036/218036 - 315s - loss: 0.2719 - x_pred_loss: 0.2947 - z_mean_log_var_loss: 0.0160 - reg_prop_pred_loss: 0.2330 - x_pred_categorical_accuracy: 0.9007 - x_pred_vae_anneal_metric: 1.0000 - val_loss: 2.2161 - val_x_pred_loss: 4.2392 - val_z_mean_log_var_loss: 0.0137 - val_reg_prop_pred_loss: 0.1793 - val_x_pred_categorical_accuracy: 0.7370 - val_x_pred_vae_anneal_metric: 1.0000 - 315s/epoch - 1ms/sample
Current vae annealer weight is 0.9999867915354658
Epoch 52/70
218036/218036 - 315s - loss: 0.2687 - x_pred_loss: 0.2897 - z_mean_log_var_loss: 0.0154 - reg_prop_pred_loss: 0.2323 - x_pred_categorical_accuracy: 0.9024 - x_pred_vae_anneal_metric: 1.0000 - val_loss: 2.2140 - val_x_pred_loss: 4.2339 - val_z_mean_log_var_loss: 0.0126 - val_reg_prop_pred_loss: 0.1815 - val_x_pred_categorical_accuracy: 0.7373 - val_x_pred_vae_anneal_metric: 1.0000 - 315s/epoch - 1ms/sample
Current vae annealer weight is 0.999992073609766
Epoch 53/70
218036/218036 - 316s - loss: 0.2671 - x_pred_loss: 0.2882 - z_mean_log_var_loss: 0.0144 - reg_prop_pred_loss: 0.2317 - x_pred_categorical_accuracy: 0.9029 - x_pred_vae_anneal_metric: 1.0000 - val_loss: 2.2189 - val_x_pred_loss: 4.2488 - val_z_mean_log_var_loss: 0.0120 - val_reg_prop_pred_loss: 0.1770 - val_x_pred_categorical_accuracy: 0.7364 - val_x_pred_vae_anneal_metric: 1.0000 - 316s/epoch - 1ms/sample
Current vae annealer weight is 0.9999952433888688
Epoch 54/70
218036/218036 - 317s - loss: 0.2663 - x_pred_loss: 0.2871 - z_mean_log_var_loss: 0.0143 - reg_prop_pred_loss: 0.2311 - x_pred_categorical_accuracy: 0.9033 - x_pred_vae_anneal_metric: 1.0000 - val_loss: 2.2168 - val_x_pred_loss: 4.2453 - val_z_mean_log_var_loss: 0.0122 - val_reg_prop_pred_loss: 0.1761 - val_x_pred_categorical_accuracy: 0.7366 - val_x_pred_vae_anneal_metric: 1.0000 - 317s/epoch - 1ms/sample
Current vae annealer weight is 0.999997145570669
Epoch 55/70
218036/218036 - 317s - loss: 0.2765 - x_pred_loss: 0.3005 - z_mean_log_var_loss: 0.0144 - reg_prop_pred_loss: 0.2381 - x_pred_categorical_accuracy: 0.8990 - x_pred_vae_anneal_metric: 1.0000 - val_loss: 2.3157 - val_x_pred_loss: 4.4321 - val_z_mean_log_var_loss: 0.0138 - val_reg_prop_pred_loss: 0.1855 - val_x_pred_categorical_accuracy: 0.7250 - val_x_pred_vae_anneal_metric: 1.0000 - 317s/epoch - 1ms/sample
Current vae annealer weight is 0.999998287066068
Epoch 56/70
218036/218036 - 315s - loss: 0.2728 - x_pred_loss: 0.2956 - z_mean_log_var_loss: 0.0161 - reg_prop_pred_loss: 0.2340 - x_pred_categorical_accuracy: 0.9006 - x_pred_vae_anneal_metric: 1.0000 - val_loss: 2.2216 - val_x_pred_loss: 4.2498 - val_z_mean_log_var_loss: 0.0128 - val_reg_prop_pred_loss: 0.1807 - val_x_pred_categorical_accuracy: 0.7363 - val_x_pred_vae_anneal_metric: 1.0000 - 315s/epoch - 1ms/sample
Current vae annealer weight is 0.9999989720742833
Epoch 57/70
218036/218036 - 316s - loss: 0.2756 - x_pred_loss: 0.2990 - z_mean_log_var_loss: 0.0159 - reg_prop_pred_loss: 0.2363 - x_pred_categorical_accuracy: 0.8995 - x_pred_vae_anneal_metric: 1.0000 - val_loss: 2.2234 - val_x_pred_loss: 4.2567 - val_z_mean_log_var_loss: 0.0134 - val_reg_prop_pred_loss: 0.1768 - val_x_pred_categorical_accuracy: 0.7359 - val_x_pred_vae_anneal_metric: 1.0000 - 316s/epoch - 1ms/sample
Current vae annealer weight is 0.9999993831455084
Epoch 58/70
218036/218036 - 316s - loss: 0.2658 - x_pred_loss: 0.2864 - z_mean_log_var_loss: 0.0152 - reg_prop_pred_loss: 0.2299 - x_pred_categorical_accuracy: 0.9037 - x_pred_vae_anneal_metric: 1.0000 - val_loss: 2.1767 - val_x_pred_loss: 4.1659 - val_z_mean_log_var_loss: 0.0122 - val_reg_prop_pred_loss: 0.1752 - val_x_pred_categorical_accuracy: 0.7415 - val_x_pred_vae_anneal_metric: 1.0000 - 316s/epoch - 1ms/sample
Current vae annealer weight is 0.9999996298279195
Epoch 59/70
218036/218036 - 316s - loss: 0.2644 - x_pred_loss: 0.2848 - z_mean_log_var_loss: 0.0143 - reg_prop_pred_loss: 0.2296 - x_pred_categorical_accuracy: 0.9041 - x_pred_vae_anneal_metric: 1.0000 - val_loss: 2.2377 - val_x_pred_loss: 4.2865 - val_z_mean_log_var_loss: 0.0115 - val_reg_prop_pred_loss: 0.1774 - val_x_pred_categorical_accuracy: 0.7341 - val_x_pred_vae_anneal_metric: 1.0000 - 316s/epoch - 1ms/sample
Current vae annealer weight is 0.9999997778611365
Epoch 60/70
218036/218036 - 316s - loss: 0.2650 - x_pred_loss: 0.2855 - z_mean_log_var_loss: 0.0144 - reg_prop_pred_loss: 0.2301 - x_pred_categorical_accuracy: 0.9040 - x_pred_vae_anneal_metric: 1.0000 - val_loss: 2.2132 - val_x_pred_loss: 4.2377 - val_z_mean_log_var_loss: 0.0124 - val_reg_prop_pred_loss: 0.1762 - val_x_pred_categorical_accuracy: 0.7371 - val_x_pred_vae_anneal_metric: 1.0000 - 316s/epoch - 1ms/sample
Current vae annealer weight is 0.9999998666953174
Epoch 61/70
218036/218036 - 317s - loss: 0.2624 - x_pred_loss: 0.2818 - z_mean_log_var_loss: 0.0138 - reg_prop_pred_loss: 0.2293 - x_pred_categorical_accuracy: 0.9052 - x_pred_vae_anneal_metric: 1.0000 - val_loss: 2.1744 - val_x_pred_loss: 4.1577 - val_z_mean_log_var_loss: 0.0112 - val_reg_prop_pred_loss: 0.1800 - val_x_pred_categorical_accuracy: 0.7420 - val_x_pred_vae_anneal_metric: 1.0000 - 317s/epoch - 1ms/sample
Current vae annealer weight is 0.9999999200043723
Epoch 62/70
218036/218036 - 316s - loss: 0.2621 - x_pred_loss: 0.2810 - z_mean_log_var_loss: 0.0134 - reg_prop_pred_loss: 0.2298 - x_pred_categorical_accuracy: 0.9055 - x_pred_vae_anneal_metric: 1.0000 - val_loss: 2.1861 - val_x_pred_loss: 4.1833 - val_z_mean_log_var_loss: 0.0116 - val_reg_prop_pred_loss: 0.1772 - val_x_pred_categorical_accuracy: 0.7405 - val_x_pred_vae_anneal_metric: 1.0000 - 316s/epoch - 1ms/sample
Current vae annealer weight is 0.9999999519949324
Epoch 63/70
218036/218036 - 316s - loss: 0.2613 - x_pred_loss: 0.2797 - z_mean_log_var_loss: 0.0134 - reg_prop_pred_loss: 0.2294 - x_pred_categorical_accuracy: 0.9059 - x_pred_vae_anneal_metric: 1.0000 - val_loss: 2.1975 - val_x_pred_loss: 4.2079 - val_z_mean_log_var_loss: 0.0108 - val_reg_prop_pred_loss: 0.1764 - val_x_pred_categorical_accuracy: 0.7389 - val_x_pred_vae_anneal_metric: 1.0000 - 316s/epoch - 1ms/sample
Current vae annealer weight is 0.9999999711923445
Epoch 64/70
218036/218036 - 316s - loss: 0.2592 - x_pred_loss: 0.2773 - z_mean_log_var_loss: 0.0130 - reg_prop_pred_loss: 0.2280 - x_pred_categorical_accuracy: 0.9067 - x_pred_vae_anneal_metric: 1.0000 - val_loss: 2.1790 - val_x_pred_loss: 4.1648 - val_z_mean_log_var_loss: 0.0107 - val_reg_prop_pred_loss: 0.1825 - val_x_pred_categorical_accuracy: 0.7416 - val_x_pred_vae_anneal_metric: 1.0000 - 316s/epoch - 1ms/sample
Current vae annealer weight is 0.9999999827126375
Epoch 65/70
218036/218036 - 316s - loss: 0.2617 - x_pred_loss: 0.2805 - z_mean_log_var_loss: 0.0132 - reg_prop_pred_loss: 0.2298 - x_pred_categorical_accuracy: 0.9057 - x_pred_vae_anneal_metric: 1.0000 - val_loss: 2.1813 - val_x_pred_loss: 4.1752 - val_z_mean_log_var_loss: 0.0123 - val_reg_prop_pred_loss: 0.1752 - val_x_pred_categorical_accuracy: 0.7410 - val_x_pred_vae_anneal_metric: 1.0000 - 316s/epoch - 1ms/sample
Current vae annealer weight is 0.9999999896259207
Epoch 66/70
218036/218036 - 315s - loss: 0.2623 - x_pred_loss: 0.2818 - z_mean_log_var_loss: 0.0142 - reg_prop_pred_loss: 0.2286 - x_pred_categorical_accuracy: 0.9053 - x_pred_vae_anneal_metric: 1.0000 - val_loss: 2.1656 - val_x_pred_loss: 4.1387 - val_z_mean_log_var_loss: 0.0129 - val_reg_prop_pred_loss: 0.1796 - val_x_pred_categorical_accuracy: 0.7432 - val_x_pred_vae_anneal_metric: 1.0000 - 315s/epoch - 1ms/sample
Current vae annealer weight is 0.9999999937745552
Epoch 67/70
218036/218036 - 318s - loss: 0.2581 - x_pred_loss: 0.2746 - z_mean_log_var_loss: 0.0138 - reg_prop_pred_loss: 0.2276 - x_pred_categorical_accuracy: 0.9077 - x_pred_vae_anneal_metric: 1.0000 - val_loss: 2.1385 - val_x_pred_loss: 4.0915 - val_z_mean_log_var_loss: 0.0108 - val_reg_prop_pred_loss: 0.1747 - val_x_pred_categorical_accuracy: 0.7462 - val_x_pred_vae_anneal_metric: 1.0000 - 318s/epoch - 1ms/sample
Current vae annealer weight is 0.9999999962641346
Epoch 68/70
218036/218036 - 314s - loss: 0.2583 - x_pred_loss: 0.2762 - z_mean_log_var_loss: 0.0125 - reg_prop_pred_loss: 0.2279 - x_pred_categorical_accuracy: 0.9071 - x_pred_vae_anneal_metric: 1.0000 - val_loss: 2.1619 - val_x_pred_loss: 4.1339 - val_z_mean_log_var_loss: 0.0109 - val_reg_prop_pred_loss: 0.1789 - val_x_pred_categorical_accuracy: 0.7435 - val_x_pred_vae_anneal_metric: 1.0000 - 314s/epoch - 1ms/sample
Current vae annealer weight is 0.9999999977581218
Epoch 69/70
218036/218036 - 315s - loss: 0.2583 - x_pred_loss: 0.2750 - z_mean_log_var_loss: 0.0128 - reg_prop_pred_loss: 0.2288 - x_pred_categorical_accuracy: 0.9076 - x_pred_vae_anneal_metric: 1.0000 - val_loss: 2.1629 - val_x_pred_loss: 4.1372 - val_z_mean_log_var_loss: 0.0113 - val_reg_prop_pred_loss: 0.1774 - val_x_pred_categorical_accuracy: 0.7433 - val_x_pred_vae_anneal_metric: 1.0000 - 315s/epoch - 1ms/sample
Current vae annealer weight is 0.9999999986546575
Epoch 70/70
218036/218036 - 316s - loss: 0.2562 - x_pred_loss: 0.2726 - z_mean_log_var_loss: 0.0130 - reg_prop_pred_loss: 0.2269 - x_pred_categorical_accuracy: 0.9085 - x_pred_vae_anneal_metric: 1.0000 - val_loss: 2.1108 - val_x_pred_loss: 4.0366 - val_z_mean_log_var_loss: 0.0105 - val_reg_prop_pred_loss: 0.1745 - val_x_pred_categorical_accuracy: 0.7496 - val_x_pred_vae_anneal_metric: 1.0000 - 316s/epoch - 1ms/sample
/home/jp2658/.conda/envs/chemvae_tf2/lib/python3.10/site-packages/keras/src/engine/training.py:3103: UserWarning: You are saving your model as an HDF5 file via `model.save()`. This file format is considered legacy. We recommend using instead the native Keras format, e.g. `model.save('my_model.keras')`.
  saving_api.save_model(
time of run :  22087.830183029175
**FINISHED**
