Using hyper-parameters:
name                      - zinc_prop   
MAX_LEN                   - 100         
data_file                 - ZINC_Michael_data.csv.gz
char_file                 - zinc.json   
encoder_weights_file      - zinc_encoder.h5
decoder_weights_file      - zinc_decoder.h5
prop_pred_weights_file    - zinc_prop_pred.h5
data_normalization_out    - zinc_norm_data.csv
reg_prop_tasks            - ['mulliken_O4', 'pbv_C1', 'lumo']
test_idx_file             - test_idx.npy
history_file              - history.csv 
do_prop_pred              - True        
TRAIN_MODEL               - True        
ENC_DEC_TEST              - False       
PADDING                   - right       
RAND_SEED                 - 42          
epochs                    - 70          
vae_annealer_start        - 29          
dropout_rate_mid          - 0.08283292970479479
anneal_sigmod_slope       - 0.5106654305791392
recurrent_dim             - 488         
hidden_dim                - 196         
tgru_dropout              - 0.19617749608323892
hg_growth_factor          - 1.2281884874932403
middle_layer              - 1           
prop_hidden_dim           - 67          
batch_size                - 182         
prop_pred_depth           - 3           
lr                        - 0.00045619868229310396
prop_pred_dropout         - 0.15694573998898703
prop_growth_factor        - 0.9902834073131418
momentum                  - 0.9902764103622574
verbose_print             - 2           
rest of parameters are set as default
All params: {'reload_model': False, 'prev_epochs': 0, 'batch_size': 182, 'epochs': 70, 'val_split': 0.1, 'loss': 'categorical_crossentropy', 'batchnorm_conv': True, 'conv_activation': 'tanh', 'conv_depth': 4, 'conv_dim_depth': 8, 'conv_dim_width': 8, 'conv_d_growth_factor': 1.15875438383, 'conv_w_growth_factor': 1.1758149644, 'gru_depth': 4, 'rnn_activation': 'tanh', 'recurrent_dim': 488, 'do_tgru': True, 'terminal_GRU_implementation': 0, 'tgru_dropout': 0.19617749608323892, 'temperature': 1.0, 'hg_growth_factor': 1.2281884874932403, 'hidden_dim': 196, 'middle_layer': 1, 'dropout_rate_mid': 0.08283292970479479, 'batchnorm_mid': True, 'activation': 'tanh', 'lr': 0.00045619868229310396, 'momentum': 0.9902764103622574, 'optim': 'adam', 'vae_annealer_start': 29, 'batchnorm_vae': False, 'vae_activation': 'tanh', 'xent_loss_weight': 1.0, 'kl_loss_weight': 1.0, 'anneal_sigmod_slope': 0.5106654305791392, 'freeze_logvar_layer': False, 'freeze_offset': 1, 'do_prop_pred': True, 'prop_pred_depth': 3, 'prop_hidden_dim': 67, 'prop_growth_factor': 0.9902834073131418, 'prop_pred_activation': 'tanh', 'reg_prop_pred_loss': 'mse', 'logit_prop_pred_loss': 'binary_crossentropy', 'prop_pred_loss_weight': 0.5, 'prop_pred_dropout': 0.15694573998898703, 'prop_batchnorm': True, 'verbose_print': 2, 'name': 'zinc_prop', 'MAX_LEN': 100, 'data_file': 'ZINC_Michael_data.csv.gz', 'char_file': 'zinc.json', 'encoder_weights_file': 'zinc_encoder.h5', 'decoder_weights_file': 'zinc_decoder.h5', 'prop_pred_weights_file': 'zinc_prop_pred.h5', 'data_normalization_out': 'zinc_norm_data.csv', 'reg_prop_tasks': ['mulliken_O4', 'pbv_C1', 'lumo'], 'test_idx_file': 'test_idx.npy', 'history_file': 'history.csv', 'TRAIN_MODEL': True, 'ENC_DEC_TEST': False, 'PADDING': 'right', 'RAND_SEED': 42}
Training set size is 242455
first smiles: " c1cc(oc1)/C=C\C(=O)N2C[C@@H]3C[C@@]3(C2)CO "
total chars: 35
Vectorization...
Total Data size 242455
shape of input vector : {} (218036, 100, 35)
Training set size is (218036, 100, 35), after filtering to max length of 100
Train on 218036 samples, validate on 24388 samples
Current vae annealer weight is 3.701720805095644e-07
Epoch 1/70
/home/hecm20/chemvae/lib/python3.10/site-packages/keras/src/engine/training_v1.py:2335: UserWarning: `Model.state_updates` will be removed in a future version. This property should not be used in TensorFlow 2.0, as `updates` are applied automatically.
  updates = self.state_updates
218036/218036 - 361s - loss: 1.1077 - x_pred_loss: 1.2101 - z_mean_log_var_loss: 1.0945 - reg_prop_pred_loss: 1.0052 - x_pred_categorical_accuracy: 0.6346 - x_pred_vae_anneal_metric: 3.7017e-07 - val_loss: 3.9409 - val_x_pred_loss: 7.2465 - val_z_mean_log_var_loss: 1.0778 - val_reg_prop_pred_loss: 0.6353 - val_x_pred_categorical_accuracy: 0.5504 - val_x_pred_vae_anneal_metric: 3.7017e-07 - 361s/epoch - 2ms/sample
Current vae annealer weight is 6.168544915222557e-07
Epoch 2/70
218036/218036 - 360s - loss: 0.6976 - x_pred_loss: 0.8189 - z_mean_log_var_loss: 1.1445 - reg_prop_pred_loss: 0.5762 - x_pred_categorical_accuracy: 0.7513 - x_pred_vae_anneal_metric: 6.1685e-07 - val_loss: 3.5980 - val_x_pred_loss: 6.7217 - val_z_mean_log_var_loss: 1.0470 - val_reg_prop_pred_loss: 0.4742 - val_x_pred_categorical_accuracy: 0.5830 - val_x_pred_vae_anneal_metric: 6.1686e-07 - 360s/epoch - 2ms/sample
Current vae annealer weight is 1.0279257166985964e-06
Epoch 3/70
218036/218036 - 360s - loss: 0.5387 - x_pred_loss: 0.6338 - z_mean_log_var_loss: 1.0692 - reg_prop_pred_loss: 0.4437 - x_pred_categorical_accuracy: 0.7963 - x_pred_vae_anneal_metric: 1.0279e-06 - val_loss: 3.3097 - val_x_pred_loss: 6.2509 - val_z_mean_log_var_loss: 0.9990 - val_reg_prop_pred_loss: 0.3686 - val_x_pred_categorical_accuracy: 0.6122 - val_x_pred_vae_anneal_metric: 1.0279e-06 - 360s/epoch - 2ms/sample
Current vae annealer weight is 1.7129339319420572e-06
Epoch 4/70
218036/218036 - 355s - loss: 0.4497 - x_pred_loss: 0.5252 - z_mean_log_var_loss: 1.0226 - reg_prop_pred_loss: 0.3741 - x_pred_categorical_accuracy: 0.8249 - x_pred_vae_anneal_metric: 1.7129e-06 - val_loss: 3.1200 - val_x_pred_loss: 5.9254 - val_z_mean_log_var_loss: 0.9266 - val_reg_prop_pred_loss: 0.3147 - val_x_pred_categorical_accuracy: 0.6324 - val_x_pred_vae_anneal_metric: 1.7129e-06 - 355s/epoch - 2ms/sample
Current vae annealer weight is 2.854429330962736e-06
Epoch 5/70
218036/218036 - 359s - loss: 0.3951 - x_pred_loss: 0.4519 - z_mean_log_var_loss: 0.9581 - reg_prop_pred_loss: 0.3383 - x_pred_categorical_accuracy: 0.8465 - x_pred_vae_anneal_metric: 2.8545e-06 - val_loss: 2.9052 - val_x_pred_loss: 5.5246 - val_z_mean_log_var_loss: 0.8620 - val_reg_prop_pred_loss: 0.2858 - val_x_pred_categorical_accuracy: 0.6572 - val_x_pred_vae_anneal_metric: 2.8544e-06 - 359s/epoch - 2ms/sample
Current vae annealer weight is 4.756611131108824e-06
Epoch 6/70
218036/218036 - 359s - loss: 0.3575 - x_pred_loss: 0.3998 - z_mean_log_var_loss: 0.8851 - reg_prop_pred_loss: 0.3153 - x_pred_categorical_accuracy: 0.8633 - x_pred_vae_anneal_metric: 4.7566e-06 - val_loss: 2.7429 - val_x_pred_loss: 5.2212 - val_z_mean_log_var_loss: 0.7971 - val_reg_prop_pred_loss: 0.2645 - val_x_pred_categorical_accuracy: 0.6761 - val_x_pred_vae_anneal_metric: 4.7566e-06 - 359s/epoch - 2ms/sample
Current vae annealer weight is 7.926390233964058e-06
Epoch 7/70
218036/218036 - 362s - loss: 0.3279 - x_pred_loss: 0.3547 - z_mean_log_var_loss: 0.8205 - reg_prop_pred_loss: 0.3010 - x_pred_categorical_accuracy: 0.8783 - x_pred_vae_anneal_metric: 7.9265e-06 - val_loss: 2.5898 - val_x_pred_loss: 4.9151 - val_z_mean_log_var_loss: 0.7458 - val_reg_prop_pred_loss: 0.2645 - val_x_pred_categorical_accuracy: 0.6951 - val_x_pred_vae_anneal_metric: 7.9264e-06 - 362s/epoch - 2ms/sample
Current vae annealer weight is 1.3208464534236994e-05
Epoch 8/70
218036/218036 - 360s - loss: 0.3054 - x_pred_loss: 0.3199 - z_mean_log_var_loss: 0.7522 - reg_prop_pred_loss: 0.2909 - x_pred_categorical_accuracy: 0.8897 - x_pred_vae_anneal_metric: 1.3208e-05 - val_loss: 2.5319 - val_x_pred_loss: 4.8101 - val_z_mean_log_var_loss: 0.6779 - val_reg_prop_pred_loss: 0.2536 - val_x_pred_categorical_accuracy: 0.7016 - val_x_pred_vae_anneal_metric: 1.3208e-05 - 360s/epoch - 2ms/sample
Current vae annealer weight is 2.201038759146048e-05
Epoch 9/70
218036/218036 - 361s - loss: 0.2875 - x_pred_loss: 0.2925 - z_mean_log_var_loss: 0.6967 - reg_prop_pred_loss: 0.2825 - x_pred_categorical_accuracy: 0.8988 - x_pred_vae_anneal_metric: 2.2010e-05 - val_loss: 2.3085 - val_x_pred_loss: 4.3704 - val_z_mean_log_var_loss: 0.6362 - val_reg_prop_pred_loss: 0.2466 - val_x_pred_categorical_accuracy: 0.7289 - val_x_pred_vae_anneal_metric: 2.2010e-05 - 361s/epoch - 2ms/sample
Current vae annealer weight is 3.6677565290112376e-05
Epoch 10/70
218036/218036 - 361s - loss: 0.2772 - x_pred_loss: 0.2764 - z_mean_log_var_loss: 0.6754 - reg_prop_pred_loss: 0.2780 - x_pred_categorical_accuracy: 0.9041 - x_pred_vae_anneal_metric: 3.6678e-05 - val_loss: 2.2198 - val_x_pred_loss: 4.1993 - val_z_mean_log_var_loss: 0.6135 - val_reg_prop_pred_loss: 0.2403 - val_x_pred_categorical_accuracy: 0.7395 - val_x_pred_vae_anneal_metric: 3.6678e-05 - 361s/epoch - 2ms/sample
Current vae annealer weight is 6.111798993344653e-05
Epoch 11/70
218036/218036 - 359s - loss: 0.2613 - x_pred_loss: 0.2508 - z_mean_log_var_loss: 0.6301 - reg_prop_pred_loss: 0.2717 - x_pred_categorical_accuracy: 0.9127 - x_pred_vae_anneal_metric: 6.1117e-05 - val_loss: 2.1435 - val_x_pred_loss: 4.0454 - val_z_mean_log_var_loss: 0.5777 - val_reg_prop_pred_loss: 0.2416 - val_x_pred_categorical_accuracy: 0.7490 - val_x_pred_vae_anneal_metric: 6.1118e-05 - 359s/epoch - 2ms/sample
Current vae annealer weight is 0.0001018428520948195
Epoch 12/70
218036/218036 - 361s - loss: 0.2523 - x_pred_loss: 0.2364 - z_mean_log_var_loss: 0.5827 - reg_prop_pred_loss: 0.2682 - x_pred_categorical_accuracy: 0.9176 - x_pred_vae_anneal_metric: 1.0184e-04 - val_loss: 2.0197 - val_x_pred_loss: 3.8089 - val_z_mean_log_var_loss: 0.5357 - val_reg_prop_pred_loss: 0.2305 - val_x_pred_categorical_accuracy: 0.7637 - val_x_pred_vae_anneal_metric: 1.0184e-04 - 361s/epoch - 2ms/sample
Current vae annealer weight is 0.00016969938095202496
Epoch 13/70
218036/218036 - 359s - loss: 0.2426 - x_pred_loss: 0.2218 - z_mean_log_var_loss: 0.5427 - reg_prop_pred_loss: 0.2634 - x_pred_categorical_accuracy: 0.9226 - x_pred_vae_anneal_metric: 1.6970e-04 - val_loss: 1.9651 - val_x_pred_loss: 3.6972 - val_z_mean_log_var_loss: 0.5020 - val_reg_prop_pred_loss: 0.2330 - val_x_pred_categorical_accuracy: 0.7706 - val_x_pred_vae_anneal_metric: 1.6970e-04 - 359s/epoch - 2ms/sample
Current vae annealer weight is 0.00028275502131637844
Epoch 14/70
218036/218036 - 359s - loss: 0.2390 - x_pred_loss: 0.2151 - z_mean_log_var_loss: 0.5162 - reg_prop_pred_loss: 0.2627 - x_pred_categorical_accuracy: 0.9250 - x_pred_vae_anneal_metric: 2.8276e-04 - val_loss: 1.8739 - val_x_pred_loss: 3.5210 - val_z_mean_log_var_loss: 0.4775 - val_reg_prop_pred_loss: 0.2267 - val_x_pred_categorical_accuracy: 0.7816 - val_x_pred_vae_anneal_metric: 2.8275e-04 - 359s/epoch - 2ms/sample
Current vae annealer weight is 0.0004710941152704827
Epoch 15/70
218036/218036 - 358s - loss: 0.2297 - x_pred_loss: 0.2010 - z_mean_log_var_loss: 0.4877 - reg_prop_pred_loss: 0.2582 - x_pred_categorical_accuracy: 0.9297 - x_pred_vae_anneal_metric: 4.7109e-04 - val_loss: 1.8131 - val_x_pred_loss: 3.4018 - val_z_mean_log_var_loss: 0.4482 - val_reg_prop_pred_loss: 0.2242 - val_x_pred_categorical_accuracy: 0.7889 - val_x_pred_vae_anneal_metric: 4.7109e-04 - 358s/epoch - 2ms/sample
Current vae annealer weight is 0.0007847847191363334
Epoch 16/70
218036/218036 - 347s - loss: 0.2226 - x_pred_loss: 0.1888 - z_mean_log_var_loss: 0.4579 - reg_prop_pred_loss: 0.2562 - x_pred_categorical_accuracy: 0.9340 - x_pred_vae_anneal_metric: 7.8480e-04 - val_loss: 1.8103 - val_x_pred_loss: 3.3874 - val_z_mean_log_var_loss: 0.4130 - val_reg_prop_pred_loss: 0.2330 - val_x_pred_categorical_accuracy: 0.7898 - val_x_pred_vae_anneal_metric: 7.8478e-04 - 347s/epoch - 2ms/sample
Current vae annealer weight is 0.0013070814422209435
Epoch 17/70
218036/218036 - 356s - loss: 0.2178 - x_pred_loss: 0.1811 - z_mean_log_var_loss: 0.4298 - reg_prop_pred_loss: 0.2539 - x_pred_categorical_accuracy: 0.9367 - x_pred_vae_anneal_metric: 0.0013 - val_loss: 1.8001 - val_x_pred_loss: 3.3687 - val_z_mean_log_var_loss: 0.3965 - val_reg_prop_pred_loss: 0.2310 - val_x_pred_categorical_accuracy: 0.7910 - val_x_pred_vae_anneal_metric: 0.0013 - 356s/epoch - 2ms/sample
Current vae annealer weight is 0.0021762245466587582
Epoch 18/70
218036/218036 - 360s - loss: 0.2136 - x_pred_loss: 0.1747 - z_mean_log_var_loss: 0.4052 - reg_prop_pred_loss: 0.2516 - x_pred_categorical_accuracy: 0.9388 - x_pred_vae_anneal_metric: 0.0022 - val_loss: 1.6082 - val_x_pred_loss: 2.9849 - val_z_mean_log_var_loss: 0.3728 - val_reg_prop_pred_loss: 0.2307 - val_x_pred_categorical_accuracy: 0.8148 - val_x_pred_vae_anneal_metric: 0.0022 - 360s/epoch - 2ms/sample
Current vae annealer weight is 0.0036212083259452047
Epoch 19/70
218036/218036 - 771s - loss: 0.2090 - x_pred_loss: 0.1669 - z_mean_log_var_loss: 0.3795 - reg_prop_pred_loss: 0.2496 - x_pred_categorical_accuracy: 0.9416 - x_pred_vae_anneal_metric: 0.0036 - val_loss: 1.5815 - val_x_pred_loss: 2.9420 - val_z_mean_log_var_loss: 0.3452 - val_reg_prop_pred_loss: 0.2198 - val_x_pred_categorical_accuracy: 0.8175 - val_x_pred_vae_anneal_metric: 0.0036 - 771s/epoch - 4ms/sample
Current vae annealer weight is 0.0060198535230323105
Epoch 20/70
218036/218036 - 372s - loss: 0.2048 - x_pred_loss: 0.1598 - z_mean_log_var_loss: 0.3466 - reg_prop_pred_loss: 0.2478 - x_pred_categorical_accuracy: 0.9440 - x_pred_vae_anneal_metric: 0.0060 - val_loss: 1.5219 - val_x_pred_loss: 2.8226 - val_z_mean_log_var_loss: 0.3123 - val_reg_prop_pred_loss: 0.2192 - val_x_pred_categorical_accuracy: 0.8249 - val_x_pred_vae_anneal_metric: 0.0060 - 372s/epoch - 2ms/sample
Current vae annealer weight is 0.009991400314210233
Epoch 21/70
218036/218036 - 359s - loss: 0.2006 - x_pred_loss: 0.1518 - z_mean_log_var_loss: 0.3117 - reg_prop_pred_loss: 0.2463 - x_pred_categorical_accuracy: 0.9468 - x_pred_vae_anneal_metric: 0.0100 - val_loss: 1.4342 - val_x_pred_loss: 2.6444 - val_z_mean_log_var_loss: 0.2820 - val_reg_prop_pred_loss: 0.2212 - val_x_pred_categorical_accuracy: 0.8359 - val_x_pred_vae_anneal_metric: 0.0100 - 359s/epoch - 2ms/sample
Current vae annealer weight is 0.016539541808615513
Epoch 22/70
218036/218036 - 357s - loss: 0.1998 - x_pred_loss: 0.1495 - z_mean_log_var_loss: 0.2730 - reg_prop_pred_loss: 0.2455 - x_pred_categorical_accuracy: 0.9476 - x_pred_vae_anneal_metric: 0.0165 - val_loss: 1.4500 - val_x_pred_loss: 2.6825 - val_z_mean_log_var_loss: 0.2424 - val_reg_prop_pred_loss: 0.2135 - val_x_pred_categorical_accuracy: 0.8336 - val_x_pred_vae_anneal_metric: 0.0165 - 357s/epoch - 2ms/sample
Current vae annealer weight is 0.02726101803792773
Epoch 23/70
218036/218036 - 359s - loss: 0.1959 - x_pred_loss: 0.1424 - z_mean_log_var_loss: 0.2333 - reg_prop_pred_loss: 0.2429 - x_pred_categorical_accuracy: 0.9500 - x_pred_vae_anneal_metric: 0.0273 - val_loss: 1.3983 - val_x_pred_loss: 2.5803 - val_z_mean_log_var_loss: 0.1968 - val_reg_prop_pred_loss: 0.2109 - val_x_pred_categorical_accuracy: 0.8399 - val_x_pred_vae_anneal_metric: 0.0273 - 359s/epoch - 2ms/sample
Current vae annealer weight is 0.04461720338803846
Epoch 24/70
218036/218036 - 360s - loss: 0.1942 - x_pred_loss: 0.1385 - z_mean_log_var_loss: 0.1890 - reg_prop_pred_loss: 0.2415 - x_pred_categorical_accuracy: 0.9513 - x_pred_vae_anneal_metric: 0.0446 - val_loss: 1.3090 - val_x_pred_loss: 2.3930 - val_z_mean_log_var_loss: 0.1593 - val_reg_prop_pred_loss: 0.2178 - val_x_pred_categorical_accuracy: 0.8515 - val_x_pred_vae_anneal_metric: 0.0446 - 360s/epoch - 2ms/sample
Current vae annealer weight is 0.07220328200576367
Epoch 25/70
218036/218036 - 360s - loss: 0.1943 - x_pred_loss: 0.1358 - z_mean_log_var_loss: 0.1541 - reg_prop_pred_loss: 0.2416 - x_pred_categorical_accuracy: 0.9523 - x_pred_vae_anneal_metric: 0.0722 - val_loss: 1.2754 - val_x_pred_loss: 2.3303 - val_z_mean_log_var_loss: 0.1307 - val_reg_prop_pred_loss: 0.2111 - val_x_pred_categorical_accuracy: 0.8554 - val_x_pred_vae_anneal_metric: 0.0722 - 360s/epoch - 2ms/sample
Current vae annealer weight is 0.11479597607205051
Epoch 26/70
218036/218036 - 360s - loss: 0.1958 - x_pred_loss: 0.1366 - z_mean_log_var_loss: 0.1314 - reg_prop_pred_loss: 0.2399 - x_pred_categorical_accuracy: 0.9519 - x_pred_vae_anneal_metric: 0.1148 - val_loss: 1.2982 - val_x_pred_loss: 2.3549 - val_z_mean_log_var_loss: 0.1124 - val_reg_prop_pred_loss: 0.2285 - val_x_pred_categorical_accuracy: 0.8539 - val_x_pred_vae_anneal_metric: 0.1148 - 360s/epoch - 2ms/sample
Current vae annealer weight is 0.17770179221364119
Epoch 27/70
218036/218036 - 497s - loss: 0.1989 - x_pred_loss: 0.1385 - z_mean_log_var_loss: 0.1172 - reg_prop_pred_loss: 0.2385 - x_pred_categorical_accuracy: 0.9513 - x_pred_vae_anneal_metric: 0.1777 - val_loss: 1.3580 - val_x_pred_loss: 2.4895 - val_z_mean_log_var_loss: 0.0988 - val_reg_prop_pred_loss: 0.2090 - val_x_pred_categorical_accuracy: 0.8455 - val_x_pred_vae_anneal_metric: 0.1777 - 497s/epoch - 2ms/sample
Current vae annealer weight is 0.26476824599321086
Epoch 28/70
218036/218036 - 361s - loss: 0.2037 - x_pred_loss: 0.1411 - z_mean_log_var_loss: 0.1041 - reg_prop_pred_loss: 0.2387 - x_pred_categorical_accuracy: 0.9504 - x_pred_vae_anneal_metric: 0.2648 - val_loss: 1.2551 - val_x_pred_loss: 2.2789 - val_z_mean_log_var_loss: 0.0876 - val_reg_prop_pred_loss: 0.2081 - val_x_pred_categorical_accuracy: 0.8586 - val_x_pred_vae_anneal_metric: 0.2648 - 361s/epoch - 2ms/sample
Current vae annealer weight is 0.3750375460299153
Epoch 29/70
218036/218036 - 359s - loss: 0.2080 - x_pred_loss: 0.1440 - z_mean_log_var_loss: 0.0894 - reg_prop_pred_loss: 0.2386 - x_pred_categorical_accuracy: 0.9494 - x_pred_vae_anneal_metric: 0.3750 - val_loss: 1.3322 - val_x_pred_loss: 2.4229 - val_z_mean_log_var_loss: 0.0736 - val_reg_prop_pred_loss: 0.2139 - val_x_pred_categorical_accuracy: 0.8497 - val_x_pred_vae_anneal_metric: 0.3750 - 359s/epoch - 2ms/sample
Current vae annealer weight is 0.5
Epoch 30/70
218036/218036 - 360s - loss: 0.2117 - x_pred_loss: 0.1474 - z_mean_log_var_loss: 0.0755 - reg_prop_pred_loss: 0.2383 - x_pred_categorical_accuracy: 0.9483 - x_pred_vae_anneal_metric: 0.5000 - val_loss: 1.3094 - val_x_pred_loss: 2.3767 - val_z_mean_log_var_loss: 0.0645 - val_reg_prop_pred_loss: 0.2100 - val_x_pred_categorical_accuracy: 0.8525 - val_x_pred_vae_anneal_metric: 0.5000 - 360s/epoch - 2ms/sample
Current vae annealer weight is 0.6249624539700847
Epoch 31/70
218036/218036 - 359s - loss: 0.2134 - x_pred_loss: 0.1501 - z_mean_log_var_loss: 0.0637 - reg_prop_pred_loss: 0.2370 - x_pred_categorical_accuracy: 0.9474 - x_pred_vae_anneal_metric: 0.6250 - val_loss: 1.3111 - val_x_pred_loss: 2.3789 - val_z_mean_log_var_loss: 0.0526 - val_reg_prop_pred_loss: 0.2104 - val_x_pred_categorical_accuracy: 0.8524 - val_x_pred_vae_anneal_metric: 0.6250 - 359s/epoch - 2ms/sample
Current vae annealer weight is 0.7352317540067891
Epoch 32/70
218036/218036 - 344s - loss: 0.2126 - x_pred_loss: 0.1493 - z_mean_log_var_loss: 0.0529 - reg_prop_pred_loss: 0.2371 - x_pred_categorical_accuracy: 0.9477 - x_pred_vae_anneal_metric: 0.7352 - val_loss: 1.3897 - val_x_pred_loss: 2.5383 - val_z_mean_log_var_loss: 0.0467 - val_reg_prop_pred_loss: 0.2069 - val_x_pred_categorical_accuracy: 0.8425 - val_x_pred_vae_anneal_metric: 0.7352 - 344s/epoch - 2ms/sample
Current vae annealer weight is 0.8222982077863588
Epoch 33/70
218036/218036 - 542s - loss: 0.2127 - x_pred_loss: 0.1511 - z_mean_log_var_loss: 0.0456 - reg_prop_pred_loss: 0.2369 - x_pred_categorical_accuracy: 0.9471 - x_pred_vae_anneal_metric: 0.8223 - val_loss: 1.3716 - val_x_pred_loss: 2.4955 - val_z_mean_log_var_loss: 0.0409 - val_reg_prop_pred_loss: 0.2140 - val_x_pred_categorical_accuracy: 0.8452 - val_x_pred_vae_anneal_metric: 0.8223 - 542s/epoch - 2ms/sample
Current vae annealer weight is 0.8852040239279495
Epoch 34/70
218036/218036 - 342s - loss: 0.2072 - x_pred_loss: 0.1447 - z_mean_log_var_loss: 0.0387 - reg_prop_pred_loss: 0.2354 - x_pred_categorical_accuracy: 0.9493 - x_pred_vae_anneal_metric: 0.8852 - val_loss: 1.4074 - val_x_pred_loss: 2.5621 - val_z_mean_log_var_loss: 0.0326 - val_reg_prop_pred_loss: 0.2238 - val_x_pred_categorical_accuracy: 0.8410 - val_x_pred_vae_anneal_metric: 0.8852 - 342s/epoch - 2ms/sample
Current vae annealer weight is 0.9277967179942364
Epoch 35/70
218036/218036 - 343s - loss: 0.2025 - x_pred_loss: 0.1404 - z_mean_log_var_loss: 0.0324 - reg_prop_pred_loss: 0.2344 - x_pred_categorical_accuracy: 0.9509 - x_pred_vae_anneal_metric: 0.9278 - val_loss: 1.3167 - val_x_pred_loss: 2.4005 - val_z_mean_log_var_loss: 0.0279 - val_reg_prop_pred_loss: 0.2071 - val_x_pred_categorical_accuracy: 0.8511 - val_x_pred_vae_anneal_metric: 0.9278 - 343s/epoch - 2ms/sample
Current vae annealer weight is 0.9553827966119615
Epoch 36/70
218036/218036 - 536s - loss: 0.1978 - x_pred_loss: 0.1355 - z_mean_log_var_loss: 0.0277 - reg_prop_pred_loss: 0.2338 - x_pred_categorical_accuracy: 0.9525 - x_pred_vae_anneal_metric: 0.9554 - val_loss: 1.3360 - val_x_pred_loss: 2.4401 - val_z_mean_log_var_loss: 0.0252 - val_reg_prop_pred_loss: 0.2078 - val_x_pred_categorical_accuracy: 0.8486 - val_x_pred_vae_anneal_metric: 0.9554 - 536s/epoch - 2ms/sample
Current vae annealer weight is 0.9727389819620722
Epoch 37/70
218036/218036 - 467s - loss: 0.1967 - x_pred_loss: 0.1355 - z_mean_log_var_loss: 0.0262 - reg_prop_pred_loss: 0.2323 - x_pred_categorical_accuracy: 0.9526 - x_pred_vae_anneal_metric: 0.9727 - val_loss: 1.2910 - val_x_pred_loss: 2.3457 - val_z_mean_log_var_loss: 0.0232 - val_reg_prop_pred_loss: 0.2137 - val_x_pred_categorical_accuracy: 0.8545 - val_x_pred_vae_anneal_metric: 0.9727 - 467s/epoch - 2ms/sample
Current vae annealer weight is 0.9834604581913845
Epoch 38/70
218036/218036 - 347s - loss: 0.1899 - x_pred_loss: 0.1261 - z_mean_log_var_loss: 0.0224 - reg_prop_pred_loss: 0.2318 - x_pred_categorical_accuracy: 0.9558 - x_pred_vae_anneal_metric: 0.9835 - val_loss: 1.2956 - val_x_pred_loss: 2.3672 - val_z_mean_log_var_loss: 0.0197 - val_reg_prop_pred_loss: 0.2047 - val_x_pred_categorical_accuracy: 0.8531 - val_x_pred_vae_anneal_metric: 0.9835 - 347s/epoch - 2ms/sample
Current vae annealer weight is 0.9900085996857898
Epoch 39/70
218036/218036 - 341s - loss: 0.1879 - x_pred_loss: 0.1253 - z_mean_log_var_loss: 0.0209 - reg_prop_pred_loss: 0.2299 - x_pred_categorical_accuracy: 0.9561 - x_pred_vae_anneal_metric: 0.9900 - val_loss: 1.2545 - val_x_pred_loss: 2.2841 - val_z_mean_log_var_loss: 0.0192 - val_reg_prop_pred_loss: 0.2059 - val_x_pred_categorical_accuracy: 0.8583 - val_x_pred_vae_anneal_metric: 0.9900 - 341s/epoch - 2ms/sample
Current vae annealer weight is 0.9939801464769676
Epoch 40/70
218036/218036 - 339s - loss: 0.1840 - x_pred_loss: 0.1202 - z_mean_log_var_loss: 0.0189 - reg_prop_pred_loss: 0.2290 - x_pred_categorical_accuracy: 0.9579 - x_pred_vae_anneal_metric: 0.9940 - val_loss: 1.2368 - val_x_pred_loss: 2.2419 - val_z_mean_log_var_loss: 0.0172 - val_reg_prop_pred_loss: 0.2146 - val_x_pred_categorical_accuracy: 0.8609 - val_x_pred_vae_anneal_metric: 0.9940 - 339s/epoch - 2ms/sample
Current vae annealer weight is 0.9963787916740549
Epoch 41/70
218036/218036 - 340s - loss: 0.1826 - x_pred_loss: 0.1183 - z_mean_log_var_loss: 0.0183 - reg_prop_pred_loss: 0.2287 - x_pred_categorical_accuracy: 0.9586 - x_pred_vae_anneal_metric: 0.9964 - val_loss: 1.2270 - val_x_pred_loss: 2.2353 - val_z_mean_log_var_loss: 0.0167 - val_reg_prop_pred_loss: 0.2021 - val_x_pred_categorical_accuracy: 0.8613 - val_x_pred_vae_anneal_metric: 0.9964 - 340s/epoch - 2ms/sample
Current vae annealer weight is 0.9978237754533412
Epoch 42/70
218036/218036 - 339s - loss: 0.1801 - x_pred_loss: 0.1155 - z_mean_log_var_loss: 0.0167 - reg_prop_pred_loss: 0.2280 - x_pred_categorical_accuracy: 0.9594 - x_pred_vae_anneal_metric: 0.9978 - val_loss: 1.2669 - val_x_pred_loss: 2.3099 - val_z_mean_log_var_loss: 0.0161 - val_reg_prop_pred_loss: 0.2079 - val_x_pred_categorical_accuracy: 0.8567 - val_x_pred_vae_anneal_metric: 0.9978 - 339s/epoch - 2ms/sample
Current vae annealer weight is 0.998692918557779
Epoch 43/70
218036/218036 - 339s - loss: 0.1784 - x_pred_loss: 0.1135 - z_mean_log_var_loss: 0.0165 - reg_prop_pred_loss: 0.2267 - x_pred_categorical_accuracy: 0.9603 - x_pred_vae_anneal_metric: 0.9987 - val_loss: 1.2504 - val_x_pred_loss: 2.2747 - val_z_mean_log_var_loss: 0.0154 - val_reg_prop_pred_loss: 0.2107 - val_x_pred_categorical_accuracy: 0.8589 - val_x_pred_vae_anneal_metric: 0.9987 - 339s/epoch - 2ms/sample
Current vae annealer weight is 0.9992152152808638
Epoch 44/70
218036/218036 - 340s - loss: 0.1835 - x_pred_loss: 0.1218 - z_mean_log_var_loss: 0.0162 - reg_prop_pred_loss: 0.2291 - x_pred_categorical_accuracy: 0.9576 - x_pred_vae_anneal_metric: 0.9992 - val_loss: 1.5305 - val_x_pred_loss: 2.8059 - val_z_mean_log_var_loss: 0.0175 - val_reg_prop_pred_loss: 0.2375 - val_x_pred_categorical_accuracy: 0.8259 - val_x_pred_vae_anneal_metric: 0.9992 - 340s/epoch - 2ms/sample
Current vae annealer weight is 0.9995289058847296
Epoch 45/70
218036/218036 - 348s - loss: 0.1931 - x_pred_loss: 0.1360 - z_mean_log_var_loss: 0.0182 - reg_prop_pred_loss: 0.2321 - x_pred_categorical_accuracy: 0.9529 - x_pred_vae_anneal_metric: 0.9995 - val_loss: 1.3833 - val_x_pred_loss: 2.5232 - val_z_mean_log_var_loss: 0.0192 - val_reg_prop_pred_loss: 0.2241 - val_x_pred_categorical_accuracy: 0.8435 - val_x_pred_vae_anneal_metric: 0.9995 - 348s/epoch - 2ms/sample
Current vae annealer weight is 0.9997172449786838
Epoch 46/70
218036/218036 - 358s - loss: 0.1843 - x_pred_loss: 0.1241 - z_mean_log_var_loss: 0.0189 - reg_prop_pred_loss: 0.2256 - x_pred_categorical_accuracy: 0.9568 - x_pred_vae_anneal_metric: 0.9997 - val_loss: 1.2333 - val_x_pred_loss: 2.2468 - val_z_mean_log_var_loss: 0.0165 - val_reg_prop_pred_loss: 0.2033 - val_x_pred_categorical_accuracy: 0.8606 - val_x_pred_vae_anneal_metric: 0.9997 - 358s/epoch - 2ms/sample
Current vae annealer weight is 0.9998303006190481
Epoch 47/70
218036/218036 - 356s - loss: 0.1765 - x_pred_loss: 0.1133 - z_mean_log_var_loss: 0.0166 - reg_prop_pred_loss: 0.2230 - x_pred_categorical_accuracy: 0.9605 - x_pred_vae_anneal_metric: 0.9998 - val_loss: 1.1773 - val_x_pred_loss: 2.1388 - val_z_mean_log_var_loss: 0.0149 - val_reg_prop_pred_loss: 0.2009 - val_x_pred_categorical_accuracy: 0.8673 - val_x_pred_vae_anneal_metric: 0.9998 - 356s/epoch - 2ms/sample
Current vae annealer weight is 0.9998981571479052
Epoch 48/70
218036/218036 - 358s - loss: 0.1730 - x_pred_loss: 0.1079 - z_mean_log_var_loss: 0.0150 - reg_prop_pred_loss: 0.2231 - x_pred_categorical_accuracy: 0.9622 - x_pred_vae_anneal_metric: 0.9999 - val_loss: 1.1701 - val_x_pred_loss: 2.1199 - val_z_mean_log_var_loss: 0.0139 - val_reg_prop_pred_loss: 0.2065 - val_x_pred_categorical_accuracy: 0.8685 - val_x_pred_vae_anneal_metric: 0.9999 - 358s/epoch - 2ms/sample
Current vae annealer weight is 0.9999388820100666
Epoch 49/70
218036/218036 - 358s - loss: 0.1710 - x_pred_loss: 0.1047 - z_mean_log_var_loss: 0.0144 - reg_prop_pred_loss: 0.2230 - x_pred_categorical_accuracy: 0.9634 - x_pred_vae_anneal_metric: 0.9999 - val_loss: 1.1151 - val_x_pred_loss: 2.0155 - val_z_mean_log_var_loss: 0.0133 - val_reg_prop_pred_loss: 0.2013 - val_x_pred_categorical_accuracy: 0.8750 - val_x_pred_vae_anneal_metric: 0.9999 - 358s/epoch - 2ms/sample
Current vae annealer weight is 0.9999633224347099
Epoch 50/70
218036/218036 - 357s - loss: 0.1704 - x_pred_loss: 0.1046 - z_mean_log_var_loss: 0.0140 - reg_prop_pred_loss: 0.2223 - x_pred_categorical_accuracy: 0.9634 - x_pred_vae_anneal_metric: 1.0000 - val_loss: 1.2099 - val_x_pred_loss: 2.2031 - val_z_mean_log_var_loss: 0.0137 - val_reg_prop_pred_loss: 0.2031 - val_x_pred_categorical_accuracy: 0.8633 - val_x_pred_vae_anneal_metric: 1.0000 - 357s/epoch - 2ms/sample
Current vae annealer weight is 0.9999779896124086
Epoch 51/70
218036/218036 - 355s - loss: 0.1697 - x_pred_loss: 0.1031 - z_mean_log_var_loss: 0.0139 - reg_prop_pred_loss: 0.2225 - x_pred_categorical_accuracy: 0.9639 - x_pred_vae_anneal_metric: 1.0000 - val_loss: 1.1590 - val_x_pred_loss: 2.0883 - val_z_mean_log_var_loss: 0.0132 - val_reg_prop_pred_loss: 0.2164 - val_x_pred_categorical_accuracy: 0.8704 - val_x_pred_vae_anneal_metric: 1.0000 - 355s/epoch - 2ms/sample
Current vae annealer weight is 0.9999867915354658
Epoch 52/70
218036/218036 - 357s - loss: 0.1673 - x_pred_loss: 0.1002 - z_mean_log_var_loss: 0.0134 - reg_prop_pred_loss: 0.2211 - x_pred_categorical_accuracy: 0.9649 - x_pred_vae_anneal_metric: 1.0000 - val_loss: 1.1219 - val_x_pred_loss: 2.0250 - val_z_mean_log_var_loss: 0.0124 - val_reg_prop_pred_loss: 0.2064 - val_x_pred_categorical_accuracy: 0.8744 - val_x_pred_vae_anneal_metric: 1.0000 - 357s/epoch - 2ms/sample
Current vae annealer weight is 0.999992073609766
Epoch 53/70
218036/218036 - 357s - loss: 0.1801 - x_pred_loss: 0.1191 - z_mean_log_var_loss: 0.0147 - reg_prop_pred_loss: 0.2264 - x_pred_categorical_accuracy: 0.9586 - x_pred_vae_anneal_metric: 1.0000 - val_loss: 1.1306 - val_x_pred_loss: 2.0455 - val_z_mean_log_var_loss: 0.0139 - val_reg_prop_pred_loss: 0.2017 - val_x_pred_categorical_accuracy: 0.8731 - val_x_pred_vae_anneal_metric: 1.0000 - 357s/epoch - 2ms/sample
Current vae annealer weight is 0.9999952433888688
Epoch 54/70
218036/218036 - 359s - loss: 0.1665 - x_pred_loss: 0.1002 - z_mean_log_var_loss: 0.0135 - reg_prop_pred_loss: 0.2192 - x_pred_categorical_accuracy: 0.9650 - x_pred_vae_anneal_metric: 1.0000 - val_loss: 1.0627 - val_x_pred_loss: 1.9133 - val_z_mean_log_var_loss: 0.0122 - val_reg_prop_pred_loss: 0.2000 - val_x_pred_categorical_accuracy: 0.8813 - val_x_pred_vae_anneal_metric: 1.0000 - 359s/epoch - 2ms/sample
Current vae annealer weight is 0.999997145570669
Epoch 55/70
218036/218036 - 358s - loss: 0.1638 - x_pred_loss: 0.0965 - z_mean_log_var_loss: 0.0125 - reg_prop_pred_loss: 0.2187 - x_pred_categorical_accuracy: 0.9663 - x_pred_vae_anneal_metric: 1.0000 - val_loss: 1.1000 - val_x_pred_loss: 1.9828 - val_z_mean_log_var_loss: 0.0117 - val_reg_prop_pred_loss: 0.2054 - val_x_pred_categorical_accuracy: 0.8770 - val_x_pred_vae_anneal_metric: 1.0000 - 358s/epoch - 2ms/sample
Current vae annealer weight is 0.999998287066068
Epoch 56/70
218036/218036 - 356s - loss: 0.1637 - x_pred_loss: 0.0966 - z_mean_log_var_loss: 0.0122 - reg_prop_pred_loss: 0.2186 - x_pred_categorical_accuracy: 0.9661 - x_pred_vae_anneal_metric: 1.0000 - val_loss: 1.0848 - val_x_pred_loss: 1.9570 - val_z_mean_log_var_loss: 0.0119 - val_reg_prop_pred_loss: 0.2008 - val_x_pred_categorical_accuracy: 0.8786 - val_x_pred_vae_anneal_metric: 1.0000 - 356s/epoch - 2ms/sample
Current vae annealer weight is 0.9999989720742833
Epoch 57/70
218036/218036 - 357s - loss: 0.1621 - x_pred_loss: 0.0941 - z_mean_log_var_loss: 0.0123 - reg_prop_pred_loss: 0.2179 - x_pred_categorical_accuracy: 0.9670 - x_pred_vae_anneal_metric: 1.0000 - val_loss: 1.0511 - val_x_pred_loss: 1.8824 - val_z_mean_log_var_loss: 0.0117 - val_reg_prop_pred_loss: 0.2081 - val_x_pred_categorical_accuracy: 0.8832 - val_x_pred_vae_anneal_metric: 1.0000 - 357s/epoch - 2ms/sample
Current vae annealer weight is 0.9999993831455084
Epoch 58/70
218036/218036 - 357s - loss: 0.1606 - x_pred_loss: 0.0915 - z_mean_log_var_loss: 0.0120 - reg_prop_pred_loss: 0.2177 - x_pred_categorical_accuracy: 0.9679 - x_pred_vae_anneal_metric: 1.0000 - val_loss: 1.0815 - val_x_pred_loss: 1.9486 - val_z_mean_log_var_loss: 0.0114 - val_reg_prop_pred_loss: 0.2031 - val_x_pred_categorical_accuracy: 0.8791 - val_x_pred_vae_anneal_metric: 1.0000 - 357s/epoch - 2ms/sample
Current vae annealer weight is 0.9999996298279195
Epoch 59/70
218036/218036 - 357s - loss: 0.1604 - x_pred_loss: 0.0913 - z_mean_log_var_loss: 0.0119 - reg_prop_pred_loss: 0.2176 - x_pred_categorical_accuracy: 0.9680 - x_pred_vae_anneal_metric: 1.0000 - val_loss: 1.0900 - val_x_pred_loss: 1.9684 - val_z_mean_log_var_loss: 0.0113 - val_reg_prop_pred_loss: 0.2003 - val_x_pred_categorical_accuracy: 0.8779 - val_x_pred_vae_anneal_metric: 1.0000 - 357s/epoch - 2ms/sample
Current vae annealer weight is 0.9999997778611365
Epoch 60/70
218036/218036 - 357s - loss: 0.1586 - x_pred_loss: 0.0895 - z_mean_log_var_loss: 0.0118 - reg_prop_pred_loss: 0.2160 - x_pred_categorical_accuracy: 0.9687 - x_pred_vae_anneal_metric: 1.0000 - val_loss: 1.0846 - val_x_pred_loss: 1.9488 - val_z_mean_log_var_loss: 0.0111 - val_reg_prop_pred_loss: 0.2094 - val_x_pred_categorical_accuracy: 0.8791 - val_x_pred_vae_anneal_metric: 1.0000 - 357s/epoch - 2ms/sample
Current vae annealer weight is 0.9999998666953174
Epoch 61/70
218036/218036 - 357s - loss: 0.1578 - x_pred_loss: 0.0880 - z_mean_log_var_loss: 0.0114 - reg_prop_pred_loss: 0.2161 - x_pred_categorical_accuracy: 0.9692 - x_pred_vae_anneal_metric: 1.0000 - val_loss: 1.0370 - val_x_pred_loss: 1.8614 - val_z_mean_log_var_loss: 0.0110 - val_reg_prop_pred_loss: 0.2017 - val_x_pred_categorical_accuracy: 0.8845 - val_x_pred_vae_anneal_metric: 1.0000 - 357s/epoch - 2ms/sample
Current vae annealer weight is 0.9999999200043723
Epoch 62/70
218036/218036 - 356s - loss: 0.1578 - x_pred_loss: 0.0883 - z_mean_log_var_loss: 0.0115 - reg_prop_pred_loss: 0.2156 - x_pred_categorical_accuracy: 0.9691 - x_pred_vae_anneal_metric: 1.0000 - val_loss: 1.1555 - val_x_pred_loss: 2.0962 - val_z_mean_log_var_loss: 0.0110 - val_reg_prop_pred_loss: 0.2037 - val_x_pred_categorical_accuracy: 0.8699 - val_x_pred_vae_anneal_metric: 1.0000 - 356s/epoch - 2ms/sample
Current vae annealer weight is 0.9999999519949324
Epoch 63/70
218036/218036 - 358s - loss: 0.1578 - x_pred_loss: 0.0894 - z_mean_log_var_loss: 0.0118 - reg_prop_pred_loss: 0.2144 - x_pred_categorical_accuracy: 0.9688 - x_pred_vae_anneal_metric: 1.0000 - val_loss: 1.0468 - val_x_pred_loss: 1.8822 - val_z_mean_log_var_loss: 0.0108 - val_reg_prop_pred_loss: 0.2006 - val_x_pred_categorical_accuracy: 0.8832 - val_x_pred_vae_anneal_metric: 1.0000 - 358s/epoch - 2ms/sample
Current vae annealer weight is 0.9999999711923445
Epoch 64/70
218036/218036 - 357s - loss: 0.1555 - x_pred_loss: 0.0861 - z_mean_log_var_loss: 0.0114 - reg_prop_pred_loss: 0.2135 - x_pred_categorical_accuracy: 0.9699 - x_pred_vae_anneal_metric: 1.0000 - val_loss: 1.0419 - val_x_pred_loss: 1.8741 - val_z_mean_log_var_loss: 0.0107 - val_reg_prop_pred_loss: 0.1990 - val_x_pred_categorical_accuracy: 0.8837 - val_x_pred_vae_anneal_metric: 1.0000 - 357s/epoch - 2ms/sample
Current vae annealer weight is 0.9999999827126375
Epoch 65/70
218036/218036 - 358s - loss: 0.1531 - x_pred_loss: 0.0829 - z_mean_log_var_loss: 0.0108 - reg_prop_pred_loss: 0.2125 - x_pred_categorical_accuracy: 0.9710 - x_pred_vae_anneal_metric: 1.0000 - val_loss: 1.0279 - val_x_pred_loss: 1.8427 - val_z_mean_log_var_loss: 0.0101 - val_reg_prop_pred_loss: 0.2029 - val_x_pred_categorical_accuracy: 0.8857 - val_x_pred_vae_anneal_metric: 1.0000 - 358s/epoch - 2ms/sample
Current vae annealer weight is 0.9999999896259207
Epoch 66/70
218036/218036 - 355s - loss: 0.1531 - x_pred_loss: 0.0831 - z_mean_log_var_loss: 0.0106 - reg_prop_pred_loss: 0.2124 - x_pred_categorical_accuracy: 0.9709 - x_pred_vae_anneal_metric: 1.0000 - val_loss: 1.0781 - val_x_pred_loss: 1.9377 - val_z_mean_log_var_loss: 0.0103 - val_reg_prop_pred_loss: 0.2082 - val_x_pred_categorical_accuracy: 0.8798 - val_x_pred_vae_anneal_metric: 1.0000 - 355s/epoch - 2ms/sample
Current vae annealer weight is 0.9999999937745552
Epoch 67/70
218036/218036 - 358s - loss: 0.1563 - x_pred_loss: 0.0883 - z_mean_log_var_loss: 0.0117 - reg_prop_pred_loss: 0.2126 - x_pred_categorical_accuracy: 0.9693 - x_pred_vae_anneal_metric: 1.0000 - val_loss: 1.0052 - val_x_pred_loss: 1.7918 - val_z_mean_log_var_loss: 0.0110 - val_reg_prop_pred_loss: 0.2075 - val_x_pred_categorical_accuracy: 0.8888 - val_x_pred_vae_anneal_metric: 1.0000 - 358s/epoch - 2ms/sample
Current vae annealer weight is 0.9999999962641346
Epoch 68/70
218036/218036 - 359s - loss: 0.1519 - x_pred_loss: 0.0822 - z_mean_log_var_loss: 0.0109 - reg_prop_pred_loss: 0.2108 - x_pred_categorical_accuracy: 0.9713 - x_pred_vae_anneal_metric: 1.0000 - val_loss: 1.1427 - val_x_pred_loss: 2.0766 - val_z_mean_log_var_loss: 0.0103 - val_reg_prop_pred_loss: 0.1985 - val_x_pred_categorical_accuracy: 0.8712 - val_x_pred_vae_anneal_metric: 1.0000 - 359s/epoch - 2ms/sample
Current vae annealer weight is 0.9999999977581218
Epoch 69/70
218036/218036 - 360s - loss: 0.1528 - x_pred_loss: 0.0832 - z_mean_log_var_loss: 0.0107 - reg_prop_pred_loss: 0.2118 - x_pred_categorical_accuracy: 0.9710 - x_pred_vae_anneal_metric: 1.0000 - val_loss: 1.0555 - val_x_pred_loss: 1.8988 - val_z_mean_log_var_loss: 0.0105 - val_reg_prop_pred_loss: 0.2017 - val_x_pred_categorical_accuracy: 0.8822 - val_x_pred_vae_anneal_metric: 1.0000 - 360s/epoch - 2ms/sample
Current vae annealer weight is 0.9999999986546575
Epoch 70/70
218036/218036 - 356s - loss: 0.1500 - x_pred_loss: 0.0796 - z_mean_log_var_loss: 0.0105 - reg_prop_pred_loss: 0.2099 - x_pred_categorical_accuracy: 0.9722 - x_pred_vae_anneal_metric: 1.0000 - val_loss: 1.0614 - val_x_pred_loss: 1.9085 - val_z_mean_log_var_loss: 0.0099 - val_reg_prop_pred_loss: 0.2043 - val_x_pred_categorical_accuracy: 0.8816 - val_x_pred_vae_anneal_metric: 1.0000 - 356s/epoch - 2ms/sample
/home/hecm20/chemvae/lib/python3.10/site-packages/keras/src/engine/training.py:3103: UserWarning: You are saving your model as an HDF5 file via `model.save()`. This file format is considered legacy. We recommend using instead the native Keras format, e.g. `model.save('my_model.keras')`.
  saving_api.save_model(
time of run :  25946.641572237015
**FINISHED**
