Using hyper-parameters:
name                      - zinc_michael
MAX_LEN                   - 100         
data_file                 - ZINC_Michael_data.csv.gz
char_file                 - zinc.json   
encoder_weights_file      - zinc_encoder.h5
decoder_weights_file      - zinc_decoder.h5
test_idx_file             - test_idx.npy
history_file              - history.csv 
do_prop_pred              - False       
TRAIN_MODEL               - True        
ENC_DEC_TEST              - False       
PADDING                   - right       
RAND_SEED                 - 42          
epochs                    - 70          
vae_annealer_start        - 29          
dropout_rate_mid          - 0.08283292970479479
anneal_sigmod_slope       - 0.5106654305791392
recurrent_dim             - 488         
batch_size                - 126         
lr                        - 0.00039192162392520126
hidden_dim                - 196         
tgru_dropout              - 0.19617749608323892
hg_growth_factor          - 1.2281884874932403
middle_layer              - 1           
momentum                  - 0.9717090063868801
verbose_print             - 2           
rest of parameters are set as default
All params: {'reload_model': False, 'prev_epochs': 0, 'batch_size': 126, 'epochs': 70, 'val_split': 0.1, 'loss': 'categorical_crossentropy', 'batchnorm_conv': True, 'conv_activation': 'tanh', 'conv_depth': 4, 'conv_dim_depth': 8, 'conv_dim_width': 8, 'conv_d_growth_factor': 1.15875438383, 'conv_w_growth_factor': 1.1758149644, 'gru_depth': 4, 'rnn_activation': 'tanh', 'recurrent_dim': 488, 'do_tgru': True, 'terminal_GRU_implementation': 0, 'tgru_dropout': 0.19617749608323892, 'temperature': 1.0, 'hg_growth_factor': 1.2281884874932403, 'hidden_dim': 196, 'middle_layer': 1, 'dropout_rate_mid': 0.08283292970479479, 'batchnorm_mid': True, 'activation': 'tanh', 'lr': 0.00039192162392520126, 'momentum': 0.9717090063868801, 'optim': 'adam', 'vae_annealer_start': 29, 'batchnorm_vae': False, 'vae_activation': 'tanh', 'xent_loss_weight': 1.0, 'kl_loss_weight': 1.0, 'anneal_sigmod_slope': 0.5106654305791392, 'freeze_logvar_layer': False, 'freeze_offset': 1, 'do_prop_pred': False, 'prop_pred_depth': 3, 'prop_hidden_dim': 36, 'prop_growth_factor': 0.8, 'prop_pred_activation': 'tanh', 'reg_prop_pred_loss': 'mse', 'logit_prop_pred_loss': 'binary_crossentropy', 'prop_pred_loss_weight': 0.5, 'prop_pred_dropout': 0.0, 'prop_batchnorm': True, 'verbose_print': 2, 'name': 'zinc_michael', 'MAX_LEN': 100, 'data_file': 'ZINC_Michael_data.csv.gz', 'char_file': 'zinc.json', 'encoder_weights_file': 'zinc_encoder.h5', 'decoder_weights_file': 'zinc_decoder.h5', 'test_idx_file': 'test_idx.npy', 'history_file': 'history.csv', 'TRAIN_MODEL': True, 'ENC_DEC_TEST': False, 'PADDING': 'right', 'RAND_SEED': 42}
Training set size is 242455
first smiles: " c1cc(oc1)/C=C\C(=O)N2C[C@@H]3C[C@@]3(C2)CO "
total chars: 35
Vectorization...
Total Data size 242455
shape of input vector : {} (218106, 100, 35)
Training set size is (218106, 100, 35), after filtering to max length of 100
Train on 218106 samples, validate on 24318 samples
Current vae annealer weight is 3.701720805095644e-07
Epoch 1/70
/home/hecm20/chemvae/lib/python3.10/site-packages/keras/src/engine/training_v1.py:2335: UserWarning: `Model.state_updates` will be removed in a future version. This property should not be used in TensorFlow 2.0, as `updates` are applied automatically.
  updates = self.state_updates
218106/218106 - 445s - loss: 1.0836 - x_pred_loss: 1.0836 - z_mean_log_var_loss: 1.1766 - x_pred_categorical_accuracy: 0.6729 - x_pred_vae_anneal_metric: 3.7018e-07 - val_loss: 6.6628 - val_x_pred_loss: 6.6628 - val_z_mean_log_var_loss: 1.0398 - val_x_pred_categorical_accuracy: 0.5866 - val_x_pred_vae_anneal_metric: 3.7017e-07 - 445s/epoch - 2ms/sample
Current vae annealer weight is 6.168544915222557e-07
Epoch 2/70
218106/218106 - 444s - loss: 0.6474 - x_pred_loss: 0.6474 - z_mean_log_var_loss: 1.0269 - x_pred_categorical_accuracy: 0.7979 - x_pred_vae_anneal_metric: 6.1684e-07 - val_loss: 5.9093 - val_x_pred_loss: 5.9093 - val_z_mean_log_var_loss: 0.8760 - val_x_pred_categorical_accuracy: 0.6334 - val_x_pred_vae_anneal_metric: 6.1686e-07 - 444s/epoch - 2ms/sample
Current vae annealer weight is 1.0279257166985964e-06
Epoch 3/70
218106/218106 - 445s - loss: 0.4771 - x_pred_loss: 0.4771 - z_mean_log_var_loss: 0.8350 - x_pred_categorical_accuracy: 0.8437 - x_pred_vae_anneal_metric: 1.0279e-06 - val_loss: 5.3350 - val_x_pred_loss: 5.3350 - val_z_mean_log_var_loss: 0.6951 - val_x_pred_categorical_accuracy: 0.6690 - val_x_pred_vae_anneal_metric: 1.0279e-06 - 445s/epoch - 2ms/sample
Current vae annealer weight is 1.7129339319420572e-06
Epoch 4/70
218106/218106 - 445s - loss: 0.3800 - x_pred_loss: 0.3800 - z_mean_log_var_loss: 0.6593 - x_pred_categorical_accuracy: 0.8725 - x_pred_vae_anneal_metric: 1.7129e-06 - val_loss: 4.7884 - val_x_pred_loss: 4.7884 - val_z_mean_log_var_loss: 0.5527 - val_x_pred_categorical_accuracy: 0.7029 - val_x_pred_vae_anneal_metric: 1.7129e-06 - 445s/epoch - 2ms/sample
Current vae annealer weight is 2.854429330962736e-06
Epoch 5/70
218106/218106 - 444s - loss: 0.3127 - x_pred_loss: 0.3127 - z_mean_log_var_loss: 0.5261 - x_pred_categorical_accuracy: 0.8940 - x_pred_vae_anneal_metric: 2.8545e-06 - val_loss: 4.2799 - val_x_pred_loss: 4.2799 - val_z_mean_log_var_loss: 0.4403 - val_x_pred_categorical_accuracy: 0.7345 - val_x_pred_vae_anneal_metric: 2.8544e-06 - 444s/epoch - 2ms/sample
Current vae annealer weight is 4.756611131108824e-06
Epoch 6/70
218106/218106 - 437s - loss: 0.2598 - x_pred_loss: 0.2598 - z_mean_log_var_loss: 0.4236 - x_pred_categorical_accuracy: 0.9119 - x_pred_vae_anneal_metric: 4.7566e-06 - val_loss: 3.7500 - val_x_pred_loss: 3.7500 - val_z_mean_log_var_loss: 0.3563 - val_x_pred_categorical_accuracy: 0.7673 - val_x_pred_vae_anneal_metric: 4.7566e-06 - 437s/epoch - 2ms/sample
Current vae annealer weight is 7.926390233964058e-06
Epoch 7/70
218106/218106 - 424s - loss: 0.2243 - x_pred_loss: 0.2243 - z_mean_log_var_loss: 0.3608 - x_pred_categorical_accuracy: 0.9238 - x_pred_vae_anneal_metric: 7.9265e-06 - val_loss: 3.1919 - val_x_pred_loss: 3.1919 - val_z_mean_log_var_loss: 0.3093 - val_x_pred_categorical_accuracy: 0.8020 - val_x_pred_vae_anneal_metric: 7.9264e-06 - 424s/epoch - 2ms/sample
Current vae annealer weight is 1.3208464534236994e-05
Epoch 8/70
218106/218106 - 426s - loss: 0.1908 - x_pred_loss: 0.1908 - z_mean_log_var_loss: 0.3064 - x_pred_categorical_accuracy: 0.9353 - x_pred_vae_anneal_metric: 1.3208e-05 - val_loss: 2.9050 - val_x_pred_loss: 2.9050 - val_z_mean_log_var_loss: 0.2692 - val_x_pred_categorical_accuracy: 0.8198 - val_x_pred_vae_anneal_metric: 1.3208e-05 - 426s/epoch - 2ms/sample
Current vae annealer weight is 2.201038759146048e-05
Epoch 9/70
218106/218106 - 422s - loss: 0.1665 - x_pred_loss: 0.1665 - z_mean_log_var_loss: 0.2614 - x_pred_categorical_accuracy: 0.9433 - x_pred_vae_anneal_metric: 2.2010e-05 - val_loss: 2.4970 - val_x_pred_loss: 2.4970 - val_z_mean_log_var_loss: 0.2293 - val_x_pred_categorical_accuracy: 0.8451 - val_x_pred_vae_anneal_metric: 2.2010e-05 - 422s/epoch - 2ms/sample
Current vae annealer weight is 3.6677565290112376e-05
Epoch 10/70
218106/218106 - 421s - loss: 0.1457 - x_pred_loss: 0.1457 - z_mean_log_var_loss: 0.2288 - x_pred_categorical_accuracy: 0.9505 - x_pred_vae_anneal_metric: 3.6678e-05 - val_loss: 2.3418 - val_x_pred_loss: 2.3418 - val_z_mean_log_var_loss: 0.2077 - val_x_pred_categorical_accuracy: 0.8547 - val_x_pred_vae_anneal_metric: 3.6677e-05 - 421s/epoch - 2ms/sample
Current vae annealer weight is 6.111798993344653e-05
Epoch 11/70
218106/218106 - 423s - loss: 0.1348 - x_pred_loss: 0.1348 - z_mean_log_var_loss: 0.2086 - x_pred_categorical_accuracy: 0.9543 - x_pred_vae_anneal_metric: 6.1117e-05 - val_loss: 1.8715 - val_x_pred_loss: 1.8715 - val_z_mean_log_var_loss: 0.1931 - val_x_pred_categorical_accuracy: 0.8839 - val_x_pred_vae_anneal_metric: 6.1118e-05 - 423s/epoch - 2ms/sample
Current vae annealer weight is 0.0001018428520948195
Epoch 12/70
218106/218106 - 422s - loss: 0.1145 - x_pred_loss: 0.1144 - z_mean_log_var_loss: 0.1956 - x_pred_categorical_accuracy: 0.9612 - x_pred_vae_anneal_metric: 1.0184e-04 - val_loss: 1.5762 - val_x_pred_loss: 1.5762 - val_z_mean_log_var_loss: 0.1714 - val_x_pred_categorical_accuracy: 0.9022 - val_x_pred_vae_anneal_metric: 1.0184e-04 - 422s/epoch - 2ms/sample
Current vae annealer weight is 0.00016969938095202496
Epoch 13/70
218106/218106 - 423s - loss: 0.1040 - x_pred_loss: 0.1040 - z_mean_log_var_loss: 0.1746 - x_pred_categorical_accuracy: 0.9648 - x_pred_vae_anneal_metric: 1.6970e-04 - val_loss: 1.5336 - val_x_pred_loss: 1.5336 - val_z_mean_log_var_loss: 0.1596 - val_x_pred_categorical_accuracy: 0.9049 - val_x_pred_vae_anneal_metric: 1.6970e-04 - 423s/epoch - 2ms/sample
Current vae annealer weight is 0.00028275502131637844
Epoch 14/70
218106/218106 - 436s - loss: 0.0940 - x_pred_loss: 0.0940 - z_mean_log_var_loss: 0.1620 - x_pred_categorical_accuracy: 0.9682 - x_pred_vae_anneal_metric: 2.8276e-04 - val_loss: 1.3392 - val_x_pred_loss: 1.3391 - val_z_mean_log_var_loss: 0.1436 - val_x_pred_categorical_accuracy: 0.9169 - val_x_pred_vae_anneal_metric: 2.8275e-04 - 436s/epoch - 2ms/sample
Current vae annealer weight is 0.0004710941152704827
Epoch 15/70
218106/218106 - 443s - loss: 0.0855 - x_pred_loss: 0.0855 - z_mean_log_var_loss: 0.1460 - x_pred_categorical_accuracy: 0.9711 - x_pred_vae_anneal_metric: 4.7110e-04 - val_loss: 1.1799 - val_x_pred_loss: 1.1798 - val_z_mean_log_var_loss: 0.1306 - val_x_pred_categorical_accuracy: 0.9268 - val_x_pred_vae_anneal_metric: 4.7109e-04 - 443s/epoch - 2ms/sample
Current vae annealer weight is 0.0007847847191363334
Epoch 16/70
218106/218106 - 444s - loss: 0.0819 - x_pred_loss: 0.0818 - z_mean_log_var_loss: 0.1397 - x_pred_categorical_accuracy: 0.9724 - x_pred_vae_anneal_metric: 7.8479e-04 - val_loss: 1.1034 - val_x_pred_loss: 1.1033 - val_z_mean_log_var_loss: 0.1312 - val_x_pred_categorical_accuracy: 0.9315 - val_x_pred_vae_anneal_metric: 7.8478e-04 - 444s/epoch - 2ms/sample
Current vae annealer weight is 0.0013070814422209435
Epoch 17/70
218106/218106 - 443s - loss: 0.0734 - x_pred_loss: 0.0732 - z_mean_log_var_loss: 0.1305 - x_pred_categorical_accuracy: 0.9754 - x_pred_vae_anneal_metric: 0.0013 - val_loss: 0.9569 - val_x_pred_loss: 0.9568 - val_z_mean_log_var_loss: 0.1192 - val_x_pred_categorical_accuracy: 0.9406 - val_x_pred_vae_anneal_metric: 0.0013 - 443s/epoch - 2ms/sample
Current vae annealer weight is 0.0021762245466587582
Epoch 18/70
218106/218106 - 442s - loss: 0.0679 - x_pred_loss: 0.0677 - z_mean_log_var_loss: 0.1214 - x_pred_categorical_accuracy: 0.9773 - x_pred_vae_anneal_metric: 0.0022 - val_loss: 0.8247 - val_x_pred_loss: 0.8245 - val_z_mean_log_var_loss: 0.1078 - val_x_pred_categorical_accuracy: 0.9488 - val_x_pred_vae_anneal_metric: 0.0022 - 442s/epoch - 2ms/sample
Current vae annealer weight is 0.0036212083259452047
Epoch 19/70
218106/218106 - 445s - loss: 0.0621 - x_pred_loss: 0.0617 - z_mean_log_var_loss: 0.1071 - x_pred_categorical_accuracy: 0.9793 - x_pred_vae_anneal_metric: 0.0036 - val_loss: 0.7987 - val_x_pred_loss: 0.7984 - val_z_mean_log_var_loss: 0.0967 - val_x_pred_categorical_accuracy: 0.9505 - val_x_pred_vae_anneal_metric: 0.0036 - 445s/epoch - 2ms/sample
Current vae annealer weight is 0.0060198535230323105
Epoch 20/70
218106/218106 - 449s - loss: 0.0595 - x_pred_loss: 0.0589 - z_mean_log_var_loss: 0.0961 - x_pred_categorical_accuracy: 0.9803 - x_pred_vae_anneal_metric: 0.0060 - val_loss: 0.7862 - val_x_pred_loss: 0.7856 - val_z_mean_log_var_loss: 0.0874 - val_x_pred_categorical_accuracy: 0.9513 - val_x_pred_vae_anneal_metric: 0.0060 - 449s/epoch - 2ms/sample
Current vae annealer weight is 0.009991400314210233
Epoch 21/70
218106/218106 - 447s - loss: 0.0558 - x_pred_loss: 0.0550 - z_mean_log_var_loss: 0.0855 - x_pred_categorical_accuracy: 0.9817 - x_pred_vae_anneal_metric: 0.0100 - val_loss: 0.8367 - val_x_pred_loss: 0.8358 - val_z_mean_log_var_loss: 0.0839 - val_x_pred_categorical_accuracy: 0.9481 - val_x_pred_vae_anneal_metric: 0.0100 - 447s/epoch - 2ms/sample
Current vae annealer weight is 0.016539541808615513
Epoch 22/70
218106/218106 - 433s - loss: 0.0523 - x_pred_loss: 0.0510 - z_mean_log_var_loss: 0.0775 - x_pred_categorical_accuracy: 0.9830 - x_pred_vae_anneal_metric: 0.0165 - val_loss: 0.7154 - val_x_pred_loss: 0.7143 - val_z_mean_log_var_loss: 0.0685 - val_x_pred_categorical_accuracy: 0.9557 - val_x_pred_vae_anneal_metric: 0.0165 - 433s/epoch - 2ms/sample
Current vae annealer weight is 0.02726101803792773
Epoch 23/70
218106/218106 - 447s - loss: 0.0520 - x_pred_loss: 0.0501 - z_mean_log_var_loss: 0.0674 - x_pred_categorical_accuracy: 0.9833 - x_pred_vae_anneal_metric: 0.0273 - val_loss: 0.6373 - val_x_pred_loss: 0.6357 - val_z_mean_log_var_loss: 0.0598 - val_x_pred_categorical_accuracy: 0.9606 - val_x_pred_vae_anneal_metric: 0.0273 - 447s/epoch - 2ms/sample
Current vae annealer weight is 0.04461720338803846
Epoch 24/70
218106/218106 - 443s - loss: 0.0494 - x_pred_loss: 0.0467 - z_mean_log_var_loss: 0.0605 - x_pred_categorical_accuracy: 0.9845 - x_pred_vae_anneal_metric: 0.0446 - val_loss: 0.5527 - val_x_pred_loss: 0.5502 - val_z_mean_log_var_loss: 0.0555 - val_x_pred_categorical_accuracy: 0.9659 - val_x_pred_vae_anneal_metric: 0.0446 - 443s/epoch - 2ms/sample
Current vae annealer weight is 0.07220328200576367
Epoch 25/70
218106/218106 - 442s - loss: 0.0518 - x_pred_loss: 0.0475 - z_mean_log_var_loss: 0.0590 - x_pred_categorical_accuracy: 0.9842 - x_pred_vae_anneal_metric: 0.0722 - val_loss: 0.5159 - val_x_pred_loss: 0.5119 - val_z_mean_log_var_loss: 0.0551 - val_x_pred_categorical_accuracy: 0.9682 - val_x_pred_vae_anneal_metric: 0.0722 - 442s/epoch - 2ms/sample
Current vae annealer weight is 0.11479597607205051
Epoch 26/70
218106/218106 - 443s - loss: 0.0554 - x_pred_loss: 0.0485 - z_mean_log_var_loss: 0.0602 - x_pred_categorical_accuracy: 0.9839 - x_pred_vae_anneal_metric: 0.1148 - val_loss: 0.5170 - val_x_pred_loss: 0.5107 - val_z_mean_log_var_loss: 0.0551 - val_x_pred_categorical_accuracy: 0.9683 - val_x_pred_vae_anneal_metric: 0.1148 - 443s/epoch - 2ms/sample
Current vae annealer weight is 0.17770179221364119
Epoch 27/70
218106/218106 - 444s - loss: 0.0602 - x_pred_loss: 0.0497 - z_mean_log_var_loss: 0.0587 - x_pred_categorical_accuracy: 0.9835 - x_pred_vae_anneal_metric: 0.1777 - val_loss: 0.4922 - val_x_pred_loss: 0.4832 - val_z_mean_log_var_loss: 0.0503 - val_x_pred_categorical_accuracy: 0.9700 - val_x_pred_vae_anneal_metric: 0.1777 - 444s/epoch - 2ms/sample
Current vae annealer weight is 0.26476824599321086
Epoch 28/70
218106/218106 - 443s - loss: 0.0623 - x_pred_loss: 0.0490 - z_mean_log_var_loss: 0.0501 - x_pred_categorical_accuracy: 0.9837 - x_pred_vae_anneal_metric: 0.2648 - val_loss: 0.5144 - val_x_pred_loss: 0.5036 - val_z_mean_log_var_loss: 0.0409 - val_x_pred_categorical_accuracy: 0.9688 - val_x_pred_vae_anneal_metric: 0.2648 - 443s/epoch - 2ms/sample
Current vae annealer weight is 0.3750375460299153
Epoch 29/70
218106/218106 - 444s - loss: 0.0614 - x_pred_loss: 0.0471 - z_mean_log_var_loss: 0.0381 - x_pred_categorical_accuracy: 0.9844 - x_pred_vae_anneal_metric: 0.3750 - val_loss: 0.4848 - val_x_pred_loss: 0.4736 - val_z_mean_log_var_loss: 0.0298 - val_x_pred_categorical_accuracy: 0.9706 - val_x_pred_vae_anneal_metric: 0.3750 - 444s/epoch - 2ms/sample
Current vae annealer weight is 0.5
Epoch 30/70
218106/218106 - 442s - loss: 0.0611 - x_pred_loss: 0.0468 - z_mean_log_var_loss: 0.0286 - x_pred_categorical_accuracy: 0.9845 - x_pred_vae_anneal_metric: 0.5000 - val_loss: 0.5224 - val_x_pred_loss: 0.5112 - val_z_mean_log_var_loss: 0.0224 - val_x_pred_categorical_accuracy: 0.9683 - val_x_pred_vae_anneal_metric: 0.5000 - 442s/epoch - 2ms/sample
Current vae annealer weight is 0.6249624539700847
Epoch 31/70
218106/218106 - 443s - loss: 0.0561 - x_pred_loss: 0.0433 - z_mean_log_var_loss: 0.0204 - x_pred_categorical_accuracy: 0.9857 - x_pred_vae_anneal_metric: 0.6250 - val_loss: 0.5393 - val_x_pred_loss: 0.5291 - val_z_mean_log_var_loss: 0.0163 - val_x_pred_categorical_accuracy: 0.9672 - val_x_pred_vae_anneal_metric: 0.6250 - 443s/epoch - 2ms/sample
Current vae annealer weight is 0.7352317540067891
Epoch 32/70
218106/218106 - 443s - loss: 0.0703 - x_pred_loss: 0.0569 - z_mean_log_var_loss: 0.0182 - x_pred_categorical_accuracy: 0.9814 - x_pred_vae_anneal_metric: 0.7352 - val_loss: 0.6769 - val_x_pred_loss: 0.6610 - val_z_mean_log_var_loss: 0.0216 - val_x_pred_categorical_accuracy: 0.9590 - val_x_pred_vae_anneal_metric: 0.7352 - 443s/epoch - 2ms/sample
Current vae annealer weight is 0.8222982077863588
Epoch 33/70
218106/218106 - 444s - loss: 0.0557 - x_pred_loss: 0.0418 - z_mean_log_var_loss: 0.0169 - x_pred_categorical_accuracy: 0.9863 - x_pred_vae_anneal_metric: 0.8223 - val_loss: 0.5575 - val_x_pred_loss: 0.5474 - val_z_mean_log_var_loss: 0.0124 - val_x_pred_categorical_accuracy: 0.9660 - val_x_pred_vae_anneal_metric: 0.8223 - 444s/epoch - 2ms/sample
Current vae annealer weight is 0.8852040239279495
Epoch 34/70
218106/218106 - 443s - loss: 0.0495 - x_pred_loss: 0.0389 - z_mean_log_var_loss: 0.0120 - x_pred_categorical_accuracy: 0.9872 - x_pred_vae_anneal_metric: 0.8852 - val_loss: 0.7035 - val_x_pred_loss: 0.6936 - val_z_mean_log_var_loss: 0.0112 - val_x_pred_categorical_accuracy: 0.9570 - val_x_pred_vae_anneal_metric: 0.8852 - 443s/epoch - 2ms/sample
Current vae annealer weight is 0.9277967179942364
Epoch 35/70
218106/218106 - 444s - loss: 0.0484 - x_pred_loss: 0.0383 - z_mean_log_var_loss: 0.0108 - x_pred_categorical_accuracy: 0.9874 - x_pred_vae_anneal_metric: 0.9278 - val_loss: 0.6875 - val_x_pred_loss: 0.6782 - val_z_mean_log_var_loss: 0.0100 - val_x_pred_categorical_accuracy: 0.9579 - val_x_pred_vae_anneal_metric: 0.9278 - 444s/epoch - 2ms/sample
Current vae annealer weight is 0.9553827966119615
Epoch 36/70
218106/218106 - 444s - loss: 0.0458 - x_pred_loss: 0.0363 - z_mean_log_var_loss: 0.0099 - x_pred_categorical_accuracy: 0.9881 - x_pred_vae_anneal_metric: 0.9554 - val_loss: 0.8042 - val_x_pred_loss: 0.7950 - val_z_mean_log_var_loss: 0.0097 - val_x_pred_categorical_accuracy: 0.9507 - val_x_pred_vae_anneal_metric: 0.9554 - 444s/epoch - 2ms/sample
Current vae annealer weight is 0.9727389819620722
Epoch 37/70
218106/218106 - 440s - loss: 0.0439 - x_pred_loss: 0.0349 - z_mean_log_var_loss: 0.0093 - x_pred_categorical_accuracy: 0.9885 - x_pred_vae_anneal_metric: 0.9727 - val_loss: 0.8954 - val_x_pred_loss: 0.8869 - val_z_mean_log_var_loss: 0.0087 - val_x_pred_categorical_accuracy: 0.9450 - val_x_pred_vae_anneal_metric: 0.9727 - 440s/epoch - 2ms/sample
Current vae annealer weight is 0.9834604581913845
Epoch 38/70
218106/218106 - 441s - loss: 0.0441 - x_pred_loss: 0.0350 - z_mean_log_var_loss: 0.0093 - x_pred_categorical_accuracy: 0.9885 - x_pred_vae_anneal_metric: 0.9835 - val_loss: 0.9510 - val_x_pred_loss: 0.9427 - val_z_mean_log_var_loss: 0.0085 - val_x_pred_categorical_accuracy: 0.9415 - val_x_pred_vae_anneal_metric: 0.9835 - 441s/epoch - 2ms/sample
Current vae annealer weight is 0.9900085996857898
Epoch 39/70
218106/218106 - 442s - loss: 0.0453 - x_pred_loss: 0.0360 - z_mean_log_var_loss: 0.0094 - x_pred_categorical_accuracy: 0.9883 - x_pred_vae_anneal_metric: 0.9900 - val_loss: 0.8838 - val_x_pred_loss: 0.8754 - val_z_mean_log_var_loss: 0.0084 - val_x_pred_categorical_accuracy: 0.9457 - val_x_pred_vae_anneal_metric: 0.9900 - 442s/epoch - 2ms/sample
Current vae annealer weight is 0.9939801464769676
Epoch 40/70
218106/218106 - 444s - loss: 0.0395 - x_pred_loss: 0.0313 - z_mean_log_var_loss: 0.0083 - x_pred_categorical_accuracy: 0.9898 - x_pred_vae_anneal_metric: 0.9940 - val_loss: 0.8226 - val_x_pred_loss: 0.8146 - val_z_mean_log_var_loss: 0.0080 - val_x_pred_categorical_accuracy: 0.9495 - val_x_pred_vae_anneal_metric: 0.9940 - 444s/epoch - 2ms/sample
Current vae annealer weight is 0.9963787916740549
Epoch 41/70
218106/218106 - 442s - loss: 0.0402 - x_pred_loss: 0.0321 - z_mean_log_var_loss: 0.0081 - x_pred_categorical_accuracy: 0.9895 - x_pred_vae_anneal_metric: 0.9964 - val_loss: 1.8609 - val_x_pred_loss: 1.8522 - val_z_mean_log_var_loss: 0.0088 - val_x_pred_categorical_accuracy: 0.8851 - val_x_pred_vae_anneal_metric: 0.9964 - 442s/epoch - 2ms/sample
Current vae annealer weight is 0.9978237754533412
Epoch 42/70
218106/218106 - 440s - loss: 0.0414 - x_pred_loss: 0.0328 - z_mean_log_var_loss: 0.0086 - x_pred_categorical_accuracy: 0.9893 - x_pred_vae_anneal_metric: 0.9978 - val_loss: 0.9785 - val_x_pred_loss: 0.9707 - val_z_mean_log_var_loss: 0.0078 - val_x_pred_categorical_accuracy: 0.9398 - val_x_pred_vae_anneal_metric: 0.9978 - 440s/epoch - 2ms/sample
Current vae annealer weight is 0.998692918557779
Epoch 43/70
218106/218106 - 443s - loss: 0.0370 - x_pred_loss: 0.0293 - z_mean_log_var_loss: 0.0077 - x_pred_categorical_accuracy: 0.9905 - x_pred_vae_anneal_metric: 0.9987 - val_loss: 0.9849 - val_x_pred_loss: 0.9771 - val_z_mean_log_var_loss: 0.0078 - val_x_pred_categorical_accuracy: 0.9394 - val_x_pred_vae_anneal_metric: 0.9987 - 443s/epoch - 2ms/sample
Current vae annealer weight is 0.9992152152808638
Epoch 44/70
218106/218106 - 440s - loss: 0.0363 - x_pred_loss: 0.0287 - z_mean_log_var_loss: 0.0076 - x_pred_categorical_accuracy: 0.9907 - x_pred_vae_anneal_metric: 0.9992 - val_loss: 0.9326 - val_x_pred_loss: 0.9249 - val_z_mean_log_var_loss: 0.0076 - val_x_pred_categorical_accuracy: 0.9426 - val_x_pred_vae_anneal_metric: 0.9992 - 440s/epoch - 2ms/sample
Current vae annealer weight is 0.9995289058847296
Epoch 45/70
218106/218106 - 443s - loss: 0.0358 - x_pred_loss: 0.0282 - z_mean_log_var_loss: 0.0076 - x_pred_categorical_accuracy: 0.9909 - x_pred_vae_anneal_metric: 0.9995 - val_loss: 1.1317 - val_x_pred_loss: 1.1241 - val_z_mean_log_var_loss: 0.0075 - val_x_pred_categorical_accuracy: 0.9303 - val_x_pred_vae_anneal_metric: 0.9995 - 443s/epoch - 2ms/sample
Current vae annealer weight is 0.9997172449786838
Epoch 46/70
218106/218106 - 509s - loss: 0.0371 - x_pred_loss: 0.0292 - z_mean_log_var_loss: 0.0079 - x_pred_categorical_accuracy: 0.9905 - x_pred_vae_anneal_metric: 0.9997 - val_loss: 0.8432 - val_x_pred_loss: 0.8356 - val_z_mean_log_var_loss: 0.0076 - val_x_pred_categorical_accuracy: 0.9482 - val_x_pred_vae_anneal_metric: 0.9997 - 509s/epoch - 2ms/sample
Current vae annealer weight is 0.9998303006190481
Epoch 47/70
218106/218106 - 441s - loss: 0.0387 - x_pred_loss: 0.0303 - z_mean_log_var_loss: 0.0084 - x_pred_categorical_accuracy: 0.9903 - x_pred_vae_anneal_metric: 0.9998 - val_loss: 0.9082 - val_x_pred_loss: 0.9010 - val_z_mean_log_var_loss: 0.0072 - val_x_pred_categorical_accuracy: 0.9441 - val_x_pred_vae_anneal_metric: 0.9998 - 441s/epoch - 2ms/sample
Current vae annealer weight is 0.9998981571479052
Epoch 48/70
218106/218106 - 442s - loss: 0.0325 - x_pred_loss: 0.0255 - z_mean_log_var_loss: 0.0070 - x_pred_categorical_accuracy: 0.9917 - x_pred_vae_anneal_metric: 0.9999 - val_loss: 0.9106 - val_x_pred_loss: 0.9035 - val_z_mean_log_var_loss: 0.0070 - val_x_pred_categorical_accuracy: 0.9439 - val_x_pred_vae_anneal_metric: 0.9999 - 442s/epoch - 2ms/sample
Current vae annealer weight is 0.9999388820100666
Epoch 49/70
218106/218106 - 441s - loss: 0.0346 - x_pred_loss: 0.0272 - z_mean_log_var_loss: 0.0074 - x_pred_categorical_accuracy: 0.9912 - x_pred_vae_anneal_metric: 0.9999 - val_loss: 1.0691 - val_x_pred_loss: 1.0620 - val_z_mean_log_var_loss: 0.0071 - val_x_pred_categorical_accuracy: 0.9341 - val_x_pred_vae_anneal_metric: 0.9999 - 441s/epoch - 2ms/sample
Current vae annealer weight is 0.9999633224347099
Epoch 50/70
218106/218106 - 442s - loss: 0.0320 - x_pred_loss: 0.0250 - z_mean_log_var_loss: 0.0070 - x_pred_categorical_accuracy: 0.9919 - x_pred_vae_anneal_metric: 1.0000 - val_loss: 0.8539 - val_x_pred_loss: 0.8471 - val_z_mean_log_var_loss: 0.0069 - val_x_pred_categorical_accuracy: 0.9474 - val_x_pred_vae_anneal_metric: 1.0000 - 442s/epoch - 2ms/sample
Current vae annealer weight is 0.9999779896124086
Epoch 51/70
218106/218106 - 443s - loss: 0.0325 - x_pred_loss: 0.0254 - z_mean_log_var_loss: 0.0071 - x_pred_categorical_accuracy: 0.9918 - x_pred_vae_anneal_metric: 1.0000 - val_loss: 0.7800 - val_x_pred_loss: 0.7731 - val_z_mean_log_var_loss: 0.0069 - val_x_pred_categorical_accuracy: 0.9520 - val_x_pred_vae_anneal_metric: 1.0000 - 443s/epoch - 2ms/sample
Current vae annealer weight is 0.9999867915354658
Epoch 52/70
218106/218106 - 496s - loss: 0.0313 - x_pred_loss: 0.0244 - z_mean_log_var_loss: 0.0070 - x_pred_categorical_accuracy: 0.9921 - x_pred_vae_anneal_metric: 1.0000 - val_loss: 0.8687 - val_x_pred_loss: 0.8623 - val_z_mean_log_var_loss: 0.0065 - val_x_pred_categorical_accuracy: 0.9465 - val_x_pred_vae_anneal_metric: 1.0000 - 496s/epoch - 2ms/sample
Current vae annealer weight is 0.999992073609766
Epoch 53/70
218106/218106 - 448s - loss: 0.0315 - x_pred_loss: 0.0245 - z_mean_log_var_loss: 0.0070 - x_pred_categorical_accuracy: 0.9921 - x_pred_vae_anneal_metric: 1.0000 - val_loss: 0.9265 - val_x_pred_loss: 0.9200 - val_z_mean_log_var_loss: 0.0066 - val_x_pred_categorical_accuracy: 0.9429 - val_x_pred_vae_anneal_metric: 1.0000 - 448s/epoch - 2ms/sample
Current vae annealer weight is 0.9999952433888688
Epoch 54/70
218106/218106 - 440s - loss: 0.0310 - x_pred_loss: 0.0242 - z_mean_log_var_loss: 0.0069 - x_pred_categorical_accuracy: 0.9922 - x_pred_vae_anneal_metric: 1.0000 - val_loss: 0.9359 - val_x_pred_loss: 0.9290 - val_z_mean_log_var_loss: 0.0069 - val_x_pred_categorical_accuracy: 0.9424 - val_x_pred_vae_anneal_metric: 1.0000 - 440s/epoch - 2ms/sample
Current vae annealer weight is 0.999997145570669
Epoch 55/70
218106/218106 - 443s - loss: 0.0323 - x_pred_loss: 0.0250 - z_mean_log_var_loss: 0.0073 - x_pred_categorical_accuracy: 0.9920 - x_pred_vae_anneal_metric: 1.0000 - val_loss: 0.7694 - val_x_pred_loss: 0.7626 - val_z_mean_log_var_loss: 0.0068 - val_x_pred_categorical_accuracy: 0.9527 - val_x_pred_vae_anneal_metric: 1.0000 - 443s/epoch - 2ms/sample
Current vae annealer weight is 0.999998287066068
Epoch 56/70
218106/218106 - 443s - loss: 0.0286 - x_pred_loss: 0.0221 - z_mean_log_var_loss: 0.0065 - x_pred_categorical_accuracy: 0.9928 - x_pred_vae_anneal_metric: 1.0000 - val_loss: 0.8844 - val_x_pred_loss: 0.8776 - val_z_mean_log_var_loss: 0.0068 - val_x_pred_categorical_accuracy: 0.9456 - val_x_pred_vae_anneal_metric: 1.0000 - 443s/epoch - 2ms/sample
Current vae annealer weight is 0.9999989720742833
Epoch 57/70
218106/218106 - 441s - loss: 0.0298 - x_pred_loss: 0.0230 - z_mean_log_var_loss: 0.0068 - x_pred_categorical_accuracy: 0.9926 - x_pred_vae_anneal_metric: 1.0000 - val_loss: 0.8630 - val_x_pred_loss: 0.8563 - val_z_mean_log_var_loss: 0.0067 - val_x_pred_categorical_accuracy: 0.9469 - val_x_pred_vae_anneal_metric: 1.0000 - 441s/epoch - 2ms/sample
Current vae annealer weight is 0.9999993831455084
Epoch 58/70
218106/218106 - 443s - loss: 0.0287 - x_pred_loss: 0.0221 - z_mean_log_var_loss: 0.0066 - x_pred_categorical_accuracy: 0.9929 - x_pred_vae_anneal_metric: 1.0000 - val_loss: 0.9964 - val_x_pred_loss: 0.9904 - val_z_mean_log_var_loss: 0.0060 - val_x_pred_categorical_accuracy: 0.9386 - val_x_pred_vae_anneal_metric: 1.0000 - 443s/epoch - 2ms/sample
Current vae annealer weight is 0.9999996298279195
Epoch 59/70
218106/218106 - 442s - loss: 0.0306 - x_pred_loss: 0.0238 - z_mean_log_var_loss: 0.0068 - x_pred_categorical_accuracy: 0.9924 - x_pred_vae_anneal_metric: 1.0000 - val_loss: 1.1692 - val_x_pred_loss: 1.1625 - val_z_mean_log_var_loss: 0.0067 - val_x_pred_categorical_accuracy: 0.9279 - val_x_pred_vae_anneal_metric: 1.0000 - 442s/epoch - 2ms/sample
Current vae annealer weight is 0.9999997778611365
Epoch 60/70
218106/218106 - 443s - loss: 0.0271 - x_pred_loss: 0.0208 - z_mean_log_var_loss: 0.0063 - x_pred_categorical_accuracy: 0.9933 - x_pred_vae_anneal_metric: 1.0000 - val_loss: 0.9779 - val_x_pred_loss: 0.9721 - val_z_mean_log_var_loss: 0.0058 - val_x_pred_categorical_accuracy: 0.9397 - val_x_pred_vae_anneal_metric: 1.0000 - 443s/epoch - 2ms/sample
Current vae annealer weight is 0.9999998666953174
Epoch 61/70
218106/218106 - 443s - loss: 0.0317 - x_pred_loss: 0.0244 - z_mean_log_var_loss: 0.0073 - x_pred_categorical_accuracy: 0.9922 - x_pred_vae_anneal_metric: 1.0000 - val_loss: 0.9081 - val_x_pred_loss: 0.9023 - val_z_mean_log_var_loss: 0.0058 - val_x_pred_categorical_accuracy: 0.9440 - val_x_pred_vae_anneal_metric: 1.0000 - 443s/epoch - 2ms/sample
Current vae annealer weight is 0.9999999200043723
Epoch 62/70
218106/218106 - 444s - loss: 0.0271 - x_pred_loss: 0.0209 - z_mean_log_var_loss: 0.0061 - x_pred_categorical_accuracy: 0.9933 - x_pred_vae_anneal_metric: 1.0000 - val_loss: 1.0199 - val_x_pred_loss: 1.0127 - val_z_mean_log_var_loss: 0.0072 - val_x_pred_categorical_accuracy: 0.9372 - val_x_pred_vae_anneal_metric: 1.0000 - 444s/epoch - 2ms/sample
Current vae annealer weight is 0.9999999519949324
Epoch 63/70
218106/218106 - 444s - loss: 0.0306 - x_pred_loss: 0.0233 - z_mean_log_var_loss: 0.0073 - x_pred_categorical_accuracy: 0.9926 - x_pred_vae_anneal_metric: 1.0000 - val_loss: 0.8090 - val_x_pred_loss: 0.8028 - val_z_mean_log_var_loss: 0.0062 - val_x_pred_categorical_accuracy: 0.9502 - val_x_pred_vae_anneal_metric: 1.0000 - 444s/epoch - 2ms/sample
Current vae annealer weight is 0.9999999711923445
Epoch 64/70
218106/218106 - 443s - loss: 0.0283 - x_pred_loss: 0.0216 - z_mean_log_var_loss: 0.0067 - x_pred_categorical_accuracy: 0.9931 - x_pred_vae_anneal_metric: 1.0000 - val_loss: 0.8909 - val_x_pred_loss: 0.8846 - val_z_mean_log_var_loss: 0.0063 - val_x_pred_categorical_accuracy: 0.9451 - val_x_pred_vae_anneal_metric: 1.0000 - 443s/epoch - 2ms/sample
Current vae annealer weight is 0.9999999827126375
Epoch 65/70
218106/218106 - 444s - loss: 0.0264 - x_pred_loss: 0.0202 - z_mean_log_var_loss: 0.0062 - x_pred_categorical_accuracy: 0.9935 - x_pred_vae_anneal_metric: 1.0000 - val_loss: 0.9601 - val_x_pred_loss: 0.9544 - val_z_mean_log_var_loss: 0.0058 - val_x_pred_categorical_accuracy: 0.9408 - val_x_pred_vae_anneal_metric: 1.0000 - 444s/epoch - 2ms/sample
Current vae annealer weight is 0.9999999896259207
Epoch 66/70
218106/218106 - 444s - loss: 0.0322 - x_pred_loss: 0.0250 - z_mean_log_var_loss: 0.0073 - x_pred_categorical_accuracy: 0.9921 - x_pred_vae_anneal_metric: 1.0000 - val_loss: 0.7291 - val_x_pred_loss: 0.7218 - val_z_mean_log_var_loss: 0.0073 - val_x_pred_categorical_accuracy: 0.9552 - val_x_pred_vae_anneal_metric: 1.0000 - 444s/epoch - 2ms/sample
Current vae annealer weight is 0.9999999937745552
Epoch 67/70
218106/218106 - 444s - loss: 0.0251 - x_pred_loss: 0.0190 - z_mean_log_var_loss: 0.0061 - x_pred_categorical_accuracy: 0.9939 - x_pred_vae_anneal_metric: 1.0000 - val_loss: 0.9247 - val_x_pred_loss: 0.9187 - val_z_mean_log_var_loss: 0.0059 - val_x_pred_categorical_accuracy: 0.9430 - val_x_pred_vae_anneal_metric: 1.0000 - 444s/epoch - 2ms/sample
Current vae annealer weight is 0.9999999962641346
Epoch 68/70
218106/218106 - 442s - loss: 0.0258 - x_pred_loss: 0.0197 - z_mean_log_var_loss: 0.0060 - x_pred_categorical_accuracy: 0.9937 - x_pred_vae_anneal_metric: 1.0000 - val_loss: 0.8492 - val_x_pred_loss: 0.8433 - val_z_mean_log_var_loss: 0.0059 - val_x_pred_categorical_accuracy: 0.9477 - val_x_pred_vae_anneal_metric: 1.0000 - 442s/epoch - 2ms/sample
Current vae annealer weight is 0.9999999977581218
Epoch 69/70
218106/218106 - 444s - loss: 0.0261 - x_pred_loss: 0.0200 - z_mean_log_var_loss: 0.0061 - x_pred_categorical_accuracy: 0.9936 - x_pred_vae_anneal_metric: 1.0000 - val_loss: 0.8911 - val_x_pred_loss: 0.8852 - val_z_mean_log_var_loss: 0.0059 - val_x_pred_categorical_accuracy: 0.9451 - val_x_pred_vae_anneal_metric: 1.0000 - 444s/epoch - 2ms/sample
Current vae annealer weight is 0.9999999986546575
Epoch 70/70
218106/218106 - 444s - loss: 0.0267 - x_pred_loss: 0.0204 - z_mean_log_var_loss: 0.0063 - x_pred_categorical_accuracy: 0.9934 - x_pred_vae_anneal_metric: 1.0000 - val_loss: 0.8799 - val_x_pred_loss: 0.8733 - val_z_mean_log_var_loss: 0.0066 - val_x_pred_categorical_accuracy: 0.9458 - val_x_pred_vae_anneal_metric: 1.0000 - 444s/epoch - 2ms/sample
/home/hecm20/chemvae/lib/python3.10/site-packages/keras/src/engine/training.py:3103: UserWarning: You are saving your model as an HDF5 file via `model.save()`. This file format is considered legacy. We recommend using instead the native Keras format, e.g. `model.save('my_model.keras')`.
  saving_api.save_model(
time of run :  30996.3355782032
**FINISHED**
